Test case num:  34
==> device:  cuda
==> Preparing data..
Files already downloaded and verified
Files already downloaded and verified
==> Evaluating model..
----------------------------------------------------------------
        Layer (type)               Output Shape         Param #
================================================================
            Conv2d-1           [-1, 64, 32, 32]           1,728
       BatchNorm2d-2           [-1, 64, 32, 32]             128
            Conv2d-3           [-1, 64, 32, 32]          36,864
       BatchNorm2d-4           [-1, 64, 32, 32]             128
            Conv2d-5           [-1, 64, 32, 32]          36,864
       BatchNorm2d-6           [-1, 64, 32, 32]             128
        BasicBlock-7           [-1, 64, 32, 32]               0
            Conv2d-8          [-1, 128, 16, 16]          73,728
       BatchNorm2d-9          [-1, 128, 16, 16]             256
           Conv2d-10          [-1, 128, 16, 16]         147,456
      BatchNorm2d-11          [-1, 128, 16, 16]             256
           Conv2d-12          [-1, 128, 16, 16]           8,192
      BatchNorm2d-13          [-1, 128, 16, 16]             256
       BasicBlock-14          [-1, 128, 16, 16]               0
           Conv2d-15            [-1, 256, 8, 8]         294,912
      BatchNorm2d-16            [-1, 256, 8, 8]             512
           Conv2d-17            [-1, 256, 8, 8]         589,824
      BatchNorm2d-18            [-1, 256, 8, 8]             512
           Conv2d-19            [-1, 256, 8, 8]          32,768
      BatchNorm2d-20            [-1, 256, 8, 8]             512
       BasicBlock-21            [-1, 256, 8, 8]               0
           Conv2d-22            [-1, 256, 8, 8]         589,824
      BatchNorm2d-23            [-1, 256, 8, 8]             512
           Conv2d-24            [-1, 256, 8, 8]         589,824
      BatchNorm2d-25            [-1, 256, 8, 8]             512
       BasicBlock-26            [-1, 256, 8, 8]               0
           Linear-27                   [-1, 10]           2,570
================================================================
Total params: 2,408,266
Trainable params: 2,408,266
Non-trainable params: 0
----------------------------------------------------------------
Input size (MB): 0.01
Forward/backward pass size (MB): 6.75
Params size (MB): 9.19
Estimated Total Size (MB): 15.95
----------------------------------------------------------------

Epoch: 0
Epoch: 000 | Loss: 2.015 | Acc: 25.468% (12734/50000) | Training Time: 24s514ms
Epoch: 000 | Loss: 1.752 | Acc: 34.910% (3491/10000) | Testing Time: 1s591ms
Saving..

Epoch: 1
Epoch: 001 | Loss: 1.692 | Acc: 38.594% (19297/50000) | Training Time: 18s969ms
Epoch: 001 | Loss: 1.480 | Acc: 49.810% (4981/10000) | Testing Time: 1s528ms
Saving..

Epoch: 2
Epoch: 002 | Loss: 1.460 | Acc: 47.514% (23757/50000) | Training Time: 19s247ms
Epoch: 002 | Loss: 1.346 | Acc: 55.470% (5547/10000) | Testing Time: 1s487ms
Saving..

Epoch: 3
Epoch: 003 | Loss: 1.342 | Acc: 52.152% (26076/50000) | Training Time: 19s357ms
Epoch: 003 | Loss: 1.345 | Acc: 55.560% (5556/10000) | Testing Time: 1s497ms
Saving..

Epoch: 4
Epoch: 004 | Loss: 1.228 | Acc: 56.706% (28353/50000) | Training Time: 19s220ms
Epoch: 004 | Loss: 1.055 | Acc: 64.560% (6456/10000) | Testing Time: 1s435ms
Saving..

Epoch: 5
Epoch: 005 | Loss: 1.147 | Acc: 59.802% (29901/50000) | Training Time: 19s288ms
Epoch: 005 | Loss: 0.921 | Acc: 69.260% (6926/10000) | Testing Time: 1s443ms
Saving..

Epoch: 6
Epoch: 006 | Loss: 1.089 | Acc: 62.034% (31017/50000) | Training Time: 19s285ms
Epoch: 006 | Loss: 0.936 | Acc: 68.770% (6877/10000) | Testing Time: 1s423ms

Epoch: 7
Epoch: 007 | Loss: 1.041 | Acc: 63.674% (31837/50000) | Training Time: 19s336ms
Epoch: 007 | Loss: 0.833 | Acc: 71.520% (7152/10000) | Testing Time: 1s436ms
Saving..

Epoch: 8
Epoch: 008 | Loss: 1.005 | Acc: 64.988% (32494/50000) | Training Time: 19s362ms
Epoch: 008 | Loss: 1.214 | Acc: 62.980% (6298/10000) | Testing Time: 1s494ms

Epoch: 9
Epoch: 009 | Loss: 0.977 | Acc: 66.000% (33000/50000) | Training Time: 18s980ms
Epoch: 009 | Loss: 0.773 | Acc: 74.330% (7433/10000) | Testing Time: 1s469ms
Saving..

Epoch: 10
Epoch: 010 | Loss: 0.955 | Acc: 66.888% (33444/50000) | Training Time: 19s372ms
Epoch: 010 | Loss: 0.693 | Acc: 76.340% (7634/10000) | Testing Time: 1s491ms
Saving..

Epoch: 11
Epoch: 011 | Loss: 0.938 | Acc: 67.422% (33711/50000) | Training Time: 19s236ms
Epoch: 011 | Loss: 0.891 | Acc: 72.380% (7238/10000) | Testing Time: 1s512ms

Epoch: 12
Epoch: 012 | Loss: 0.920 | Acc: 67.922% (33961/50000) | Training Time: 19s392ms
Epoch: 012 | Loss: 0.808 | Acc: 73.870% (7387/10000) | Testing Time: 1s480ms

Epoch: 13
Epoch: 013 | Loss: 0.913 | Acc: 68.298% (34149/50000) | Training Time: 19s368ms
Epoch: 013 | Loss: 0.933 | Acc: 70.710% (7071/10000) | Testing Time: 1s468ms

Epoch: 14
Epoch: 014 | Loss: 0.901 | Acc: 68.684% (34342/50000) | Training Time: 19s181ms
Epoch: 014 | Loss: 0.628 | Acc: 78.380% (7838/10000) | Testing Time: 1s427ms
Saving..

Epoch: 15
Epoch: 015 | Loss: 0.885 | Acc: 69.392% (34696/50000) | Training Time: 19s379ms
Epoch: 015 | Loss: 0.617 | Acc: 78.550% (7855/10000) | Testing Time: 1s476ms
Saving..

Epoch: 16
Epoch: 016 | Loss: 0.875 | Acc: 69.532% (34766/50000) | Training Time: 19s134ms
Epoch: 016 | Loss: 0.866 | Acc: 73.940% (7394/10000) | Testing Time: 1s476ms

Epoch: 17
Epoch: 017 | Loss: 0.870 | Acc: 70.192% (35096/50000) | Training Time: 19s418ms
Epoch: 017 | Loss: 0.771 | Acc: 75.430% (7543/10000) | Testing Time: 1s465ms

Epoch: 18
Epoch: 018 | Loss: 0.854 | Acc: 70.600% (35300/50000) | Training Time: 19s663ms
Epoch: 018 | Loss: 0.570 | Acc: 80.540% (8054/10000) | Testing Time: 1s426ms
Saving..

Epoch: 19
Epoch: 019 | Loss: 0.855 | Acc: 70.310% (35155/50000) | Training Time: 19s397ms
Epoch: 019 | Loss: 0.682 | Acc: 78.420% (7842/10000) | Testing Time: 1s462ms

Epoch: 20
Epoch: 020 | Loss: 0.840 | Acc: 71.096% (35548/50000) | Training Time: 19s379ms
Epoch: 020 | Loss: 1.009 | Acc: 69.870% (6987/10000) | Testing Time: 1s431ms

Epoch: 21
Epoch: 021 | Loss: 0.844 | Acc: 70.818% (35409/50000) | Training Time: 19s267ms
Epoch: 021 | Loss: 0.721 | Acc: 76.660% (7666/10000) | Testing Time: 1s488ms

Epoch: 22
Epoch: 022 | Loss: 0.836 | Acc: 71.228% (35614/50000) | Training Time: 19s270ms
Epoch: 022 | Loss: 0.535 | Acc: 82.050% (8205/10000) | Testing Time: 1s460ms
Saving..

Epoch: 23
Epoch: 023 | Loss: 0.835 | Acc: 71.090% (35545/50000) | Training Time: 19s151ms
Epoch: 023 | Loss: 0.748 | Acc: 76.440% (7644/10000) | Testing Time: 1s441ms

Epoch: 24
Epoch: 024 | Loss: 0.824 | Acc: 71.466% (35733/50000) | Training Time: 19s181ms
Epoch: 024 | Loss: 0.578 | Acc: 80.330% (8033/10000) | Testing Time: 1s480ms

Epoch: 25
Epoch: 025 | Loss: 0.814 | Acc: 71.728% (35864/50000) | Training Time: 19s431ms
Epoch: 025 | Loss: 1.268 | Acc: 60.930% (6093/10000) | Testing Time: 1s455ms

Epoch: 26
Epoch: 026 | Loss: 0.818 | Acc: 71.458% (35729/50000) | Training Time: 19s69ms
Epoch: 026 | Loss: 0.810 | Acc: 74.020% (7402/10000) | Testing Time: 1s496ms

Epoch: 27
Epoch: 027 | Loss: 0.816 | Acc: 71.754% (35877/50000) | Training Time: 19s232ms
Epoch: 027 | Loss: 0.647 | Acc: 78.580% (7858/10000) | Testing Time: 1s480ms

Epoch: 28
Epoch: 028 | Loss: 0.811 | Acc: 71.968% (35984/50000) | Training Time: 19s385ms
Epoch: 028 | Loss: 0.651 | Acc: 78.230% (7823/10000) | Testing Time: 1s472ms

Epoch: 29
Epoch: 029 | Loss: 0.810 | Acc: 71.790% (35895/50000) | Training Time: 19s167ms
Epoch: 029 | Loss: 0.603 | Acc: 81.630% (8163/10000) | Testing Time: 1s472ms

Epoch: 30
Epoch: 030 | Loss: 0.798 | Acc: 72.552% (36276/50000) | Training Time: 19s409ms
Epoch: 030 | Loss: 0.666 | Acc: 77.710% (7771/10000) | Testing Time: 1s481ms

Epoch: 31
Epoch: 031 | Loss: 0.801 | Acc: 72.504% (36252/50000) | Training Time: 19s201ms
Epoch: 031 | Loss: 0.530 | Acc: 81.900% (8190/10000) | Testing Time: 1s486ms

Epoch: 32
Epoch: 032 | Loss: 0.794 | Acc: 72.554% (36277/50000) | Training Time: 19s275ms
Epoch: 032 | Loss: 0.670 | Acc: 78.490% (7849/10000) | Testing Time: 1s514ms

Epoch: 33
Epoch: 033 | Loss: 0.795 | Acc: 72.646% (36323/50000) | Training Time: 19s181ms
Epoch: 033 | Loss: 0.529 | Acc: 82.160% (8216/10000) | Testing Time: 1s432ms
Saving..

Epoch: 34
Epoch: 034 | Loss: 0.786 | Acc: 73.106% (36553/50000) | Training Time: 19s358ms
Epoch: 034 | Loss: 0.908 | Acc: 71.510% (7151/10000) | Testing Time: 1s427ms

Epoch: 35
Epoch: 035 | Loss: 0.793 | Acc: 72.722% (36361/50000) | Training Time: 19s286ms
Epoch: 035 | Loss: 0.557 | Acc: 81.590% (8159/10000) | Testing Time: 1s460ms

Epoch: 36
Epoch: 036 | Loss: 0.780 | Acc: 72.966% (36483/50000) | Training Time: 19s448ms
Epoch: 036 | Loss: 0.741 | Acc: 76.290% (7629/10000) | Testing Time: 1s485ms

Epoch: 37
Epoch: 037 | Loss: 0.780 | Acc: 72.882% (36441/50000) | Training Time: 19s324ms
Epoch: 037 | Loss: 0.459 | Acc: 84.510% (8451/10000) | Testing Time: 1s465ms
Saving..

Epoch: 38
Epoch: 038 | Loss: 0.781 | Acc: 73.276% (36638/50000) | Training Time: 19s520ms
Epoch: 038 | Loss: 0.517 | Acc: 82.570% (8257/10000) | Testing Time: 1s444ms

Epoch: 39
Epoch: 039 | Loss: 0.768 | Acc: 73.538% (36769/50000) | Training Time: 19s283ms
Epoch: 039 | Loss: 0.554 | Acc: 81.880% (8188/10000) | Testing Time: 1s497ms

Epoch: 40
Epoch: 040 | Loss: 0.774 | Acc: 73.096% (36548/50000) | Training Time: 19s434ms
Epoch: 040 | Loss: 0.598 | Acc: 80.050% (8005/10000) | Testing Time: 1s512ms

Epoch: 41
Epoch: 041 | Loss: 0.771 | Acc: 73.248% (36624/50000) | Training Time: 19s240ms
Epoch: 041 | Loss: 0.544 | Acc: 82.720% (8272/10000) | Testing Time: 1s512ms

Epoch: 42
Epoch: 042 | Loss: 0.765 | Acc: 73.618% (36809/50000) | Training Time: 18s959ms
Epoch: 042 | Loss: 1.001 | Acc: 71.350% (7135/10000) | Testing Time: 1s531ms

Epoch: 43
Epoch: 043 | Loss: 0.771 | Acc: 73.468% (36734/50000) | Training Time: 19s380ms
Epoch: 043 | Loss: 0.547 | Acc: 81.940% (8194/10000) | Testing Time: 1s419ms

Epoch: 44
Epoch: 044 | Loss: 0.770 | Acc: 73.534% (36767/50000) | Training Time: 19s598ms
Epoch: 044 | Loss: 0.514 | Acc: 82.800% (8280/10000) | Testing Time: 1s432ms

Epoch: 45
Epoch: 045 | Loss: 0.760 | Acc: 73.656% (36828/50000) | Training Time: 19s192ms
Epoch: 045 | Loss: 0.478 | Acc: 83.790% (8379/10000) | Testing Time: 1s472ms

Epoch: 46
Epoch: 046 | Loss: 0.764 | Acc: 73.762% (36881/50000) | Training Time: 19s226ms
Epoch: 046 | Loss: 0.505 | Acc: 82.800% (8280/10000) | Testing Time: 1s490ms

Epoch: 47
Epoch: 047 | Loss: 0.756 | Acc: 73.910% (36955/50000) | Training Time: 19s474ms
Epoch: 047 | Loss: 0.635 | Acc: 80.120% (8012/10000) | Testing Time: 1s445ms

Epoch: 48
Epoch: 048 | Loss: 0.753 | Acc: 74.050% (37025/50000) | Training Time: 19s41ms
Epoch: 048 | Loss: 0.719 | Acc: 77.620% (7762/10000) | Testing Time: 1s463ms

Epoch: 49
Epoch: 049 | Loss: 0.757 | Acc: 73.950% (36975/50000) | Training Time: 19s155ms
Epoch: 049 | Loss: 0.443 | Acc: 84.920% (8492/10000) | Testing Time: 1s463ms
Saving..

Epoch: 50
Epoch: 050 | Loss: 0.747 | Acc: 74.096% (37048/50000) | Training Time: 19s543ms
Epoch: 050 | Loss: 0.576 | Acc: 81.260% (8126/10000) | Testing Time: 1s440ms

Epoch: 51
Epoch: 051 | Loss: 0.746 | Acc: 74.398% (37199/50000) | Training Time: 19s185ms
Epoch: 051 | Loss: 0.565 | Acc: 81.010% (8101/10000) | Testing Time: 1s474ms

Epoch: 52
Epoch: 052 | Loss: 0.752 | Acc: 74.104% (37052/50000) | Training Time: 19s507ms
Epoch: 052 | Loss: 0.526 | Acc: 82.530% (8253/10000) | Testing Time: 1s545ms

Epoch: 53
Epoch: 053 | Loss: 0.730 | Acc: 74.830% (37415/50000) | Training Time: 19s197ms
Epoch: 053 | Loss: 0.514 | Acc: 83.090% (8309/10000) | Testing Time: 1s494ms

Epoch: 54
Epoch: 054 | Loss: 0.734 | Acc: 74.668% (37334/50000) | Training Time: 19s435ms
Epoch: 054 | Loss: 0.603 | Acc: 80.140% (8014/10000) | Testing Time: 1s434ms

Epoch: 55
Epoch: 055 | Loss: 0.735 | Acc: 74.898% (37449/50000) | Training Time: 19s521ms
Epoch: 055 | Loss: 0.460 | Acc: 84.540% (8454/10000) | Testing Time: 1s464ms

Epoch: 56
Epoch: 056 | Loss: 0.735 | Acc: 74.624% (37312/50000) | Training Time: 19s403ms
Epoch: 056 | Loss: 0.529 | Acc: 82.690% (8269/10000) | Testing Time: 1s465ms

Epoch: 57
Epoch: 057 | Loss: 0.733 | Acc: 74.784% (37392/50000) | Training Time: 19s358ms
Epoch: 057 | Loss: 0.561 | Acc: 81.150% (8115/10000) | Testing Time: 1s463ms

Epoch: 58
Epoch: 058 | Loss: 0.731 | Acc: 74.820% (37410/50000) | Training Time: 19s44ms
Epoch: 058 | Loss: 0.508 | Acc: 82.740% (8274/10000) | Testing Time: 1s468ms

Epoch: 59
Epoch: 059 | Loss: 0.727 | Acc: 74.900% (37450/50000) | Training Time: 19s143ms
Epoch: 059 | Loss: 0.521 | Acc: 83.370% (8337/10000) | Testing Time: 1s424ms

Epoch: 60
Epoch: 060 | Loss: 0.726 | Acc: 74.890% (37445/50000) | Training Time: 19s224ms
Epoch: 060 | Loss: 0.437 | Acc: 85.450% (8545/10000) | Testing Time: 1s485ms
Saving..

Epoch: 61
Epoch: 061 | Loss: 0.718 | Acc: 75.340% (37670/50000) | Training Time: 19s269ms
Epoch: 061 | Loss: 0.562 | Acc: 82.000% (8200/10000) | Testing Time: 1s583ms

Epoch: 62
Epoch: 062 | Loss: 0.724 | Acc: 75.226% (37613/50000) | Training Time: 19s392ms
Epoch: 062 | Loss: 0.450 | Acc: 85.010% (8501/10000) | Testing Time: 1s520ms

Epoch: 63
Epoch: 063 | Loss: 0.723 | Acc: 75.046% (37523/50000) | Training Time: 18s990ms
Epoch: 063 | Loss: 0.438 | Acc: 85.260% (8526/10000) | Testing Time: 1s495ms

Epoch: 64
Epoch: 064 | Loss: 0.714 | Acc: 75.384% (37692/50000) | Training Time: 19s449ms
Epoch: 064 | Loss: 0.447 | Acc: 85.180% (8518/10000) | Testing Time: 1s423ms

Epoch: 65
Epoch: 065 | Loss: 0.712 | Acc: 75.646% (37823/50000) | Training Time: 19s65ms
Epoch: 065 | Loss: 0.477 | Acc: 84.090% (8409/10000) | Testing Time: 1s454ms

Epoch: 66
Epoch: 066 | Loss: 0.710 | Acc: 75.568% (37784/50000) | Training Time: 19s271ms
Epoch: 066 | Loss: 0.643 | Acc: 79.100% (7910/10000) | Testing Time: 1s448ms

Epoch: 67
Epoch: 067 | Loss: 0.714 | Acc: 75.380% (37690/50000) | Training Time: 18s879ms
Epoch: 067 | Loss: 0.429 | Acc: 85.240% (8524/10000) | Testing Time: 1s448ms

Epoch: 68
Epoch: 068 | Loss: 0.707 | Acc: 75.584% (37792/50000) | Training Time: 19s372ms
Epoch: 068 | Loss: 0.632 | Acc: 79.070% (7907/10000) | Testing Time: 1s417ms

Epoch: 69
Epoch: 069 | Loss: 0.700 | Acc: 76.024% (38012/50000) | Training Time: 19s524ms
Epoch: 069 | Loss: 0.444 | Acc: 85.130% (8513/10000) | Testing Time: 1s459ms

Epoch: 70
Epoch: 070 | Loss: 0.701 | Acc: 75.710% (37855/50000) | Training Time: 19s190ms
Epoch: 070 | Loss: 0.525 | Acc: 82.430% (8243/10000) | Testing Time: 1s467ms

Epoch: 71
Epoch: 071 | Loss: 0.701 | Acc: 75.810% (37905/50000) | Training Time: 19s357ms
Epoch: 071 | Loss: 0.508 | Acc: 83.160% (8316/10000) | Testing Time: 1s491ms

Epoch: 72
Epoch: 072 | Loss: 0.688 | Acc: 76.212% (38106/50000) | Training Time: 19s187ms
Epoch: 072 | Loss: 0.463 | Acc: 84.450% (8445/10000) | Testing Time: 1s574ms

Epoch: 73
Epoch: 073 | Loss: 0.698 | Acc: 76.036% (38018/50000) | Training Time: 19s154ms
Epoch: 073 | Loss: 0.481 | Acc: 84.550% (8455/10000) | Testing Time: 1s494ms

Epoch: 74
Epoch: 074 | Loss: 0.694 | Acc: 76.198% (38099/50000) | Training Time: 19s375ms
Epoch: 074 | Loss: 0.460 | Acc: 84.530% (8453/10000) | Testing Time: 1s454ms

Epoch: 75
Epoch: 075 | Loss: 0.694 | Acc: 75.960% (37980/50000) | Training Time: 18s899ms
Epoch: 075 | Loss: 0.436 | Acc: 84.620% (8462/10000) | Testing Time: 1s476ms

Epoch: 76
Epoch: 076 | Loss: 0.688 | Acc: 76.286% (38143/50000) | Training Time: 19s420ms
Epoch: 076 | Loss: 0.577 | Acc: 81.250% (8125/10000) | Testing Time: 1s473ms

Epoch: 77
Epoch: 077 | Loss: 0.693 | Acc: 76.078% (38039/50000) | Training Time: 19s252ms
Epoch: 077 | Loss: 0.517 | Acc: 82.680% (8268/10000) | Testing Time: 1s497ms

Epoch: 78
Epoch: 078 | Loss: 0.679 | Acc: 76.580% (38290/50000) | Training Time: 19s429ms
Epoch: 078 | Loss: 0.583 | Acc: 81.960% (8196/10000) | Testing Time: 1s476ms

Epoch: 79
Epoch: 079 | Loss: 0.682 | Acc: 76.622% (38311/50000) | Training Time: 19s431ms
Epoch: 079 | Loss: 0.429 | Acc: 85.810% (8581/10000) | Testing Time: 1s498ms
Saving..

Epoch: 80
Epoch: 080 | Loss: 0.684 | Acc: 76.286% (38143/50000) | Training Time: 19s430ms
Epoch: 080 | Loss: 0.612 | Acc: 80.960% (8096/10000) | Testing Time: 1s491ms

Epoch: 81
Epoch: 081 | Loss: 0.676 | Acc: 76.556% (38278/50000) | Training Time: 19s171ms
Epoch: 081 | Loss: 0.538 | Acc: 83.300% (8330/10000) | Testing Time: 1s512ms

Epoch: 82
Epoch: 082 | Loss: 0.667 | Acc: 77.088% (38544/50000) | Training Time: 19s84ms
Epoch: 082 | Loss: 0.405 | Acc: 86.670% (8667/10000) | Testing Time: 1s589ms
Saving..

Epoch: 83
Epoch: 083 | Loss: 0.662 | Acc: 77.242% (38621/50000) | Training Time: 19s97ms
Epoch: 083 | Loss: 0.457 | Acc: 85.040% (8504/10000) | Testing Time: 1s422ms

Epoch: 84
Epoch: 084 | Loss: 0.662 | Acc: 77.384% (38692/50000) | Training Time: 19s529ms
Epoch: 084 | Loss: 0.447 | Acc: 85.060% (8506/10000) | Testing Time: 1s429ms

Epoch: 85
Epoch: 085 | Loss: 0.666 | Acc: 77.188% (38594/50000) | Training Time: 19s231ms
Epoch: 085 | Loss: 0.390 | Acc: 87.120% (8712/10000) | Testing Time: 1s477ms
Saving..

Epoch: 86
Epoch: 086 | Loss: 0.656 | Acc: 77.322% (38661/50000) | Training Time: 19s263ms
Epoch: 086 | Loss: 0.561 | Acc: 82.780% (8278/10000) | Testing Time: 1s485ms

Epoch: 87
Epoch: 087 | Loss: 0.662 | Acc: 77.394% (38697/50000) | Training Time: 19s329ms
Epoch: 087 | Loss: 0.454 | Acc: 84.790% (8479/10000) | Testing Time: 1s510ms

Epoch: 88
Epoch: 088 | Loss: 0.649 | Acc: 77.466% (38733/50000) | Training Time: 19s248ms
Epoch: 088 | Loss: 0.403 | Acc: 86.360% (8636/10000) | Testing Time: 1s502ms

Epoch: 89
Epoch: 089 | Loss: 0.649 | Acc: 77.696% (38848/50000) | Training Time: 19s290ms
Epoch: 089 | Loss: 0.507 | Acc: 83.370% (8337/10000) | Testing Time: 1s460ms

Epoch: 90
Epoch: 090 | Loss: 0.654 | Acc: 77.360% (38680/50000) | Training Time: 19s537ms
Epoch: 090 | Loss: 0.551 | Acc: 82.710% (8271/10000) | Testing Time: 1s539ms

Epoch: 91
Epoch: 091 | Loss: 0.648 | Acc: 77.616% (38808/50000) | Training Time: 19s156ms
Epoch: 091 | Loss: 0.410 | Acc: 86.730% (8673/10000) | Testing Time: 1s492ms

Epoch: 92
Epoch: 092 | Loss: 0.642 | Acc: 77.996% (38998/50000) | Training Time: 19s671ms
Epoch: 092 | Loss: 0.383 | Acc: 87.330% (8733/10000) | Testing Time: 1s537ms
Saving..

Epoch: 93
Epoch: 093 | Loss: 0.640 | Acc: 77.980% (38990/50000) | Training Time: 19s298ms
Epoch: 093 | Loss: 0.450 | Acc: 84.980% (8498/10000) | Testing Time: 1s438ms

Epoch: 94
Epoch: 094 | Loss: 0.630 | Acc: 78.276% (39138/50000) | Training Time: 19s654ms
Epoch: 094 | Loss: 0.430 | Acc: 85.570% (8557/10000) | Testing Time: 1s459ms

Epoch: 95
Epoch: 095 | Loss: 0.630 | Acc: 78.204% (39102/50000) | Training Time: 18s994ms
Epoch: 095 | Loss: 0.423 | Acc: 86.010% (8601/10000) | Testing Time: 1s444ms

Epoch: 96
Epoch: 096 | Loss: 0.636 | Acc: 78.112% (39056/50000) | Training Time: 19s357ms
Epoch: 096 | Loss: 0.542 | Acc: 82.320% (8232/10000) | Testing Time: 1s443ms

Epoch: 97
Epoch: 097 | Loss: 0.629 | Acc: 78.302% (39151/50000) | Training Time: 19s386ms
Epoch: 097 | Loss: 0.366 | Acc: 87.670% (8767/10000) | Testing Time: 1s449ms
Saving..

Epoch: 98
Epoch: 098 | Loss: 0.620 | Acc: 78.834% (39417/50000) | Training Time: 19s150ms
Epoch: 098 | Loss: 0.356 | Acc: 88.230% (8823/10000) | Testing Time: 1s458ms
Saving..

Epoch: 99
Epoch: 099 | Loss: 0.625 | Acc: 78.530% (39265/50000) | Training Time: 19s197ms
Epoch: 099 | Loss: 0.379 | Acc: 87.060% (8706/10000) | Testing Time: 1s458ms

Epoch: 100
Epoch: 100 | Loss: 0.621 | Acc: 78.614% (39307/50000) | Training Time: 19s193ms
Epoch: 100 | Loss: 0.405 | Acc: 86.330% (8633/10000) | Testing Time: 1s495ms

Epoch: 101
Epoch: 101 | Loss: 0.614 | Acc: 78.934% (39467/50000) | Training Time: 19s514ms
Epoch: 101 | Loss: 0.409 | Acc: 85.550% (8555/10000) | Testing Time: 1s498ms

Epoch: 102
Epoch: 102 | Loss: 0.609 | Acc: 78.778% (39389/50000) | Training Time: 19s31ms
Epoch: 102 | Loss: 0.339 | Acc: 88.190% (8819/10000) | Testing Time: 1s524ms

Epoch: 103
Epoch: 103 | Loss: 0.610 | Acc: 79.204% (39602/50000) | Training Time: 19s165ms
Epoch: 103 | Loss: 0.350 | Acc: 87.890% (8789/10000) | Testing Time: 1s474ms

Epoch: 104
Epoch: 104 | Loss: 0.606 | Acc: 79.244% (39622/50000) | Training Time: 19s230ms
Epoch: 104 | Loss: 0.385 | Acc: 86.980% (8698/10000) | Testing Time: 1s471ms

Epoch: 105
Epoch: 105 | Loss: 0.598 | Acc: 79.350% (39675/50000) | Training Time: 19s157ms
Epoch: 105 | Loss: 0.334 | Acc: 88.590% (8859/10000) | Testing Time: 1s505ms
Saving..

Epoch: 106
Epoch: 106 | Loss: 0.603 | Acc: 79.222% (39611/50000) | Training Time: 19s380ms
Epoch: 106 | Loss: 0.372 | Acc: 87.510% (8751/10000) | Testing Time: 1s461ms

Epoch: 107
Epoch: 107 | Loss: 0.594 | Acc: 79.658% (39829/50000) | Training Time: 19s486ms
Epoch: 107 | Loss: 0.391 | Acc: 86.900% (8690/10000) | Testing Time: 1s453ms

Epoch: 108
Epoch: 108 | Loss: 0.592 | Acc: 79.710% (39855/50000) | Training Time: 19s230ms
Epoch: 108 | Loss: 0.385 | Acc: 87.010% (8701/10000) | Testing Time: 1s433ms

Epoch: 109
Epoch: 109 | Loss: 0.583 | Acc: 79.822% (39911/50000) | Training Time: 19s262ms
Epoch: 109 | Loss: 0.405 | Acc: 86.310% (8631/10000) | Testing Time: 1s478ms

Epoch: 110
Epoch: 110 | Loss: 0.594 | Acc: 79.718% (39859/50000) | Training Time: 19s218ms
Epoch: 110 | Loss: 0.352 | Acc: 88.700% (8870/10000) | Testing Time: 1s522ms
Saving..

Epoch: 111
Epoch: 111 | Loss: 0.577 | Acc: 80.098% (40049/50000) | Training Time: 19s242ms
Epoch: 111 | Loss: 0.347 | Acc: 87.950% (8795/10000) | Testing Time: 1s497ms

Epoch: 112
Epoch: 112 | Loss: 0.582 | Acc: 79.944% (39972/50000) | Training Time: 19s231ms
Epoch: 112 | Loss: 0.404 | Acc: 87.010% (8701/10000) | Testing Time: 1s485ms

Epoch: 113
Epoch: 113 | Loss: 0.570 | Acc: 80.546% (40273/50000) | Training Time: 19s25ms
Epoch: 113 | Loss: 0.398 | Acc: 86.610% (8661/10000) | Testing Time: 1s433ms

Epoch: 114
Epoch: 114 | Loss: 0.567 | Acc: 80.496% (40248/50000) | Training Time: 19s156ms
Epoch: 114 | Loss: 0.362 | Acc: 87.750% (8775/10000) | Testing Time: 1s437ms

Epoch: 115
Epoch: 115 | Loss: 0.564 | Acc: 80.536% (40268/50000) | Training Time: 19s315ms
Epoch: 115 | Loss: 0.353 | Acc: 88.180% (8818/10000) | Testing Time: 1s464ms

Epoch: 116
Epoch: 116 | Loss: 0.577 | Acc: 80.306% (40153/50000) | Training Time: 19s517ms
Epoch: 116 | Loss: 0.390 | Acc: 86.740% (8674/10000) | Testing Time: 1s458ms

Epoch: 117
Epoch: 117 | Loss: 0.567 | Acc: 80.424% (40212/50000) | Training Time: 19s495ms
Epoch: 117 | Loss: 0.301 | Acc: 89.520% (8952/10000) | Testing Time: 1s467ms
Saving..

Epoch: 118
Epoch: 118 | Loss: 0.554 | Acc: 80.856% (40428/50000) | Training Time: 19s80ms
Epoch: 118 | Loss: 0.333 | Acc: 89.190% (8919/10000) | Testing Time: 1s458ms

Epoch: 119
Epoch: 119 | Loss: 0.545 | Acc: 80.998% (40499/50000) | Training Time: 19s424ms
Epoch: 119 | Loss: 0.293 | Acc: 90.110% (9011/10000) | Testing Time: 1s464ms
Saving..

Epoch: 120
Epoch: 120 | Loss: 0.551 | Acc: 80.956% (40478/50000) | Training Time: 19s179ms
Epoch: 120 | Loss: 0.356 | Acc: 88.420% (8842/10000) | Testing Time: 1s517ms

Epoch: 121
Epoch: 121 | Loss: 0.549 | Acc: 80.980% (40490/50000) | Training Time: 19s44ms
Epoch: 121 | Loss: 0.340 | Acc: 88.590% (8859/10000) | Testing Time: 1s578ms

Epoch: 122
Epoch: 122 | Loss: 0.548 | Acc: 81.070% (40535/50000) | Training Time: 19s519ms
Epoch: 122 | Loss: 0.375 | Acc: 87.330% (8733/10000) | Testing Time: 1s453ms

Epoch: 123
Epoch: 123 | Loss: 0.538 | Acc: 81.518% (40759/50000) | Training Time: 19s16ms
Epoch: 123 | Loss: 0.315 | Acc: 89.540% (8954/10000) | Testing Time: 1s473ms

Epoch: 124
Epoch: 124 | Loss: 0.528 | Acc: 81.960% (40980/50000) | Training Time: 19s276ms
Epoch: 124 | Loss: 0.318 | Acc: 89.140% (8914/10000) | Testing Time: 1s525ms

Epoch: 125
Epoch: 125 | Loss: 0.533 | Acc: 81.712% (40856/50000) | Training Time: 19s195ms
Epoch: 125 | Loss: 0.268 | Acc: 90.810% (9081/10000) | Testing Time: 1s428ms
Saving..

Epoch: 126
Epoch: 126 | Loss: 0.522 | Acc: 81.986% (40993/50000) | Training Time: 19s273ms
Epoch: 126 | Loss: 0.284 | Acc: 90.320% (9032/10000) | Testing Time: 1s440ms

Epoch: 127
Epoch: 127 | Loss: 0.526 | Acc: 81.870% (40935/50000) | Training Time: 19s771ms
Epoch: 127 | Loss: 0.299 | Acc: 89.690% (8969/10000) | Testing Time: 1s477ms

Epoch: 128
Epoch: 128 | Loss: 0.517 | Acc: 82.104% (41052/50000) | Training Time: 19s63ms
Epoch: 128 | Loss: 0.317 | Acc: 89.440% (8944/10000) | Testing Time: 1s504ms

Epoch: 129
Epoch: 129 | Loss: 0.513 | Acc: 82.362% (41181/50000) | Training Time: 19s635ms
Epoch: 129 | Loss: 0.316 | Acc: 89.500% (8950/10000) | Testing Time: 1s531ms

Epoch: 130
Epoch: 130 | Loss: 0.513 | Acc: 82.386% (41193/50000) | Training Time: 19s654ms
Epoch: 130 | Loss: 0.312 | Acc: 89.680% (8968/10000) | Testing Time: 1s508ms

Epoch: 131
Epoch: 131 | Loss: 0.503 | Acc: 82.782% (41391/50000) | Training Time: 19s368ms
Epoch: 131 | Loss: 0.285 | Acc: 90.760% (9076/10000) | Testing Time: 1s534ms

Epoch: 132
Epoch: 132 | Loss: 0.502 | Acc: 82.622% (41311/50000) | Training Time: 19s41ms
Epoch: 132 | Loss: 0.277 | Acc: 90.710% (9071/10000) | Testing Time: 1s442ms

Epoch: 133
Epoch: 133 | Loss: 0.495 | Acc: 82.794% (41397/50000) | Training Time: 19s356ms
Epoch: 133 | Loss: 0.320 | Acc: 89.390% (8939/10000) | Testing Time: 1s437ms

Epoch: 134
Epoch: 134 | Loss: 0.490 | Acc: 83.170% (41585/50000) | Training Time: 19s343ms
Epoch: 134 | Loss: 0.285 | Acc: 90.750% (9075/10000) | Testing Time: 1s490ms

Epoch: 135
Epoch: 135 | Loss: 0.484 | Acc: 83.506% (41753/50000) | Training Time: 19s175ms
Epoch: 135 | Loss: 0.304 | Acc: 90.070% (9007/10000) | Testing Time: 1s489ms

Epoch: 136
Epoch: 136 | Loss: 0.484 | Acc: 83.290% (41645/50000) | Training Time: 19s380ms
Epoch: 136 | Loss: 0.274 | Acc: 91.090% (9109/10000) | Testing Time: 1s463ms
Saving..

Epoch: 137
Epoch: 137 | Loss: 0.481 | Acc: 83.414% (41707/50000) | Training Time: 19s88ms
Epoch: 137 | Loss: 0.282 | Acc: 90.790% (9079/10000) | Testing Time: 1s528ms

Epoch: 138
Epoch: 138 | Loss: 0.468 | Acc: 83.916% (41958/50000) | Training Time: 19s99ms
Epoch: 138 | Loss: 0.273 | Acc: 91.020% (9102/10000) | Testing Time: 1s513ms

Epoch: 139
Epoch: 139 | Loss: 0.469 | Acc: 83.954% (41977/50000) | Training Time: 19s279ms
Epoch: 139 | Loss: 0.331 | Acc: 88.950% (8895/10000) | Testing Time: 1s478ms

Epoch: 140
Epoch: 140 | Loss: 0.472 | Acc: 83.692% (41846/50000) | Training Time: 19s226ms
Epoch: 140 | Loss: 0.288 | Acc: 90.040% (9004/10000) | Testing Time: 1s502ms

Epoch: 141
Epoch: 141 | Loss: 0.467 | Acc: 84.118% (42059/50000) | Training Time: 19s336ms
Epoch: 141 | Loss: 0.246 | Acc: 91.930% (9193/10000) | Testing Time: 1s561ms
Saving..

Epoch: 142
Epoch: 142 | Loss: 0.449 | Acc: 84.466% (42233/50000) | Training Time: 19s120ms
Epoch: 142 | Loss: 0.267 | Acc: 91.140% (9114/10000) | Testing Time: 1s468ms

Epoch: 143
Epoch: 143 | Loss: 0.456 | Acc: 84.206% (42103/50000) | Training Time: 18s965ms
Epoch: 143 | Loss: 0.251 | Acc: 91.670% (9167/10000) | Testing Time: 1s479ms

Epoch: 144
Epoch: 144 | Loss: 0.444 | Acc: 84.764% (42382/50000) | Training Time: 18s970ms
Epoch: 144 | Loss: 0.279 | Acc: 90.950% (9095/10000) | Testing Time: 1s462ms

Epoch: 145
Epoch: 145 | Loss: 0.445 | Acc: 84.876% (42438/50000) | Training Time: 19s213ms
Epoch: 145 | Loss: 0.243 | Acc: 92.120% (9212/10000) | Testing Time: 1s442ms
Saving..

Epoch: 146
Epoch: 146 | Loss: 0.435 | Acc: 85.052% (42526/50000) | Training Time: 19s266ms
Epoch: 146 | Loss: 0.247 | Acc: 91.640% (9164/10000) | Testing Time: 1s531ms

Epoch: 147
Epoch: 147 | Loss: 0.437 | Acc: 84.886% (42443/50000) | Training Time: 19s457ms
Epoch: 147 | Loss: 0.228 | Acc: 92.130% (9213/10000) | Testing Time: 1s470ms
Saving..

Epoch: 148
Epoch: 148 | Loss: 0.426 | Acc: 85.468% (42734/50000) | Training Time: 19s511ms
Epoch: 148 | Loss: 0.251 | Acc: 91.970% (9197/10000) | Testing Time: 1s451ms

Epoch: 149
Epoch: 149 | Loss: 0.419 | Acc: 85.600% (42800/50000) | Training Time: 19s418ms
Epoch: 149 | Loss: 0.254 | Acc: 91.800% (9180/10000) | Testing Time: 1s479ms

Epoch: 150
Epoch: 150 | Loss: 0.424 | Acc: 85.194% (42597/50000) | Training Time: 19s294ms
Epoch: 150 | Loss: 0.227 | Acc: 92.290% (9229/10000) | Testing Time: 1s498ms
Saving..

Epoch: 151
Epoch: 151 | Loss: 0.411 | Acc: 85.986% (42993/50000) | Training Time: 19s262ms
Epoch: 151 | Loss: 0.231 | Acc: 92.170% (9217/10000) | Testing Time: 1s550ms

Epoch: 152
Epoch: 152 | Loss: 0.408 | Acc: 85.958% (42979/50000) | Training Time: 19s501ms
Epoch: 152 | Loss: 0.229 | Acc: 92.310% (9231/10000) | Testing Time: 1s461ms
Saving..

Epoch: 153
Epoch: 153 | Loss: 0.400 | Acc: 86.150% (43075/50000) | Training Time: 19s255ms
Epoch: 153 | Loss: 0.210 | Acc: 93.130% (9313/10000) | Testing Time: 1s440ms
Saving..

Epoch: 154
Epoch: 154 | Loss: 0.392 | Acc: 86.440% (43220/50000) | Training Time: 19s287ms
Epoch: 154 | Loss: 0.234 | Acc: 92.330% (9233/10000) | Testing Time: 1s465ms

Epoch: 155
Epoch: 155 | Loss: 0.386 | Acc: 86.648% (43324/50000) | Training Time: 19s231ms
Epoch: 155 | Loss: 0.230 | Acc: 92.700% (9270/10000) | Testing Time: 1s478ms

Epoch: 156
Epoch: 156 | Loss: 0.391 | Acc: 86.616% (43308/50000) | Training Time: 19s34ms
Epoch: 156 | Loss: 0.201 | Acc: 93.270% (9327/10000) | Testing Time: 1s550ms
Saving..

Epoch: 157
Epoch: 157 | Loss: 0.383 | Acc: 86.844% (43422/50000) | Training Time: 19s204ms
Epoch: 157 | Loss: 0.197 | Acc: 93.310% (9331/10000) | Testing Time: 1s434ms
Saving..

Epoch: 158
Epoch: 158 | Loss: 0.371 | Acc: 87.168% (43584/50000) | Training Time: 19s290ms
Epoch: 158 | Loss: 0.213 | Acc: 92.980% (9298/10000) | Testing Time: 1s449ms

Epoch: 159
Epoch: 159 | Loss: 0.369 | Acc: 87.352% (43676/50000) | Training Time: 19s382ms
Epoch: 159 | Loss: 0.217 | Acc: 92.980% (9298/10000) | Testing Time: 1s489ms

Epoch: 160
Epoch: 160 | Loss: 0.364 | Acc: 87.488% (43744/50000) | Training Time: 19s227ms
Epoch: 160 | Loss: 0.226 | Acc: 92.570% (9257/10000) | Testing Time: 1s515ms

Epoch: 161
Epoch: 161 | Loss: 0.359 | Acc: 87.640% (43820/50000) | Training Time: 19s345ms
Epoch: 161 | Loss: 0.201 | Acc: 93.250% (9325/10000) | Testing Time: 1s659ms

Epoch: 162
Epoch: 162 | Loss: 0.356 | Acc: 87.578% (43789/50000) | Training Time: 19s300ms
Epoch: 162 | Loss: 0.202 | Acc: 93.550% (9355/10000) | Testing Time: 1s453ms
Saving..

Epoch: 163
Epoch: 163 | Loss: 0.348 | Acc: 87.940% (43970/50000) | Training Time: 19s430ms
Epoch: 163 | Loss: 0.199 | Acc: 93.370% (9337/10000) | Testing Time: 1s510ms

Epoch: 164
Epoch: 164 | Loss: 0.344 | Acc: 88.096% (44048/50000) | Training Time: 19s199ms
Epoch: 164 | Loss: 0.205 | Acc: 93.250% (9325/10000) | Testing Time: 1s488ms

Epoch: 165
Epoch: 165 | Loss: 0.341 | Acc: 88.376% (44188/50000) | Training Time: 19s212ms
Epoch: 165 | Loss: 0.189 | Acc: 93.860% (9386/10000) | Testing Time: 1s471ms
Saving..

Epoch: 166
Epoch: 166 | Loss: 0.333 | Acc: 88.698% (44349/50000) | Training Time: 19s750ms
Epoch: 166 | Loss: 0.183 | Acc: 93.870% (9387/10000) | Testing Time: 1s446ms
Saving..

Epoch: 167
Epoch: 167 | Loss: 0.324 | Acc: 89.070% (44535/50000) | Training Time: 19s434ms
Epoch: 167 | Loss: 0.187 | Acc: 94.000% (9400/10000) | Testing Time: 1s444ms
Saving..

Epoch: 168
Epoch: 168 | Loss: 0.322 | Acc: 88.802% (44401/50000) | Training Time: 19s208ms
Epoch: 168 | Loss: 0.193 | Acc: 93.810% (9381/10000) | Testing Time: 1s512ms

Epoch: 169
Epoch: 169 | Loss: 0.311 | Acc: 89.216% (44608/50000) | Training Time: 19s190ms
Epoch: 169 | Loss: 0.187 | Acc: 93.720% (9372/10000) | Testing Time: 1s562ms

Epoch: 170
Epoch: 170 | Loss: 0.310 | Acc: 89.360% (44680/50000) | Training Time: 19s298ms
Epoch: 170 | Loss: 0.173 | Acc: 94.050% (9405/10000) | Testing Time: 1s486ms
Saving..

Epoch: 171
Epoch: 171 | Loss: 0.300 | Acc: 89.758% (44879/50000) | Training Time: 19s136ms
Epoch: 171 | Loss: 0.201 | Acc: 93.480% (9348/10000) | Testing Time: 1s493ms

Epoch: 172
Epoch: 172 | Loss: 0.301 | Acc: 89.452% (44726/50000) | Training Time: 19s257ms
Epoch: 172 | Loss: 0.174 | Acc: 94.200% (9420/10000) | Testing Time: 1s495ms
Saving..

Epoch: 173
Epoch: 173 | Loss: 0.293 | Acc: 90.002% (45001/50000) | Training Time: 19s343ms
Epoch: 173 | Loss: 0.165 | Acc: 94.610% (9461/10000) | Testing Time: 1s474ms
Saving..

Epoch: 174
Epoch: 174 | Loss: 0.288 | Acc: 90.036% (45018/50000) | Training Time: 19s345ms
Epoch: 174 | Loss: 0.166 | Acc: 94.600% (9460/10000) | Testing Time: 1s451ms

Epoch: 175
Epoch: 175 | Loss: 0.281 | Acc: 90.394% (45197/50000) | Training Time: 19s202ms
Epoch: 175 | Loss: 0.168 | Acc: 94.450% (9445/10000) | Testing Time: 1s502ms

Epoch: 176
Epoch: 176 | Loss: 0.277 | Acc: 90.600% (45300/50000) | Training Time: 19s185ms
Epoch: 176 | Loss: 0.161 | Acc: 94.780% (9478/10000) | Testing Time: 1s429ms
Saving..

Epoch: 177
Epoch: 177 | Loss: 0.275 | Acc: 90.534% (45267/50000) | Training Time: 19s400ms
Epoch: 177 | Loss: 0.156 | Acc: 94.940% (9494/10000) | Testing Time: 1s440ms
Saving..

Epoch: 178
Epoch: 178 | Loss: 0.265 | Acc: 91.012% (45506/50000) | Training Time: 19s6ms
Epoch: 178 | Loss: 0.156 | Acc: 94.850% (9485/10000) | Testing Time: 1s453ms

Epoch: 179
Epoch: 179 | Loss: 0.264 | Acc: 90.914% (45457/50000) | Training Time: 19s77ms
Epoch: 179 | Loss: 0.158 | Acc: 94.900% (9490/10000) | Testing Time: 1s496ms

Epoch: 180
Epoch: 180 | Loss: 0.260 | Acc: 91.104% (45552/50000) | Training Time: 19s143ms
Epoch: 180 | Loss: 0.157 | Acc: 95.030% (9503/10000) | Testing Time: 1s513ms
Saving..

Epoch: 181
Epoch: 181 | Loss: 0.256 | Acc: 91.360% (45680/50000) | Training Time: 19s406ms
Epoch: 181 | Loss: 0.157 | Acc: 94.810% (9481/10000) | Testing Time: 1s496ms

Epoch: 182
Epoch: 182 | Loss: 0.247 | Acc: 91.622% (45811/50000) | Training Time: 19s418ms
Epoch: 182 | Loss: 0.150 | Acc: 95.170% (9517/10000) | Testing Time: 1s491ms
Saving..

Epoch: 183
Epoch: 183 | Loss: 0.244 | Acc: 91.758% (45879/50000) | Training Time: 19s380ms
Epoch: 183 | Loss: 0.145 | Acc: 95.210% (9521/10000) | Testing Time: 1s572ms
Saving..

Epoch: 184
Epoch: 184 | Loss: 0.241 | Acc: 91.834% (45917/50000) | Training Time: 19s359ms
Epoch: 184 | Loss: 0.147 | Acc: 95.220% (9522/10000) | Testing Time: 1s572ms
Saving..

Epoch: 185
Epoch: 185 | Loss: 0.240 | Acc: 91.852% (45926/50000) | Training Time: 19s258ms
Epoch: 185 | Loss: 0.144 | Acc: 95.320% (9532/10000) | Testing Time: 1s473ms
Saving..

Epoch: 186
Epoch: 186 | Loss: 0.233 | Acc: 92.158% (46079/50000) | Training Time: 19s117ms
Epoch: 186 | Loss: 0.143 | Acc: 95.390% (9539/10000) | Testing Time: 1s445ms
Saving..

Epoch: 187
Epoch: 187 | Loss: 0.233 | Acc: 91.992% (45996/50000) | Training Time: 19s343ms
Epoch: 187 | Loss: 0.143 | Acc: 95.260% (9526/10000) | Testing Time: 1s518ms

Epoch: 188
Epoch: 188 | Loss: 0.224 | Acc: 92.370% (46185/50000) | Training Time: 19s309ms
Epoch: 188 | Loss: 0.140 | Acc: 95.370% (9537/10000) | Testing Time: 1s418ms

Epoch: 189
Epoch: 189 | Loss: 0.224 | Acc: 92.552% (46276/50000) | Training Time: 19s153ms
Epoch: 189 | Loss: 0.144 | Acc: 95.290% (9529/10000) | Testing Time: 1s519ms

Epoch: 190
Epoch: 190 | Loss: 0.229 | Acc: 92.188% (46094/50000) | Training Time: 19s638ms
Epoch: 190 | Loss: 0.140 | Acc: 95.400% (9540/10000) | Testing Time: 1s544ms
Saving..

Epoch: 191
Epoch: 191 | Loss: 0.225 | Acc: 92.410% (46205/50000) | Training Time: 19s303ms
Epoch: 191 | Loss: 0.140 | Acc: 95.470% (9547/10000) | Testing Time: 1s457ms
Saving..

Epoch: 192
Epoch: 192 | Loss: 0.223 | Acc: 92.532% (46266/50000) | Training Time: 19s335ms
Epoch: 192 | Loss: 0.141 | Acc: 95.460% (9546/10000) | Testing Time: 1s451ms

Epoch: 193
Epoch: 193 | Loss: 0.220 | Acc: 92.574% (46287/50000) | Training Time: 18s982ms
Epoch: 193 | Loss: 0.139 | Acc: 95.540% (9554/10000) | Testing Time: 1s513ms
Saving..

Epoch: 194
Epoch: 194 | Loss: 0.219 | Acc: 92.526% (46263/50000) | Training Time: 19s467ms
Epoch: 194 | Loss: 0.139 | Acc: 95.540% (9554/10000) | Testing Time: 1s440ms

Epoch: 195
Epoch: 195 | Loss: 0.221 | Acc: 92.496% (46248/50000) | Training Time: 19s166ms
Epoch: 195 | Loss: 0.138 | Acc: 95.560% (9556/10000) | Testing Time: 1s537ms
Saving..

Epoch: 196
Epoch: 196 | Loss: 0.215 | Acc: 92.696% (46348/50000) | Training Time: 19s258ms
Epoch: 196 | Loss: 0.137 | Acc: 95.520% (9552/10000) | Testing Time: 1s495ms

Epoch: 197
Epoch: 197 | Loss: 0.213 | Acc: 92.816% (46408/50000) | Training Time: 18s921ms
Epoch: 197 | Loss: 0.138 | Acc: 95.440% (9544/10000) | Testing Time: 1s446ms

Epoch: 198
Epoch: 198 | Loss: 0.216 | Acc: 92.636% (46318/50000) | Training Time: 19s245ms
Epoch: 198 | Loss: 0.139 | Acc: 95.480% (9548/10000) | Testing Time: 1s482ms

Epoch: 199
Epoch: 199 | Loss: 0.216 | Acc: 92.712% (46356/50000) | Training Time: 19s142ms
Epoch: 199 | Loss: 0.138 | Acc: 95.550% (9555/10000) | Testing Time: 1s469ms
Total Time: 1h9m
==> Saving training loss/acc and testing loss/acc...
==> Drawing loss and acc...
==> Process finished.
