Test case num:  31
==> device:  cuda
==> Preparing data..
Files already downloaded and verified
Files already downloaded and verified
==> Evaluating model..
----------------------------------------------------------------
        Layer (type)               Output Shape         Param #
================================================================
            Conv2d-1           [-1, 32, 32, 32]             864
       BatchNorm2d-2           [-1, 32, 32, 32]              64
            Conv2d-3           [-1, 32, 32, 32]           9,216
       BatchNorm2d-4           [-1, 32, 32, 32]              64
            Conv2d-5           [-1, 32, 32, 32]           9,216
       BatchNorm2d-6           [-1, 32, 32, 32]              64
   BasicBlockKSize-7           [-1, 32, 32, 32]               0
            Conv2d-8           [-1, 32, 32, 32]           9,216
       BatchNorm2d-9           [-1, 32, 32, 32]              64
           Conv2d-10           [-1, 32, 32, 32]           9,216
      BatchNorm2d-11           [-1, 32, 32, 32]              64
  BasicBlockKSize-12           [-1, 32, 32, 32]               0
           Conv2d-13           [-1, 64, 16, 16]          18,432
      BatchNorm2d-14           [-1, 64, 16, 16]             128
           Conv2d-15           [-1, 64, 16, 16]          36,864
      BatchNorm2d-16           [-1, 64, 16, 16]             128
           Conv2d-17           [-1, 64, 16, 16]           2,048
      BatchNorm2d-18           [-1, 64, 16, 16]             128
  BasicBlockKSize-19           [-1, 64, 16, 16]               0
           Conv2d-20           [-1, 64, 16, 16]          36,864
      BatchNorm2d-21           [-1, 64, 16, 16]             128
           Conv2d-22           [-1, 64, 16, 16]          36,864
      BatchNorm2d-23           [-1, 64, 16, 16]             128
  BasicBlockKSize-24           [-1, 64, 16, 16]               0
           Conv2d-25           [-1, 64, 16, 16]          36,864
      BatchNorm2d-26           [-1, 64, 16, 16]             128
           Conv2d-27           [-1, 64, 16, 16]          36,864
      BatchNorm2d-28           [-1, 64, 16, 16]             128
  BasicBlockKSize-29           [-1, 64, 16, 16]               0
           Conv2d-30            [-1, 128, 8, 8]          73,728
      BatchNorm2d-31            [-1, 128, 8, 8]             256
           Conv2d-32            [-1, 128, 8, 8]         147,456
      BatchNorm2d-33            [-1, 128, 8, 8]             256
           Conv2d-34            [-1, 128, 8, 8]           8,192
      BatchNorm2d-35            [-1, 128, 8, 8]             256
  BasicBlockKSize-36            [-1, 128, 8, 8]               0
           Conv2d-37            [-1, 128, 8, 8]         147,456
      BatchNorm2d-38            [-1, 128, 8, 8]             256
           Conv2d-39            [-1, 128, 8, 8]         147,456
      BatchNorm2d-40            [-1, 128, 8, 8]             256
  BasicBlockKSize-41            [-1, 128, 8, 8]               0
           Conv2d-42            [-1, 128, 8, 8]         147,456
      BatchNorm2d-43            [-1, 128, 8, 8]             256
           Conv2d-44            [-1, 128, 8, 8]         147,456
      BatchNorm2d-45            [-1, 128, 8, 8]             256
  BasicBlockKSize-46            [-1, 128, 8, 8]               0
           Conv2d-47            [-1, 256, 4, 4]         294,912
      BatchNorm2d-48            [-1, 256, 4, 4]             512
           Conv2d-49            [-1, 256, 4, 4]         589,824
      BatchNorm2d-50            [-1, 256, 4, 4]             512
           Conv2d-51            [-1, 256, 4, 4]          32,768
      BatchNorm2d-52            [-1, 256, 4, 4]             512
  BasicBlockKSize-53            [-1, 256, 4, 4]               0
           Conv2d-54            [-1, 256, 4, 4]         589,824
      BatchNorm2d-55            [-1, 256, 4, 4]             512
           Conv2d-56            [-1, 256, 4, 4]         589,824
      BatchNorm2d-57            [-1, 256, 4, 4]             512
  BasicBlockKSize-58            [-1, 256, 4, 4]               0
           Conv2d-59            [-1, 256, 4, 4]         589,824
      BatchNorm2d-60            [-1, 256, 4, 4]             512
           Conv2d-61            [-1, 256, 4, 4]         589,824
      BatchNorm2d-62            [-1, 256, 4, 4]             512
  BasicBlockKSize-63            [-1, 256, 4, 4]               0
           Linear-64                   [-1, 10]           2,570
================================================================
Total params: 4,347,690
Trainable params: 4,347,690
Non-trainable params: 0
----------------------------------------------------------------
Input size (MB): 0.01
Forward/backward pass size (MB): 6.72
Params size (MB): 16.59
Estimated Total Size (MB): 23.32
----------------------------------------------------------------

Epoch: 0
Epoch: 000 | Loss: 2.205 | Acc: 18.584% (9292/50000) | Training Time: 24s929ms
Epoch: 000 | Loss: 1.881 | Acc: 28.690% (2869/10000) | Testing Time: 2s691ms
Saving..

Epoch: 1
Epoch: 001 | Loss: 1.909 | Acc: 28.936% (14468/50000) | Training Time: 19s212ms
Epoch: 001 | Loss: 1.535 | Acc: 44.590% (4459/10000) | Testing Time: 2s557ms
Saving..

Epoch: 2
Epoch: 002 | Loss: 1.711 | Acc: 37.616% (18808/50000) | Training Time: 19s846ms
Epoch: 002 | Loss: 1.623 | Acc: 45.060% (4506/10000) | Testing Time: 2s573ms
Saving..

Epoch: 3
Epoch: 003 | Loss: 1.508 | Acc: 45.614% (22807/50000) | Training Time: 19s512ms
Epoch: 003 | Loss: 1.289 | Acc: 55.660% (5566/10000) | Testing Time: 2s504ms
Saving..

Epoch: 4
Epoch: 004 | Loss: 1.359 | Acc: 51.600% (25800/50000) | Training Time: 19s531ms
Epoch: 004 | Loss: 1.178 | Acc: 59.860% (5986/10000) | Testing Time: 2s460ms
Saving..

Epoch: 5
Epoch: 005 | Loss: 1.241 | Acc: 56.092% (28046/50000) | Training Time: 19s842ms
Epoch: 005 | Loss: 1.069 | Acc: 62.490% (6249/10000) | Testing Time: 2s548ms
Saving..

Epoch: 6
Epoch: 006 | Loss: 1.157 | Acc: 59.272% (29636/50000) | Training Time: 19s471ms
Epoch: 006 | Loss: 1.251 | Acc: 60.540% (6054/10000) | Testing Time: 2s495ms

Epoch: 7
Epoch: 007 | Loss: 1.101 | Acc: 61.354% (30677/50000) | Training Time: 19s722ms
Epoch: 007 | Loss: 0.916 | Acc: 69.120% (6912/10000) | Testing Time: 2s508ms
Saving..

Epoch: 8
Epoch: 008 | Loss: 1.052 | Acc: 63.170% (31585/50000) | Training Time: 19s578ms
Epoch: 008 | Loss: 0.856 | Acc: 70.740% (7074/10000) | Testing Time: 2s543ms
Saving..

Epoch: 9
Epoch: 009 | Loss: 1.018 | Acc: 64.402% (32201/50000) | Training Time: 19s295ms
Epoch: 009 | Loss: 0.748 | Acc: 75.020% (7502/10000) | Testing Time: 2s613ms
Saving..

Epoch: 10
Epoch: 010 | Loss: 0.987 | Acc: 65.502% (32751/50000) | Training Time: 20s107ms
Epoch: 010 | Loss: 1.140 | Acc: 63.520% (6352/10000) | Testing Time: 2s569ms

Epoch: 11
Epoch: 011 | Loss: 0.974 | Acc: 65.966% (32983/50000) | Training Time: 20s347ms
Epoch: 011 | Loss: 0.893 | Acc: 68.170% (6817/10000) | Testing Time: 2s516ms

Epoch: 12
Epoch: 012 | Loss: 0.954 | Acc: 66.874% (33437/50000) | Training Time: 19s682ms
Epoch: 012 | Loss: 1.123 | Acc: 66.710% (6671/10000) | Testing Time: 2s524ms

Epoch: 13
Epoch: 013 | Loss: 0.936 | Acc: 67.414% (33707/50000) | Training Time: 20s268ms
Epoch: 013 | Loss: 0.625 | Acc: 78.590% (7859/10000) | Testing Time: 2s517ms
Saving..

Epoch: 14
Epoch: 014 | Loss: 0.925 | Acc: 67.786% (33893/50000) | Training Time: 19s937ms
Epoch: 014 | Loss: 0.726 | Acc: 75.580% (7558/10000) | Testing Time: 2s509ms

Epoch: 15
Epoch: 015 | Loss: 0.910 | Acc: 68.324% (34162/50000) | Training Time: 19s320ms
Epoch: 015 | Loss: 0.827 | Acc: 73.480% (7348/10000) | Testing Time: 2s565ms

Epoch: 16
Epoch: 016 | Loss: 0.904 | Acc: 68.630% (34315/50000) | Training Time: 20s155ms
Epoch: 016 | Loss: 0.654 | Acc: 78.450% (7845/10000) | Testing Time: 2s671ms

Epoch: 17
Epoch: 017 | Loss: 0.891 | Acc: 68.820% (34410/50000) | Training Time: 19s834ms
Epoch: 017 | Loss: 0.630 | Acc: 79.370% (7937/10000) | Testing Time: 2s566ms
Saving..

Epoch: 18
Epoch: 018 | Loss: 0.879 | Acc: 69.418% (34709/50000) | Training Time: 19s782ms
Epoch: 018 | Loss: 0.653 | Acc: 78.780% (7878/10000) | Testing Time: 2s476ms

Epoch: 19
Epoch: 019 | Loss: 0.877 | Acc: 69.660% (34830/50000) | Training Time: 19s864ms
Epoch: 019 | Loss: 0.817 | Acc: 73.800% (7380/10000) | Testing Time: 2s524ms

Epoch: 20
Epoch: 020 | Loss: 0.871 | Acc: 69.996% (34998/50000) | Training Time: 20s84ms
Epoch: 020 | Loss: 0.632 | Acc: 78.150% (7815/10000) | Testing Time: 2s592ms

Epoch: 21
Epoch: 021 | Loss: 0.856 | Acc: 70.254% (35127/50000) | Training Time: 19s598ms
Epoch: 021 | Loss: 0.585 | Acc: 79.900% (7990/10000) | Testing Time: 2s639ms
Saving..

Epoch: 22
Epoch: 022 | Loss: 0.851 | Acc: 70.422% (35211/50000) | Training Time: 19s888ms
Epoch: 022 | Loss: 0.744 | Acc: 74.600% (7460/10000) | Testing Time: 2s505ms

Epoch: 23
Epoch: 023 | Loss: 0.845 | Acc: 70.790% (35395/50000) | Training Time: 19s664ms
Epoch: 023 | Loss: 0.855 | Acc: 73.260% (7326/10000) | Testing Time: 2s625ms

Epoch: 24
Epoch: 024 | Loss: 0.851 | Acc: 70.540% (35270/50000) | Training Time: 19s951ms
Epoch: 024 | Loss: 0.567 | Acc: 80.170% (8017/10000) | Testing Time: 2s531ms
Saving..

Epoch: 25
Epoch: 025 | Loss: 0.843 | Acc: 70.710% (35355/50000) | Training Time: 19s575ms
Epoch: 025 | Loss: 0.900 | Acc: 73.350% (7335/10000) | Testing Time: 2s552ms

Epoch: 26
Epoch: 026 | Loss: 0.829 | Acc: 71.372% (35686/50000) | Training Time: 20s141ms
Epoch: 026 | Loss: 0.608 | Acc: 80.060% (8006/10000) | Testing Time: 2s511ms

Epoch: 27
Epoch: 027 | Loss: 0.829 | Acc: 71.170% (35585/50000) | Training Time: 19s766ms
Epoch: 027 | Loss: 0.694 | Acc: 76.990% (7699/10000) | Testing Time: 2s567ms

Epoch: 28
Epoch: 028 | Loss: 0.819 | Acc: 71.692% (35846/50000) | Training Time: 19s229ms
Epoch: 028 | Loss: 0.519 | Acc: 82.490% (8249/10000) | Testing Time: 2s528ms
Saving..

Epoch: 29
Epoch: 029 | Loss: 0.819 | Acc: 71.810% (35905/50000) | Training Time: 19s669ms
Epoch: 029 | Loss: 0.694 | Acc: 76.950% (7695/10000) | Testing Time: 2s558ms

Epoch: 30
Epoch: 030 | Loss: 0.809 | Acc: 71.804% (35902/50000) | Training Time: 19s715ms
Epoch: 030 | Loss: 0.690 | Acc: 77.260% (7726/10000) | Testing Time: 2s507ms

Epoch: 31
Epoch: 031 | Loss: 0.812 | Acc: 71.778% (35889/50000) | Training Time: 19s798ms
Epoch: 031 | Loss: 0.650 | Acc: 78.110% (7811/10000) | Testing Time: 2s567ms

Epoch: 32
Epoch: 032 | Loss: 0.813 | Acc: 71.922% (35961/50000) | Training Time: 19s601ms
Epoch: 032 | Loss: 0.566 | Acc: 81.050% (8105/10000) | Testing Time: 2s607ms

Epoch: 33
Epoch: 033 | Loss: 0.801 | Acc: 72.150% (36075/50000) | Training Time: 19s490ms
Epoch: 033 | Loss: 0.609 | Acc: 79.540% (7954/10000) | Testing Time: 2s478ms

Epoch: 34
Epoch: 034 | Loss: 0.797 | Acc: 72.382% (36191/50000) | Training Time: 19s258ms
Epoch: 034 | Loss: 0.830 | Acc: 73.660% (7366/10000) | Testing Time: 2s606ms

Epoch: 35
Epoch: 035 | Loss: 0.792 | Acc: 72.598% (36299/50000) | Training Time: 19s951ms
Epoch: 035 | Loss: 0.580 | Acc: 81.070% (8107/10000) | Testing Time: 2s554ms

Epoch: 36
Epoch: 036 | Loss: 0.807 | Acc: 71.942% (35971/50000) | Training Time: 19s428ms
Epoch: 036 | Loss: 0.675 | Acc: 77.510% (7751/10000) | Testing Time: 2s538ms

Epoch: 37
Epoch: 037 | Loss: 0.789 | Acc: 72.888% (36444/50000) | Training Time: 19s368ms
Epoch: 037 | Loss: 0.568 | Acc: 81.280% (8128/10000) | Testing Time: 2s501ms

Epoch: 38
Epoch: 038 | Loss: 0.783 | Acc: 73.100% (36550/50000) | Training Time: 20s167ms
Epoch: 038 | Loss: 0.523 | Acc: 82.550% (8255/10000) | Testing Time: 2s517ms
Saving..

Epoch: 39
Epoch: 039 | Loss: 0.787 | Acc: 72.840% (36420/50000) | Training Time: 19s450ms
Epoch: 039 | Loss: 0.546 | Acc: 81.350% (8135/10000) | Testing Time: 2s540ms

Epoch: 40
Epoch: 040 | Loss: 0.782 | Acc: 73.082% (36541/50000) | Training Time: 19s801ms
Epoch: 040 | Loss: 0.512 | Acc: 83.060% (8306/10000) | Testing Time: 2s508ms
Saving..

Epoch: 41
Epoch: 041 | Loss: 0.776 | Acc: 73.030% (36515/50000) | Training Time: 19s852ms
Epoch: 041 | Loss: 0.546 | Acc: 81.670% (8167/10000) | Testing Time: 2s558ms

Epoch: 42
Epoch: 042 | Loss: 0.773 | Acc: 73.186% (36593/50000) | Training Time: 19s870ms
Epoch: 042 | Loss: 0.704 | Acc: 78.200% (7820/10000) | Testing Time: 2s590ms

Epoch: 43
Epoch: 043 | Loss: 0.779 | Acc: 73.092% (36546/50000) | Training Time: 20s39ms
Epoch: 043 | Loss: 0.594 | Acc: 79.690% (7969/10000) | Testing Time: 2s474ms

Epoch: 44
Epoch: 044 | Loss: 0.770 | Acc: 73.444% (36722/50000) | Training Time: 19s826ms
Epoch: 044 | Loss: 0.476 | Acc: 84.140% (8414/10000) | Testing Time: 2s536ms
Saving..

Epoch: 45
Epoch: 045 | Loss: 0.765 | Acc: 73.640% (36820/50000) | Training Time: 20s203ms
Epoch: 045 | Loss: 0.500 | Acc: 83.280% (8328/10000) | Testing Time: 2s574ms

Epoch: 46
Epoch: 046 | Loss: 0.774 | Acc: 73.312% (36656/50000) | Training Time: 20s861ms
Epoch: 046 | Loss: 0.648 | Acc: 77.890% (7789/10000) | Testing Time: 2s559ms

Epoch: 47
Epoch: 047 | Loss: 0.756 | Acc: 73.824% (36912/50000) | Training Time: 19s170ms
Epoch: 047 | Loss: 0.637 | Acc: 79.340% (7934/10000) | Testing Time: 2s556ms

Epoch: 48
Epoch: 048 | Loss: 0.757 | Acc: 73.904% (36952/50000) | Training Time: 19s823ms
Epoch: 048 | Loss: 0.473 | Acc: 84.200% (8420/10000) | Testing Time: 2s599ms
Saving..

Epoch: 49
Epoch: 049 | Loss: 0.755 | Acc: 73.952% (36976/50000) | Training Time: 20s244ms
Epoch: 049 | Loss: 0.517 | Acc: 83.250% (8325/10000) | Testing Time: 2s552ms

Epoch: 50
Epoch: 050 | Loss: 0.750 | Acc: 73.826% (36913/50000) | Training Time: 19s343ms
Epoch: 050 | Loss: 0.586 | Acc: 80.510% (8051/10000) | Testing Time: 2s572ms

Epoch: 51
Epoch: 051 | Loss: 0.751 | Acc: 74.110% (37055/50000) | Training Time: 19s799ms
Epoch: 051 | Loss: 0.540 | Acc: 82.320% (8232/10000) | Testing Time: 2s540ms

Epoch: 52
Epoch: 052 | Loss: 0.753 | Acc: 73.878% (36939/50000) | Training Time: 19s480ms
Epoch: 052 | Loss: 0.511 | Acc: 82.900% (8290/10000) | Testing Time: 2s555ms

Epoch: 53
Epoch: 053 | Loss: 0.749 | Acc: 74.058% (37029/50000) | Training Time: 19s407ms
Epoch: 053 | Loss: 0.553 | Acc: 81.220% (8122/10000) | Testing Time: 2s629ms

Epoch: 54
Epoch: 054 | Loss: 0.750 | Acc: 74.158% (37079/50000) | Training Time: 19s588ms
Epoch: 054 | Loss: 0.478 | Acc: 83.620% (8362/10000) | Testing Time: 2s510ms

Epoch: 55
Epoch: 055 | Loss: 0.742 | Acc: 74.254% (37127/50000) | Training Time: 20s55ms
Epoch: 055 | Loss: 0.507 | Acc: 83.050% (8305/10000) | Testing Time: 2s532ms

Epoch: 56
Epoch: 056 | Loss: 0.740 | Acc: 74.430% (37215/50000) | Training Time: 20s191ms
Epoch: 056 | Loss: 0.488 | Acc: 83.180% (8318/10000) | Testing Time: 2s518ms

Epoch: 57
Epoch: 057 | Loss: 0.740 | Acc: 74.278% (37139/50000) | Training Time: 19s704ms
Epoch: 057 | Loss: 0.458 | Acc: 83.970% (8397/10000) | Testing Time: 2s579ms

Epoch: 58
Epoch: 058 | Loss: 0.737 | Acc: 74.562% (37281/50000) | Training Time: 19s754ms
Epoch: 058 | Loss: 0.543 | Acc: 81.010% (8101/10000) | Testing Time: 2s569ms

Epoch: 59
Epoch: 059 | Loss: 0.731 | Acc: 74.712% (37356/50000) | Training Time: 19s403ms
Epoch: 059 | Loss: 0.522 | Acc: 82.570% (8257/10000) | Testing Time: 2s526ms

Epoch: 60
Epoch: 060 | Loss: 0.735 | Acc: 74.578% (37289/50000) | Training Time: 20s90ms
Epoch: 060 | Loss: 0.524 | Acc: 81.800% (8180/10000) | Testing Time: 2s560ms

Epoch: 61
Epoch: 061 | Loss: 0.724 | Acc: 75.084% (37542/50000) | Training Time: 19s918ms
Epoch: 061 | Loss: 0.540 | Acc: 82.350% (8235/10000) | Testing Time: 2s588ms

Epoch: 62
Epoch: 062 | Loss: 0.727 | Acc: 74.972% (37486/50000) | Training Time: 20s100ms
Epoch: 062 | Loss: 0.454 | Acc: 84.480% (8448/10000) | Testing Time: 2s514ms
Saving..

Epoch: 63
Epoch: 063 | Loss: 0.723 | Acc: 75.040% (37520/50000) | Training Time: 19s793ms
Epoch: 063 | Loss: 0.424 | Acc: 85.140% (8514/10000) | Testing Time: 2s557ms
Saving..

Epoch: 64
Epoch: 064 | Loss: 0.722 | Acc: 75.326% (37663/50000) | Training Time: 19s950ms
Epoch: 064 | Loss: 0.530 | Acc: 83.010% (8301/10000) | Testing Time: 2s502ms

Epoch: 65
Epoch: 065 | Loss: 0.712 | Acc: 75.348% (37674/50000) | Training Time: 19s873ms
Epoch: 065 | Loss: 0.467 | Acc: 83.970% (8397/10000) | Testing Time: 2s479ms

Epoch: 66
Epoch: 066 | Loss: 0.713 | Acc: 75.554% (37777/50000) | Training Time: 19s651ms
Epoch: 066 | Loss: 0.841 | Acc: 75.290% (7529/10000) | Testing Time: 2s513ms

Epoch: 67
Epoch: 067 | Loss: 0.716 | Acc: 75.392% (37696/50000) | Training Time: 20s723ms
Epoch: 067 | Loss: 0.415 | Acc: 86.120% (8612/10000) | Testing Time: 2s484ms
Saving..

Epoch: 68
Epoch: 068 | Loss: 0.714 | Acc: 75.382% (37691/50000) | Training Time: 19s839ms
Epoch: 068 | Loss: 0.649 | Acc: 78.790% (7879/10000) | Testing Time: 2s636ms

Epoch: 69
Epoch: 069 | Loss: 0.704 | Acc: 75.698% (37849/50000) | Training Time: 19s297ms
Epoch: 069 | Loss: 0.440 | Acc: 85.490% (8549/10000) | Testing Time: 2s516ms

Epoch: 70
Epoch: 070 | Loss: 0.707 | Acc: 75.652% (37826/50000) | Training Time: 20s775ms
Epoch: 070 | Loss: 0.542 | Acc: 81.470% (8147/10000) | Testing Time: 2s563ms

Epoch: 71
Epoch: 071 | Loss: 0.703 | Acc: 75.646% (37823/50000) | Training Time: 19s740ms
Epoch: 071 | Loss: 0.522 | Acc: 82.030% (8203/10000) | Testing Time: 2s546ms

Epoch: 72
Epoch: 072 | Loss: 0.704 | Acc: 75.744% (37872/50000) | Training Time: 19s447ms
Epoch: 072 | Loss: 0.499 | Acc: 83.140% (8314/10000) | Testing Time: 2s559ms

Epoch: 73
Epoch: 073 | Loss: 0.701 | Acc: 75.788% (37894/50000) | Training Time: 19s461ms
Epoch: 073 | Loss: 0.448 | Acc: 84.770% (8477/10000) | Testing Time: 2s556ms

Epoch: 74
Epoch: 074 | Loss: 0.692 | Acc: 76.280% (38140/50000) | Training Time: 20s86ms
Epoch: 074 | Loss: 0.497 | Acc: 82.430% (8243/10000) | Testing Time: 2s541ms

Epoch: 75
Epoch: 075 | Loss: 0.694 | Acc: 76.014% (38007/50000) | Training Time: 19s686ms
Epoch: 075 | Loss: 0.411 | Acc: 86.090% (8609/10000) | Testing Time: 2s500ms

Epoch: 76
Epoch: 076 | Loss: 0.697 | Acc: 76.038% (38019/50000) | Training Time: 19s228ms
Epoch: 076 | Loss: 0.480 | Acc: 84.160% (8416/10000) | Testing Time: 2s562ms

Epoch: 77
Epoch: 077 | Loss: 0.689 | Acc: 76.210% (38105/50000) | Training Time: 19s345ms
Epoch: 077 | Loss: 0.473 | Acc: 84.280% (8428/10000) | Testing Time: 2s503ms

Epoch: 78
Epoch: 078 | Loss: 0.685 | Acc: 76.314% (38157/50000) | Training Time: 19s345ms
Epoch: 078 | Loss: 0.368 | Acc: 87.320% (8732/10000) | Testing Time: 2s542ms
Saving..

Epoch: 79
Epoch: 079 | Loss: 0.681 | Acc: 76.516% (38258/50000) | Training Time: 19s800ms
Epoch: 079 | Loss: 0.464 | Acc: 83.920% (8392/10000) | Testing Time: 2s525ms

Epoch: 80
Epoch: 080 | Loss: 0.682 | Acc: 76.452% (38226/50000) | Training Time: 20s786ms
Epoch: 080 | Loss: 0.394 | Acc: 86.730% (8673/10000) | Testing Time: 2s548ms

Epoch: 81
Epoch: 081 | Loss: 0.678 | Acc: 76.472% (38236/50000) | Training Time: 19s415ms
Epoch: 081 | Loss: 0.740 | Acc: 77.200% (7720/10000) | Testing Time: 2s549ms

Epoch: 82
Epoch: 082 | Loss: 0.678 | Acc: 76.660% (38330/50000) | Training Time: 19s616ms
Epoch: 082 | Loss: 0.393 | Acc: 86.540% (8654/10000) | Testing Time: 2s534ms

Epoch: 83
Epoch: 083 | Loss: 0.672 | Acc: 76.916% (38458/50000) | Training Time: 20s383ms
Epoch: 083 | Loss: 0.485 | Acc: 83.490% (8349/10000) | Testing Time: 2s487ms

Epoch: 84
Epoch: 084 | Loss: 0.666 | Acc: 76.992% (38496/50000) | Training Time: 19s846ms
Epoch: 084 | Loss: 0.395 | Acc: 86.530% (8653/10000) | Testing Time: 2s538ms

Epoch: 85
Epoch: 085 | Loss: 0.668 | Acc: 77.048% (38524/50000) | Training Time: 19s455ms
Epoch: 085 | Loss: 0.490 | Acc: 83.390% (8339/10000) | Testing Time: 2s608ms

Epoch: 86
Epoch: 086 | Loss: 0.662 | Acc: 77.214% (38607/50000) | Training Time: 20s62ms
Epoch: 086 | Loss: 0.449 | Acc: 85.070% (8507/10000) | Testing Time: 2s495ms

Epoch: 87
Epoch: 087 | Loss: 0.665 | Acc: 77.214% (38607/50000) | Training Time: 20s171ms
Epoch: 087 | Loss: 0.490 | Acc: 83.590% (8359/10000) | Testing Time: 2s532ms

Epoch: 88
Epoch: 088 | Loss: 0.667 | Acc: 77.046% (38523/50000) | Training Time: 20s95ms
Epoch: 088 | Loss: 0.504 | Acc: 83.230% (8323/10000) | Testing Time: 2s550ms

Epoch: 89
Epoch: 089 | Loss: 0.659 | Acc: 77.440% (38720/50000) | Training Time: 20s286ms
Epoch: 089 | Loss: 0.405 | Acc: 86.230% (8623/10000) | Testing Time: 2s558ms

Epoch: 90
Epoch: 090 | Loss: 0.654 | Acc: 77.268% (38634/50000) | Training Time: 20s133ms
Epoch: 090 | Loss: 0.381 | Acc: 87.070% (8707/10000) | Testing Time: 2s576ms

Epoch: 91
Epoch: 091 | Loss: 0.649 | Acc: 77.658% (38829/50000) | Training Time: 19s485ms
Epoch: 091 | Loss: 0.366 | Acc: 87.400% (8740/10000) | Testing Time: 2s539ms
Saving..

Epoch: 92
Epoch: 092 | Loss: 0.648 | Acc: 77.792% (38896/50000) | Training Time: 19s508ms
Epoch: 092 | Loss: 0.417 | Acc: 85.690% (8569/10000) | Testing Time: 2s491ms

Epoch: 93
Epoch: 093 | Loss: 0.644 | Acc: 77.976% (38988/50000) | Training Time: 19s567ms
Epoch: 093 | Loss: 0.395 | Acc: 86.770% (8677/10000) | Testing Time: 2s540ms

Epoch: 94
Epoch: 094 | Loss: 0.641 | Acc: 77.976% (38988/50000) | Training Time: 20s197ms
Epoch: 094 | Loss: 0.400 | Acc: 86.520% (8652/10000) | Testing Time: 2s563ms

Epoch: 95
Epoch: 095 | Loss: 0.641 | Acc: 78.078% (39039/50000) | Training Time: 19s929ms
Epoch: 095 | Loss: 0.515 | Acc: 83.280% (8328/10000) | Testing Time: 2s620ms

Epoch: 96
Epoch: 096 | Loss: 0.640 | Acc: 77.870% (38935/50000) | Training Time: 19s711ms
Epoch: 096 | Loss: 0.396 | Acc: 86.640% (8664/10000) | Testing Time: 2s564ms

Epoch: 97
Epoch: 097 | Loss: 0.627 | Acc: 78.318% (39159/50000) | Training Time: 20s43ms
Epoch: 097 | Loss: 0.368 | Acc: 87.250% (8725/10000) | Testing Time: 2s541ms

Epoch: 98
Epoch: 098 | Loss: 0.630 | Acc: 78.378% (39189/50000) | Training Time: 19s301ms
Epoch: 098 | Loss: 0.401 | Acc: 86.050% (8605/10000) | Testing Time: 2s543ms

Epoch: 99
Epoch: 099 | Loss: 0.627 | Acc: 78.510% (39255/50000) | Training Time: 20s192ms
Epoch: 099 | Loss: 0.396 | Acc: 86.370% (8637/10000) | Testing Time: 2s553ms

Epoch: 100
Epoch: 100 | Loss: 0.628 | Acc: 78.232% (39116/50000) | Training Time: 20s130ms
Epoch: 100 | Loss: 0.434 | Acc: 85.080% (8508/10000) | Testing Time: 2s540ms

Epoch: 101
Epoch: 101 | Loss: 0.622 | Acc: 78.696% (39348/50000) | Training Time: 19s612ms
Epoch: 101 | Loss: 0.402 | Acc: 85.860% (8586/10000) | Testing Time: 2s540ms

Epoch: 102
Epoch: 102 | Loss: 0.622 | Acc: 78.446% (39223/50000) | Training Time: 19s374ms
Epoch: 102 | Loss: 0.384 | Acc: 86.940% (8694/10000) | Testing Time: 2s476ms

Epoch: 103
Epoch: 103 | Loss: 0.618 | Acc: 78.650% (39325/50000) | Training Time: 20s816ms
Epoch: 103 | Loss: 0.360 | Acc: 87.940% (8794/10000) | Testing Time: 2s563ms
Saving..

Epoch: 104
Epoch: 104 | Loss: 0.616 | Acc: 78.748% (39374/50000) | Training Time: 19s232ms
Epoch: 104 | Loss: 0.349 | Acc: 88.220% (8822/10000) | Testing Time: 2s537ms
Saving..

Epoch: 105
Epoch: 105 | Loss: 0.612 | Acc: 78.806% (39403/50000) | Training Time: 19s466ms
Epoch: 105 | Loss: 0.426 | Acc: 85.930% (8593/10000) | Testing Time: 2s510ms

Epoch: 106
Epoch: 106 | Loss: 0.598 | Acc: 79.362% (39681/50000) | Training Time: 20s230ms
Epoch: 106 | Loss: 0.395 | Acc: 86.580% (8658/10000) | Testing Time: 2s523ms

Epoch: 107
Epoch: 107 | Loss: 0.602 | Acc: 79.320% (39660/50000) | Training Time: 19s406ms
Epoch: 107 | Loss: 0.404 | Acc: 86.730% (8673/10000) | Testing Time: 2s566ms

Epoch: 108
Epoch: 108 | Loss: 0.601 | Acc: 79.418% (39709/50000) | Training Time: 20s770ms
Epoch: 108 | Loss: 0.366 | Acc: 87.260% (8726/10000) | Testing Time: 2s651ms

Epoch: 109
Epoch: 109 | Loss: 0.594 | Acc: 79.730% (39865/50000) | Training Time: 19s613ms
Epoch: 109 | Loss: 0.370 | Acc: 87.010% (8701/10000) | Testing Time: 2s489ms

Epoch: 110
Epoch: 110 | Loss: 0.590 | Acc: 79.622% (39811/50000) | Training Time: 19s884ms
Epoch: 110 | Loss: 0.305 | Acc: 89.460% (8946/10000) | Testing Time: 2s584ms
Saving..

Epoch: 111
Epoch: 111 | Loss: 0.588 | Acc: 79.700% (39850/50000) | Training Time: 19s509ms
Epoch: 111 | Loss: 0.436 | Acc: 85.570% (8557/10000) | Testing Time: 2s545ms

Epoch: 112
Epoch: 112 | Loss: 0.585 | Acc: 79.914% (39957/50000) | Training Time: 19s517ms
Epoch: 112 | Loss: 0.364 | Acc: 87.850% (8785/10000) | Testing Time: 2s540ms

Epoch: 113
Epoch: 113 | Loss: 0.583 | Acc: 80.036% (40018/50000) | Training Time: 19s812ms
Epoch: 113 | Loss: 0.307 | Acc: 89.440% (8944/10000) | Testing Time: 2s730ms

Epoch: 114
Epoch: 114 | Loss: 0.577 | Acc: 80.222% (40111/50000) | Training Time: 20s39ms
Epoch: 114 | Loss: 0.341 | Acc: 88.270% (8827/10000) | Testing Time: 2s552ms

Epoch: 115
Epoch: 115 | Loss: 0.572 | Acc: 80.226% (40113/50000) | Training Time: 19s954ms
Epoch: 115 | Loss: 0.349 | Acc: 88.350% (8835/10000) | Testing Time: 2s607ms

Epoch: 116
Epoch: 116 | Loss: 0.568 | Acc: 80.488% (40244/50000) | Training Time: 19s340ms
Epoch: 116 | Loss: 0.360 | Acc: 87.580% (8758/10000) | Testing Time: 2s542ms

Epoch: 117
Epoch: 117 | Loss: 0.567 | Acc: 80.446% (40223/50000) | Training Time: 20s280ms
Epoch: 117 | Loss: 0.311 | Acc: 89.280% (8928/10000) | Testing Time: 2s561ms

Epoch: 118
Epoch: 118 | Loss: 0.566 | Acc: 80.446% (40223/50000) | Training Time: 19s309ms
Epoch: 118 | Loss: 0.372 | Acc: 87.360% (8736/10000) | Testing Time: 2s509ms

Epoch: 119
Epoch: 119 | Loss: 0.561 | Acc: 80.744% (40372/50000) | Training Time: 19s820ms
Epoch: 119 | Loss: 0.318 | Acc: 89.410% (8941/10000) | Testing Time: 2s523ms

Epoch: 120
Epoch: 120 | Loss: 0.565 | Acc: 80.474% (40237/50000) | Training Time: 19s520ms
Epoch: 120 | Loss: 0.332 | Acc: 88.640% (8864/10000) | Testing Time: 2s548ms

Epoch: 121
Epoch: 121 | Loss: 0.547 | Acc: 81.126% (40563/50000) | Training Time: 19s962ms
Epoch: 121 | Loss: 0.318 | Acc: 89.030% (8903/10000) | Testing Time: 2s565ms

Epoch: 122
Epoch: 122 | Loss: 0.545 | Acc: 81.260% (40630/50000) | Training Time: 19s838ms
Epoch: 122 | Loss: 0.283 | Acc: 90.010% (9001/10000) | Testing Time: 2s565ms
Saving..

Epoch: 123
Epoch: 123 | Loss: 0.544 | Acc: 81.212% (40606/50000) | Training Time: 20s834ms
Epoch: 123 | Loss: 0.357 | Acc: 87.550% (8755/10000) | Testing Time: 2s555ms

Epoch: 124
Epoch: 124 | Loss: 0.540 | Acc: 81.380% (40690/50000) | Training Time: 20s387ms
Epoch: 124 | Loss: 0.312 | Acc: 89.220% (8922/10000) | Testing Time: 2s565ms

Epoch: 125
Epoch: 125 | Loss: 0.532 | Acc: 81.700% (40850/50000) | Training Time: 19s645ms
Epoch: 125 | Loss: 0.291 | Acc: 89.740% (8974/10000) | Testing Time: 2s530ms

Epoch: 126
Epoch: 126 | Loss: 0.530 | Acc: 81.854% (40927/50000) | Training Time: 20s276ms
Epoch: 126 | Loss: 0.311 | Acc: 89.140% (8914/10000) | Testing Time: 2s526ms

Epoch: 127
Epoch: 127 | Loss: 0.534 | Acc: 81.742% (40871/50000) | Training Time: 19s478ms
Epoch: 127 | Loss: 0.304 | Acc: 89.540% (8954/10000) | Testing Time: 2s531ms

Epoch: 128
Epoch: 128 | Loss: 0.523 | Acc: 81.942% (40971/50000) | Training Time: 20s242ms
Epoch: 128 | Loss: 0.287 | Acc: 90.360% (9036/10000) | Testing Time: 2s581ms
Saving..

Epoch: 129
Epoch: 129 | Loss: 0.519 | Acc: 82.112% (41056/50000) | Training Time: 19s240ms
Epoch: 129 | Loss: 0.340 | Acc: 88.620% (8862/10000) | Testing Time: 2s580ms

Epoch: 130
Epoch: 130 | Loss: 0.514 | Acc: 81.980% (40990/50000) | Training Time: 20s77ms
Epoch: 130 | Loss: 0.300 | Acc: 89.630% (8963/10000) | Testing Time: 2s515ms

Epoch: 131
Epoch: 131 | Loss: 0.507 | Acc: 82.450% (41225/50000) | Training Time: 19s855ms
Epoch: 131 | Loss: 0.298 | Acc: 89.930% (8993/10000) | Testing Time: 2s589ms

Epoch: 132
Epoch: 132 | Loss: 0.505 | Acc: 82.458% (41229/50000) | Training Time: 19s815ms
Epoch: 132 | Loss: 0.322 | Acc: 89.120% (8912/10000) | Testing Time: 2s568ms

Epoch: 133
Epoch: 133 | Loss: 0.499 | Acc: 82.698% (41349/50000) | Training Time: 19s382ms
Epoch: 133 | Loss: 0.322 | Acc: 89.620% (8962/10000) | Testing Time: 2s530ms

Epoch: 134
Epoch: 134 | Loss: 0.497 | Acc: 82.738% (41369/50000) | Training Time: 19s719ms
Epoch: 134 | Loss: 0.314 | Acc: 88.860% (8886/10000) | Testing Time: 2s576ms

Epoch: 135
Epoch: 135 | Loss: 0.495 | Acc: 83.076% (41538/50000) | Training Time: 20s371ms
Epoch: 135 | Loss: 0.283 | Acc: 90.280% (9028/10000) | Testing Time: 2s567ms

Epoch: 136
Epoch: 136 | Loss: 0.487 | Acc: 83.150% (41575/50000) | Training Time: 19s667ms
Epoch: 136 | Loss: 0.249 | Acc: 91.440% (9144/10000) | Testing Time: 2s571ms
Saving..

Epoch: 137
Epoch: 137 | Loss: 0.491 | Acc: 82.888% (41444/50000) | Training Time: 20s725ms
Epoch: 137 | Loss: 0.274 | Acc: 90.830% (9083/10000) | Testing Time: 2s638ms

Epoch: 138
Epoch: 138 | Loss: 0.480 | Acc: 83.442% (41721/50000) | Training Time: 19s641ms
Epoch: 138 | Loss: 0.270 | Acc: 90.940% (9094/10000) | Testing Time: 2s571ms

Epoch: 139
Epoch: 139 | Loss: 0.471 | Acc: 83.744% (41872/50000) | Training Time: 19s468ms
Epoch: 139 | Loss: 0.243 | Acc: 91.740% (9174/10000) | Testing Time: 2s553ms
Saving..

Epoch: 140
Epoch: 140 | Loss: 0.471 | Acc: 83.726% (41863/50000) | Training Time: 19s900ms
Epoch: 140 | Loss: 0.366 | Acc: 87.710% (8771/10000) | Testing Time: 2s560ms

Epoch: 141
Epoch: 141 | Loss: 0.468 | Acc: 83.926% (41963/50000) | Training Time: 19s222ms
Epoch: 141 | Loss: 0.248 | Acc: 91.650% (9165/10000) | Testing Time: 2s585ms

Epoch: 142
Epoch: 142 | Loss: 0.462 | Acc: 84.122% (42061/50000) | Training Time: 19s687ms
Epoch: 142 | Loss: 0.252 | Acc: 91.310% (9131/10000) | Testing Time: 2s535ms

Epoch: 143
Epoch: 143 | Loss: 0.457 | Acc: 84.180% (42090/50000) | Training Time: 19s755ms
Epoch: 143 | Loss: 0.245 | Acc: 91.670% (9167/10000) | Testing Time: 2s555ms

Epoch: 144
Epoch: 144 | Loss: 0.454 | Acc: 84.406% (42203/50000) | Training Time: 20s44ms
Epoch: 144 | Loss: 0.246 | Acc: 91.640% (9164/10000) | Testing Time: 2s561ms

Epoch: 145
Epoch: 145 | Loss: 0.450 | Acc: 84.410% (42205/50000) | Training Time: 19s495ms
Epoch: 145 | Loss: 0.232 | Acc: 92.020% (9202/10000) | Testing Time: 2s560ms
Saving..

Epoch: 146
Epoch: 146 | Loss: 0.446 | Acc: 84.734% (42367/50000) | Training Time: 19s564ms
Epoch: 146 | Loss: 0.249 | Acc: 91.580% (9158/10000) | Testing Time: 2s532ms

Epoch: 147
Epoch: 147 | Loss: 0.442 | Acc: 84.674% (42337/50000) | Training Time: 19s357ms
Epoch: 147 | Loss: 0.242 | Acc: 91.630% (9163/10000) | Testing Time: 2s557ms

Epoch: 148
Epoch: 148 | Loss: 0.435 | Acc: 85.096% (42548/50000) | Training Time: 19s362ms
Epoch: 148 | Loss: 0.240 | Acc: 91.860% (9186/10000) | Testing Time: 2s619ms

Epoch: 149
Epoch: 149 | Loss: 0.429 | Acc: 85.216% (42608/50000) | Training Time: 20s119ms
Epoch: 149 | Loss: 0.231 | Acc: 91.870% (9187/10000) | Testing Time: 2s557ms

Epoch: 150
Epoch: 150 | Loss: 0.423 | Acc: 85.194% (42597/50000) | Training Time: 20s136ms
Epoch: 150 | Loss: 0.223 | Acc: 92.610% (9261/10000) | Testing Time: 2s550ms
Saving..

Epoch: 151
Epoch: 151 | Loss: 0.423 | Acc: 85.278% (42639/50000) | Training Time: 19s689ms
Epoch: 151 | Loss: 0.224 | Acc: 92.300% (9230/10000) | Testing Time: 2s550ms

Epoch: 152
Epoch: 152 | Loss: 0.412 | Acc: 85.820% (42910/50000) | Training Time: 19s545ms
Epoch: 152 | Loss: 0.218 | Acc: 92.760% (9276/10000) | Testing Time: 2s574ms
Saving..

Epoch: 153
Epoch: 153 | Loss: 0.415 | Acc: 85.546% (42773/50000) | Training Time: 19s242ms
Epoch: 153 | Loss: 0.226 | Acc: 92.300% (9230/10000) | Testing Time: 2s474ms

Epoch: 154
Epoch: 154 | Loss: 0.404 | Acc: 85.870% (42935/50000) | Training Time: 19s918ms
Epoch: 154 | Loss: 0.231 | Acc: 92.290% (9229/10000) | Testing Time: 2s659ms

Epoch: 155
Epoch: 155 | Loss: 0.394 | Acc: 86.436% (43218/50000) | Training Time: 19s894ms
Epoch: 155 | Loss: 0.215 | Acc: 92.810% (9281/10000) | Testing Time: 2s599ms
Saving..

Epoch: 156
Epoch: 156 | Loss: 0.392 | Acc: 86.334% (43167/50000) | Training Time: 20s564ms
Epoch: 156 | Loss: 0.220 | Acc: 92.640% (9264/10000) | Testing Time: 2s600ms

Epoch: 157
Epoch: 157 | Loss: 0.388 | Acc: 86.606% (43303/50000) | Training Time: 19s513ms
Epoch: 157 | Loss: 0.235 | Acc: 92.170% (9217/10000) | Testing Time: 2s537ms

Epoch: 158
Epoch: 158 | Loss: 0.378 | Acc: 86.914% (43457/50000) | Training Time: 20s92ms
Epoch: 158 | Loss: 0.198 | Acc: 93.320% (9332/10000) | Testing Time: 2s559ms
Saving..

Epoch: 159
Epoch: 159 | Loss: 0.374 | Acc: 87.008% (43504/50000) | Training Time: 20s166ms
Epoch: 159 | Loss: 0.202 | Acc: 92.950% (9295/10000) | Testing Time: 2s608ms

Epoch: 160
Epoch: 160 | Loss: 0.373 | Acc: 87.132% (43566/50000) | Training Time: 20s140ms
Epoch: 160 | Loss: 0.206 | Acc: 93.200% (9320/10000) | Testing Time: 2s602ms

Epoch: 161
Epoch: 161 | Loss: 0.373 | Acc: 87.098% (43549/50000) | Training Time: 19s980ms
Epoch: 161 | Loss: 0.206 | Acc: 93.130% (9313/10000) | Testing Time: 2s540ms

Epoch: 162
Epoch: 162 | Loss: 0.360 | Acc: 87.460% (43730/50000) | Training Time: 20s161ms
Epoch: 162 | Loss: 0.191 | Acc: 93.460% (9346/10000) | Testing Time: 2s726ms
Saving..

Epoch: 163
Epoch: 163 | Loss: 0.360 | Acc: 87.426% (43713/50000) | Training Time: 20s91ms
Epoch: 163 | Loss: 0.194 | Acc: 93.400% (9340/10000) | Testing Time: 2s534ms

Epoch: 164
Epoch: 164 | Loss: 0.351 | Acc: 87.982% (43991/50000) | Training Time: 20s428ms
Epoch: 164 | Loss: 0.210 | Acc: 93.140% (9314/10000) | Testing Time: 2s582ms

Epoch: 165
Epoch: 165 | Loss: 0.337 | Acc: 88.276% (44138/50000) | Training Time: 19s746ms
Epoch: 165 | Loss: 0.194 | Acc: 93.560% (9356/10000) | Testing Time: 2s718ms
Saving..

Epoch: 166
Epoch: 166 | Loss: 0.339 | Acc: 88.266% (44133/50000) | Training Time: 19s380ms
Epoch: 166 | Loss: 0.193 | Acc: 93.320% (9332/10000) | Testing Time: 2s658ms

Epoch: 167
Epoch: 167 | Loss: 0.329 | Acc: 88.558% (44279/50000) | Training Time: 19s404ms
Epoch: 167 | Loss: 0.180 | Acc: 93.850% (9385/10000) | Testing Time: 2s550ms
Saving..

Epoch: 168
Epoch: 168 | Loss: 0.324 | Acc: 88.844% (44422/50000) | Training Time: 19s333ms
Epoch: 168 | Loss: 0.172 | Acc: 94.220% (9422/10000) | Testing Time: 2s556ms
Saving..

Epoch: 169
Epoch: 169 | Loss: 0.325 | Acc: 88.702% (44351/50000) | Training Time: 20s31ms
Epoch: 169 | Loss: 0.172 | Acc: 94.110% (9411/10000) | Testing Time: 2s473ms

Epoch: 170
Epoch: 170 | Loss: 0.314 | Acc: 89.132% (44566/50000) | Training Time: 20s121ms
Epoch: 170 | Loss: 0.175 | Acc: 94.180% (9418/10000) | Testing Time: 2s643ms

Epoch: 171
Epoch: 171 | Loss: 0.312 | Acc: 89.236% (44618/50000) | Training Time: 20s79ms
Epoch: 171 | Loss: 0.169 | Acc: 94.390% (9439/10000) | Testing Time: 2s577ms
Saving..

Epoch: 172
Epoch: 172 | Loss: 0.303 | Acc: 89.618% (44809/50000) | Training Time: 19s520ms
Epoch: 172 | Loss: 0.176 | Acc: 94.460% (9446/10000) | Testing Time: 2s575ms
Saving..

Epoch: 173
Epoch: 173 | Loss: 0.300 | Acc: 89.568% (44784/50000) | Training Time: 19s379ms
Epoch: 173 | Loss: 0.164 | Acc: 94.610% (9461/10000) | Testing Time: 2s491ms
Saving..

Epoch: 174
Epoch: 174 | Loss: 0.295 | Acc: 89.758% (44879/50000) | Training Time: 20s270ms
Epoch: 174 | Loss: 0.174 | Acc: 94.370% (9437/10000) | Testing Time: 2s782ms

Epoch: 175
Epoch: 175 | Loss: 0.292 | Acc: 89.830% (44915/50000) | Training Time: 20s137ms
Epoch: 175 | Loss: 0.159 | Acc: 94.820% (9482/10000) | Testing Time: 2s534ms
Saving..

Epoch: 176
Epoch: 176 | Loss: 0.286 | Acc: 90.152% (45076/50000) | Training Time: 19s832ms
Epoch: 176 | Loss: 0.159 | Acc: 94.550% (9455/10000) | Testing Time: 2s535ms

Epoch: 177
Epoch: 177 | Loss: 0.274 | Acc: 90.574% (45287/50000) | Training Time: 19s433ms
Epoch: 177 | Loss: 0.158 | Acc: 94.760% (9476/10000) | Testing Time: 2s553ms

Epoch: 178
Epoch: 178 | Loss: 0.269 | Acc: 90.568% (45284/50000) | Training Time: 20s186ms
Epoch: 178 | Loss: 0.158 | Acc: 94.800% (9480/10000) | Testing Time: 2s553ms

Epoch: 179
Epoch: 179 | Loss: 0.268 | Acc: 90.708% (45354/50000) | Training Time: 19s492ms
Epoch: 179 | Loss: 0.164 | Acc: 94.600% (9460/10000) | Testing Time: 2s588ms

Epoch: 180
Epoch: 180 | Loss: 0.263 | Acc: 90.802% (45401/50000) | Training Time: 19s584ms
Epoch: 180 | Loss: 0.159 | Acc: 94.880% (9488/10000) | Testing Time: 2s561ms
Saving..

Epoch: 181
Epoch: 181 | Loss: 0.254 | Acc: 91.174% (45587/50000) | Training Time: 19s901ms
Epoch: 181 | Loss: 0.154 | Acc: 95.020% (9502/10000) | Testing Time: 2s596ms
Saving..

Epoch: 182
Epoch: 182 | Loss: 0.256 | Acc: 91.002% (45501/50000) | Training Time: 20s274ms
Epoch: 182 | Loss: 0.149 | Acc: 95.150% (9515/10000) | Testing Time: 2s426ms
Saving..

Epoch: 183
Epoch: 183 | Loss: 0.251 | Acc: 91.334% (45667/50000) | Training Time: 19s738ms
Epoch: 183 | Loss: 0.147 | Acc: 95.150% (9515/10000) | Testing Time: 2s595ms

Epoch: 184
Epoch: 184 | Loss: 0.243 | Acc: 91.656% (45828/50000) | Training Time: 20s88ms
Epoch: 184 | Loss: 0.148 | Acc: 95.050% (9505/10000) | Testing Time: 2s592ms

Epoch: 185
Epoch: 185 | Loss: 0.240 | Acc: 91.736% (45868/50000) | Training Time: 19s886ms
Epoch: 185 | Loss: 0.146 | Acc: 95.150% (9515/10000) | Testing Time: 2s555ms

Epoch: 186
Epoch: 186 | Loss: 0.233 | Acc: 91.912% (45956/50000) | Training Time: 20s80ms
Epoch: 186 | Loss: 0.147 | Acc: 95.090% (9509/10000) | Testing Time: 2s474ms

Epoch: 187
Epoch: 187 | Loss: 0.231 | Acc: 91.920% (45960/50000) | Training Time: 19s600ms
Epoch: 187 | Loss: 0.146 | Acc: 95.300% (9530/10000) | Testing Time: 2s565ms
Saving..

Epoch: 188
Epoch: 188 | Loss: 0.227 | Acc: 92.044% (46022/50000) | Training Time: 19s566ms
Epoch: 188 | Loss: 0.146 | Acc: 95.070% (9507/10000) | Testing Time: 2s505ms

Epoch: 189
Epoch: 189 | Loss: 0.224 | Acc: 92.228% (46114/50000) | Training Time: 19s473ms
Epoch: 189 | Loss: 0.144 | Acc: 95.380% (9538/10000) | Testing Time: 2s566ms
Saving..

Epoch: 190
Epoch: 190 | Loss: 0.227 | Acc: 92.140% (46070/50000) | Training Time: 19s463ms
Epoch: 190 | Loss: 0.143 | Acc: 95.390% (9539/10000) | Testing Time: 2s470ms
Saving..

Epoch: 191
Epoch: 191 | Loss: 0.219 | Acc: 92.422% (46211/50000) | Training Time: 19s578ms
Epoch: 191 | Loss: 0.143 | Acc: 95.540% (9554/10000) | Testing Time: 2s594ms
Saving..

Epoch: 192
Epoch: 192 | Loss: 0.217 | Acc: 92.498% (46249/50000) | Training Time: 20s205ms
Epoch: 192 | Loss: 0.143 | Acc: 95.410% (9541/10000) | Testing Time: 2s596ms

Epoch: 193
Epoch: 193 | Loss: 0.215 | Acc: 92.616% (46308/50000) | Training Time: 20s10ms
Epoch: 193 | Loss: 0.142 | Acc: 95.490% (9549/10000) | Testing Time: 2s578ms

Epoch: 194
Epoch: 194 | Loss: 0.216 | Acc: 92.458% (46229/50000) | Training Time: 20s88ms
Epoch: 194 | Loss: 0.141 | Acc: 95.470% (9547/10000) | Testing Time: 2s538ms

Epoch: 195
Epoch: 195 | Loss: 0.218 | Acc: 92.354% (46177/50000) | Training Time: 19s282ms
Epoch: 195 | Loss: 0.141 | Acc: 95.530% (9553/10000) | Testing Time: 2s547ms

Epoch: 196
Epoch: 196 | Loss: 0.217 | Acc: 92.538% (46269/50000) | Training Time: 19s844ms
Epoch: 196 | Loss: 0.141 | Acc: 95.470% (9547/10000) | Testing Time: 2s545ms

Epoch: 197
Epoch: 197 | Loss: 0.214 | Acc: 92.496% (46248/50000) | Training Time: 20s443ms
Epoch: 197 | Loss: 0.140 | Acc: 95.560% (9556/10000) | Testing Time: 2s551ms
Saving..

Epoch: 198
Epoch: 198 | Loss: 0.210 | Acc: 92.728% (46364/50000) | Training Time: 19s767ms
Epoch: 198 | Loss: 0.140 | Acc: 95.560% (9556/10000) | Testing Time: 2s611ms

Epoch: 199
Epoch: 199 | Loss: 0.211 | Acc: 92.704% (46352/50000) | Training Time: 19s859ms
Epoch: 199 | Loss: 0.142 | Acc: 95.520% (9552/10000) | Testing Time: 2s570ms
Total Time: 1h14m
==> Saving training loss/acc and testing loss/acc...
==> Drawing loss and acc...
==> Process finished.
