==> device:  cuda
==> Preparing data..
Files already downloaded and verified
Files already downloaded and verified
==> Evaluating model..
----------------------------------------------------------------
        Layer (type)               Output Shape         Param #
================================================================
            Conv2d-1           [-1, 64, 32, 32]           1,728
       BatchNorm2d-2           [-1, 64, 32, 32]             128
            Conv2d-3           [-1, 64, 32, 32]          36,864
       BatchNorm2d-4           [-1, 64, 32, 32]             128
            Conv2d-5           [-1, 64, 32, 32]          36,864
       BatchNorm2d-6           [-1, 64, 32, 32]             128
        BasicBlock-7           [-1, 64, 32, 32]               0
            Conv2d-8           [-1, 64, 32, 32]          36,864
       BatchNorm2d-9           [-1, 64, 32, 32]             128
           Conv2d-10           [-1, 64, 32, 32]          36,864
      BatchNorm2d-11           [-1, 64, 32, 32]             128
       BasicBlock-12           [-1, 64, 32, 32]               0
           Conv2d-13          [-1, 128, 16, 16]          73,728
      BatchNorm2d-14          [-1, 128, 16, 16]             256
           Conv2d-15          [-1, 128, 16, 16]         147,456
      BatchNorm2d-16          [-1, 128, 16, 16]             256
           Conv2d-17          [-1, 128, 16, 16]           8,192
      BatchNorm2d-18          [-1, 128, 16, 16]             256
       BasicBlock-19          [-1, 128, 16, 16]               0
           Conv2d-20          [-1, 128, 16, 16]         147,456
      BatchNorm2d-21          [-1, 128, 16, 16]             256
           Conv2d-22          [-1, 128, 16, 16]         147,456
      BatchNorm2d-23          [-1, 128, 16, 16]             256
       BasicBlock-24          [-1, 128, 16, 16]               0
           Conv2d-25            [-1, 256, 8, 8]         294,912
      BatchNorm2d-26            [-1, 256, 8, 8]             512
           Conv2d-27            [-1, 256, 8, 8]         589,824
      BatchNorm2d-28            [-1, 256, 8, 8]             512
           Conv2d-29            [-1, 256, 8, 8]          32,768
      BatchNorm2d-30            [-1, 256, 8, 8]             512
       BasicBlock-31            [-1, 256, 8, 8]               0
           Conv2d-32            [-1, 256, 8, 8]         589,824
      BatchNorm2d-33            [-1, 256, 8, 8]             512
           Conv2d-34            [-1, 256, 8, 8]         589,824
      BatchNorm2d-35            [-1, 256, 8, 8]             512
       BasicBlock-36            [-1, 256, 8, 8]               0
           Linear-37                   [-1, 10]           2,570
================================================================
Total params: 2,777,674
Trainable params: 2,777,674
Non-trainable params: 0
----------------------------------------------------------------
Input size (MB): 0.01
Forward/backward pass size (MB): 10.50
Params size (MB): 10.60
Estimated Total Size (MB): 21.11
----------------------------------------------------------------

Epoch: 0
Epoch: 000 | Loss: 1.894 | Acc: 30.232% (15116/50000) | Training Time: 18s16ms
Epoch: 000 | Loss: 1.653 | Acc: 40.570% (4057/10000) | Testing Time: 1s858ms
Saving..

Epoch: 1
Epoch: 001 | Loss: 1.425 | Acc: 48.888% (24444/50000) | Training Time: 13s213ms
Epoch: 001 | Loss: 1.101 | Acc: 60.380% (6038/10000) | Testing Time: 1s716ms
Saving..

Epoch: 2
Epoch: 002 | Loss: 1.140 | Acc: 59.790% (29895/50000) | Training Time: 13s244ms
Epoch: 002 | Loss: 0.874 | Acc: 68.530% (6853/10000) | Testing Time: 1s788ms
Saving..

Epoch: 3
Epoch: 003 | Loss: 0.940 | Acc: 67.334% (33667/50000) | Training Time: 13s525ms
Epoch: 003 | Loss: 0.753 | Acc: 74.270% (7427/10000) | Testing Time: 1s760ms
Saving..

Epoch: 4
Epoch: 004 | Loss: 0.821 | Acc: 71.532% (35766/50000) | Training Time: 13s444ms
Epoch: 004 | Loss: 0.693 | Acc: 75.420% (7542/10000) | Testing Time: 1s726ms
Saving..

Epoch: 5
Epoch: 005 | Loss: 0.751 | Acc: 74.300% (37150/50000) | Training Time: 13s351ms
Epoch: 005 | Loss: 0.755 | Acc: 74.800% (7480/10000) | Testing Time: 1s753ms

Epoch: 6
Epoch: 006 | Loss: 0.700 | Acc: 75.800% (37900/50000) | Training Time: 13s326ms
Epoch: 006 | Loss: 0.595 | Acc: 79.150% (7915/10000) | Testing Time: 1s741ms
Saving..

Epoch: 7
Epoch: 007 | Loss: 0.655 | Acc: 77.396% (38698/50000) | Training Time: 13s315ms
Epoch: 007 | Loss: 0.778 | Acc: 74.770% (7477/10000) | Testing Time: 1s755ms

Epoch: 8
Epoch: 008 | Loss: 0.633 | Acc: 78.152% (39076/50000) | Training Time: 13s440ms
Epoch: 008 | Loss: 0.642 | Acc: 78.790% (7879/10000) | Testing Time: 1s744ms

Epoch: 9
Epoch: 009 | Loss: 0.607 | Acc: 79.196% (39598/50000) | Training Time: 13s360ms
Epoch: 009 | Loss: 0.531 | Acc: 81.690% (8169/10000) | Testing Time: 1s823ms
Saving..

Epoch: 10
Epoch: 010 | Loss: 0.587 | Acc: 79.838% (39919/50000) | Training Time: 13s234ms
Epoch: 010 | Loss: 0.689 | Acc: 76.470% (7647/10000) | Testing Time: 1s755ms

Epoch: 11
Epoch: 011 | Loss: 0.576 | Acc: 80.194% (40097/50000) | Training Time: 13s223ms
Epoch: 011 | Loss: 0.568 | Acc: 80.060% (8006/10000) | Testing Time: 1s767ms

Epoch: 12
Epoch: 012 | Loss: 0.560 | Acc: 80.672% (40336/50000) | Training Time: 13s302ms
Epoch: 012 | Loss: 0.501 | Acc: 82.840% (8284/10000) | Testing Time: 1s712ms
Saving..

Epoch: 13
Epoch: 013 | Loss: 0.545 | Acc: 81.054% (40527/50000) | Training Time: 13s339ms
Epoch: 013 | Loss: 0.650 | Acc: 77.900% (7790/10000) | Testing Time: 1s804ms

Epoch: 14
Epoch: 014 | Loss: 0.534 | Acc: 81.662% (40831/50000) | Training Time: 13s352ms
Epoch: 014 | Loss: 0.543 | Acc: 81.220% (8122/10000) | Testing Time: 1s756ms

Epoch: 15
Epoch: 015 | Loss: 0.530 | Acc: 81.702% (40851/50000) | Training Time: 13s257ms
Epoch: 015 | Loss: 0.509 | Acc: 82.870% (8287/10000) | Testing Time: 1s757ms
Saving..

Epoch: 16
Epoch: 016 | Loss: 0.511 | Acc: 82.422% (41211/50000) | Training Time: 13s436ms
Epoch: 016 | Loss: 0.535 | Acc: 82.110% (8211/10000) | Testing Time: 1s853ms

Epoch: 17
Epoch: 017 | Loss: 0.513 | Acc: 82.186% (41093/50000) | Training Time: 13s302ms
Epoch: 017 | Loss: 0.469 | Acc: 83.910% (8391/10000) | Testing Time: 1s768ms
Saving..

Epoch: 18
Epoch: 018 | Loss: 0.509 | Acc: 82.358% (41179/50000) | Training Time: 13s220ms
Epoch: 018 | Loss: 0.606 | Acc: 79.980% (7998/10000) | Testing Time: 1s729ms

Epoch: 19
Epoch: 019 | Loss: 0.497 | Acc: 82.870% (41435/50000) | Training Time: 13s191ms
Epoch: 019 | Loss: 0.579 | Acc: 79.890% (7989/10000) | Testing Time: 1s855ms

Epoch: 20
Epoch: 020 | Loss: 0.489 | Acc: 83.230% (41615/50000) | Training Time: 13s430ms
Epoch: 020 | Loss: 0.671 | Acc: 78.290% (7829/10000) | Testing Time: 1s901ms

Epoch: 21
Epoch: 021 | Loss: 0.487 | Acc: 83.328% (41664/50000) | Training Time: 13s345ms
Epoch: 021 | Loss: 0.453 | Acc: 84.650% (8465/10000) | Testing Time: 1s805ms
Saving..

Epoch: 22
Epoch: 022 | Loss: 0.481 | Acc: 83.456% (41728/50000) | Training Time: 13s322ms
Epoch: 022 | Loss: 0.524 | Acc: 82.220% (8222/10000) | Testing Time: 1s785ms

Epoch: 23
Epoch: 023 | Loss: 0.480 | Acc: 83.390% (41695/50000) | Training Time: 13s147ms
Epoch: 023 | Loss: 1.098 | Acc: 69.840% (6984/10000) | Testing Time: 1s763ms

Epoch: 24
Epoch: 024 | Loss: 0.477 | Acc: 83.400% (41700/50000) | Training Time: 13s236ms
Epoch: 024 | Loss: 0.564 | Acc: 81.440% (8144/10000) | Testing Time: 1s821ms

Epoch: 25
Epoch: 025 | Loss: 0.469 | Acc: 83.984% (41992/50000) | Training Time: 13s568ms
Epoch: 025 | Loss: 0.625 | Acc: 79.060% (7906/10000) | Testing Time: 1s817ms

Epoch: 26
Epoch: 026 | Loss: 0.463 | Acc: 84.080% (42040/50000) | Training Time: 13s492ms
Epoch: 026 | Loss: 0.487 | Acc: 83.930% (8393/10000) | Testing Time: 1s789ms

Epoch: 27
Epoch: 027 | Loss: 0.458 | Acc: 84.260% (42130/50000) | Training Time: 13s495ms
Epoch: 027 | Loss: 0.517 | Acc: 83.420% (8342/10000) | Testing Time: 1s826ms

Epoch: 28
Epoch: 028 | Loss: 0.461 | Acc: 83.982% (41991/50000) | Training Time: 13s249ms
Epoch: 028 | Loss: 0.534 | Acc: 81.970% (8197/10000) | Testing Time: 1s708ms

Epoch: 29
Epoch: 029 | Loss: 0.451 | Acc: 84.580% (42290/50000) | Training Time: 13s392ms
Epoch: 029 | Loss: 0.728 | Acc: 78.940% (7894/10000) | Testing Time: 1s750ms

Epoch: 30
Epoch: 030 | Loss: 0.459 | Acc: 84.038% (42019/50000) | Training Time: 13s504ms
Epoch: 030 | Loss: 0.505 | Acc: 83.170% (8317/10000) | Testing Time: 1s764ms

Epoch: 31
Epoch: 031 | Loss: 0.449 | Acc: 84.562% (42281/50000) | Training Time: 13s123ms
Epoch: 031 | Loss: 0.522 | Acc: 83.010% (8301/10000) | Testing Time: 1s795ms

Epoch: 32
Epoch: 032 | Loss: 0.441 | Acc: 84.892% (42446/50000) | Training Time: 13s497ms
Epoch: 032 | Loss: 0.697 | Acc: 77.810% (7781/10000) | Testing Time: 1s736ms

Epoch: 33
Epoch: 033 | Loss: 0.445 | Acc: 84.712% (42356/50000) | Training Time: 13s319ms
Epoch: 033 | Loss: 0.510 | Acc: 82.640% (8264/10000) | Testing Time: 1s716ms

Epoch: 34
Epoch: 034 | Loss: 0.441 | Acc: 84.900% (42450/50000) | Training Time: 13s401ms
Epoch: 034 | Loss: 0.581 | Acc: 81.010% (8101/10000) | Testing Time: 1s821ms

Epoch: 35
Epoch: 035 | Loss: 0.434 | Acc: 85.116% (42558/50000) | Training Time: 13s305ms
Epoch: 035 | Loss: 0.604 | Acc: 81.020% (8102/10000) | Testing Time: 1s762ms

Epoch: 36
Epoch: 036 | Loss: 0.434 | Acc: 85.200% (42600/50000) | Training Time: 13s546ms
Epoch: 036 | Loss: 0.582 | Acc: 81.640% (8164/10000) | Testing Time: 1s789ms

Epoch: 37
Epoch: 037 | Loss: 0.427 | Acc: 85.258% (42629/50000) | Training Time: 13s436ms
Epoch: 037 | Loss: 0.628 | Acc: 80.330% (8033/10000) | Testing Time: 1s811ms

Epoch: 38
Epoch: 038 | Loss: 0.434 | Acc: 85.130% (42565/50000) | Training Time: 13s265ms
Epoch: 038 | Loss: 0.517 | Acc: 82.840% (8284/10000) | Testing Time: 1s750ms

Epoch: 39
Epoch: 039 | Loss: 0.422 | Acc: 85.442% (42721/50000) | Training Time: 13s265ms
Epoch: 039 | Loss: 0.485 | Acc: 83.500% (8350/10000) | Testing Time: 1s719ms

Epoch: 40
Epoch: 040 | Loss: 0.426 | Acc: 85.302% (42651/50000) | Training Time: 13s133ms
Epoch: 040 | Loss: 0.570 | Acc: 82.090% (8209/10000) | Testing Time: 1s807ms

Epoch: 41
Epoch: 041 | Loss: 0.424 | Acc: 85.448% (42724/50000) | Training Time: 13s578ms
Epoch: 041 | Loss: 0.646 | Acc: 80.110% (8011/10000) | Testing Time: 1s754ms

Epoch: 42
Epoch: 042 | Loss: 0.420 | Acc: 85.682% (42841/50000) | Training Time: 13s436ms
Epoch: 042 | Loss: 0.447 | Acc: 85.090% (8509/10000) | Testing Time: 1s811ms
Saving..

Epoch: 43
Epoch: 043 | Loss: 0.414 | Acc: 85.650% (42825/50000) | Training Time: 13s161ms
Epoch: 043 | Loss: 0.610 | Acc: 81.070% (8107/10000) | Testing Time: 1s776ms

Epoch: 44
Epoch: 044 | Loss: 0.423 | Acc: 85.708% (42854/50000) | Training Time: 13s582ms
Epoch: 044 | Loss: 0.418 | Acc: 86.290% (8629/10000) | Testing Time: 1s858ms
Saving..

Epoch: 45
Epoch: 045 | Loss: 0.411 | Acc: 85.896% (42948/50000) | Training Time: 13s395ms
Epoch: 045 | Loss: 0.571 | Acc: 82.340% (8234/10000) | Testing Time: 1s758ms

Epoch: 46
Epoch: 046 | Loss: 0.409 | Acc: 85.876% (42938/50000) | Training Time: 13s351ms
Epoch: 046 | Loss: 0.636 | Acc: 79.890% (7989/10000) | Testing Time: 1s781ms

Epoch: 47
Epoch: 047 | Loss: 0.404 | Acc: 86.196% (43098/50000) | Training Time: 13s281ms
Epoch: 047 | Loss: 0.563 | Acc: 82.050% (8205/10000) | Testing Time: 1s803ms

Epoch: 48
Epoch: 048 | Loss: 0.408 | Acc: 85.954% (42977/50000) | Training Time: 13s505ms
Epoch: 048 | Loss: 0.467 | Acc: 84.670% (8467/10000) | Testing Time: 1s932ms

Epoch: 49
Epoch: 049 | Loss: 0.403 | Acc: 86.276% (43138/50000) | Training Time: 13s540ms
Epoch: 049 | Loss: 0.492 | Acc: 84.320% (8432/10000) | Testing Time: 1s718ms

Epoch: 50
Epoch: 050 | Loss: 0.396 | Acc: 86.540% (43270/50000) | Training Time: 13s340ms
Epoch: 050 | Loss: 0.494 | Acc: 83.440% (8344/10000) | Testing Time: 1s791ms

Epoch: 51
Epoch: 051 | Loss: 0.403 | Acc: 86.106% (43053/50000) | Training Time: 13s453ms
Epoch: 051 | Loss: 0.515 | Acc: 82.720% (8272/10000) | Testing Time: 1s766ms

Epoch: 52
Epoch: 052 | Loss: 0.393 | Acc: 86.478% (43239/50000) | Training Time: 13s202ms
Epoch: 052 | Loss: 0.631 | Acc: 80.830% (8083/10000) | Testing Time: 1s847ms

Epoch: 53
Epoch: 053 | Loss: 0.395 | Acc: 86.584% (43292/50000) | Training Time: 13s452ms
Epoch: 053 | Loss: 0.430 | Acc: 85.560% (8556/10000) | Testing Time: 1s792ms

Epoch: 54
Epoch: 054 | Loss: 0.387 | Acc: 86.750% (43375/50000) | Training Time: 13s465ms
Epoch: 054 | Loss: 0.523 | Acc: 83.100% (8310/10000) | Testing Time: 1s722ms

Epoch: 55
Epoch: 055 | Loss: 0.398 | Acc: 86.342% (43171/50000) | Training Time: 13s541ms
Epoch: 055 | Loss: 0.534 | Acc: 83.080% (8308/10000) | Testing Time: 1s708ms

Epoch: 56
Epoch: 056 | Loss: 0.383 | Acc: 86.858% (43429/50000) | Training Time: 13s287ms
Epoch: 056 | Loss: 0.508 | Acc: 83.450% (8345/10000) | Testing Time: 1s821ms

Epoch: 57
Epoch: 057 | Loss: 0.385 | Acc: 86.686% (43343/50000) | Training Time: 13s222ms
Epoch: 057 | Loss: 0.542 | Acc: 82.720% (8272/10000) | Testing Time: 1s766ms

Epoch: 58
Epoch: 058 | Loss: 0.386 | Acc: 86.888% (43444/50000) | Training Time: 13s271ms
Epoch: 058 | Loss: 0.490 | Acc: 84.530% (8453/10000) | Testing Time: 1s890ms

Epoch: 59
Epoch: 059 | Loss: 0.376 | Acc: 87.194% (43597/50000) | Training Time: 13s470ms
Epoch: 059 | Loss: 0.459 | Acc: 84.320% (8432/10000) | Testing Time: 1s850ms

Epoch: 60
Epoch: 060 | Loss: 0.376 | Acc: 87.114% (43557/50000) | Training Time: 13s506ms
Epoch: 060 | Loss: 0.904 | Acc: 76.210% (7621/10000) | Testing Time: 1s788ms

Epoch: 61
Epoch: 061 | Loss: 0.375 | Acc: 87.208% (43604/50000) | Training Time: 13s462ms
Epoch: 061 | Loss: 0.435 | Acc: 85.980% (8598/10000) | Testing Time: 1s818ms

Epoch: 62
Epoch: 062 | Loss: 0.377 | Acc: 87.128% (43564/50000) | Training Time: 13s235ms
Epoch: 062 | Loss: 0.567 | Acc: 83.010% (8301/10000) | Testing Time: 1s891ms

Epoch: 63
Epoch: 063 | Loss: 0.374 | Acc: 87.388% (43694/50000) | Training Time: 13s368ms
Epoch: 063 | Loss: 0.636 | Acc: 80.070% (8007/10000) | Testing Time: 1s767ms

Epoch: 64
Epoch: 064 | Loss: 0.365 | Acc: 87.520% (43760/50000) | Training Time: 13s440ms
Epoch: 064 | Loss: 0.632 | Acc: 81.360% (8136/10000) | Testing Time: 1s859ms

Epoch: 65
Epoch: 065 | Loss: 0.370 | Acc: 87.432% (43716/50000) | Training Time: 13s346ms
Epoch: 065 | Loss: 0.595 | Acc: 81.240% (8124/10000) | Testing Time: 1s862ms

Epoch: 66
Epoch: 066 | Loss: 0.367 | Acc: 87.412% (43706/50000) | Training Time: 13s548ms
Epoch: 066 | Loss: 0.613 | Acc: 81.100% (8110/10000) | Testing Time: 1s760ms

Epoch: 67
Epoch: 067 | Loss: 0.357 | Acc: 87.706% (43853/50000) | Training Time: 13s350ms
Epoch: 067 | Loss: 0.540 | Acc: 82.660% (8266/10000) | Testing Time: 1s785ms

Epoch: 68
Epoch: 068 | Loss: 0.356 | Acc: 87.662% (43831/50000) | Training Time: 13s269ms
Epoch: 068 | Loss: 0.465 | Acc: 84.260% (8426/10000) | Testing Time: 1s775ms

Epoch: 69
Epoch: 069 | Loss: 0.353 | Acc: 87.964% (43982/50000) | Training Time: 13s439ms
Epoch: 069 | Loss: 0.534 | Acc: 82.850% (8285/10000) | Testing Time: 1s770ms

Epoch: 70
Epoch: 070 | Loss: 0.350 | Acc: 88.122% (44061/50000) | Training Time: 13s199ms
Epoch: 070 | Loss: 0.595 | Acc: 81.520% (8152/10000) | Testing Time: 1s748ms

Epoch: 71
Epoch: 071 | Loss: 0.353 | Acc: 87.898% (43949/50000) | Training Time: 13s565ms
Epoch: 071 | Loss: 0.425 | Acc: 85.390% (8539/10000) | Testing Time: 1s747ms

Epoch: 72
Epoch: 072 | Loss: 0.355 | Acc: 87.844% (43922/50000) | Training Time: 13s174ms
Epoch: 072 | Loss: 0.455 | Acc: 85.410% (8541/10000) | Testing Time: 1s744ms

Epoch: 73
Epoch: 073 | Loss: 0.343 | Acc: 88.250% (44125/50000) | Training Time: 13s450ms
Epoch: 073 | Loss: 0.495 | Acc: 84.810% (8481/10000) | Testing Time: 1s747ms

Epoch: 74
Epoch: 074 | Loss: 0.340 | Acc: 88.534% (44267/50000) | Training Time: 13s468ms
Epoch: 074 | Loss: 0.411 | Acc: 86.450% (8645/10000) | Testing Time: 1s722ms
Saving..

Epoch: 75
Epoch: 075 | Loss: 0.342 | Acc: 88.426% (44213/50000) | Training Time: 13s161ms
Epoch: 075 | Loss: 0.576 | Acc: 82.680% (8268/10000) | Testing Time: 1s794ms

Epoch: 76
Epoch: 076 | Loss: 0.345 | Acc: 88.226% (44113/50000) | Training Time: 13s476ms
Epoch: 076 | Loss: 0.438 | Acc: 85.530% (8553/10000) | Testing Time: 1s783ms

Epoch: 77
Epoch: 077 | Loss: 0.334 | Acc: 88.540% (44270/50000) | Training Time: 13s367ms
Epoch: 077 | Loss: 0.532 | Acc: 83.920% (8392/10000) | Testing Time: 1s791ms

Epoch: 78
Epoch: 078 | Loss: 0.335 | Acc: 88.630% (44315/50000) | Training Time: 13s191ms
Epoch: 078 | Loss: 0.484 | Acc: 83.630% (8363/10000) | Testing Time: 1s832ms

Epoch: 79
Epoch: 079 | Loss: 0.341 | Acc: 88.234% (44117/50000) | Training Time: 13s460ms
Epoch: 079 | Loss: 0.516 | Acc: 84.520% (8452/10000) | Testing Time: 1s714ms

Epoch: 80
Epoch: 080 | Loss: 0.327 | Acc: 88.852% (44426/50000) | Training Time: 13s485ms
Epoch: 080 | Loss: 0.565 | Acc: 82.750% (8275/10000) | Testing Time: 1s780ms

Epoch: 81
Epoch: 081 | Loss: 0.333 | Acc: 88.700% (44350/50000) | Training Time: 13s282ms
Epoch: 081 | Loss: 0.534 | Acc: 82.470% (8247/10000) | Testing Time: 1s678ms

Epoch: 82
Epoch: 082 | Loss: 0.323 | Acc: 88.990% (44495/50000) | Training Time: 13s512ms
Epoch: 082 | Loss: 0.413 | Acc: 86.880% (8688/10000) | Testing Time: 1s744ms
Saving..

Epoch: 83
Epoch: 083 | Loss: 0.315 | Acc: 89.366% (44683/50000) | Training Time: 13s487ms
Epoch: 083 | Loss: 0.579 | Acc: 83.220% (8322/10000) | Testing Time: 1s797ms

Epoch: 84
Epoch: 084 | Loss: 0.327 | Acc: 88.836% (44418/50000) | Training Time: 13s316ms
Epoch: 084 | Loss: 0.498 | Acc: 84.310% (8431/10000) | Testing Time: 1s819ms

Epoch: 85
Epoch: 085 | Loss: 0.319 | Acc: 89.212% (44606/50000) | Training Time: 13s454ms
Epoch: 085 | Loss: 0.451 | Acc: 86.270% (8627/10000) | Testing Time: 1s818ms

Epoch: 86
Epoch: 086 | Loss: 0.316 | Acc: 89.196% (44598/50000) | Training Time: 13s198ms
Epoch: 086 | Loss: 0.427 | Acc: 86.840% (8684/10000) | Testing Time: 1s725ms

Epoch: 87
Epoch: 087 | Loss: 0.310 | Acc: 89.520% (44760/50000) | Training Time: 13s359ms
Epoch: 087 | Loss: 0.438 | Acc: 86.410% (8641/10000) | Testing Time: 1s723ms

Epoch: 88
Epoch: 088 | Loss: 0.314 | Acc: 89.254% (44627/50000) | Training Time: 13s283ms
Epoch: 088 | Loss: 0.390 | Acc: 87.050% (8705/10000) | Testing Time: 1s782ms
Saving..

Epoch: 89
Epoch: 089 | Loss: 0.303 | Acc: 89.650% (44825/50000) | Training Time: 13s192ms
Epoch: 089 | Loss: 0.423 | Acc: 86.630% (8663/10000) | Testing Time: 1s779ms

Epoch: 90
Epoch: 090 | Loss: 0.314 | Acc: 89.074% (44537/50000) | Training Time: 13s343ms
Epoch: 090 | Loss: 0.485 | Acc: 84.690% (8469/10000) | Testing Time: 1s773ms

Epoch: 91
Epoch: 091 | Loss: 0.302 | Acc: 89.738% (44869/50000) | Training Time: 13s449ms
Epoch: 091 | Loss: 0.435 | Acc: 86.200% (8620/10000) | Testing Time: 1s754ms

Epoch: 92
Epoch: 092 | Loss: 0.300 | Acc: 89.880% (44940/50000) | Training Time: 13s438ms
Epoch: 092 | Loss: 0.507 | Acc: 83.900% (8390/10000) | Testing Time: 1s748ms

Epoch: 93
Epoch: 093 | Loss: 0.301 | Acc: 89.928% (44964/50000) | Training Time: 13s253ms
Epoch: 093 | Loss: 0.531 | Acc: 83.720% (8372/10000) | Testing Time: 1s782ms

Epoch: 94
Epoch: 094 | Loss: 0.289 | Acc: 90.104% (45052/50000) | Training Time: 13s261ms
Epoch: 094 | Loss: 0.534 | Acc: 83.150% (8315/10000) | Testing Time: 1s772ms

Epoch: 95
Epoch: 095 | Loss: 0.285 | Acc: 90.264% (45132/50000) | Training Time: 13s314ms
Epoch: 095 | Loss: 0.475 | Acc: 85.390% (8539/10000) | Testing Time: 1s884ms

Epoch: 96
Epoch: 096 | Loss: 0.290 | Acc: 90.212% (45106/50000) | Training Time: 13s133ms
Epoch: 096 | Loss: 0.497 | Acc: 85.070% (8507/10000) | Testing Time: 1s791ms

Epoch: 97
Epoch: 097 | Loss: 0.283 | Acc: 90.462% (45231/50000) | Training Time: 13s415ms
Epoch: 097 | Loss: 0.460 | Acc: 85.470% (8547/10000) | Testing Time: 1s708ms

Epoch: 98
Epoch: 098 | Loss: 0.280 | Acc: 90.490% (45245/50000) | Training Time: 13s477ms
Epoch: 098 | Loss: 0.423 | Acc: 86.550% (8655/10000) | Testing Time: 1s765ms

Epoch: 99
Epoch: 099 | Loss: 0.276 | Acc: 90.744% (45372/50000) | Training Time: 13s383ms
Epoch: 099 | Loss: 0.470 | Acc: 85.490% (8549/10000) | Testing Time: 1s810ms

Epoch: 100
Epoch: 100 | Loss: 0.279 | Acc: 90.474% (45237/50000) | Training Time: 13s331ms
Epoch: 100 | Loss: 0.537 | Acc: 84.310% (8431/10000) | Testing Time: 1s847ms

Epoch: 101
Epoch: 101 | Loss: 0.275 | Acc: 90.720% (45360/50000) | Training Time: 13s474ms
Epoch: 101 | Loss: 0.429 | Acc: 86.030% (8603/10000) | Testing Time: 1s813ms

Epoch: 102
Epoch: 102 | Loss: 0.267 | Acc: 90.884% (45442/50000) | Training Time: 13s220ms
Epoch: 102 | Loss: 0.535 | Acc: 84.240% (8424/10000) | Testing Time: 1s754ms

Epoch: 103
Epoch: 103 | Loss: 0.273 | Acc: 90.666% (45333/50000) | Training Time: 13s479ms
Epoch: 103 | Loss: 0.393 | Acc: 87.490% (8749/10000) | Testing Time: 1s685ms
Saving..

Epoch: 104
Epoch: 104 | Loss: 0.260 | Acc: 91.268% (45634/50000) | Training Time: 13s505ms
Epoch: 104 | Loss: 0.391 | Acc: 87.580% (8758/10000) | Testing Time: 1s774ms
Saving..

Epoch: 105
Epoch: 105 | Loss: 0.263 | Acc: 91.136% (45568/50000) | Training Time: 13s295ms
Epoch: 105 | Loss: 0.410 | Acc: 86.570% (8657/10000) | Testing Time: 1s740ms

Epoch: 106
Epoch: 106 | Loss: 0.261 | Acc: 91.150% (45575/50000) | Training Time: 13s219ms
Epoch: 106 | Loss: 0.401 | Acc: 87.430% (8743/10000) | Testing Time: 1s842ms

Epoch: 107
Epoch: 107 | Loss: 0.254 | Acc: 91.360% (45680/50000) | Training Time: 13s341ms
Epoch: 107 | Loss: 0.391 | Acc: 87.570% (8757/10000) | Testing Time: 1s738ms

Epoch: 108
Epoch: 108 | Loss: 0.254 | Acc: 91.394% (45697/50000) | Training Time: 13s368ms
Epoch: 108 | Loss: 0.479 | Acc: 85.920% (8592/10000) | Testing Time: 1s732ms

Epoch: 109
Epoch: 109 | Loss: 0.252 | Acc: 91.358% (45679/50000) | Training Time: 13s467ms
Epoch: 109 | Loss: 0.387 | Acc: 87.370% (8737/10000) | Testing Time: 1s779ms

Epoch: 110
Epoch: 110 | Loss: 0.251 | Acc: 91.578% (45789/50000) | Training Time: 13s179ms
Epoch: 110 | Loss: 0.377 | Acc: 88.170% (8817/10000) | Testing Time: 1s854ms
Saving..

Epoch: 111
Epoch: 111 | Loss: 0.244 | Acc: 91.824% (45912/50000) | Training Time: 13s241ms
Epoch: 111 | Loss: 0.395 | Acc: 87.570% (8757/10000) | Testing Time: 1s801ms

Epoch: 112
Epoch: 112 | Loss: 0.242 | Acc: 91.756% (45878/50000) | Training Time: 13s165ms
Epoch: 112 | Loss: 0.549 | Acc: 84.130% (8413/10000) | Testing Time: 1s877ms

Epoch: 113
Epoch: 113 | Loss: 0.230 | Acc: 92.400% (46200/50000) | Training Time: 13s259ms
Epoch: 113 | Loss: 0.396 | Acc: 87.280% (8728/10000) | Testing Time: 1s719ms

Epoch: 114
Epoch: 114 | Loss: 0.238 | Acc: 92.036% (46018/50000) | Training Time: 13s474ms
Epoch: 114 | Loss: 0.452 | Acc: 86.280% (8628/10000) | Testing Time: 1s848ms

Epoch: 115
Epoch: 115 | Loss: 0.232 | Acc: 92.232% (46116/50000) | Training Time: 13s406ms
Epoch: 115 | Loss: 0.445 | Acc: 86.910% (8691/10000) | Testing Time: 1s750ms

Epoch: 116
Epoch: 116 | Loss: 0.235 | Acc: 92.124% (46062/50000) | Training Time: 13s246ms
Epoch: 116 | Loss: 0.409 | Acc: 87.460% (8746/10000) | Testing Time: 1s805ms

Epoch: 117
Epoch: 117 | Loss: 0.228 | Acc: 92.416% (46208/50000) | Training Time: 13s385ms
Epoch: 117 | Loss: 0.373 | Acc: 88.470% (8847/10000) | Testing Time: 1s814ms
Saving..

Epoch: 118
Epoch: 118 | Loss: 0.225 | Acc: 92.544% (46272/50000) | Training Time: 13s392ms
Epoch: 118 | Loss: 0.473 | Acc: 85.900% (8590/10000) | Testing Time: 1s779ms

Epoch: 119
Epoch: 119 | Loss: 0.222 | Acc: 92.498% (46249/50000) | Training Time: 13s261ms
Epoch: 119 | Loss: 0.387 | Acc: 87.520% (8752/10000) | Testing Time: 1s747ms

Epoch: 120
Epoch: 120 | Loss: 0.218 | Acc: 92.730% (46365/50000) | Training Time: 13s463ms
Epoch: 120 | Loss: 0.449 | Acc: 86.290% (8629/10000) | Testing Time: 1s824ms

Epoch: 121
Epoch: 121 | Loss: 0.215 | Acc: 92.810% (46405/50000) | Training Time: 13s272ms
Epoch: 121 | Loss: 0.429 | Acc: 87.080% (8708/10000) | Testing Time: 1s734ms

Epoch: 122
Epoch: 122 | Loss: 0.208 | Acc: 93.000% (46500/50000) | Training Time: 13s146ms
Epoch: 122 | Loss: 0.445 | Acc: 86.820% (8682/10000) | Testing Time: 1s771ms

Epoch: 123
Epoch: 123 | Loss: 0.209 | Acc: 92.966% (46483/50000) | Training Time: 13s244ms
Epoch: 123 | Loss: 0.385 | Acc: 87.920% (8792/10000) | Testing Time: 1s745ms

Epoch: 124
Epoch: 124 | Loss: 0.206 | Acc: 93.000% (46500/50000) | Training Time: 13s387ms
Epoch: 124 | Loss: 0.397 | Acc: 87.610% (8761/10000) | Testing Time: 1s721ms

Epoch: 125
Epoch: 125 | Loss: 0.201 | Acc: 93.432% (46716/50000) | Training Time: 13s429ms
Epoch: 125 | Loss: 0.409 | Acc: 87.450% (8745/10000) | Testing Time: 1s734ms

Epoch: 126
Epoch: 126 | Loss: 0.196 | Acc: 93.466% (46733/50000) | Training Time: 13s553ms
Epoch: 126 | Loss: 0.389 | Acc: 87.820% (8782/10000) | Testing Time: 1s733ms

Epoch: 127
Epoch: 127 | Loss: 0.194 | Acc: 93.598% (46799/50000) | Training Time: 13s316ms
Epoch: 127 | Loss: 0.341 | Acc: 89.340% (8934/10000) | Testing Time: 1s770ms
Saving..

Epoch: 128
Epoch: 128 | Loss: 0.195 | Acc: 93.540% (46770/50000) | Training Time: 13s337ms
Epoch: 128 | Loss: 0.372 | Acc: 88.760% (8876/10000) | Testing Time: 1s762ms

Epoch: 129
Epoch: 129 | Loss: 0.188 | Acc: 93.702% (46851/50000) | Training Time: 13s266ms
Epoch: 129 | Loss: 0.378 | Acc: 88.460% (8846/10000) | Testing Time: 1s748ms

Epoch: 130
Epoch: 130 | Loss: 0.185 | Acc: 93.830% (46915/50000) | Training Time: 13s488ms
Epoch: 130 | Loss: 0.354 | Acc: 88.890% (8889/10000) | Testing Time: 1s813ms

Epoch: 131
Epoch: 131 | Loss: 0.180 | Acc: 94.056% (47028/50000) | Training Time: 13s346ms
Epoch: 131 | Loss: 0.433 | Acc: 86.780% (8678/10000) | Testing Time: 1s766ms

Epoch: 132
Epoch: 132 | Loss: 0.180 | Acc: 93.992% (46996/50000) | Training Time: 13s368ms
Epoch: 132 | Loss: 0.450 | Acc: 87.310% (8731/10000) | Testing Time: 1s807ms

Epoch: 133
Epoch: 133 | Loss: 0.183 | Acc: 93.836% (46918/50000) | Training Time: 13s348ms
Epoch: 133 | Loss: 0.374 | Acc: 88.570% (8857/10000) | Testing Time: 1s793ms

Epoch: 134
Epoch: 134 | Loss: 0.177 | Acc: 94.034% (47017/50000) | Training Time: 13s323ms
Epoch: 134 | Loss: 0.374 | Acc: 88.900% (8890/10000) | Testing Time: 1s778ms

Epoch: 135
Epoch: 135 | Loss: 0.173 | Acc: 94.322% (47161/50000) | Training Time: 13s425ms
Epoch: 135 | Loss: 0.359 | Acc: 89.390% (8939/10000) | Testing Time: 1s766ms
Saving..

Epoch: 136
Epoch: 136 | Loss: 0.168 | Acc: 94.422% (47211/50000) | Training Time: 13s334ms
Epoch: 136 | Loss: 0.371 | Acc: 88.830% (8883/10000) | Testing Time: 1s747ms

Epoch: 137
Epoch: 137 | Loss: 0.166 | Acc: 94.458% (47229/50000) | Training Time: 13s16ms
Epoch: 137 | Loss: 0.386 | Acc: 88.660% (8866/10000) | Testing Time: 1s806ms

Epoch: 138
Epoch: 138 | Loss: 0.162 | Acc: 94.628% (47314/50000) | Training Time: 13s250ms
Epoch: 138 | Loss: 0.351 | Acc: 88.830% (8883/10000) | Testing Time: 1s805ms

Epoch: 139
Epoch: 139 | Loss: 0.161 | Acc: 94.664% (47332/50000) | Training Time: 13s140ms
Epoch: 139 | Loss: 0.332 | Acc: 90.010% (9001/10000) | Testing Time: 1s751ms
Saving..

Epoch: 140
Epoch: 140 | Loss: 0.154 | Acc: 94.928% (47464/50000) | Training Time: 13s203ms
Epoch: 140 | Loss: 0.318 | Acc: 90.290% (9029/10000) | Testing Time: 1s736ms
Saving..

Epoch: 141
Epoch: 141 | Loss: 0.155 | Acc: 94.946% (47473/50000) | Training Time: 13s169ms
Epoch: 141 | Loss: 0.351 | Acc: 89.300% (8930/10000) | Testing Time: 1s763ms

Epoch: 142
Epoch: 142 | Loss: 0.151 | Acc: 95.066% (47533/50000) | Training Time: 13s427ms
Epoch: 142 | Loss: 0.323 | Acc: 89.970% (8997/10000) | Testing Time: 1s871ms

Epoch: 143
Epoch: 143 | Loss: 0.146 | Acc: 95.266% (47633/50000) | Training Time: 13s410ms
Epoch: 143 | Loss: 0.325 | Acc: 89.940% (8994/10000) | Testing Time: 1s822ms

Epoch: 144
Epoch: 144 | Loss: 0.144 | Acc: 95.330% (47665/50000) | Training Time: 13s508ms
Epoch: 144 | Loss: 0.381 | Acc: 88.740% (8874/10000) | Testing Time: 1s787ms

Epoch: 145
Epoch: 145 | Loss: 0.143 | Acc: 95.318% (47659/50000) | Training Time: 13s394ms
Epoch: 145 | Loss: 0.298 | Acc: 90.760% (9076/10000) | Testing Time: 1s771ms
Saving..

Epoch: 146
Epoch: 146 | Loss: 0.138 | Acc: 95.424% (47712/50000) | Training Time: 13s238ms
Epoch: 146 | Loss: 0.321 | Acc: 90.340% (9034/10000) | Testing Time: 1s788ms

Epoch: 147
Epoch: 147 | Loss: 0.136 | Acc: 95.602% (47801/50000) | Training Time: 13s368ms
Epoch: 147 | Loss: 0.324 | Acc: 89.910% (8991/10000) | Testing Time: 1s783ms

Epoch: 148
Epoch: 148 | Loss: 0.131 | Acc: 95.840% (47920/50000) | Training Time: 13s242ms
Epoch: 148 | Loss: 0.294 | Acc: 90.860% (9086/10000) | Testing Time: 1s821ms
Saving..

Epoch: 149
Epoch: 149 | Loss: 0.130 | Acc: 95.644% (47822/50000) | Training Time: 13s368ms
Epoch: 149 | Loss: 0.311 | Acc: 90.410% (9041/10000) | Testing Time: 1s783ms

Epoch: 150
Epoch: 150 | Loss: 0.132 | Acc: 95.744% (47872/50000) | Training Time: 13s446ms
Epoch: 150 | Loss: 0.330 | Acc: 90.030% (9003/10000) | Testing Time: 1s694ms

Epoch: 151
Epoch: 151 | Loss: 0.128 | Acc: 95.920% (47960/50000) | Training Time: 13s565ms
Epoch: 151 | Loss: 0.285 | Acc: 90.820% (9082/10000) | Testing Time: 1s744ms

Epoch: 152
Epoch: 152 | Loss: 0.123 | Acc: 96.036% (48018/50000) | Training Time: 13s612ms
Epoch: 152 | Loss: 0.311 | Acc: 90.430% (9043/10000) | Testing Time: 1s896ms

Epoch: 153
Epoch: 153 | Loss: 0.120 | Acc: 96.138% (48069/50000) | Training Time: 13s692ms
Epoch: 153 | Loss: 0.323 | Acc: 90.060% (9006/10000) | Testing Time: 1s906ms

Epoch: 154
Epoch: 154 | Loss: 0.117 | Acc: 96.212% (48106/50000) | Training Time: 13s303ms
Epoch: 154 | Loss: 0.290 | Acc: 91.120% (9112/10000) | Testing Time: 1s791ms
Saving..

Epoch: 155
Epoch: 155 | Loss: 0.117 | Acc: 96.116% (48058/50000) | Training Time: 13s205ms
Epoch: 155 | Loss: 0.289 | Acc: 91.020% (9102/10000) | Testing Time: 1s932ms

Epoch: 156
Epoch: 156 | Loss: 0.113 | Acc: 96.382% (48191/50000) | Training Time: 13s307ms
Epoch: 156 | Loss: 0.276 | Acc: 91.530% (9153/10000) | Testing Time: 1s784ms
Saving..

Epoch: 157
Epoch: 157 | Loss: 0.110 | Acc: 96.452% (48226/50000) | Training Time: 13s352ms
Epoch: 157 | Loss: 0.282 | Acc: 91.060% (9106/10000) | Testing Time: 1s808ms

Epoch: 158
Epoch: 158 | Loss: 0.106 | Acc: 96.580% (48290/50000) | Training Time: 13s296ms
Epoch: 158 | Loss: 0.272 | Acc: 91.560% (9156/10000) | Testing Time: 1s747ms
Saving..

Epoch: 159
Epoch: 159 | Loss: 0.104 | Acc: 96.570% (48285/50000) | Training Time: 13s356ms
Epoch: 159 | Loss: 0.276 | Acc: 91.300% (9130/10000) | Testing Time: 1s782ms

Epoch: 160
Epoch: 160 | Loss: 0.103 | Acc: 96.718% (48359/50000) | Training Time: 13s208ms
Epoch: 160 | Loss: 0.279 | Acc: 90.980% (9098/10000) | Testing Time: 1s787ms

Epoch: 161
Epoch: 161 | Loss: 0.101 | Acc: 96.776% (48388/50000) | Training Time: 13s601ms
Epoch: 161 | Loss: 0.276 | Acc: 91.400% (9140/10000) | Testing Time: 1s768ms

Epoch: 162
Epoch: 162 | Loss: 0.095 | Acc: 96.954% (48477/50000) | Training Time: 13s309ms
Epoch: 162 | Loss: 0.266 | Acc: 91.640% (9164/10000) | Testing Time: 1s957ms
Saving..

Epoch: 163
Epoch: 163 | Loss: 0.093 | Acc: 97.058% (48529/50000) | Training Time: 13s302ms
Epoch: 163 | Loss: 0.275 | Acc: 91.410% (9141/10000) | Testing Time: 1s775ms

Epoch: 164
Epoch: 164 | Loss: 0.089 | Acc: 97.156% (48578/50000) | Training Time: 13s97ms
Epoch: 164 | Loss: 0.258 | Acc: 92.020% (9202/10000) | Testing Time: 1s881ms
Saving..

Epoch: 165
Epoch: 165 | Loss: 0.088 | Acc: 97.196% (48598/50000) | Training Time: 13s283ms
Epoch: 165 | Loss: 0.263 | Acc: 91.730% (9173/10000) | Testing Time: 1s795ms

Epoch: 166
Epoch: 166 | Loss: 0.090 | Acc: 97.076% (48538/50000) | Training Time: 13s374ms
Epoch: 166 | Loss: 0.263 | Acc: 91.640% (9164/10000) | Testing Time: 1s761ms

Epoch: 167
Epoch: 167 | Loss: 0.083 | Acc: 97.394% (48697/50000) | Training Time: 13s650ms
Epoch: 167 | Loss: 0.256 | Acc: 92.140% (9214/10000) | Testing Time: 1s802ms
Saving..

Epoch: 168
Epoch: 168 | Loss: 0.084 | Acc: 97.352% (48676/50000) | Training Time: 13s281ms
Epoch: 168 | Loss: 0.252 | Acc: 91.910% (9191/10000) | Testing Time: 1s869ms

Epoch: 169
Epoch: 169 | Loss: 0.082 | Acc: 97.340% (48670/50000) | Training Time: 13s307ms
Epoch: 169 | Loss: 0.255 | Acc: 92.050% (9205/10000) | Testing Time: 1s814ms

Epoch: 170
Epoch: 170 | Loss: 0.078 | Acc: 97.520% (48760/50000) | Training Time: 13s493ms
Epoch: 170 | Loss: 0.253 | Acc: 92.170% (9217/10000) | Testing Time: 1s834ms
Saving..

Epoch: 171
Epoch: 171 | Loss: 0.076 | Acc: 97.576% (48788/50000) | Training Time: 13s390ms
Epoch: 171 | Loss: 0.238 | Acc: 92.470% (9247/10000) | Testing Time: 1s743ms
Saving..

Epoch: 172
Epoch: 172 | Loss: 0.074 | Acc: 97.668% (48834/50000) | Training Time: 13s477ms
Epoch: 172 | Loss: 0.234 | Acc: 92.450% (9245/10000) | Testing Time: 1s883ms

Epoch: 173
Epoch: 173 | Loss: 0.070 | Acc: 97.818% (48909/50000) | Training Time: 13s237ms
Epoch: 173 | Loss: 0.240 | Acc: 92.070% (9207/10000) | Testing Time: 1s750ms

Epoch: 174
Epoch: 174 | Loss: 0.070 | Acc: 97.860% (48930/50000) | Training Time: 13s276ms
Epoch: 174 | Loss: 0.241 | Acc: 92.500% (9250/10000) | Testing Time: 1s722ms
Saving..

Epoch: 175
Epoch: 175 | Loss: 0.067 | Acc: 97.854% (48927/50000) | Training Time: 13s416ms
Epoch: 175 | Loss: 0.230 | Acc: 92.730% (9273/10000) | Testing Time: 1s804ms
Saving..

Epoch: 176
Epoch: 176 | Loss: 0.068 | Acc: 97.910% (48955/50000) | Training Time: 13s395ms
Epoch: 176 | Loss: 0.228 | Acc: 92.710% (9271/10000) | Testing Time: 1s745ms

Epoch: 177
Epoch: 177 | Loss: 0.068 | Acc: 97.878% (48939/50000) | Training Time: 13s129ms
Epoch: 177 | Loss: 0.229 | Acc: 92.730% (9273/10000) | Testing Time: 1s807ms

Epoch: 178
Epoch: 178 | Loss: 0.066 | Acc: 97.942% (48971/50000) | Training Time: 13s424ms
Epoch: 178 | Loss: 0.232 | Acc: 92.700% (9270/10000) | Testing Time: 1s777ms

Epoch: 179
Epoch: 179 | Loss: 0.064 | Acc: 98.002% (49001/50000) | Training Time: 13s318ms
Epoch: 179 | Loss: 0.226 | Acc: 92.740% (9274/10000) | Testing Time: 1s787ms
Saving..

Epoch: 180
Epoch: 180 | Loss: 0.061 | Acc: 98.066% (49033/50000) | Training Time: 13s322ms
Epoch: 180 | Loss: 0.228 | Acc: 92.600% (9260/10000) | Testing Time: 1s785ms

Epoch: 181
Epoch: 181 | Loss: 0.058 | Acc: 98.172% (49086/50000) | Training Time: 13s479ms
Epoch: 181 | Loss: 0.224 | Acc: 92.800% (9280/10000) | Testing Time: 1s748ms
Saving..

Epoch: 182
Epoch: 182 | Loss: 0.062 | Acc: 98.046% (49023/50000) | Training Time: 13s392ms
Epoch: 182 | Loss: 0.223 | Acc: 92.770% (9277/10000) | Testing Time: 1s748ms

Epoch: 183
Epoch: 183 | Loss: 0.060 | Acc: 98.160% (49080/50000) | Training Time: 13s435ms
Epoch: 183 | Loss: 0.226 | Acc: 92.740% (9274/10000) | Testing Time: 1s862ms

Epoch: 184
Epoch: 184 | Loss: 0.057 | Acc: 98.172% (49086/50000) | Training Time: 13s484ms
Epoch: 184 | Loss: 0.223 | Acc: 92.810% (9281/10000) | Testing Time: 1s803ms
Saving..

Epoch: 185
Epoch: 185 | Loss: 0.057 | Acc: 98.220% (49110/50000) | Training Time: 13s293ms
Epoch: 185 | Loss: 0.215 | Acc: 92.940% (9294/10000) | Testing Time: 1s803ms
Saving..

Epoch: 186
Epoch: 186 | Loss: 0.055 | Acc: 98.278% (49139/50000) | Training Time: 13s293ms
Epoch: 186 | Loss: 0.216 | Acc: 92.930% (9293/10000) | Testing Time: 1s779ms

Epoch: 187
Epoch: 187 | Loss: 0.055 | Acc: 98.272% (49136/50000) | Training Time: 13s401ms
Epoch: 187 | Loss: 0.217 | Acc: 93.040% (9304/10000) | Testing Time: 1s777ms
Saving..

Epoch: 188
Epoch: 188 | Loss: 0.052 | Acc: 98.448% (49224/50000) | Training Time: 13s436ms
Epoch: 188 | Loss: 0.216 | Acc: 92.880% (9288/10000) | Testing Time: 1s780ms

Epoch: 189
Epoch: 189 | Loss: 0.054 | Acc: 98.304% (49152/50000) | Training Time: 13s324ms
Epoch: 189 | Loss: 0.216 | Acc: 92.930% (9293/10000) | Testing Time: 1s720ms

Epoch: 190
Epoch: 190 | Loss: 0.054 | Acc: 98.368% (49184/50000) | Training Time: 13s309ms
Epoch: 190 | Loss: 0.212 | Acc: 92.920% (9292/10000) | Testing Time: 1s807ms

Epoch: 191
Epoch: 191 | Loss: 0.051 | Acc: 98.390% (49195/50000) | Training Time: 13s242ms
Epoch: 191 | Loss: 0.212 | Acc: 93.020% (9302/10000) | Testing Time: 1s847ms

Epoch: 192
Epoch: 192 | Loss: 0.053 | Acc: 98.382% (49191/50000) | Training Time: 13s372ms
Epoch: 192 | Loss: 0.212 | Acc: 93.090% (9309/10000) | Testing Time: 1s766ms
Saving..

Epoch: 193
Epoch: 193 | Loss: 0.051 | Acc: 98.384% (49192/50000) | Training Time: 13s304ms
Epoch: 193 | Loss: 0.209 | Acc: 93.030% (9303/10000) | Testing Time: 1s809ms

Epoch: 194
Epoch: 194 | Loss: 0.052 | Acc: 98.426% (49213/50000) | Training Time: 13s279ms
Epoch: 194 | Loss: 0.210 | Acc: 92.940% (9294/10000) | Testing Time: 1s722ms

Epoch: 195
Epoch: 195 | Loss: 0.051 | Acc: 98.450% (49225/50000) | Training Time: 13s204ms
Epoch: 195 | Loss: 0.212 | Acc: 92.880% (9288/10000) | Testing Time: 1s870ms

Epoch: 196
Epoch: 196 | Loss: 0.051 | Acc: 98.458% (49229/50000) | Training Time: 13s164ms
Epoch: 196 | Loss: 0.210 | Acc: 93.000% (9300/10000) | Testing Time: 1s761ms

Epoch: 197
Epoch: 197 | Loss: 0.051 | Acc: 98.402% (49201/50000) | Training Time: 13s509ms
Epoch: 197 | Loss: 0.212 | Acc: 92.900% (9290/10000) | Testing Time: 1s758ms

Epoch: 198
Epoch: 198 | Loss: 0.052 | Acc: 98.388% (49194/50000) | Training Time: 13s483ms
Epoch: 198 | Loss: 0.211 | Acc: 93.000% (9300/10000) | Testing Time: 1s820ms

Epoch: 199
Epoch: 199 | Loss: 0.052 | Acc: 98.384% (49192/50000) | Training Time: 13s455ms
Epoch: 199 | Loss: 0.211 | Acc: 92.980% (9298/10000) | Testing Time: 1s829ms
Total Time: 50m34s
==> Saving training loss/acc and testing loss/acc...
==> Process finished.
