==> device:  cuda
==> Preparing data..
Files already downloaded and verified
Files already downloaded and verified
==> Evaluating model..
----------------------------------------------------------------
        Layer (type)               Output Shape         Param #
================================================================
            Conv2d-1           [-1, 64, 32, 32]           1,728
       BatchNorm2d-2           [-1, 64, 32, 32]             128
            Conv2d-3           [-1, 64, 32, 32]          36,864
       BatchNorm2d-4           [-1, 64, 32, 32]             128
            Conv2d-5           [-1, 64, 32, 32]          36,864
       BatchNorm2d-6           [-1, 64, 32, 32]             128
        BasicBlock-7           [-1, 64, 32, 32]               0
            Conv2d-8           [-1, 64, 32, 32]          36,864
       BatchNorm2d-9           [-1, 64, 32, 32]             128
           Conv2d-10           [-1, 64, 32, 32]          36,864
      BatchNorm2d-11           [-1, 64, 32, 32]             128
       BasicBlock-12           [-1, 64, 32, 32]               0
           Conv2d-13          [-1, 128, 16, 16]          73,728
      BatchNorm2d-14          [-1, 128, 16, 16]             256
           Conv2d-15          [-1, 128, 16, 16]         147,456
      BatchNorm2d-16          [-1, 128, 16, 16]             256
           Conv2d-17          [-1, 128, 16, 16]           8,192
      BatchNorm2d-18          [-1, 128, 16, 16]             256
       BasicBlock-19          [-1, 128, 16, 16]               0
           Conv2d-20          [-1, 128, 16, 16]         147,456
      BatchNorm2d-21          [-1, 128, 16, 16]             256
           Conv2d-22          [-1, 128, 16, 16]         147,456
      BatchNorm2d-23          [-1, 128, 16, 16]             256
       BasicBlock-24          [-1, 128, 16, 16]               0
           Conv2d-25            [-1, 256, 8, 8]         294,912
      BatchNorm2d-26            [-1, 256, 8, 8]             512
           Conv2d-27            [-1, 256, 8, 8]         589,824
      BatchNorm2d-28            [-1, 256, 8, 8]             512
           Conv2d-29            [-1, 256, 8, 8]          32,768
      BatchNorm2d-30            [-1, 256, 8, 8]             512
       BasicBlock-31            [-1, 256, 8, 8]               0
           Conv2d-32            [-1, 256, 8, 8]         589,824
      BatchNorm2d-33            [-1, 256, 8, 8]             512
           Conv2d-34            [-1, 256, 8, 8]         589,824
      BatchNorm2d-35            [-1, 256, 8, 8]             512
       BasicBlock-36            [-1, 256, 8, 8]               0
           Linear-37                   [-1, 10]           2,570
================================================================
Total params: 2,777,674
Trainable params: 2,777,674
Non-trainable params: 0
----------------------------------------------------------------
Input size (MB): 0.01
Forward/backward pass size (MB): 10.50
Params size (MB): 10.60
Estimated Total Size (MB): 21.11
----------------------------------------------------------------

Epoch: 0
Epoch: 000 | Loss: 1.716 | Acc: 36.384% (18192/50000) | Training Time: 17s74ms
Epoch: 000 | Loss: 1.491 | Acc: 47.140% (4714/10000) | Testing Time: 1s960ms
Saving..

Epoch: 1
Epoch: 001 | Loss: 1.200 | Acc: 56.810% (28405/50000) | Training Time: 12s210ms
Epoch: 001 | Loss: 1.029 | Acc: 62.820% (6282/10000) | Testing Time: 1s698ms
Saving..

Epoch: 2
Epoch: 002 | Loss: 0.965 | Acc: 65.724% (32862/50000) | Training Time: 11s884ms
Epoch: 002 | Loss: 1.101 | Acc: 62.830% (6283/10000) | Testing Time: 1s803ms
Saving..

Epoch: 3
Epoch: 003 | Loss: 0.811 | Acc: 71.764% (35882/50000) | Training Time: 11s970ms
Epoch: 003 | Loss: 0.789 | Acc: 72.370% (7237/10000) | Testing Time: 1s738ms
Saving..

Epoch: 4
Epoch: 004 | Loss: 0.686 | Acc: 76.272% (38136/50000) | Training Time: 12s117ms
Epoch: 004 | Loss: 0.670 | Acc: 77.340% (7734/10000) | Testing Time: 1s878ms
Saving..

Epoch: 5
Epoch: 005 | Loss: 0.610 | Acc: 79.010% (39505/50000) | Training Time: 12s177ms
Epoch: 005 | Loss: 0.679 | Acc: 76.810% (7681/10000) | Testing Time: 1s736ms

Epoch: 6
Epoch: 006 | Loss: 0.563 | Acc: 80.662% (40331/50000) | Training Time: 12s261ms
Epoch: 006 | Loss: 0.641 | Acc: 78.770% (7877/10000) | Testing Time: 1s741ms
Saving..

Epoch: 7
Epoch: 007 | Loss: 0.530 | Acc: 81.718% (40859/50000) | Training Time: 12s18ms
Epoch: 007 | Loss: 0.586 | Acc: 80.170% (8017/10000) | Testing Time: 1s717ms
Saving..

Epoch: 8
Epoch: 008 | Loss: 0.509 | Acc: 82.544% (41272/50000) | Training Time: 11s873ms
Epoch: 008 | Loss: 0.723 | Acc: 76.510% (7651/10000) | Testing Time: 1s730ms

Epoch: 9
Epoch: 009 | Loss: 0.483 | Acc: 83.540% (41770/50000) | Training Time: 12s243ms
Epoch: 009 | Loss: 0.900 | Acc: 74.260% (7426/10000) | Testing Time: 1s760ms

Epoch: 10
Epoch: 010 | Loss: 0.465 | Acc: 84.040% (42020/50000) | Training Time: 12s342ms
Epoch: 010 | Loss: 0.652 | Acc: 78.690% (7869/10000) | Testing Time: 1s766ms

Epoch: 11
Epoch: 011 | Loss: 0.453 | Acc: 84.544% (42272/50000) | Training Time: 12s359ms
Epoch: 011 | Loss: 0.579 | Acc: 81.050% (8105/10000) | Testing Time: 1s893ms
Saving..

Epoch: 12
Epoch: 012 | Loss: 0.441 | Acc: 84.952% (42476/50000) | Training Time: 12s376ms
Epoch: 012 | Loss: 0.586 | Acc: 81.210% (8121/10000) | Testing Time: 1s725ms
Saving..

Epoch: 13
Epoch: 013 | Loss: 0.430 | Acc: 85.362% (42681/50000) | Training Time: 12s525ms
Epoch: 013 | Loss: 0.662 | Acc: 78.520% (7852/10000) | Testing Time: 1s756ms

Epoch: 14
Epoch: 014 | Loss: 0.421 | Acc: 85.642% (42821/50000) | Training Time: 12s439ms
Epoch: 014 | Loss: 0.473 | Acc: 83.890% (8389/10000) | Testing Time: 1s810ms
Saving..

Epoch: 15
Epoch: 015 | Loss: 0.410 | Acc: 86.124% (43062/50000) | Training Time: 12s310ms
Epoch: 015 | Loss: 0.462 | Acc: 84.890% (8489/10000) | Testing Time: 1s937ms
Saving..

Epoch: 16
Epoch: 016 | Loss: 0.400 | Acc: 86.414% (43207/50000) | Training Time: 12s368ms
Epoch: 016 | Loss: 0.593 | Acc: 80.940% (8094/10000) | Testing Time: 1s900ms

Epoch: 17
Epoch: 017 | Loss: 0.402 | Acc: 86.202% (43101/50000) | Training Time: 12s408ms
Epoch: 017 | Loss: 0.670 | Acc: 78.140% (7814/10000) | Testing Time: 1s761ms

Epoch: 18
Epoch: 018 | Loss: 0.396 | Acc: 86.374% (43187/50000) | Training Time: 12s96ms
Epoch: 018 | Loss: 0.578 | Acc: 80.930% (8093/10000) | Testing Time: 1s775ms

Epoch: 19
Epoch: 019 | Loss: 0.387 | Acc: 86.610% (43305/50000) | Training Time: 12s754ms
Epoch: 019 | Loss: 0.511 | Acc: 82.740% (8274/10000) | Testing Time: 1s750ms

Epoch: 20
Epoch: 020 | Loss: 0.374 | Acc: 87.192% (43596/50000) | Training Time: 12s447ms
Epoch: 020 | Loss: 0.897 | Acc: 74.020% (7402/10000) | Testing Time: 1s838ms

Epoch: 21
Epoch: 021 | Loss: 0.381 | Acc: 86.960% (43480/50000) | Training Time: 12s377ms
Epoch: 021 | Loss: 0.460 | Acc: 84.770% (8477/10000) | Testing Time: 1s861ms

Epoch: 22
Epoch: 022 | Loss: 0.368 | Acc: 87.442% (43721/50000) | Training Time: 12s351ms
Epoch: 022 | Loss: 0.930 | Acc: 72.710% (7271/10000) | Testing Time: 1s823ms

Epoch: 23
Epoch: 023 | Loss: 0.361 | Acc: 87.592% (43796/50000) | Training Time: 12s593ms
Epoch: 023 | Loss: 0.526 | Acc: 82.070% (8207/10000) | Testing Time: 1s757ms

Epoch: 24
Epoch: 024 | Loss: 0.360 | Acc: 87.738% (43869/50000) | Training Time: 12s462ms
Epoch: 024 | Loss: 0.509 | Acc: 83.570% (8357/10000) | Testing Time: 1s827ms

Epoch: 25
Epoch: 025 | Loss: 0.355 | Acc: 87.862% (43931/50000) | Training Time: 12s443ms
Epoch: 025 | Loss: 0.561 | Acc: 81.990% (8199/10000) | Testing Time: 1s761ms

Epoch: 26
Epoch: 026 | Loss: 0.358 | Acc: 87.814% (43907/50000) | Training Time: 12s710ms
Epoch: 026 | Loss: 0.522 | Acc: 83.000% (8300/10000) | Testing Time: 1s820ms

Epoch: 27
Epoch: 027 | Loss: 0.346 | Acc: 88.194% (44097/50000) | Training Time: 12s354ms
Epoch: 027 | Loss: 0.633 | Acc: 81.150% (8115/10000) | Testing Time: 1s866ms

Epoch: 28
Epoch: 028 | Loss: 0.350 | Acc: 87.866% (43933/50000) | Training Time: 12s263ms
Epoch: 028 | Loss: 0.639 | Acc: 79.200% (7920/10000) | Testing Time: 1s806ms

Epoch: 29
Epoch: 029 | Loss: 0.342 | Acc: 88.172% (44086/50000) | Training Time: 12s695ms
Epoch: 029 | Loss: 0.489 | Acc: 84.020% (8402/10000) | Testing Time: 1s755ms

Epoch: 30
Epoch: 030 | Loss: 0.345 | Acc: 88.144% (44072/50000) | Training Time: 12s348ms
Epoch: 030 | Loss: 0.465 | Acc: 84.240% (8424/10000) | Testing Time: 1s772ms

Epoch: 31
Epoch: 031 | Loss: 0.339 | Acc: 88.394% (44197/50000) | Training Time: 12s682ms
Epoch: 031 | Loss: 0.471 | Acc: 84.780% (8478/10000) | Testing Time: 1s828ms

Epoch: 32
Epoch: 032 | Loss: 0.338 | Acc: 88.428% (44214/50000) | Training Time: 12s736ms
Epoch: 032 | Loss: 0.553 | Acc: 81.500% (8150/10000) | Testing Time: 1s951ms

Epoch: 33
Epoch: 033 | Loss: 0.336 | Acc: 88.420% (44210/50000) | Training Time: 12s633ms
Epoch: 033 | Loss: 0.565 | Acc: 82.210% (8221/10000) | Testing Time: 1s756ms

Epoch: 34
Epoch: 034 | Loss: 0.332 | Acc: 88.624% (44312/50000) | Training Time: 12s675ms
Epoch: 034 | Loss: 0.522 | Acc: 83.080% (8308/10000) | Testing Time: 1s811ms

Epoch: 35
Epoch: 035 | Loss: 0.327 | Acc: 88.924% (44462/50000) | Training Time: 12s457ms
Epoch: 035 | Loss: 0.469 | Acc: 84.650% (8465/10000) | Testing Time: 1s820ms

Epoch: 36
Epoch: 036 | Loss: 0.324 | Acc: 88.868% (44434/50000) | Training Time: 12s486ms
Epoch: 036 | Loss: 0.451 | Acc: 85.710% (8571/10000) | Testing Time: 1s775ms
Saving..

Epoch: 37
Epoch: 037 | Loss: 0.329 | Acc: 88.736% (44368/50000) | Training Time: 12s569ms
Epoch: 037 | Loss: 0.496 | Acc: 83.550% (8355/10000) | Testing Time: 1s873ms

Epoch: 38
Epoch: 038 | Loss: 0.325 | Acc: 89.014% (44507/50000) | Training Time: 12s539ms
Epoch: 038 | Loss: 0.436 | Acc: 84.940% (8494/10000) | Testing Time: 1s763ms

Epoch: 39
Epoch: 039 | Loss: 0.319 | Acc: 89.034% (44517/50000) | Training Time: 12s561ms
Epoch: 039 | Loss: 0.495 | Acc: 83.630% (8363/10000) | Testing Time: 1s754ms

Epoch: 40
Epoch: 040 | Loss: 0.320 | Acc: 89.050% (44525/50000) | Training Time: 12s347ms
Epoch: 040 | Loss: 0.611 | Acc: 80.160% (8016/10000) | Testing Time: 1s845ms

Epoch: 41
Epoch: 041 | Loss: 0.325 | Acc: 88.912% (44456/50000) | Training Time: 12s677ms
Epoch: 041 | Loss: 0.680 | Acc: 78.570% (7857/10000) | Testing Time: 1s876ms

Epoch: 42
Epoch: 042 | Loss: 0.308 | Acc: 89.510% (44755/50000) | Training Time: 12s188ms
Epoch: 042 | Loss: 0.473 | Acc: 84.140% (8414/10000) | Testing Time: 1s805ms

Epoch: 43
Epoch: 043 | Loss: 0.309 | Acc: 89.490% (44745/50000) | Training Time: 12s521ms
Epoch: 043 | Loss: 0.580 | Acc: 81.770% (8177/10000) | Testing Time: 1s853ms

Epoch: 44
Epoch: 044 | Loss: 0.310 | Acc: 89.448% (44724/50000) | Training Time: 12s419ms
Epoch: 044 | Loss: 0.438 | Acc: 85.960% (8596/10000) | Testing Time: 1s844ms
Saving..

Epoch: 45
Epoch: 045 | Loss: 0.304 | Acc: 89.698% (44849/50000) | Training Time: 12s580ms
Epoch: 045 | Loss: 0.677 | Acc: 79.120% (7912/10000) | Testing Time: 1s740ms

Epoch: 46
Epoch: 046 | Loss: 0.310 | Acc: 89.384% (44692/50000) | Training Time: 12s753ms
Epoch: 046 | Loss: 0.453 | Acc: 85.400% (8540/10000) | Testing Time: 1s787ms

Epoch: 47
Epoch: 047 | Loss: 0.302 | Acc: 89.636% (44818/50000) | Training Time: 12s626ms
Epoch: 047 | Loss: 0.510 | Acc: 83.910% (8391/10000) | Testing Time: 1s834ms

Epoch: 48
Epoch: 048 | Loss: 0.299 | Acc: 89.660% (44830/50000) | Training Time: 12s538ms
Epoch: 048 | Loss: 0.477 | Acc: 84.590% (8459/10000) | Testing Time: 1s822ms

Epoch: 49
Epoch: 049 | Loss: 0.300 | Acc: 89.812% (44906/50000) | Training Time: 12s566ms
Epoch: 049 | Loss: 0.624 | Acc: 81.350% (8135/10000) | Testing Time: 1s785ms

Epoch: 50
Epoch: 050 | Loss: 0.297 | Acc: 89.996% (44998/50000) | Training Time: 12s471ms
Epoch: 050 | Loss: 0.547 | Acc: 82.350% (8235/10000) | Testing Time: 1s751ms

Epoch: 51
Epoch: 051 | Loss: 0.299 | Acc: 89.830% (44915/50000) | Training Time: 12s999ms
Epoch: 051 | Loss: 0.511 | Acc: 83.020% (8302/10000) | Testing Time: 1s773ms

Epoch: 52
Epoch: 052 | Loss: 0.293 | Acc: 90.078% (45039/50000) | Training Time: 12s751ms
Epoch: 052 | Loss: 0.437 | Acc: 86.390% (8639/10000) | Testing Time: 1s770ms
Saving..

Epoch: 53
Epoch: 053 | Loss: 0.297 | Acc: 89.928% (44964/50000) | Training Time: 12s699ms
Epoch: 053 | Loss: 0.366 | Acc: 87.730% (8773/10000) | Testing Time: 1s761ms
Saving..

Epoch: 54
Epoch: 054 | Loss: 0.291 | Acc: 90.036% (45018/50000) | Training Time: 12s655ms
Epoch: 054 | Loss: 0.505 | Acc: 83.580% (8358/10000) | Testing Time: 1s821ms

Epoch: 55
Epoch: 055 | Loss: 0.291 | Acc: 90.112% (45056/50000) | Training Time: 12s550ms
Epoch: 055 | Loss: 0.397 | Acc: 87.310% (8731/10000) | Testing Time: 1s802ms

Epoch: 56
Epoch: 056 | Loss: 0.288 | Acc: 90.200% (45100/50000) | Training Time: 12s426ms
Epoch: 056 | Loss: 0.538 | Acc: 82.670% (8267/10000) | Testing Time: 1s827ms

Epoch: 57
Epoch: 057 | Loss: 0.286 | Acc: 90.300% (45150/50000) | Training Time: 12s383ms
Epoch: 057 | Loss: 0.370 | Acc: 87.670% (8767/10000) | Testing Time: 1s870ms

Epoch: 58
Epoch: 058 | Loss: 0.293 | Acc: 89.902% (44951/50000) | Training Time: 12s487ms
Epoch: 058 | Loss: 0.468 | Acc: 85.080% (8508/10000) | Testing Time: 1s794ms

Epoch: 59
Epoch: 059 | Loss: 0.281 | Acc: 90.408% (45204/50000) | Training Time: 12s571ms
Epoch: 059 | Loss: 0.527 | Acc: 82.520% (8252/10000) | Testing Time: 1s820ms

Epoch: 60
Epoch: 060 | Loss: 0.279 | Acc: 90.396% (45198/50000) | Training Time: 12s635ms
Epoch: 060 | Loss: 0.493 | Acc: 83.570% (8357/10000) | Testing Time: 1s876ms

Epoch: 61
Epoch: 061 | Loss: 0.274 | Acc: 90.676% (45338/50000) | Training Time: 12s262ms
Epoch: 061 | Loss: 0.524 | Acc: 83.950% (8395/10000) | Testing Time: 1s881ms

Epoch: 62
Epoch: 062 | Loss: 0.283 | Acc: 90.408% (45204/50000) | Training Time: 12s496ms
Epoch: 062 | Loss: 0.574 | Acc: 81.880% (8188/10000) | Testing Time: 1s832ms

Epoch: 63
Epoch: 063 | Loss: 0.272 | Acc: 90.808% (45404/50000) | Training Time: 12s375ms
Epoch: 063 | Loss: 0.410 | Acc: 86.470% (8647/10000) | Testing Time: 1s857ms

Epoch: 64
Epoch: 064 | Loss: 0.273 | Acc: 90.708% (45354/50000) | Training Time: 12s398ms
Epoch: 064 | Loss: 0.574 | Acc: 82.210% (8221/10000) | Testing Time: 1s806ms

Epoch: 65
Epoch: 065 | Loss: 0.273 | Acc: 90.716% (45358/50000) | Training Time: 12s767ms
Epoch: 065 | Loss: 0.532 | Acc: 83.230% (8323/10000) | Testing Time: 1s783ms

Epoch: 66
Epoch: 066 | Loss: 0.270 | Acc: 90.754% (45377/50000) | Training Time: 12s382ms
Epoch: 066 | Loss: 0.516 | Acc: 84.300% (8430/10000) | Testing Time: 1s957ms

Epoch: 67
Epoch: 067 | Loss: 0.262 | Acc: 91.062% (45531/50000) | Training Time: 12s618ms
Epoch: 067 | Loss: 0.424 | Acc: 85.620% (8562/10000) | Testing Time: 1s753ms

Epoch: 68
Epoch: 068 | Loss: 0.266 | Acc: 90.980% (45490/50000) | Training Time: 12s446ms
Epoch: 068 | Loss: 0.453 | Acc: 86.010% (8601/10000) | Testing Time: 1s778ms

Epoch: 69
Epoch: 069 | Loss: 0.267 | Acc: 90.904% (45452/50000) | Training Time: 12s540ms
Epoch: 069 | Loss: 0.489 | Acc: 84.380% (8438/10000) | Testing Time: 1s943ms

Epoch: 70
Epoch: 070 | Loss: 0.258 | Acc: 91.230% (45615/50000) | Training Time: 12s712ms
Epoch: 070 | Loss: 0.378 | Acc: 87.510% (8751/10000) | Testing Time: 1s788ms

Epoch: 71
Epoch: 071 | Loss: 0.259 | Acc: 91.144% (45572/50000) | Training Time: 12s509ms
Epoch: 071 | Loss: 0.444 | Acc: 85.730% (8573/10000) | Testing Time: 1s734ms

Epoch: 72
Epoch: 072 | Loss: 0.259 | Acc: 91.156% (45578/50000) | Training Time: 12s676ms
Epoch: 072 | Loss: 0.325 | Acc: 89.030% (8903/10000) | Testing Time: 1s843ms
Saving..

Epoch: 73
Epoch: 073 | Loss: 0.252 | Acc: 91.424% (45712/50000) | Training Time: 12s605ms
Epoch: 073 | Loss: 0.351 | Acc: 88.360% (8836/10000) | Testing Time: 1s839ms

Epoch: 74
Epoch: 074 | Loss: 0.252 | Acc: 91.268% (45634/50000) | Training Time: 12s525ms
Epoch: 074 | Loss: 0.323 | Acc: 88.810% (8881/10000) | Testing Time: 1s810ms

Epoch: 75
Epoch: 075 | Loss: 0.251 | Acc: 91.426% (45713/50000) | Training Time: 12s353ms
Epoch: 075 | Loss: 0.374 | Acc: 88.100% (8810/10000) | Testing Time: 1s811ms

Epoch: 76
Epoch: 076 | Loss: 0.252 | Acc: 91.376% (45688/50000) | Training Time: 12s555ms
Epoch: 076 | Loss: 0.371 | Acc: 87.830% (8783/10000) | Testing Time: 1s856ms

Epoch: 77
Epoch: 077 | Loss: 0.243 | Acc: 91.674% (45837/50000) | Training Time: 12s631ms
Epoch: 077 | Loss: 0.379 | Acc: 87.120% (8712/10000) | Testing Time: 1s853ms

Epoch: 78
Epoch: 078 | Loss: 0.245 | Acc: 91.692% (45846/50000) | Training Time: 12s480ms
Epoch: 078 | Loss: 0.421 | Acc: 86.430% (8643/10000) | Testing Time: 1s809ms

Epoch: 79
Epoch: 079 | Loss: 0.238 | Acc: 91.780% (45890/50000) | Training Time: 12s586ms
Epoch: 079 | Loss: 0.410 | Acc: 87.150% (8715/10000) | Testing Time: 1s769ms

Epoch: 80
Epoch: 080 | Loss: 0.238 | Acc: 91.928% (45964/50000) | Training Time: 12s521ms
Epoch: 080 | Loss: 0.619 | Acc: 81.350% (8135/10000) | Testing Time: 1s888ms

Epoch: 81
Epoch: 081 | Loss: 0.237 | Acc: 91.884% (45942/50000) | Training Time: 12s350ms
Epoch: 081 | Loss: 0.341 | Acc: 88.760% (8876/10000) | Testing Time: 1s787ms

Epoch: 82
Epoch: 082 | Loss: 0.228 | Acc: 92.274% (46137/50000) | Training Time: 12s886ms
Epoch: 082 | Loss: 0.461 | Acc: 85.700% (8570/10000) | Testing Time: 1s948ms

Epoch: 83
Epoch: 083 | Loss: 0.233 | Acc: 92.022% (46011/50000) | Training Time: 12s642ms
Epoch: 083 | Loss: 0.408 | Acc: 86.990% (8699/10000) | Testing Time: 1s765ms

Epoch: 84
Epoch: 084 | Loss: 0.229 | Acc: 92.176% (46088/50000) | Training Time: 12s372ms
Epoch: 084 | Loss: 0.385 | Acc: 87.570% (8757/10000) | Testing Time: 1s777ms

Epoch: 85
Epoch: 085 | Loss: 0.225 | Acc: 92.220% (46110/50000) | Training Time: 12s407ms
Epoch: 085 | Loss: 0.365 | Acc: 88.000% (8800/10000) | Testing Time: 1s858ms

Epoch: 86
Epoch: 086 | Loss: 0.227 | Acc: 92.208% (46104/50000) | Training Time: 12s589ms
Epoch: 086 | Loss: 0.323 | Acc: 88.800% (8880/10000) | Testing Time: 1s819ms

Epoch: 87
Epoch: 087 | Loss: 0.220 | Acc: 92.500% (46250/50000) | Training Time: 12s731ms
Epoch: 087 | Loss: 0.308 | Acc: 89.930% (8993/10000) | Testing Time: 1s750ms
Saving..

Epoch: 88
Epoch: 088 | Loss: 0.220 | Acc: 92.476% (46238/50000) | Training Time: 12s560ms
Epoch: 088 | Loss: 0.380 | Acc: 87.210% (8721/10000) | Testing Time: 1s810ms

Epoch: 89
Epoch: 089 | Loss: 0.219 | Acc: 92.580% (46290/50000) | Training Time: 12s654ms
Epoch: 089 | Loss: 0.391 | Acc: 87.580% (8758/10000) | Testing Time: 1s790ms

Epoch: 90
Epoch: 090 | Loss: 0.213 | Acc: 92.774% (46387/50000) | Training Time: 12s497ms
Epoch: 090 | Loss: 0.437 | Acc: 86.180% (8618/10000) | Testing Time: 1s792ms

Epoch: 91
Epoch: 091 | Loss: 0.213 | Acc: 92.814% (46407/50000) | Training Time: 12s510ms
Epoch: 091 | Loss: 0.409 | Acc: 87.390% (8739/10000) | Testing Time: 1s852ms

Epoch: 92
Epoch: 092 | Loss: 0.211 | Acc: 92.856% (46428/50000) | Training Time: 12s704ms
Epoch: 092 | Loss: 0.387 | Acc: 87.370% (8737/10000) | Testing Time: 1s780ms

Epoch: 93
Epoch: 093 | Loss: 0.213 | Acc: 92.650% (46325/50000) | Training Time: 12s462ms
Epoch: 093 | Loss: 0.378 | Acc: 88.170% (8817/10000) | Testing Time: 1s791ms

Epoch: 94
Epoch: 094 | Loss: 0.212 | Acc: 92.666% (46333/50000) | Training Time: 12s499ms
Epoch: 094 | Loss: 0.433 | Acc: 86.680% (8668/10000) | Testing Time: 1s732ms

Epoch: 95
Epoch: 095 | Loss: 0.202 | Acc: 93.166% (46583/50000) | Training Time: 12s574ms
Epoch: 095 | Loss: 0.388 | Acc: 87.400% (8740/10000) | Testing Time: 1s768ms

Epoch: 96
Epoch: 096 | Loss: 0.200 | Acc: 93.180% (46590/50000) | Training Time: 12s428ms
Epoch: 096 | Loss: 0.394 | Acc: 87.470% (8747/10000) | Testing Time: 1s773ms

Epoch: 97
Epoch: 097 | Loss: 0.203 | Acc: 93.102% (46551/50000) | Training Time: 12s795ms
Epoch: 097 | Loss: 0.387 | Acc: 87.360% (8736/10000) | Testing Time: 1s914ms

Epoch: 98
Epoch: 098 | Loss: 0.195 | Acc: 93.326% (46663/50000) | Training Time: 12s386ms
Epoch: 098 | Loss: 0.380 | Acc: 88.060% (8806/10000) | Testing Time: 1s843ms

Epoch: 99
Epoch: 099 | Loss: 0.192 | Acc: 93.508% (46754/50000) | Training Time: 12s541ms
Epoch: 099 | Loss: 0.332 | Acc: 89.130% (8913/10000) | Testing Time: 1s757ms

Epoch: 100
Epoch: 100 | Loss: 0.189 | Acc: 93.556% (46778/50000) | Training Time: 12s545ms
Epoch: 100 | Loss: 0.316 | Acc: 89.760% (8976/10000) | Testing Time: 1s916ms

Epoch: 101
Epoch: 101 | Loss: 0.191 | Acc: 93.408% (46704/50000) | Training Time: 12s528ms
Epoch: 101 | Loss: 0.344 | Acc: 88.850% (8885/10000) | Testing Time: 1s883ms

Epoch: 102
Epoch: 102 | Loss: 0.180 | Acc: 93.864% (46932/50000) | Training Time: 12s575ms
Epoch: 102 | Loss: 0.454 | Acc: 86.180% (8618/10000) | Testing Time: 1s840ms

Epoch: 103
Epoch: 103 | Loss: 0.181 | Acc: 93.820% (46910/50000) | Training Time: 12s583ms
Epoch: 103 | Loss: 0.313 | Acc: 89.660% (8966/10000) | Testing Time: 1s784ms

Epoch: 104
Epoch: 104 | Loss: 0.174 | Acc: 93.976% (46988/50000) | Training Time: 12s601ms
Epoch: 104 | Loss: 0.384 | Acc: 87.390% (8739/10000) | Testing Time: 1s774ms

Epoch: 105
Epoch: 105 | Loss: 0.184 | Acc: 93.720% (46860/50000) | Training Time: 12s458ms
Epoch: 105 | Loss: 0.426 | Acc: 87.190% (8719/10000) | Testing Time: 1s814ms

Epoch: 106
Epoch: 106 | Loss: 0.171 | Acc: 94.214% (47107/50000) | Training Time: 12s545ms
Epoch: 106 | Loss: 0.321 | Acc: 89.640% (8964/10000) | Testing Time: 1s779ms

Epoch: 107
Epoch: 107 | Loss: 0.168 | Acc: 94.248% (47124/50000) | Training Time: 12s527ms
Epoch: 107 | Loss: 0.354 | Acc: 88.680% (8868/10000) | Testing Time: 1s818ms

Epoch: 108
Epoch: 108 | Loss: 0.170 | Acc: 94.238% (47119/50000) | Training Time: 12s493ms
Epoch: 108 | Loss: 0.393 | Acc: 87.890% (8789/10000) | Testing Time: 1s786ms

Epoch: 109
Epoch: 109 | Loss: 0.171 | Acc: 94.198% (47099/50000) | Training Time: 12s792ms
Epoch: 109 | Loss: 0.377 | Acc: 88.280% (8828/10000) | Testing Time: 1s805ms

Epoch: 110
Epoch: 110 | Loss: 0.160 | Acc: 94.582% (47291/50000) | Training Time: 12s619ms
Epoch: 110 | Loss: 0.305 | Acc: 89.950% (8995/10000) | Testing Time: 1s755ms
Saving..

Epoch: 111
Epoch: 111 | Loss: 0.160 | Acc: 94.586% (47293/50000) | Training Time: 12s707ms
Epoch: 111 | Loss: 0.345 | Acc: 88.830% (8883/10000) | Testing Time: 1s890ms

Epoch: 112
Epoch: 112 | Loss: 0.161 | Acc: 94.546% (47273/50000) | Training Time: 12s525ms
Epoch: 112 | Loss: 0.352 | Acc: 89.160% (8916/10000) | Testing Time: 1s784ms

Epoch: 113
Epoch: 113 | Loss: 0.152 | Acc: 95.014% (47507/50000) | Training Time: 12s532ms
Epoch: 113 | Loss: 0.328 | Acc: 90.080% (9008/10000) | Testing Time: 1s817ms
Saving..

Epoch: 114
Epoch: 114 | Loss: 0.156 | Acc: 94.702% (47351/50000) | Training Time: 12s399ms
Epoch: 114 | Loss: 0.274 | Acc: 91.110% (9111/10000) | Testing Time: 1s911ms
Saving..

Epoch: 115
Epoch: 115 | Loss: 0.147 | Acc: 95.052% (47526/50000) | Training Time: 12s570ms
Epoch: 115 | Loss: 0.363 | Acc: 88.630% (8863/10000) | Testing Time: 1s816ms

Epoch: 116
Epoch: 116 | Loss: 0.144 | Acc: 95.130% (47565/50000) | Training Time: 12s309ms
Epoch: 116 | Loss: 0.322 | Acc: 90.310% (9031/10000) | Testing Time: 1s822ms

Epoch: 117
Epoch: 117 | Loss: 0.141 | Acc: 95.278% (47639/50000) | Training Time: 12s707ms
Epoch: 117 | Loss: 0.323 | Acc: 90.240% (9024/10000) | Testing Time: 1s796ms

Epoch: 118
Epoch: 118 | Loss: 0.136 | Acc: 95.414% (47707/50000) | Training Time: 12s589ms
Epoch: 118 | Loss: 0.323 | Acc: 89.680% (8968/10000) | Testing Time: 1s765ms

Epoch: 119
Epoch: 119 | Loss: 0.134 | Acc: 95.498% (47749/50000) | Training Time: 12s743ms
Epoch: 119 | Loss: 0.369 | Acc: 88.310% (8831/10000) | Testing Time: 1s832ms

Epoch: 120
Epoch: 120 | Loss: 0.137 | Acc: 95.376% (47688/50000) | Training Time: 12s772ms
Epoch: 120 | Loss: 0.344 | Acc: 89.500% (8950/10000) | Testing Time: 1s807ms

Epoch: 121
Epoch: 121 | Loss: 0.134 | Acc: 95.528% (47764/50000) | Training Time: 12s576ms
Epoch: 121 | Loss: 0.309 | Acc: 90.120% (9012/10000) | Testing Time: 1s873ms

Epoch: 122
Epoch: 122 | Loss: 0.130 | Acc: 95.670% (47835/50000) | Training Time: 12s642ms
Epoch: 122 | Loss: 0.327 | Acc: 89.560% (8956/10000) | Testing Time: 1s797ms

Epoch: 123
Epoch: 123 | Loss: 0.120 | Acc: 95.918% (47959/50000) | Training Time: 12s510ms
Epoch: 123 | Loss: 0.335 | Acc: 89.630% (8963/10000) | Testing Time: 1s821ms

Epoch: 124
Epoch: 124 | Loss: 0.123 | Acc: 95.852% (47926/50000) | Training Time: 12s533ms
Epoch: 124 | Loss: 0.310 | Acc: 90.210% (9021/10000) | Testing Time: 1s813ms

Epoch: 125
Epoch: 125 | Loss: 0.120 | Acc: 95.968% (47984/50000) | Training Time: 12s471ms
Epoch: 125 | Loss: 0.375 | Acc: 88.600% (8860/10000) | Testing Time: 1s806ms

Epoch: 126
Epoch: 126 | Loss: 0.116 | Acc: 96.134% (48067/50000) | Training Time: 12s779ms
Epoch: 126 | Loss: 0.323 | Acc: 89.740% (8974/10000) | Testing Time: 1s766ms

Epoch: 127
Epoch: 127 | Loss: 0.117 | Acc: 96.016% (48008/50000) | Training Time: 12s639ms
Epoch: 127 | Loss: 0.340 | Acc: 89.570% (8957/10000) | Testing Time: 1s830ms

Epoch: 128
Epoch: 128 | Loss: 0.107 | Acc: 96.438% (48219/50000) | Training Time: 12s394ms
Epoch: 128 | Loss: 0.379 | Acc: 89.260% (8926/10000) | Testing Time: 1s782ms

Epoch: 129
Epoch: 129 | Loss: 0.105 | Acc: 96.556% (48278/50000) | Training Time: 12s692ms
Epoch: 129 | Loss: 0.272 | Acc: 91.720% (9172/10000) | Testing Time: 1s808ms
Saving..

Epoch: 130
Epoch: 130 | Loss: 0.103 | Acc: 96.580% (48290/50000) | Training Time: 12s684ms
Epoch: 130 | Loss: 0.312 | Acc: 90.250% (9025/10000) | Testing Time: 1s844ms

Epoch: 131
Epoch: 131 | Loss: 0.102 | Acc: 96.648% (48324/50000) | Training Time: 12s518ms
Epoch: 131 | Loss: 0.283 | Acc: 91.240% (9124/10000) | Testing Time: 1s782ms

Epoch: 132
Epoch: 132 | Loss: 0.096 | Acc: 96.770% (48385/50000) | Training Time: 12s549ms
Epoch: 132 | Loss: 0.290 | Acc: 91.080% (9108/10000) | Testing Time: 1s778ms

Epoch: 133
Epoch: 133 | Loss: 0.097 | Acc: 96.738% (48369/50000) | Training Time: 12s848ms
Epoch: 133 | Loss: 0.314 | Acc: 90.570% (9057/10000) | Testing Time: 1s974ms

Epoch: 134
Epoch: 134 | Loss: 0.096 | Acc: 96.822% (48411/50000) | Training Time: 12s450ms
Epoch: 134 | Loss: 0.260 | Acc: 92.050% (9205/10000) | Testing Time: 1s862ms
Saving..

Epoch: 135
Epoch: 135 | Loss: 0.089 | Acc: 97.078% (48539/50000) | Training Time: 12s564ms
Epoch: 135 | Loss: 0.252 | Acc: 91.980% (9198/10000) | Testing Time: 1s770ms

Epoch: 136
Epoch: 136 | Loss: 0.080 | Acc: 97.446% (48723/50000) | Training Time: 12s804ms
Epoch: 136 | Loss: 0.337 | Acc: 90.660% (9066/10000) | Testing Time: 1s780ms

Epoch: 137
Epoch: 137 | Loss: 0.083 | Acc: 97.300% (48650/50000) | Training Time: 12s553ms
Epoch: 137 | Loss: 0.278 | Acc: 91.560% (9156/10000) | Testing Time: 1s764ms

Epoch: 138
Epoch: 138 | Loss: 0.072 | Acc: 97.784% (48892/50000) | Training Time: 12s754ms
Epoch: 138 | Loss: 0.325 | Acc: 90.330% (9033/10000) | Testing Time: 1s806ms

Epoch: 139
Epoch: 139 | Loss: 0.077 | Acc: 97.552% (48776/50000) | Training Time: 12s608ms
Epoch: 139 | Loss: 0.294 | Acc: 91.230% (9123/10000) | Testing Time: 1s806ms

Epoch: 140
Epoch: 140 | Loss: 0.069 | Acc: 97.822% (48911/50000) | Training Time: 12s464ms
Epoch: 140 | Loss: 0.276 | Acc: 91.540% (9154/10000) | Testing Time: 1s774ms

Epoch: 141
Epoch: 141 | Loss: 0.065 | Acc: 97.976% (48988/50000) | Training Time: 12s634ms
Epoch: 141 | Loss: 0.252 | Acc: 92.490% (9249/10000) | Testing Time: 1s807ms
Saving..

Epoch: 142
Epoch: 142 | Loss: 0.063 | Acc: 98.080% (49040/50000) | Training Time: 12s562ms
Epoch: 142 | Loss: 0.276 | Acc: 91.910% (9191/10000) | Testing Time: 1s805ms

Epoch: 143
Epoch: 143 | Loss: 0.060 | Acc: 98.122% (49061/50000) | Training Time: 12s606ms
Epoch: 143 | Loss: 0.285 | Acc: 91.640% (9164/10000) | Testing Time: 1s833ms

Epoch: 144
Epoch: 144 | Loss: 0.062 | Acc: 98.076% (49038/50000) | Training Time: 12s598ms
Epoch: 144 | Loss: 0.241 | Acc: 92.920% (9292/10000) | Testing Time: 1s853ms
Saving..

Epoch: 145
Epoch: 145 | Loss: 0.053 | Acc: 98.504% (49252/50000) | Training Time: 12s532ms
Epoch: 145 | Loss: 0.310 | Acc: 91.390% (9139/10000) | Testing Time: 1s761ms

Epoch: 146
Epoch: 146 | Loss: 0.055 | Acc: 98.320% (49160/50000) | Training Time: 12s546ms
Epoch: 146 | Loss: 0.250 | Acc: 92.590% (9259/10000) | Testing Time: 1s749ms

Epoch: 147
Epoch: 147 | Loss: 0.051 | Acc: 98.472% (49236/50000) | Training Time: 12s382ms
Epoch: 147 | Loss: 0.251 | Acc: 92.130% (9213/10000) | Testing Time: 1s830ms

Epoch: 148
Epoch: 148 | Loss: 0.047 | Acc: 98.604% (49302/50000) | Training Time: 12s536ms
Epoch: 148 | Loss: 0.242 | Acc: 92.700% (9270/10000) | Testing Time: 1s793ms

Epoch: 149
Epoch: 149 | Loss: 0.041 | Acc: 98.876% (49438/50000) | Training Time: 12s823ms
Epoch: 149 | Loss: 0.241 | Acc: 92.810% (9281/10000) | Testing Time: 1s791ms

Epoch: 150
Epoch: 150 | Loss: 0.044 | Acc: 98.744% (49372/50000) | Training Time: 12s383ms
Epoch: 150 | Loss: 0.227 | Acc: 93.390% (9339/10000) | Testing Time: 1s809ms
Saving..

Epoch: 151
Epoch: 151 | Loss: 0.040 | Acc: 98.880% (49440/50000) | Training Time: 12s574ms
Epoch: 151 | Loss: 0.237 | Acc: 93.040% (9304/10000) | Testing Time: 2s9ms

Epoch: 152
Epoch: 152 | Loss: 0.041 | Acc: 98.824% (49412/50000) | Training Time: 12s715ms
Epoch: 152 | Loss: 0.235 | Acc: 93.140% (9314/10000) | Testing Time: 1s841ms

Epoch: 153
Epoch: 153 | Loss: 0.030 | Acc: 99.186% (49593/50000) | Training Time: 12s319ms
Epoch: 153 | Loss: 0.207 | Acc: 93.690% (9369/10000) | Testing Time: 1s798ms
Saving..

Epoch: 154
Epoch: 154 | Loss: 0.028 | Acc: 99.332% (49666/50000) | Training Time: 12s584ms
Epoch: 154 | Loss: 0.219 | Acc: 93.590% (9359/10000) | Testing Time: 1s892ms

Epoch: 155
Epoch: 155 | Loss: 0.027 | Acc: 99.328% (49664/50000) | Training Time: 12s496ms
Epoch: 155 | Loss: 0.235 | Acc: 92.870% (9287/10000) | Testing Time: 1s783ms

Epoch: 156
Epoch: 156 | Loss: 0.020 | Acc: 99.566% (49783/50000) | Training Time: 12s415ms
Epoch: 156 | Loss: 0.220 | Acc: 93.400% (9340/10000) | Testing Time: 1s828ms

Epoch: 157
Epoch: 157 | Loss: 0.022 | Acc: 99.486% (49743/50000) | Training Time: 12s580ms
Epoch: 157 | Loss: 0.216 | Acc: 93.520% (9352/10000) | Testing Time: 1s889ms

Epoch: 158
Epoch: 158 | Loss: 0.020 | Acc: 99.600% (49800/50000) | Training Time: 12s506ms
Epoch: 158 | Loss: 0.219 | Acc: 93.720% (9372/10000) | Testing Time: 1s792ms
Saving..

Epoch: 159
Epoch: 159 | Loss: 0.016 | Acc: 99.686% (49843/50000) | Training Time: 12s514ms
Epoch: 159 | Loss: 0.199 | Acc: 94.260% (9426/10000) | Testing Time: 1s881ms
Saving..

Epoch: 160
Epoch: 160 | Loss: 0.016 | Acc: 99.694% (49847/50000) | Training Time: 12s717ms
Epoch: 160 | Loss: 0.195 | Acc: 94.500% (9450/10000) | Testing Time: 1s836ms
Saving..

Epoch: 161
Epoch: 161 | Loss: 0.013 | Acc: 99.794% (49897/50000) | Training Time: 12s561ms
Epoch: 161 | Loss: 0.185 | Acc: 94.640% (9464/10000) | Testing Time: 1s777ms
Saving..

Epoch: 162
Epoch: 162 | Loss: 0.014 | Acc: 99.762% (49881/50000) | Training Time: 12s656ms
Epoch: 162 | Loss: 0.189 | Acc: 94.480% (9448/10000) | Testing Time: 1s799ms

Epoch: 163
Epoch: 163 | Loss: 0.010 | Acc: 99.868% (49934/50000) | Training Time: 12s586ms
Epoch: 163 | Loss: 0.180 | Acc: 94.870% (9487/10000) | Testing Time: 1s864ms
Saving..

Epoch: 164
Epoch: 164 | Loss: 0.010 | Acc: 99.878% (49939/50000) | Training Time: 12s518ms
Epoch: 164 | Loss: 0.183 | Acc: 94.710% (9471/10000) | Testing Time: 1s770ms

Epoch: 165
Epoch: 165 | Loss: 0.008 | Acc: 99.940% (49970/50000) | Training Time: 12s750ms
Epoch: 165 | Loss: 0.169 | Acc: 95.070% (9507/10000) | Testing Time: 1s797ms
Saving..

Epoch: 166
Epoch: 166 | Loss: 0.008 | Acc: 99.916% (49958/50000) | Training Time: 12s569ms
Epoch: 166 | Loss: 0.175 | Acc: 94.990% (9499/10000) | Testing Time: 1s808ms

Epoch: 167
Epoch: 167 | Loss: 0.008 | Acc: 99.942% (49971/50000) | Training Time: 12s658ms
Epoch: 167 | Loss: 0.174 | Acc: 95.090% (9509/10000) | Testing Time: 1s781ms
Saving..

Epoch: 168
Epoch: 168 | Loss: 0.007 | Acc: 99.946% (49973/50000) | Training Time: 12s548ms
Epoch: 168 | Loss: 0.176 | Acc: 94.950% (9495/10000) | Testing Time: 1s865ms

Epoch: 169
Epoch: 169 | Loss: 0.006 | Acc: 99.958% (49979/50000) | Training Time: 12s522ms
Epoch: 169 | Loss: 0.173 | Acc: 95.010% (9501/10000) | Testing Time: 1s889ms

Epoch: 170
Epoch: 170 | Loss: 0.006 | Acc: 99.968% (49984/50000) | Training Time: 12s716ms
Epoch: 170 | Loss: 0.164 | Acc: 95.310% (9531/10000) | Testing Time: 1s852ms
Saving..

Epoch: 171
Epoch: 171 | Loss: 0.006 | Acc: 99.964% (49982/50000) | Training Time: 12s522ms
Epoch: 171 | Loss: 0.165 | Acc: 95.140% (9514/10000) | Testing Time: 1s794ms

Epoch: 172
Epoch: 172 | Loss: 0.005 | Acc: 99.988% (49994/50000) | Training Time: 12s749ms
Epoch: 172 | Loss: 0.161 | Acc: 95.240% (9524/10000) | Testing Time: 1s744ms

Epoch: 173
Epoch: 173 | Loss: 0.005 | Acc: 99.974% (49987/50000) | Training Time: 12s744ms
Epoch: 173 | Loss: 0.161 | Acc: 95.230% (9523/10000) | Testing Time: 1s853ms

Epoch: 174
Epoch: 174 | Loss: 0.005 | Acc: 99.974% (49987/50000) | Training Time: 12s753ms
Epoch: 174 | Loss: 0.154 | Acc: 95.240% (9524/10000) | Testing Time: 1s781ms

Epoch: 175
Epoch: 175 | Loss: 0.005 | Acc: 99.976% (49988/50000) | Training Time: 12s881ms
Epoch: 175 | Loss: 0.159 | Acc: 95.160% (9516/10000) | Testing Time: 1s803ms

Epoch: 176
Epoch: 176 | Loss: 0.005 | Acc: 99.984% (49992/50000) | Training Time: 12s399ms
Epoch: 176 | Loss: 0.157 | Acc: 95.360% (9536/10000) | Testing Time: 1s878ms
Saving..

Epoch: 177
Epoch: 177 | Loss: 0.005 | Acc: 99.988% (49994/50000) | Training Time: 12s597ms
Epoch: 177 | Loss: 0.154 | Acc: 95.330% (9533/10000) | Testing Time: 1s769ms

Epoch: 178
Epoch: 178 | Loss: 0.005 | Acc: 99.992% (49996/50000) | Training Time: 12s396ms
Epoch: 178 | Loss: 0.157 | Acc: 95.390% (9539/10000) | Testing Time: 1s771ms
Saving..

Epoch: 179
Epoch: 179 | Loss: 0.005 | Acc: 99.994% (49997/50000) | Training Time: 12s701ms
Epoch: 179 | Loss: 0.156 | Acc: 95.360% (9536/10000) | Testing Time: 1s805ms

Epoch: 180
Epoch: 180 | Loss: 0.004 | Acc: 99.988% (49994/50000) | Training Time: 12s502ms
Epoch: 180 | Loss: 0.153 | Acc: 95.510% (9551/10000) | Testing Time: 1s791ms
Saving..

Epoch: 181
Epoch: 181 | Loss: 0.004 | Acc: 99.994% (49997/50000) | Training Time: 12s368ms
Epoch: 181 | Loss: 0.156 | Acc: 95.260% (9526/10000) | Testing Time: 1s838ms

Epoch: 182
Epoch: 182 | Loss: 0.004 | Acc: 99.990% (49995/50000) | Training Time: 12s675ms
Epoch: 182 | Loss: 0.154 | Acc: 95.460% (9546/10000) | Testing Time: 1s828ms

Epoch: 183
Epoch: 183 | Loss: 0.004 | Acc: 99.986% (49993/50000) | Training Time: 12s456ms
Epoch: 183 | Loss: 0.155 | Acc: 95.300% (9530/10000) | Testing Time: 1s828ms

Epoch: 184
Epoch: 184 | Loss: 0.004 | Acc: 99.992% (49996/50000) | Training Time: 12s859ms
Epoch: 184 | Loss: 0.150 | Acc: 95.560% (9556/10000) | Testing Time: 1s756ms
Saving..

Epoch: 185
Epoch: 185 | Loss: 0.004 | Acc: 99.992% (49996/50000) | Training Time: 12s617ms
Epoch: 185 | Loss: 0.151 | Acc: 95.470% (9547/10000) | Testing Time: 1s793ms

Epoch: 186
Epoch: 186 | Loss: 0.004 | Acc: 99.984% (49992/50000) | Training Time: 12s246ms
Epoch: 186 | Loss: 0.151 | Acc: 95.410% (9541/10000) | Testing Time: 1s872ms

Epoch: 187
Epoch: 187 | Loss: 0.004 | Acc: 99.994% (49997/50000) | Training Time: 12s718ms
Epoch: 187 | Loss: 0.153 | Acc: 95.350% (9535/10000) | Testing Time: 1s771ms

Epoch: 188
Epoch: 188 | Loss: 0.004 | Acc: 99.994% (49997/50000) | Training Time: 12s354ms
Epoch: 188 | Loss: 0.155 | Acc: 95.320% (9532/10000) | Testing Time: 1s784ms

Epoch: 189
Epoch: 189 | Loss: 0.004 | Acc: 99.992% (49996/50000) | Training Time: 12s338ms
Epoch: 189 | Loss: 0.151 | Acc: 95.600% (9560/10000) | Testing Time: 1s743ms
Saving..

Epoch: 190
Epoch: 190 | Loss: 0.004 | Acc: 99.998% (49999/50000) | Training Time: 12s624ms
Epoch: 190 | Loss: 0.150 | Acc: 95.440% (9544/10000) | Testing Time: 1s785ms

Epoch: 191
Epoch: 191 | Loss: 0.004 | Acc: 99.998% (49999/50000) | Training Time: 12s609ms
Epoch: 191 | Loss: 0.152 | Acc: 95.530% (9553/10000) | Testing Time: 1s797ms

Epoch: 192
Epoch: 192 | Loss: 0.004 | Acc: 99.992% (49996/50000) | Training Time: 12s533ms
Epoch: 192 | Loss: 0.151 | Acc: 95.460% (9546/10000) | Testing Time: 1s822ms

Epoch: 193
Epoch: 193 | Loss: 0.004 | Acc: 99.992% (49996/50000) | Training Time: 12s770ms
Epoch: 193 | Loss: 0.152 | Acc: 95.500% (9550/10000) | Testing Time: 1s815ms

Epoch: 194
Epoch: 194 | Loss: 0.004 | Acc: 99.996% (49998/50000) | Training Time: 12s874ms
Epoch: 194 | Loss: 0.150 | Acc: 95.530% (9553/10000) | Testing Time: 1s858ms

Epoch: 195
Epoch: 195 | Loss: 0.004 | Acc: 99.996% (49998/50000) | Training Time: 12s789ms
Epoch: 195 | Loss: 0.151 | Acc: 95.500% (9550/10000) | Testing Time: 1s859ms

Epoch: 196
Epoch: 196 | Loss: 0.004 | Acc: 99.996% (49998/50000) | Training Time: 12s483ms
Epoch: 196 | Loss: 0.150 | Acc: 95.470% (9547/10000) | Testing Time: 1s810ms

Epoch: 197
Epoch: 197 | Loss: 0.004 | Acc: 99.990% (49995/50000) | Training Time: 12s643ms
Epoch: 197 | Loss: 0.153 | Acc: 95.410% (9541/10000) | Testing Time: 1s850ms

Epoch: 198
Epoch: 198 | Loss: 0.004 | Acc: 99.990% (49995/50000) | Training Time: 12s410ms
Epoch: 198 | Loss: 0.151 | Acc: 95.540% (9554/10000) | Testing Time: 1s805ms

Epoch: 199
Epoch: 199 | Loss: 0.004 | Acc: 99.998% (49999/50000) | Training Time: 12s947ms
Epoch: 199 | Loss: 0.151 | Acc: 95.430% (9543/10000) | Testing Time: 1s779ms
Total Time: 47m56s
==> Saving training loss/acc and testing loss/acc...
