Test case num:  11
==> device:  cuda
==> Preparing data..
Files already downloaded and verified
Files already downloaded and verified
==> Evaluating model..
----------------------------------------------------------------
        Layer (type)               Output Shape         Param #
================================================================
            Conv2d-1           [-1, 64, 32, 32]           1,728
       BatchNorm2d-2           [-1, 64, 32, 32]             128
            Conv2d-3           [-1, 64, 32, 32]          36,864
       BatchNorm2d-4           [-1, 64, 32, 32]             128
            Conv2d-5           [-1, 64, 32, 32]          36,864
       BatchNorm2d-6           [-1, 64, 32, 32]             128
        BasicBlock-7           [-1, 64, 32, 32]               0
            Conv2d-8          [-1, 128, 16, 16]          73,728
       BatchNorm2d-9          [-1, 128, 16, 16]             256
           Conv2d-10          [-1, 128, 16, 16]         147,456
      BatchNorm2d-11          [-1, 128, 16, 16]             256
           Conv2d-12          [-1, 128, 16, 16]           8,192
      BatchNorm2d-13          [-1, 128, 16, 16]             256
       BasicBlock-14          [-1, 128, 16, 16]               0
           Conv2d-15            [-1, 256, 8, 8]         294,912
      BatchNorm2d-16            [-1, 256, 8, 8]             512
           Conv2d-17            [-1, 256, 8, 8]         589,824
      BatchNorm2d-18            [-1, 256, 8, 8]             512
           Conv2d-19            [-1, 256, 8, 8]          32,768
      BatchNorm2d-20            [-1, 256, 8, 8]             512
       BasicBlock-21            [-1, 256, 8, 8]               0
           Conv2d-22            [-1, 512, 4, 4]       1,179,648
      BatchNorm2d-23            [-1, 512, 4, 4]           1,024
           Conv2d-24            [-1, 512, 4, 4]       2,359,296
      BatchNorm2d-25            [-1, 512, 4, 4]           1,024
           Conv2d-26            [-1, 512, 4, 4]         131,072
      BatchNorm2d-27            [-1, 512, 4, 4]           1,024
       BasicBlock-28            [-1, 512, 4, 4]               0
           Linear-29                   [-1, 10]           5,130
================================================================
Total params: 4,903,242
Trainable params: 4,903,242
Non-trainable params: 0
----------------------------------------------------------------
Input size (MB): 0.01
Forward/backward pass size (MB): 6.56
Params size (MB): 18.70
Estimated Total Size (MB): 25.28
----------------------------------------------------------------

Epoch: 0
Epoch: 000 | Loss: 1.779 | Acc: 35.038% (17519/50000) | Training Time: 19s163ms
Epoch: 000 | Loss: 1.430 | Acc: 48.110% (4811/10000) | Testing Time: 1s788ms
Saving..

Epoch: 1
Epoch: 001 | Loss: 1.275 | Acc: 54.474% (27237/50000) | Training Time: 13s648ms
Epoch: 001 | Loss: 0.922 | Acc: 66.520% (6652/10000) | Testing Time: 1s577ms
Saving..

Epoch: 2
Epoch: 002 | Loss: 1.028 | Acc: 63.792% (31896/50000) | Training Time: 13s654ms
Epoch: 002 | Loss: 0.786 | Acc: 72.850% (7285/10000) | Testing Time: 1s547ms
Saving..

Epoch: 3
Epoch: 003 | Loss: 0.887 | Acc: 69.004% (34502/50000) | Training Time: 13s497ms
Epoch: 003 | Loss: 0.773 | Acc: 73.610% (7361/10000) | Testing Time: 1s509ms
Saving..

Epoch: 4
Epoch: 004 | Loss: 0.794 | Acc: 72.344% (36172/50000) | Training Time: 13s721ms
Epoch: 004 | Loss: 0.639 | Acc: 77.900% (7790/10000) | Testing Time: 1s579ms
Saving..

Epoch: 5
Epoch: 005 | Loss: 0.721 | Acc: 74.902% (37451/50000) | Training Time: 13s585ms
Epoch: 005 | Loss: 0.671 | Acc: 76.600% (7660/10000) | Testing Time: 1s568ms

Epoch: 6
Epoch: 006 | Loss: 0.687 | Acc: 76.122% (38061/50000) | Training Time: 13s709ms
Epoch: 006 | Loss: 1.002 | Acc: 69.230% (6923/10000) | Testing Time: 1s543ms

Epoch: 7
Epoch: 007 | Loss: 0.650 | Acc: 77.538% (38769/50000) | Training Time: 13s832ms
Epoch: 007 | Loss: 0.604 | Acc: 79.230% (7923/10000) | Testing Time: 1s536ms
Saving..

Epoch: 8
Epoch: 008 | Loss: 0.620 | Acc: 78.416% (39208/50000) | Training Time: 13s653ms
Epoch: 008 | Loss: 0.608 | Acc: 79.930% (7993/10000) | Testing Time: 1s646ms
Saving..

Epoch: 9
Epoch: 009 | Loss: 0.597 | Acc: 79.520% (39760/50000) | Training Time: 13s747ms
Epoch: 009 | Loss: 0.595 | Acc: 79.950% (7995/10000) | Testing Time: 1s647ms
Saving..

Epoch: 10
Epoch: 010 | Loss: 0.580 | Acc: 79.956% (39978/50000) | Training Time: 13s831ms
Epoch: 010 | Loss: 0.611 | Acc: 79.910% (7991/10000) | Testing Time: 1s607ms

Epoch: 11
Epoch: 011 | Loss: 0.564 | Acc: 80.594% (40297/50000) | Training Time: 13s844ms
Epoch: 011 | Loss: 0.587 | Acc: 80.290% (8029/10000) | Testing Time: 1s617ms
Saving..

Epoch: 12
Epoch: 012 | Loss: 0.547 | Acc: 81.144% (40572/50000) | Training Time: 13s797ms
Epoch: 012 | Loss: 0.850 | Acc: 73.160% (7316/10000) | Testing Time: 1s645ms

Epoch: 13
Epoch: 013 | Loss: 0.535 | Acc: 81.596% (40798/50000) | Training Time: 13s759ms
Epoch: 013 | Loss: 0.739 | Acc: 75.790% (7579/10000) | Testing Time: 1s587ms

Epoch: 14
Epoch: 014 | Loss: 0.528 | Acc: 81.690% (40845/50000) | Training Time: 13s624ms
Epoch: 014 | Loss: 0.681 | Acc: 77.360% (7736/10000) | Testing Time: 1s532ms

Epoch: 15
Epoch: 015 | Loss: 0.523 | Acc: 81.964% (40982/50000) | Training Time: 13s956ms
Epoch: 015 | Loss: 0.619 | Acc: 79.730% (7973/10000) | Testing Time: 1s585ms

Epoch: 16
Epoch: 016 | Loss: 0.508 | Acc: 82.434% (41217/50000) | Training Time: 13s714ms
Epoch: 016 | Loss: 0.564 | Acc: 81.050% (8105/10000) | Testing Time: 1s552ms
Saving..

Epoch: 17
Epoch: 017 | Loss: 0.500 | Acc: 82.858% (41429/50000) | Training Time: 13s692ms
Epoch: 017 | Loss: 0.639 | Acc: 79.220% (7922/10000) | Testing Time: 1s560ms

Epoch: 18
Epoch: 018 | Loss: 0.496 | Acc: 82.782% (41391/50000) | Training Time: 13s743ms
Epoch: 018 | Loss: 0.651 | Acc: 79.420% (7942/10000) | Testing Time: 1s587ms

Epoch: 19
Epoch: 019 | Loss: 0.490 | Acc: 83.100% (41550/50000) | Training Time: 13s973ms
Epoch: 019 | Loss: 0.586 | Acc: 79.700% (7970/10000) | Testing Time: 1s521ms

Epoch: 20
Epoch: 020 | Loss: 0.490 | Acc: 83.234% (41617/50000) | Training Time: 13s742ms
Epoch: 020 | Loss: 0.700 | Acc: 78.640% (7864/10000) | Testing Time: 1s657ms

Epoch: 21
Epoch: 021 | Loss: 0.486 | Acc: 83.304% (41652/50000) | Training Time: 13s718ms
Epoch: 021 | Loss: 0.713 | Acc: 77.440% (7744/10000) | Testing Time: 1s645ms

Epoch: 22
Epoch: 022 | Loss: 0.477 | Acc: 83.562% (41781/50000) | Training Time: 13s816ms
Epoch: 022 | Loss: 0.545 | Acc: 82.000% (8200/10000) | Testing Time: 1s577ms
Saving..

Epoch: 23
Epoch: 023 | Loss: 0.479 | Acc: 83.608% (41804/50000) | Training Time: 13s588ms
Epoch: 023 | Loss: 0.593 | Acc: 80.880% (8088/10000) | Testing Time: 1s512ms

Epoch: 24
Epoch: 024 | Loss: 0.478 | Acc: 83.566% (41783/50000) | Training Time: 13s618ms
Epoch: 024 | Loss: 0.559 | Acc: 81.350% (8135/10000) | Testing Time: 1s666ms

Epoch: 25
Epoch: 025 | Loss: 0.467 | Acc: 84.026% (42013/50000) | Training Time: 13s759ms
Epoch: 025 | Loss: 0.593 | Acc: 81.340% (8134/10000) | Testing Time: 1s567ms

Epoch: 26
Epoch: 026 | Loss: 0.466 | Acc: 84.074% (42037/50000) | Training Time: 13s693ms
Epoch: 026 | Loss: 0.492 | Acc: 83.300% (8330/10000) | Testing Time: 1s567ms
Saving..

Epoch: 27
Epoch: 027 | Loss: 0.465 | Acc: 84.010% (42005/50000) | Training Time: 13s749ms
Epoch: 027 | Loss: 0.513 | Acc: 82.820% (8282/10000) | Testing Time: 1s561ms

Epoch: 28
Epoch: 028 | Loss: 0.462 | Acc: 84.176% (42088/50000) | Training Time: 13s744ms
Epoch: 028 | Loss: 0.660 | Acc: 78.580% (7858/10000) | Testing Time: 1s569ms

Epoch: 29
Epoch: 029 | Loss: 0.461 | Acc: 84.324% (42162/50000) | Training Time: 13s704ms
Epoch: 029 | Loss: 0.556 | Acc: 81.640% (8164/10000) | Testing Time: 1s633ms

Epoch: 30
Epoch: 030 | Loss: 0.456 | Acc: 84.310% (42155/50000) | Training Time: 13s782ms
Epoch: 030 | Loss: 0.749 | Acc: 76.740% (7674/10000) | Testing Time: 1s662ms

Epoch: 31
Epoch: 031 | Loss: 0.454 | Acc: 84.398% (42199/50000) | Training Time: 13s734ms
Epoch: 031 | Loss: 0.581 | Acc: 81.210% (8121/10000) | Testing Time: 1s696ms

Epoch: 32
Epoch: 032 | Loss: 0.447 | Acc: 84.548% (42274/50000) | Training Time: 13s681ms
Epoch: 032 | Loss: 0.629 | Acc: 79.900% (7990/10000) | Testing Time: 1s543ms

Epoch: 33
Epoch: 033 | Loss: 0.451 | Acc: 84.480% (42240/50000) | Training Time: 13s473ms
Epoch: 033 | Loss: 0.570 | Acc: 81.940% (8194/10000) | Testing Time: 1s571ms

Epoch: 34
Epoch: 034 | Loss: 0.445 | Acc: 84.756% (42378/50000) | Training Time: 13s640ms
Epoch: 034 | Loss: 0.654 | Acc: 79.900% (7990/10000) | Testing Time: 1s525ms

Epoch: 35
Epoch: 035 | Loss: 0.445 | Acc: 84.732% (42366/50000) | Training Time: 13s672ms
Epoch: 035 | Loss: 0.522 | Acc: 82.700% (8270/10000) | Testing Time: 1s556ms

Epoch: 36
Epoch: 036 | Loss: 0.450 | Acc: 84.330% (42165/50000) | Training Time: 13s670ms
Epoch: 036 | Loss: 0.608 | Acc: 80.280% (8028/10000) | Testing Time: 1s554ms

Epoch: 37
Epoch: 037 | Loss: 0.430 | Acc: 85.260% (42630/50000) | Training Time: 13s591ms
Epoch: 037 | Loss: 0.728 | Acc: 77.390% (7739/10000) | Testing Time: 1s516ms

Epoch: 38
Epoch: 038 | Loss: 0.435 | Acc: 85.144% (42572/50000) | Training Time: 13s613ms
Epoch: 038 | Loss: 0.584 | Acc: 81.730% (8173/10000) | Testing Time: 1s526ms

Epoch: 39
Epoch: 039 | Loss: 0.438 | Acc: 84.944% (42472/50000) | Training Time: 13s740ms
Epoch: 039 | Loss: 0.598 | Acc: 81.260% (8126/10000) | Testing Time: 1s575ms

Epoch: 40
Epoch: 040 | Loss: 0.436 | Acc: 85.056% (42528/50000) | Training Time: 13s721ms
Epoch: 040 | Loss: 0.546 | Acc: 82.340% (8234/10000) | Testing Time: 1s581ms

Epoch: 41
Epoch: 041 | Loss: 0.434 | Acc: 84.910% (42455/50000) | Training Time: 13s595ms
Epoch: 041 | Loss: 0.553 | Acc: 82.190% (8219/10000) | Testing Time: 1s643ms

Epoch: 42
Epoch: 042 | Loss: 0.433 | Acc: 85.148% (42574/50000) | Training Time: 13s560ms
Epoch: 042 | Loss: 0.539 | Acc: 81.830% (8183/10000) | Testing Time: 1s542ms

Epoch: 43
Epoch: 043 | Loss: 0.432 | Acc: 85.060% (42530/50000) | Training Time: 13s561ms
Epoch: 043 | Loss: 0.553 | Acc: 81.650% (8165/10000) | Testing Time: 1s595ms

Epoch: 44
Epoch: 044 | Loss: 0.424 | Acc: 85.592% (42796/50000) | Training Time: 13s673ms
Epoch: 044 | Loss: 0.654 | Acc: 79.350% (7935/10000) | Testing Time: 1s598ms

Epoch: 45
Epoch: 045 | Loss: 0.426 | Acc: 85.448% (42724/50000) | Training Time: 13s670ms
Epoch: 045 | Loss: 0.699 | Acc: 78.390% (7839/10000) | Testing Time: 1s583ms

Epoch: 46
Epoch: 046 | Loss: 0.419 | Acc: 85.816% (42908/50000) | Training Time: 13s657ms
Epoch: 046 | Loss: 0.558 | Acc: 82.390% (8239/10000) | Testing Time: 1s589ms

Epoch: 47
Epoch: 047 | Loss: 0.427 | Acc: 85.310% (42655/50000) | Training Time: 13s678ms
Epoch: 047 | Loss: 0.586 | Acc: 82.140% (8214/10000) | Testing Time: 1s528ms

Epoch: 48
Epoch: 048 | Loss: 0.418 | Acc: 85.734% (42867/50000) | Training Time: 13s686ms
Epoch: 048 | Loss: 0.471 | Acc: 84.470% (8447/10000) | Testing Time: 1s506ms
Saving..

Epoch: 49
Epoch: 049 | Loss: 0.421 | Acc: 85.630% (42815/50000) | Training Time: 13s736ms
Epoch: 049 | Loss: 0.599 | Acc: 81.030% (8103/10000) | Testing Time: 1s613ms

Epoch: 50
Epoch: 050 | Loss: 0.414 | Acc: 85.752% (42876/50000) | Training Time: 13s684ms
Epoch: 050 | Loss: 0.607 | Acc: 80.340% (8034/10000) | Testing Time: 1s661ms

Epoch: 51
Epoch: 051 | Loss: 0.407 | Acc: 86.106% (43053/50000) | Training Time: 13s695ms
Epoch: 051 | Loss: 0.575 | Acc: 81.650% (8165/10000) | Testing Time: 1s545ms

Epoch: 52
Epoch: 052 | Loss: 0.412 | Acc: 85.764% (42882/50000) | Training Time: 13s702ms
Epoch: 052 | Loss: 0.521 | Acc: 83.670% (8367/10000) | Testing Time: 1s569ms

Epoch: 53
Epoch: 053 | Loss: 0.412 | Acc: 85.988% (42994/50000) | Training Time: 13s694ms
Epoch: 053 | Loss: 0.580 | Acc: 81.290% (8129/10000) | Testing Time: 1s563ms

Epoch: 54
Epoch: 054 | Loss: 0.404 | Acc: 86.348% (43174/50000) | Training Time: 13s521ms
Epoch: 054 | Loss: 0.590 | Acc: 80.960% (8096/10000) | Testing Time: 1s488ms

Epoch: 55
Epoch: 055 | Loss: 0.410 | Acc: 86.014% (43007/50000) | Training Time: 13s650ms
Epoch: 055 | Loss: 0.546 | Acc: 82.550% (8255/10000) | Testing Time: 1s645ms

Epoch: 56
Epoch: 056 | Loss: 0.402 | Acc: 86.208% (43104/50000) | Training Time: 13s714ms
Epoch: 056 | Loss: 0.534 | Acc: 82.600% (8260/10000) | Testing Time: 1s562ms

Epoch: 57
Epoch: 057 | Loss: 0.396 | Acc: 86.340% (43170/50000) | Training Time: 13s666ms
Epoch: 057 | Loss: 0.591 | Acc: 81.400% (8140/10000) | Testing Time: 1s550ms

Epoch: 58
Epoch: 058 | Loss: 0.392 | Acc: 86.696% (43348/50000) | Training Time: 13s722ms
Epoch: 058 | Loss: 0.617 | Acc: 80.470% (8047/10000) | Testing Time: 1s617ms

Epoch: 59
Epoch: 059 | Loss: 0.394 | Acc: 86.440% (43220/50000) | Training Time: 13s719ms
Epoch: 059 | Loss: 0.506 | Acc: 83.600% (8360/10000) | Testing Time: 1s612ms

Epoch: 60
Epoch: 060 | Loss: 0.397 | Acc: 86.262% (43131/50000) | Training Time: 13s542ms
Epoch: 060 | Loss: 0.448 | Acc: 85.000% (8500/10000) | Testing Time: 1s524ms
Saving..

Epoch: 61
Epoch: 061 | Loss: 0.386 | Acc: 86.858% (43429/50000) | Training Time: 13s613ms
Epoch: 061 | Loss: 0.546 | Acc: 82.990% (8299/10000) | Testing Time: 1s546ms

Epoch: 62
Epoch: 062 | Loss: 0.389 | Acc: 86.516% (43258/50000) | Training Time: 13s573ms
Epoch: 062 | Loss: 0.563 | Acc: 82.460% (8246/10000) | Testing Time: 1s533ms

Epoch: 63
Epoch: 063 | Loss: 0.383 | Acc: 86.934% (43467/50000) | Training Time: 13s999ms
Epoch: 063 | Loss: 0.548 | Acc: 82.620% (8262/10000) | Testing Time: 1s591ms

Epoch: 64
Epoch: 064 | Loss: 0.384 | Acc: 86.976% (43488/50000) | Training Time: 13s551ms
Epoch: 064 | Loss: 0.498 | Acc: 83.900% (8390/10000) | Testing Time: 1s514ms

Epoch: 65
Epoch: 065 | Loss: 0.379 | Acc: 87.148% (43574/50000) | Training Time: 13s615ms
Epoch: 065 | Loss: 0.610 | Acc: 81.460% (8146/10000) | Testing Time: 1s569ms

Epoch: 66
Epoch: 066 | Loss: 0.376 | Acc: 87.106% (43553/50000) | Training Time: 13s558ms
Epoch: 066 | Loss: 0.551 | Acc: 82.410% (8241/10000) | Testing Time: 1s552ms

Epoch: 67
Epoch: 067 | Loss: 0.381 | Acc: 87.024% (43512/50000) | Training Time: 13s761ms
Epoch: 067 | Loss: 0.596 | Acc: 81.610% (8161/10000) | Testing Time: 1s589ms

Epoch: 68
Epoch: 068 | Loss: 0.380 | Acc: 86.972% (43486/50000) | Training Time: 13s660ms
Epoch: 068 | Loss: 0.674 | Acc: 80.210% (8021/10000) | Testing Time: 1s627ms

Epoch: 69
Epoch: 069 | Loss: 0.373 | Acc: 87.182% (43591/50000) | Training Time: 13s615ms
Epoch: 069 | Loss: 0.585 | Acc: 81.860% (8186/10000) | Testing Time: 1s645ms

Epoch: 70
Epoch: 070 | Loss: 0.367 | Acc: 87.578% (43789/50000) | Training Time: 13s618ms
Epoch: 070 | Loss: 0.470 | Acc: 84.890% (8489/10000) | Testing Time: 1s635ms

Epoch: 71
Epoch: 071 | Loss: 0.363 | Acc: 87.724% (43862/50000) | Training Time: 13s675ms
Epoch: 071 | Loss: 0.580 | Acc: 82.360% (8236/10000) | Testing Time: 1s531ms

Epoch: 72
Epoch: 072 | Loss: 0.362 | Acc: 87.566% (43783/50000) | Training Time: 13s746ms
Epoch: 072 | Loss: 0.647 | Acc: 80.220% (8022/10000) | Testing Time: 1s570ms

Epoch: 73
Epoch: 073 | Loss: 0.365 | Acc: 87.512% (43756/50000) | Training Time: 13s775ms
Epoch: 073 | Loss: 0.498 | Acc: 83.670% (8367/10000) | Testing Time: 1s550ms

Epoch: 74
Epoch: 074 | Loss: 0.354 | Acc: 87.872% (43936/50000) | Training Time: 13s652ms
Epoch: 074 | Loss: 0.556 | Acc: 82.820% (8282/10000) | Testing Time: 1s537ms

Epoch: 75
Epoch: 075 | Loss: 0.350 | Acc: 88.042% (44021/50000) | Training Time: 13s746ms
Epoch: 075 | Loss: 0.443 | Acc: 85.660% (8566/10000) | Testing Time: 1s588ms
Saving..

Epoch: 76
Epoch: 076 | Loss: 0.369 | Acc: 87.244% (43622/50000) | Training Time: 13s715ms
Epoch: 076 | Loss: 0.453 | Acc: 84.630% (8463/10000) | Testing Time: 1s583ms

Epoch: 77
Epoch: 077 | Loss: 0.356 | Acc: 87.956% (43978/50000) | Training Time: 13s818ms
Epoch: 077 | Loss: 0.478 | Acc: 84.480% (8448/10000) | Testing Time: 1s634ms

Epoch: 78
Epoch: 078 | Loss: 0.353 | Acc: 88.040% (44020/50000) | Training Time: 13s638ms
Epoch: 078 | Loss: 0.484 | Acc: 84.410% (8441/10000) | Testing Time: 1s679ms

Epoch: 79
Epoch: 079 | Loss: 0.347 | Acc: 88.020% (44010/50000) | Training Time: 13s764ms
Epoch: 079 | Loss: 0.533 | Acc: 83.270% (8327/10000) | Testing Time: 1s539ms

Epoch: 80
Epoch: 080 | Loss: 0.342 | Acc: 88.416% (44208/50000) | Training Time: 13s924ms
Epoch: 080 | Loss: 0.509 | Acc: 83.540% (8354/10000) | Testing Time: 1s566ms

Epoch: 81
Epoch: 081 | Loss: 0.341 | Acc: 88.236% (44118/50000) | Training Time: 13s810ms
Epoch: 081 | Loss: 0.543 | Acc: 83.680% (8368/10000) | Testing Time: 1s612ms

Epoch: 82
Epoch: 082 | Loss: 0.339 | Acc: 88.310% (44155/50000) | Training Time: 13s664ms
Epoch: 082 | Loss: 0.530 | Acc: 83.750% (8375/10000) | Testing Time: 1s547ms

Epoch: 83
Epoch: 083 | Loss: 0.340 | Acc: 88.458% (44229/50000) | Training Time: 13s645ms
Epoch: 083 | Loss: 0.528 | Acc: 83.060% (8306/10000) | Testing Time: 1s539ms

Epoch: 84
Epoch: 084 | Loss: 0.331 | Acc: 88.812% (44406/50000) | Training Time: 13s746ms
Epoch: 084 | Loss: 0.503 | Acc: 83.810% (8381/10000) | Testing Time: 1s541ms

Epoch: 85
Epoch: 085 | Loss: 0.332 | Acc: 88.562% (44281/50000) | Training Time: 13s815ms
Epoch: 085 | Loss: 0.508 | Acc: 84.230% (8423/10000) | Testing Time: 1s496ms

Epoch: 86
Epoch: 086 | Loss: 0.339 | Acc: 88.518% (44259/50000) | Training Time: 13s701ms
Epoch: 086 | Loss: 0.472 | Acc: 85.290% (8529/10000) | Testing Time: 1s652ms

Epoch: 87
Epoch: 087 | Loss: 0.332 | Acc: 88.650% (44325/50000) | Training Time: 13s626ms
Epoch: 087 | Loss: 0.452 | Acc: 85.360% (8536/10000) | Testing Time: 1s624ms

Epoch: 88
Epoch: 088 | Loss: 0.321 | Acc: 89.046% (44523/50000) | Training Time: 13s637ms
Epoch: 088 | Loss: 0.505 | Acc: 83.860% (8386/10000) | Testing Time: 1s726ms

Epoch: 89
Epoch: 089 | Loss: 0.325 | Acc: 88.856% (44428/50000) | Training Time: 13s693ms
Epoch: 089 | Loss: 0.532 | Acc: 83.260% (8326/10000) | Testing Time: 1s522ms

Epoch: 90
Epoch: 090 | Loss: 0.316 | Acc: 89.348% (44674/50000) | Training Time: 13s627ms
Epoch: 090 | Loss: 0.464 | Acc: 84.920% (8492/10000) | Testing Time: 1s568ms

Epoch: 91
Epoch: 091 | Loss: 0.312 | Acc: 89.318% (44659/50000) | Training Time: 13s629ms
Epoch: 091 | Loss: 0.480 | Acc: 84.800% (8480/10000) | Testing Time: 1s597ms

Epoch: 92
Epoch: 092 | Loss: 0.321 | Acc: 89.064% (44532/50000) | Training Time: 13s813ms
Epoch: 092 | Loss: 0.615 | Acc: 82.280% (8228/10000) | Testing Time: 1s599ms

Epoch: 93
Epoch: 093 | Loss: 0.315 | Acc: 89.204% (44602/50000) | Training Time: 13s629ms
Epoch: 093 | Loss: 0.471 | Acc: 85.060% (8506/10000) | Testing Time: 1s514ms

Epoch: 94
Epoch: 094 | Loss: 0.315 | Acc: 89.186% (44593/50000) | Training Time: 13s713ms
Epoch: 094 | Loss: 0.520 | Acc: 84.150% (8415/10000) | Testing Time: 1s552ms

Epoch: 95
Epoch: 095 | Loss: 0.305 | Acc: 89.594% (44797/50000) | Training Time: 13s704ms
Epoch: 095 | Loss: 0.610 | Acc: 81.730% (8173/10000) | Testing Time: 1s571ms

Epoch: 96
Epoch: 096 | Loss: 0.304 | Acc: 89.694% (44847/50000) | Training Time: 13s822ms
Epoch: 096 | Loss: 0.479 | Acc: 85.570% (8557/10000) | Testing Time: 1s618ms

Epoch: 97
Epoch: 097 | Loss: 0.301 | Acc: 89.870% (44935/50000) | Training Time: 13s605ms
Epoch: 097 | Loss: 0.558 | Acc: 83.880% (8388/10000) | Testing Time: 1s614ms

Epoch: 98
Epoch: 098 | Loss: 0.299 | Acc: 89.782% (44891/50000) | Training Time: 13s605ms
Epoch: 098 | Loss: 0.568 | Acc: 82.340% (8234/10000) | Testing Time: 1s707ms

Epoch: 99
Epoch: 099 | Loss: 0.288 | Acc: 90.232% (45116/50000) | Training Time: 13s769ms
Epoch: 099 | Loss: 0.513 | Acc: 84.010% (8401/10000) | Testing Time: 1s602ms

Epoch: 100
Epoch: 100 | Loss: 0.292 | Acc: 90.098% (45049/50000) | Training Time: 13s759ms
Epoch: 100 | Loss: 0.609 | Acc: 82.040% (8204/10000) | Testing Time: 1s577ms

Epoch: 101
Epoch: 101 | Loss: 0.292 | Acc: 90.150% (45075/50000) | Training Time: 13s667ms
Epoch: 101 | Loss: 0.512 | Acc: 83.620% (8362/10000) | Testing Time: 1s612ms

Epoch: 102
Epoch: 102 | Loss: 0.285 | Acc: 90.294% (45147/50000) | Training Time: 13s746ms
Epoch: 102 | Loss: 0.558 | Acc: 83.500% (8350/10000) | Testing Time: 1s543ms

Epoch: 103
Epoch: 103 | Loss: 0.282 | Acc: 90.588% (45294/50000) | Training Time: 13s680ms
Epoch: 103 | Loss: 0.576 | Acc: 82.590% (8259/10000) | Testing Time: 1s602ms

Epoch: 104
Epoch: 104 | Loss: 0.281 | Acc: 90.510% (45255/50000) | Training Time: 13s612ms
Epoch: 104 | Loss: 0.513 | Acc: 84.530% (8453/10000) | Testing Time: 1s545ms

Epoch: 105
Epoch: 105 | Loss: 0.280 | Acc: 90.598% (45299/50000) | Training Time: 13s837ms
Epoch: 105 | Loss: 0.501 | Acc: 84.860% (8486/10000) | Testing Time: 1s653ms

Epoch: 106
Epoch: 106 | Loss: 0.279 | Acc: 90.564% (45282/50000) | Training Time: 13s879ms
Epoch: 106 | Loss: 0.465 | Acc: 85.750% (8575/10000) | Testing Time: 1s584ms
Saving..

Epoch: 107
Epoch: 107 | Loss: 0.272 | Acc: 90.802% (45401/50000) | Training Time: 13s604ms
Epoch: 107 | Loss: 0.459 | Acc: 85.230% (8523/10000) | Testing Time: 1s709ms

Epoch: 108
Epoch: 108 | Loss: 0.276 | Acc: 90.616% (45308/50000) | Training Time: 13s838ms
Epoch: 108 | Loss: 0.481 | Acc: 85.690% (8569/10000) | Testing Time: 1s568ms

Epoch: 109
Epoch: 109 | Loss: 0.264 | Acc: 91.264% (45632/50000) | Training Time: 13s664ms
Epoch: 109 | Loss: 0.428 | Acc: 86.600% (8660/10000) | Testing Time: 1s542ms
Saving..

Epoch: 110
Epoch: 110 | Loss: 0.265 | Acc: 91.036% (45518/50000) | Training Time: 13s725ms
Epoch: 110 | Loss: 0.486 | Acc: 85.340% (8534/10000) | Testing Time: 1s615ms

Epoch: 111
Epoch: 111 | Loss: 0.257 | Acc: 91.276% (45638/50000) | Training Time: 13s689ms
Epoch: 111 | Loss: 0.586 | Acc: 83.100% (8310/10000) | Testing Time: 1s557ms

Epoch: 112
Epoch: 112 | Loss: 0.264 | Acc: 91.034% (45517/50000) | Training Time: 13s606ms
Epoch: 112 | Loss: 0.480 | Acc: 85.470% (8547/10000) | Testing Time: 1s593ms

Epoch: 113
Epoch: 113 | Loss: 0.260 | Acc: 91.204% (45602/50000) | Training Time: 13s562ms
Epoch: 113 | Loss: 0.487 | Acc: 85.260% (8526/10000) | Testing Time: 1s536ms

Epoch: 114
Epoch: 114 | Loss: 0.255 | Acc: 91.208% (45604/50000) | Training Time: 13s814ms
Epoch: 114 | Loss: 0.430 | Acc: 86.720% (8672/10000) | Testing Time: 1s596ms
Saving..

Epoch: 115
Epoch: 115 | Loss: 0.244 | Acc: 91.662% (45831/50000) | Training Time: 13s738ms
Epoch: 115 | Loss: 0.454 | Acc: 86.320% (8632/10000) | Testing Time: 1s605ms

Epoch: 116
Epoch: 116 | Loss: 0.247 | Acc: 91.664% (45832/50000) | Training Time: 13s656ms
Epoch: 116 | Loss: 0.481 | Acc: 85.710% (8571/10000) | Testing Time: 1s745ms

Epoch: 117
Epoch: 117 | Loss: 0.243 | Acc: 91.838% (45919/50000) | Training Time: 13s688ms
Epoch: 117 | Loss: 0.493 | Acc: 85.440% (8544/10000) | Testing Time: 1s514ms

Epoch: 118
Epoch: 118 | Loss: 0.239 | Acc: 92.012% (46006/50000) | Training Time: 13s777ms
Epoch: 118 | Loss: 0.454 | Acc: 86.360% (8636/10000) | Testing Time: 1s571ms

Epoch: 119
Epoch: 119 | Loss: 0.238 | Acc: 92.056% (46028/50000) | Training Time: 13s853ms
Epoch: 119 | Loss: 0.485 | Acc: 85.430% (8543/10000) | Testing Time: 1s563ms

Epoch: 120
Epoch: 120 | Loss: 0.241 | Acc: 91.992% (45996/50000) | Training Time: 13s794ms
Epoch: 120 | Loss: 0.531 | Acc: 84.480% (8448/10000) | Testing Time: 1s543ms

Epoch: 121
Epoch: 121 | Loss: 0.233 | Acc: 92.238% (46119/50000) | Training Time: 13s630ms
Epoch: 121 | Loss: 0.460 | Acc: 85.780% (8578/10000) | Testing Time: 1s552ms

Epoch: 122
Epoch: 122 | Loss: 0.232 | Acc: 92.176% (46088/50000) | Training Time: 13s550ms
Epoch: 122 | Loss: 0.430 | Acc: 86.730% (8673/10000) | Testing Time: 1s574ms
Saving..

Epoch: 123
Epoch: 123 | Loss: 0.226 | Acc: 92.306% (46153/50000) | Training Time: 13s785ms
Epoch: 123 | Loss: 0.410 | Acc: 87.070% (8707/10000) | Testing Time: 1s557ms
Saving..

Epoch: 124
Epoch: 124 | Loss: 0.225 | Acc: 92.454% (46227/50000) | Training Time: 13s726ms
Epoch: 124 | Loss: 0.491 | Acc: 85.870% (8587/10000) | Testing Time: 1s548ms

Epoch: 125
Epoch: 125 | Loss: 0.217 | Acc: 92.654% (46327/50000) | Training Time: 13s773ms
Epoch: 125 | Loss: 0.489 | Acc: 86.000% (8600/10000) | Testing Time: 1s627ms

Epoch: 126
Epoch: 126 | Loss: 0.219 | Acc: 92.648% (46324/50000) | Training Time: 13s671ms
Epoch: 126 | Loss: 0.445 | Acc: 86.870% (8687/10000) | Testing Time: 1s731ms

Epoch: 127
Epoch: 127 | Loss: 0.208 | Acc: 93.144% (46572/50000) | Training Time: 13s600ms
Epoch: 127 | Loss: 0.448 | Acc: 86.920% (8692/10000) | Testing Time: 1s556ms

Epoch: 128
Epoch: 128 | Loss: 0.216 | Acc: 92.798% (46399/50000) | Training Time: 13s623ms
Epoch: 128 | Loss: 0.391 | Acc: 87.860% (8786/10000) | Testing Time: 1s586ms
Saving..

Epoch: 129
Epoch: 129 | Loss: 0.208 | Acc: 93.090% (46545/50000) | Training Time: 13s762ms
Epoch: 129 | Loss: 0.458 | Acc: 86.060% (8606/10000) | Testing Time: 1s604ms

Epoch: 130
Epoch: 130 | Loss: 0.204 | Acc: 93.274% (46637/50000) | Training Time: 13s760ms
Epoch: 130 | Loss: 0.437 | Acc: 86.850% (8685/10000) | Testing Time: 1s512ms

Epoch: 131
Epoch: 131 | Loss: 0.196 | Acc: 93.390% (46695/50000) | Training Time: 13s763ms
Epoch: 131 | Loss: 0.444 | Acc: 86.560% (8656/10000) | Testing Time: 1s632ms

Epoch: 132
Epoch: 132 | Loss: 0.199 | Acc: 93.422% (46711/50000) | Training Time: 13s700ms
Epoch: 132 | Loss: 0.428 | Acc: 86.850% (8685/10000) | Testing Time: 1s562ms

Epoch: 133
Epoch: 133 | Loss: 0.200 | Acc: 93.306% (46653/50000) | Training Time: 13s824ms
Epoch: 133 | Loss: 0.451 | Acc: 86.630% (8663/10000) | Testing Time: 1s567ms

Epoch: 134
Epoch: 134 | Loss: 0.194 | Acc: 93.478% (46739/50000) | Training Time: 13s685ms
Epoch: 134 | Loss: 0.395 | Acc: 87.810% (8781/10000) | Testing Time: 1s624ms

Epoch: 135
Epoch: 135 | Loss: 0.189 | Acc: 93.668% (46834/50000) | Training Time: 13s656ms
Epoch: 135 | Loss: 0.421 | Acc: 87.350% (8735/10000) | Testing Time: 1s621ms

Epoch: 136
Epoch: 136 | Loss: 0.184 | Acc: 93.824% (46912/50000) | Training Time: 13s707ms
Epoch: 136 | Loss: 0.414 | Acc: 87.420% (8742/10000) | Testing Time: 1s532ms

Epoch: 137
Epoch: 137 | Loss: 0.188 | Acc: 93.812% (46906/50000) | Training Time: 13s771ms
Epoch: 137 | Loss: 0.406 | Acc: 88.110% (8811/10000) | Testing Time: 1s583ms
Saving..

Epoch: 138
Epoch: 138 | Loss: 0.184 | Acc: 93.868% (46934/50000) | Training Time: 13s656ms
Epoch: 138 | Loss: 0.440 | Acc: 87.230% (8723/10000) | Testing Time: 1s585ms

Epoch: 139
Epoch: 139 | Loss: 0.182 | Acc: 93.986% (46993/50000) | Training Time: 13s697ms
Epoch: 139 | Loss: 0.430 | Acc: 87.170% (8717/10000) | Testing Time: 1s614ms

Epoch: 140
Epoch: 140 | Loss: 0.177 | Acc: 94.076% (47038/50000) | Training Time: 13s522ms
Epoch: 140 | Loss: 0.434 | Acc: 87.340% (8734/10000) | Testing Time: 1s531ms

Epoch: 141
Epoch: 141 | Loss: 0.171 | Acc: 94.330% (47165/50000) | Training Time: 13s768ms
Epoch: 141 | Loss: 0.436 | Acc: 87.070% (8707/10000) | Testing Time: 1s573ms

Epoch: 142
Epoch: 142 | Loss: 0.173 | Acc: 94.166% (47083/50000) | Training Time: 13s703ms
Epoch: 142 | Loss: 0.424 | Acc: 87.740% (8774/10000) | Testing Time: 1s546ms

Epoch: 143
Epoch: 143 | Loss: 0.163 | Acc: 94.582% (47291/50000) | Training Time: 13s672ms
Epoch: 143 | Loss: 0.399 | Acc: 87.800% (8780/10000) | Testing Time: 1s653ms

Epoch: 144
Epoch: 144 | Loss: 0.172 | Acc: 94.246% (47123/50000) | Training Time: 13s387ms
Epoch: 144 | Loss: 0.461 | Acc: 86.820% (8682/10000) | Testing Time: 1s579ms

Epoch: 145
Epoch: 145 | Loss: 0.164 | Acc: 94.526% (47263/50000) | Training Time: 13s675ms
Epoch: 145 | Loss: 0.422 | Acc: 87.100% (8710/10000) | Testing Time: 1s588ms

Epoch: 146
Epoch: 146 | Loss: 0.161 | Acc: 94.744% (47372/50000) | Training Time: 13s680ms
Epoch: 146 | Loss: 0.402 | Acc: 87.700% (8770/10000) | Testing Time: 1s583ms

Epoch: 147
Epoch: 147 | Loss: 0.154 | Acc: 94.930% (47465/50000) | Training Time: 13s685ms
Epoch: 147 | Loss: 0.370 | Acc: 88.230% (8823/10000) | Testing Time: 1s542ms
Saving..

Epoch: 148
Epoch: 148 | Loss: 0.151 | Acc: 95.084% (47542/50000) | Training Time: 13s637ms
Epoch: 148 | Loss: 0.394 | Acc: 87.870% (8787/10000) | Testing Time: 1s578ms

Epoch: 149
Epoch: 149 | Loss: 0.148 | Acc: 95.062% (47531/50000) | Training Time: 13s578ms
Epoch: 149 | Loss: 0.393 | Acc: 88.000% (8800/10000) | Testing Time: 1s553ms

Epoch: 150
Epoch: 150 | Loss: 0.149 | Acc: 95.066% (47533/50000) | Training Time: 13s621ms
Epoch: 150 | Loss: 0.386 | Acc: 88.090% (8809/10000) | Testing Time: 1s601ms

Epoch: 151
Epoch: 151 | Loss: 0.143 | Acc: 95.336% (47668/50000) | Training Time: 14s198ms
Epoch: 151 | Loss: 0.359 | Acc: 89.190% (8919/10000) | Testing Time: 1s542ms
Saving..

Epoch: 152
Epoch: 152 | Loss: 0.143 | Acc: 95.250% (47625/50000) | Training Time: 13s749ms
Epoch: 152 | Loss: 0.377 | Acc: 88.770% (8877/10000) | Testing Time: 1s541ms

Epoch: 153
Epoch: 153 | Loss: 0.137 | Acc: 95.496% (47748/50000) | Training Time: 13s550ms
Epoch: 153 | Loss: 0.347 | Acc: 89.220% (8922/10000) | Testing Time: 1s584ms
Saving..

Epoch: 154
Epoch: 154 | Loss: 0.133 | Acc: 95.596% (47798/50000) | Training Time: 13s470ms
Epoch: 154 | Loss: 0.366 | Acc: 89.110% (8911/10000) | Testing Time: 1s630ms

Epoch: 155
Epoch: 155 | Loss: 0.131 | Acc: 95.716% (47858/50000) | Training Time: 13s612ms
Epoch: 155 | Loss: 0.366 | Acc: 89.310% (8931/10000) | Testing Time: 1s556ms
Saving..

Epoch: 156
Epoch: 156 | Loss: 0.127 | Acc: 95.838% (47919/50000) | Training Time: 14s38ms
Epoch: 156 | Loss: 0.379 | Acc: 88.750% (8875/10000) | Testing Time: 1s607ms

Epoch: 157
Epoch: 157 | Loss: 0.126 | Acc: 95.862% (47931/50000) | Training Time: 13s567ms
Epoch: 157 | Loss: 0.362 | Acc: 89.310% (8931/10000) | Testing Time: 1s527ms

Epoch: 158
Epoch: 158 | Loss: 0.127 | Acc: 95.742% (47871/50000) | Training Time: 13s604ms
Epoch: 158 | Loss: 0.348 | Acc: 89.560% (8956/10000) | Testing Time: 1s508ms
Saving..

Epoch: 159
Epoch: 159 | Loss: 0.118 | Acc: 96.188% (48094/50000) | Training Time: 13s961ms
Epoch: 159 | Loss: 0.351 | Acc: 89.550% (8955/10000) | Testing Time: 1s542ms

Epoch: 160
Epoch: 160 | Loss: 0.118 | Acc: 96.130% (48065/50000) | Training Time: 13s630ms
Epoch: 160 | Loss: 0.350 | Acc: 89.790% (8979/10000) | Testing Time: 1s627ms
Saving..

Epoch: 161
Epoch: 161 | Loss: 0.115 | Acc: 96.226% (48113/50000) | Training Time: 13s685ms
Epoch: 161 | Loss: 0.388 | Acc: 88.740% (8874/10000) | Testing Time: 1s571ms

Epoch: 162
Epoch: 162 | Loss: 0.115 | Acc: 96.280% (48140/50000) | Training Time: 13s733ms
Epoch: 162 | Loss: 0.346 | Acc: 89.340% (8934/10000) | Testing Time: 1s624ms

Epoch: 163
Epoch: 163 | Loss: 0.112 | Acc: 96.364% (48182/50000) | Training Time: 13s515ms
Epoch: 163 | Loss: 0.364 | Acc: 89.340% (8934/10000) | Testing Time: 1s616ms

Epoch: 164
Epoch: 164 | Loss: 0.107 | Acc: 96.516% (48258/50000) | Training Time: 13s612ms
Epoch: 164 | Loss: 0.338 | Acc: 89.450% (8945/10000) | Testing Time: 1s678ms

Epoch: 165
Epoch: 165 | Loss: 0.104 | Acc: 96.660% (48330/50000) | Training Time: 13s817ms
Epoch: 165 | Loss: 0.357 | Acc: 89.370% (8937/10000) | Testing Time: 1s610ms

Epoch: 166
Epoch: 166 | Loss: 0.102 | Acc: 96.654% (48327/50000) | Training Time: 13s795ms
Epoch: 166 | Loss: 0.349 | Acc: 89.990% (8999/10000) | Testing Time: 1s584ms
Saving..

Epoch: 167
Epoch: 167 | Loss: 0.099 | Acc: 96.764% (48382/50000) | Training Time: 13s631ms
Epoch: 167 | Loss: 0.327 | Acc: 90.010% (9001/10000) | Testing Time: 1s660ms
Saving..

Epoch: 168
Epoch: 168 | Loss: 0.096 | Acc: 96.884% (48442/50000) | Training Time: 13s691ms
Epoch: 168 | Loss: 0.329 | Acc: 90.080% (9008/10000) | Testing Time: 1s583ms
Saving..

Epoch: 169
Epoch: 169 | Loss: 0.095 | Acc: 96.900% (48450/50000) | Training Time: 13s546ms
Epoch: 169 | Loss: 0.337 | Acc: 89.840% (8984/10000) | Testing Time: 1s574ms

Epoch: 170
Epoch: 170 | Loss: 0.090 | Acc: 97.078% (48539/50000) | Training Time: 13s693ms
Epoch: 170 | Loss: 0.333 | Acc: 90.330% (9033/10000) | Testing Time: 1s590ms
Saving..

Epoch: 171
Epoch: 171 | Loss: 0.091 | Acc: 97.126% (48563/50000) | Training Time: 13s526ms
Epoch: 171 | Loss: 0.337 | Acc: 89.940% (8994/10000) | Testing Time: 1s570ms

Epoch: 172
Epoch: 172 | Loss: 0.087 | Acc: 97.192% (48596/50000) | Training Time: 13s714ms
Epoch: 172 | Loss: 0.321 | Acc: 90.500% (9050/10000) | Testing Time: 1s638ms
Saving..

Epoch: 173
Epoch: 173 | Loss: 0.085 | Acc: 97.308% (48654/50000) | Training Time: 13s705ms
Epoch: 173 | Loss: 0.314 | Acc: 90.650% (9065/10000) | Testing Time: 1s562ms
Saving..

Epoch: 174
Epoch: 174 | Loss: 0.082 | Acc: 97.336% (48668/50000) | Training Time: 13s627ms
Epoch: 174 | Loss: 0.308 | Acc: 90.570% (9057/10000) | Testing Time: 1s658ms

Epoch: 175
Epoch: 175 | Loss: 0.086 | Acc: 97.172% (48586/50000) | Training Time: 13s778ms
Epoch: 175 | Loss: 0.305 | Acc: 90.850% (9085/10000) | Testing Time: 1s592ms
Saving..

Epoch: 176
Epoch: 176 | Loss: 0.076 | Acc: 97.518% (48759/50000) | Training Time: 13s534ms
Epoch: 176 | Loss: 0.299 | Acc: 90.820% (9082/10000) | Testing Time: 1s571ms

Epoch: 177
Epoch: 177 | Loss: 0.079 | Acc: 97.442% (48721/50000) | Training Time: 13s815ms
Epoch: 177 | Loss: 0.302 | Acc: 90.510% (9051/10000) | Testing Time: 1s616ms

Epoch: 178
Epoch: 178 | Loss: 0.079 | Acc: 97.394% (48697/50000) | Training Time: 13s729ms
Epoch: 178 | Loss: 0.303 | Acc: 90.620% (9062/10000) | Testing Time: 1s531ms

Epoch: 179
Epoch: 179 | Loss: 0.074 | Acc: 97.592% (48796/50000) | Training Time: 13s835ms
Epoch: 179 | Loss: 0.301 | Acc: 90.800% (9080/10000) | Testing Time: 1s575ms

Epoch: 180
Epoch: 180 | Loss: 0.073 | Acc: 97.648% (48824/50000) | Training Time: 13s677ms
Epoch: 180 | Loss: 0.297 | Acc: 90.930% (9093/10000) | Testing Time: 1s599ms
Saving..

Epoch: 181
Epoch: 181 | Loss: 0.071 | Acc: 97.756% (48878/50000) | Training Time: 13s711ms
Epoch: 181 | Loss: 0.298 | Acc: 90.780% (9078/10000) | Testing Time: 1s596ms

Epoch: 182
Epoch: 182 | Loss: 0.071 | Acc: 97.724% (48862/50000) | Training Time: 13s794ms
Epoch: 182 | Loss: 0.289 | Acc: 91.040% (9104/10000) | Testing Time: 1s633ms
Saving..

Epoch: 183
Epoch: 183 | Loss: 0.069 | Acc: 97.680% (48840/50000) | Training Time: 13s559ms
Epoch: 183 | Loss: 0.287 | Acc: 90.790% (9079/10000) | Testing Time: 1s645ms

Epoch: 184
Epoch: 184 | Loss: 0.067 | Acc: 97.812% (48906/50000) | Training Time: 13s809ms
Epoch: 184 | Loss: 0.286 | Acc: 91.310% (9131/10000) | Testing Time: 1s564ms
Saving..

Epoch: 185
Epoch: 185 | Loss: 0.066 | Acc: 97.902% (48951/50000) | Training Time: 13s752ms
Epoch: 185 | Loss: 0.287 | Acc: 91.200% (9120/10000) | Testing Time: 1s528ms

Epoch: 186
Epoch: 186 | Loss: 0.069 | Acc: 97.788% (48894/50000) | Training Time: 13s707ms
Epoch: 186 | Loss: 0.286 | Acc: 91.160% (9116/10000) | Testing Time: 1s585ms

Epoch: 187
Epoch: 187 | Loss: 0.066 | Acc: 97.908% (48954/50000) | Training Time: 13s543ms
Epoch: 187 | Loss: 0.282 | Acc: 91.270% (9127/10000) | Testing Time: 1s559ms

Epoch: 188
Epoch: 188 | Loss: 0.062 | Acc: 98.092% (49046/50000) | Training Time: 13s674ms
Epoch: 188 | Loss: 0.280 | Acc: 91.370% (9137/10000) | Testing Time: 1s608ms
Saving..

Epoch: 189
Epoch: 189 | Loss: 0.064 | Acc: 97.928% (48964/50000) | Training Time: 13s862ms
Epoch: 189 | Loss: 0.286 | Acc: 91.120% (9112/10000) | Testing Time: 1s574ms

Epoch: 190
Epoch: 190 | Loss: 0.065 | Acc: 97.910% (48955/50000) | Training Time: 13s719ms
Epoch: 190 | Loss: 0.278 | Acc: 91.430% (9143/10000) | Testing Time: 1s640ms
Saving..

Epoch: 191
Epoch: 191 | Loss: 0.063 | Acc: 97.998% (48999/50000) | Training Time: 13s546ms
Epoch: 191 | Loss: 0.277 | Acc: 91.270% (9127/10000) | Testing Time: 1s658ms

Epoch: 192
Epoch: 192 | Loss: 0.062 | Acc: 98.022% (49011/50000) | Training Time: 13s920ms
Epoch: 192 | Loss: 0.283 | Acc: 91.270% (9127/10000) | Testing Time: 1s717ms

Epoch: 193
Epoch: 193 | Loss: 0.062 | Acc: 98.018% (49009/50000) | Training Time: 13s712ms
Epoch: 193 | Loss: 0.280 | Acc: 91.080% (9108/10000) | Testing Time: 1s623ms

Epoch: 194
Epoch: 194 | Loss: 0.061 | Acc: 97.986% (48993/50000) | Training Time: 13s670ms
Epoch: 194 | Loss: 0.280 | Acc: 91.270% (9127/10000) | Testing Time: 1s542ms

Epoch: 195
Epoch: 195 | Loss: 0.062 | Acc: 98.004% (49002/50000) | Training Time: 13s641ms
Epoch: 195 | Loss: 0.283 | Acc: 91.290% (9129/10000) | Testing Time: 1s581ms

Epoch: 196
Epoch: 196 | Loss: 0.062 | Acc: 98.058% (49029/50000) | Training Time: 13s780ms
Epoch: 196 | Loss: 0.283 | Acc: 91.270% (9127/10000) | Testing Time: 1s564ms

Epoch: 197
Epoch: 197 | Loss: 0.058 | Acc: 98.106% (49053/50000) | Training Time: 13s754ms
Epoch: 197 | Loss: 0.282 | Acc: 91.260% (9126/10000) | Testing Time: 1s634ms

Epoch: 198
Epoch: 198 | Loss: 0.063 | Acc: 98.028% (49014/50000) | Training Time: 13s633ms
Epoch: 198 | Loss: 0.285 | Acc: 91.250% (9125/10000) | Testing Time: 1s590ms

Epoch: 199
Epoch: 199 | Loss: 0.061 | Acc: 98.038% (49019/50000) | Training Time: 13s749ms
Epoch: 199 | Loss: 0.280 | Acc: 91.300% (9130/10000) | Testing Time: 1s584ms
Total Time: 51m4s
==> Saving training loss/acc and testing loss/acc...
==> Drawing loss and acc...
==> Process finished.
