Test case num:  29
==> device:  cuda
==> Preparing data..
Files already downloaded and verified
Files already downloaded and verified
==> Evaluating model..
----------------------------------------------------------------
        Layer (type)               Output Shape         Param #
================================================================
            Conv2d-1           [-1, 32, 32, 32]             864
       BatchNorm2d-2           [-1, 32, 32, 32]              64
            Conv2d-3           [-1, 32, 32, 32]           9,216
       BatchNorm2d-4           [-1, 32, 32, 32]              64
            Conv2d-5           [-1, 32, 32, 32]           9,216
       BatchNorm2d-6           [-1, 32, 32, 32]              64
   BasicBlockKSize-7           [-1, 32, 32, 32]               0
            Conv2d-8           [-1, 32, 32, 32]           9,216
       BatchNorm2d-9           [-1, 32, 32, 32]              64
           Conv2d-10           [-1, 32, 32, 32]           9,216
      BatchNorm2d-11           [-1, 32, 32, 32]              64
  BasicBlockKSize-12           [-1, 32, 32, 32]               0
           Conv2d-13           [-1, 64, 16, 16]          18,432
      BatchNorm2d-14           [-1, 64, 16, 16]             128
           Conv2d-15           [-1, 64, 16, 16]          36,864
      BatchNorm2d-16           [-1, 64, 16, 16]             128
           Conv2d-17           [-1, 64, 16, 16]           2,048
      BatchNorm2d-18           [-1, 64, 16, 16]             128
  BasicBlockKSize-19           [-1, 64, 16, 16]               0
           Conv2d-20           [-1, 64, 16, 16]          36,864
      BatchNorm2d-21           [-1, 64, 16, 16]             128
           Conv2d-22           [-1, 64, 16, 16]          36,864
      BatchNorm2d-23           [-1, 64, 16, 16]             128
  BasicBlockKSize-24           [-1, 64, 16, 16]               0
           Conv2d-25            [-1, 128, 8, 8]          73,728
      BatchNorm2d-26            [-1, 128, 8, 8]             256
           Conv2d-27            [-1, 128, 8, 8]         147,456
      BatchNorm2d-28            [-1, 128, 8, 8]             256
           Conv2d-29            [-1, 128, 8, 8]           8,192
      BatchNorm2d-30            [-1, 128, 8, 8]             256
  BasicBlockKSize-31            [-1, 128, 8, 8]               0
           Conv2d-32            [-1, 128, 8, 8]         147,456
      BatchNorm2d-33            [-1, 128, 8, 8]             256
           Conv2d-34            [-1, 128, 8, 8]         147,456
      BatchNorm2d-35            [-1, 128, 8, 8]             256
  BasicBlockKSize-36            [-1, 128, 8, 8]               0
           Conv2d-37            [-1, 256, 4, 4]         294,912
      BatchNorm2d-38            [-1, 256, 4, 4]             512
           Conv2d-39            [-1, 256, 4, 4]         589,824
      BatchNorm2d-40            [-1, 256, 4, 4]             512
           Conv2d-41            [-1, 256, 4, 4]          32,768
      BatchNorm2d-42            [-1, 256, 4, 4]             512
  BasicBlockKSize-43            [-1, 256, 4, 4]               0
           Conv2d-44            [-1, 256, 4, 4]         589,824
      BatchNorm2d-45            [-1, 256, 4, 4]             512
           Conv2d-46            [-1, 256, 4, 4]         589,824
      BatchNorm2d-47            [-1, 256, 4, 4]             512
  BasicBlockKSize-48            [-1, 256, 4, 4]               0
           Conv2d-49            [-1, 256, 4, 4]         589,824
      BatchNorm2d-50            [-1, 256, 4, 4]             512
           Conv2d-51            [-1, 256, 4, 4]         589,824
      BatchNorm2d-52            [-1, 256, 4, 4]             512
  BasicBlockKSize-53            [-1, 256, 4, 4]               0
           Linear-54                   [-1, 10]           2,570
================================================================
Total params: 3,978,282
Trainable params: 3,978,282
Non-trainable params: 0
----------------------------------------------------------------
Input size (MB): 0.01
Forward/backward pass size (MB): 5.78
Params size (MB): 15.18
Estimated Total Size (MB): 20.97
----------------------------------------------------------------

Epoch: 0
Epoch: 000 | Loss: 2.158 | Acc: 20.250% (10125/50000) | Training Time: 24s786ms
Epoch: 000 | Loss: 1.758 | Acc: 36.270% (3627/10000) | Testing Time: 2s340ms
Saving..

Epoch: 1
Epoch: 001 | Loss: 1.858 | Acc: 31.678% (15839/50000) | Training Time: 20s2ms
Epoch: 001 | Loss: 1.546 | Acc: 42.860% (4286/10000) | Testing Time: 2s266ms
Saving..

Epoch: 2
Epoch: 002 | Loss: 1.626 | Acc: 41.238% (20619/50000) | Training Time: 19s396ms
Epoch: 002 | Loss: 1.392 | Acc: 50.560% (5056/10000) | Testing Time: 2s274ms
Saving..

Epoch: 3
Epoch: 003 | Loss: 1.412 | Acc: 49.636% (24818/50000) | Training Time: 19s322ms
Epoch: 003 | Loss: 1.145 | Acc: 59.510% (5951/10000) | Testing Time: 2s181ms
Saving..

Epoch: 4
Epoch: 004 | Loss: 1.251 | Acc: 55.734% (27867/50000) | Training Time: 19s987ms
Epoch: 004 | Loss: 1.082 | Acc: 61.290% (6129/10000) | Testing Time: 2s200ms
Saving..

Epoch: 5
Epoch: 005 | Loss: 1.161 | Acc: 59.218% (29609/50000) | Training Time: 20s6ms
Epoch: 005 | Loss: 0.857 | Acc: 70.280% (7028/10000) | Testing Time: 2s298ms
Saving..

Epoch: 6
Epoch: 006 | Loss: 1.108 | Acc: 61.236% (30618/50000) | Training Time: 19s155ms
Epoch: 006 | Loss: 0.864 | Acc: 70.080% (7008/10000) | Testing Time: 2s287ms

Epoch: 7
Epoch: 007 | Loss: 1.058 | Acc: 63.022% (31511/50000) | Training Time: 20s633ms
Epoch: 007 | Loss: 0.770 | Acc: 72.770% (7277/10000) | Testing Time: 2s271ms
Saving..

Epoch: 8
Epoch: 008 | Loss: 1.026 | Acc: 64.086% (32043/50000) | Training Time: 19s277ms
Epoch: 008 | Loss: 0.883 | Acc: 71.120% (7112/10000) | Testing Time: 2s332ms

Epoch: 9
Epoch: 009 | Loss: 1.007 | Acc: 64.910% (32455/50000) | Training Time: 19s708ms
Epoch: 009 | Loss: 0.783 | Acc: 73.380% (7338/10000) | Testing Time: 2s320ms
Saving..

Epoch: 10
Epoch: 010 | Loss: 0.983 | Acc: 65.938% (32969/50000) | Training Time: 19s834ms
Epoch: 010 | Loss: 1.141 | Acc: 65.310% (6531/10000) | Testing Time: 2s283ms

Epoch: 11
Epoch: 011 | Loss: 0.963 | Acc: 66.280% (33140/50000) | Training Time: 19s722ms
Epoch: 011 | Loss: 0.800 | Acc: 73.070% (7307/10000) | Testing Time: 2s284ms

Epoch: 12
Epoch: 012 | Loss: 0.945 | Acc: 66.922% (33461/50000) | Training Time: 19s176ms
Epoch: 012 | Loss: 0.767 | Acc: 73.950% (7395/10000) | Testing Time: 2s323ms
Saving..

Epoch: 13
Epoch: 013 | Loss: 0.940 | Acc: 67.252% (33626/50000) | Training Time: 19s213ms
Epoch: 013 | Loss: 0.614 | Acc: 78.580% (7858/10000) | Testing Time: 2s236ms
Saving..

Epoch: 14
Epoch: 014 | Loss: 0.917 | Acc: 68.062% (34031/50000) | Training Time: 19s747ms
Epoch: 014 | Loss: 0.657 | Acc: 78.430% (7843/10000) | Testing Time: 2s308ms

Epoch: 15
Epoch: 015 | Loss: 0.907 | Acc: 68.262% (34131/50000) | Training Time: 19s860ms
Epoch: 015 | Loss: 0.725 | Acc: 74.720% (7472/10000) | Testing Time: 2s225ms

Epoch: 16
Epoch: 016 | Loss: 0.902 | Acc: 68.702% (34351/50000) | Training Time: 19s891ms
Epoch: 016 | Loss: 0.561 | Acc: 80.230% (8023/10000) | Testing Time: 2s357ms
Saving..

Epoch: 17
Epoch: 017 | Loss: 0.897 | Acc: 68.868% (34434/50000) | Training Time: 19s963ms
Epoch: 017 | Loss: 0.940 | Acc: 69.870% (6987/10000) | Testing Time: 2s352ms

Epoch: 18
Epoch: 018 | Loss: 0.884 | Acc: 69.436% (34718/50000) | Training Time: 19s828ms
Epoch: 018 | Loss: 0.678 | Acc: 77.600% (7760/10000) | Testing Time: 2s246ms

Epoch: 19
Epoch: 019 | Loss: 0.880 | Acc: 69.446% (34723/50000) | Training Time: 19s235ms
Epoch: 019 | Loss: 0.794 | Acc: 73.820% (7382/10000) | Testing Time: 2s269ms

Epoch: 20
Epoch: 020 | Loss: 0.873 | Acc: 69.568% (34784/50000) | Training Time: 19s914ms
Epoch: 020 | Loss: 0.691 | Acc: 76.050% (7605/10000) | Testing Time: 2s378ms

Epoch: 21
Epoch: 021 | Loss: 0.867 | Acc: 69.944% (34972/50000) | Training Time: 19s129ms
Epoch: 021 | Loss: 0.583 | Acc: 80.140% (8014/10000) | Testing Time: 2s252ms

Epoch: 22
Epoch: 022 | Loss: 0.866 | Acc: 70.064% (35032/50000) | Training Time: 19s16ms
Epoch: 022 | Loss: 0.771 | Acc: 74.900% (7490/10000) | Testing Time: 2s301ms

Epoch: 23
Epoch: 023 | Loss: 0.866 | Acc: 70.082% (35041/50000) | Training Time: 19s975ms
Epoch: 023 | Loss: 0.663 | Acc: 77.760% (7776/10000) | Testing Time: 2s268ms

Epoch: 24
Epoch: 024 | Loss: 0.845 | Acc: 70.858% (35429/50000) | Training Time: 19s538ms
Epoch: 024 | Loss: 0.626 | Acc: 79.010% (7901/10000) | Testing Time: 2s226ms

Epoch: 25
Epoch: 025 | Loss: 0.851 | Acc: 70.538% (35269/50000) | Training Time: 19s544ms
Epoch: 025 | Loss: 0.692 | Acc: 76.450% (7645/10000) | Testing Time: 2s466ms

Epoch: 26
Epoch: 026 | Loss: 0.841 | Acc: 70.942% (35471/50000) | Training Time: 19s510ms
Epoch: 026 | Loss: 0.651 | Acc: 77.850% (7785/10000) | Testing Time: 2s286ms

Epoch: 27
Epoch: 027 | Loss: 0.838 | Acc: 71.000% (35500/50000) | Training Time: 19s73ms
Epoch: 027 | Loss: 0.567 | Acc: 80.250% (8025/10000) | Testing Time: 2s288ms
Saving..

Epoch: 28
Epoch: 028 | Loss: 0.836 | Acc: 71.102% (35551/50000) | Training Time: 19s359ms
Epoch: 028 | Loss: 0.588 | Acc: 79.970% (7997/10000) | Testing Time: 2s360ms

Epoch: 29
Epoch: 029 | Loss: 0.833 | Acc: 71.310% (35655/50000) | Training Time: 19s416ms
Epoch: 029 | Loss: 0.509 | Acc: 82.770% (8277/10000) | Testing Time: 2s277ms
Saving..

Epoch: 30
Epoch: 030 | Loss: 0.826 | Acc: 71.562% (35781/50000) | Training Time: 19s85ms
Epoch: 030 | Loss: 0.706 | Acc: 76.580% (7658/10000) | Testing Time: 2s246ms

Epoch: 31
Epoch: 031 | Loss: 0.823 | Acc: 71.230% (35615/50000) | Training Time: 19s891ms
Epoch: 031 | Loss: 0.515 | Acc: 82.220% (8222/10000) | Testing Time: 2s232ms

Epoch: 32
Epoch: 032 | Loss: 0.821 | Acc: 71.484% (35742/50000) | Training Time: 20s623ms
Epoch: 032 | Loss: 0.641 | Acc: 78.580% (7858/10000) | Testing Time: 2s296ms

Epoch: 33
Epoch: 033 | Loss: 0.821 | Acc: 71.656% (35828/50000) | Training Time: 19s128ms
Epoch: 033 | Loss: 0.517 | Acc: 82.140% (8214/10000) | Testing Time: 2s462ms

Epoch: 34
Epoch: 034 | Loss: 0.818 | Acc: 71.724% (35862/50000) | Training Time: 19s372ms
Epoch: 034 | Loss: 0.610 | Acc: 79.190% (7919/10000) | Testing Time: 2s334ms

Epoch: 35
Epoch: 035 | Loss: 0.807 | Acc: 72.044% (36022/50000) | Training Time: 20s87ms
Epoch: 035 | Loss: 0.598 | Acc: 79.820% (7982/10000) | Testing Time: 2s277ms

Epoch: 36
Epoch: 036 | Loss: 0.809 | Acc: 72.104% (36052/50000) | Training Time: 20s523ms
Epoch: 036 | Loss: 0.494 | Acc: 83.430% (8343/10000) | Testing Time: 2s289ms
Saving..

Epoch: 37
Epoch: 037 | Loss: 0.800 | Acc: 72.344% (36172/50000) | Training Time: 19s733ms
Epoch: 037 | Loss: 0.608 | Acc: 79.750% (7975/10000) | Testing Time: 2s235ms

Epoch: 38
Epoch: 038 | Loss: 0.804 | Acc: 72.130% (36065/50000) | Training Time: 19s160ms
Epoch: 038 | Loss: 0.635 | Acc: 78.910% (7891/10000) | Testing Time: 2s315ms

Epoch: 39
Epoch: 039 | Loss: 0.806 | Acc: 72.210% (36105/50000) | Training Time: 19s45ms
Epoch: 039 | Loss: 0.495 | Acc: 82.820% (8282/10000) | Testing Time: 2s255ms

Epoch: 40
Epoch: 040 | Loss: 0.801 | Acc: 72.282% (36141/50000) | Training Time: 19s845ms
Epoch: 040 | Loss: 0.645 | Acc: 78.830% (7883/10000) | Testing Time: 2s303ms

Epoch: 41
Epoch: 041 | Loss: 0.789 | Acc: 72.630% (36315/50000) | Training Time: 19s425ms
Epoch: 041 | Loss: 0.504 | Acc: 83.050% (8305/10000) | Testing Time: 2s303ms

Epoch: 42
Epoch: 042 | Loss: 0.789 | Acc: 72.742% (36371/50000) | Training Time: 19s102ms
Epoch: 042 | Loss: 0.523 | Acc: 81.720% (8172/10000) | Testing Time: 2s272ms

Epoch: 43
Epoch: 043 | Loss: 0.785 | Acc: 72.950% (36475/50000) | Training Time: 19s535ms
Epoch: 043 | Loss: 0.612 | Acc: 78.930% (7893/10000) | Testing Time: 2s271ms

Epoch: 44
Epoch: 044 | Loss: 0.789 | Acc: 72.800% (36400/50000) | Training Time: 19s187ms
Epoch: 044 | Loss: 0.503 | Acc: 82.900% (8290/10000) | Testing Time: 2s250ms

Epoch: 45
Epoch: 045 | Loss: 0.786 | Acc: 72.968% (36484/50000) | Training Time: 19s196ms
Epoch: 045 | Loss: 0.542 | Acc: 81.150% (8115/10000) | Testing Time: 2s304ms

Epoch: 46
Epoch: 046 | Loss: 0.786 | Acc: 72.990% (36495/50000) | Training Time: 19s476ms
Epoch: 046 | Loss: 0.547 | Acc: 81.550% (8155/10000) | Testing Time: 2s300ms

Epoch: 47
Epoch: 047 | Loss: 0.775 | Acc: 73.428% (36714/50000) | Training Time: 19s200ms
Epoch: 047 | Loss: 0.524 | Acc: 82.320% (8232/10000) | Testing Time: 2s268ms

Epoch: 48
Epoch: 048 | Loss: 0.773 | Acc: 73.218% (36609/50000) | Training Time: 19s167ms
Epoch: 048 | Loss: 0.565 | Acc: 81.680% (8168/10000) | Testing Time: 2s346ms

Epoch: 49
Epoch: 049 | Loss: 0.776 | Acc: 73.046% (36523/50000) | Training Time: 19s613ms
Epoch: 049 | Loss: 0.626 | Acc: 79.480% (7948/10000) | Testing Time: 2s289ms

Epoch: 50
Epoch: 050 | Loss: 0.773 | Acc: 73.360% (36680/50000) | Training Time: 19s26ms
Epoch: 050 | Loss: 0.452 | Acc: 84.230% (8423/10000) | Testing Time: 2s302ms
Saving..

Epoch: 51
Epoch: 051 | Loss: 0.761 | Acc: 73.798% (36899/50000) | Training Time: 19s855ms
Epoch: 051 | Loss: 0.465 | Acc: 84.030% (8403/10000) | Testing Time: 2s282ms

Epoch: 52
Epoch: 052 | Loss: 0.760 | Acc: 73.760% (36880/50000) | Training Time: 19s330ms
Epoch: 052 | Loss: 0.597 | Acc: 80.070% (8007/10000) | Testing Time: 2s315ms

Epoch: 53
Epoch: 053 | Loss: 0.759 | Acc: 73.818% (36909/50000) | Training Time: 19s862ms
Epoch: 053 | Loss: 0.506 | Acc: 83.200% (8320/10000) | Testing Time: 2s230ms

Epoch: 54
Epoch: 054 | Loss: 0.762 | Acc: 73.786% (36893/50000) | Training Time: 19s911ms
Epoch: 054 | Loss: 0.469 | Acc: 84.050% (8405/10000) | Testing Time: 2s305ms

Epoch: 55
Epoch: 055 | Loss: 0.750 | Acc: 74.122% (37061/50000) | Training Time: 19s144ms
Epoch: 055 | Loss: 0.597 | Acc: 79.810% (7981/10000) | Testing Time: 2s246ms

Epoch: 56
Epoch: 056 | Loss: 0.752 | Acc: 74.170% (37085/50000) | Training Time: 19s969ms
Epoch: 056 | Loss: 0.498 | Acc: 83.040% (8304/10000) | Testing Time: 2s241ms

Epoch: 57
Epoch: 057 | Loss: 0.753 | Acc: 73.994% (36997/50000) | Training Time: 19s819ms
Epoch: 057 | Loss: 0.507 | Acc: 82.050% (8205/10000) | Testing Time: 2s351ms

Epoch: 58
Epoch: 058 | Loss: 0.753 | Acc: 74.052% (37026/50000) | Training Time: 19s52ms
Epoch: 058 | Loss: 0.498 | Acc: 83.150% (8315/10000) | Testing Time: 2s333ms

Epoch: 59
Epoch: 059 | Loss: 0.745 | Acc: 74.236% (37118/50000) | Training Time: 19s926ms
Epoch: 059 | Loss: 0.537 | Acc: 81.890% (8189/10000) | Testing Time: 2s244ms

Epoch: 60
Epoch: 060 | Loss: 0.754 | Acc: 74.020% (37010/50000) | Training Time: 19s432ms
Epoch: 060 | Loss: 0.452 | Acc: 84.550% (8455/10000) | Testing Time: 2s295ms
Saving..

Epoch: 61
Epoch: 061 | Loss: 0.742 | Acc: 74.364% (37182/50000) | Training Time: 19s50ms
Epoch: 061 | Loss: 0.675 | Acc: 77.570% (7757/10000) | Testing Time: 2s280ms

Epoch: 62
Epoch: 062 | Loss: 0.747 | Acc: 74.230% (37115/50000) | Training Time: 20s25ms
Epoch: 062 | Loss: 0.665 | Acc: 78.820% (7882/10000) | Testing Time: 2s335ms

Epoch: 63
Epoch: 063 | Loss: 0.740 | Acc: 74.402% (37201/50000) | Training Time: 19s866ms
Epoch: 063 | Loss: 0.579 | Acc: 80.610% (8061/10000) | Testing Time: 2s574ms

Epoch: 64
Epoch: 064 | Loss: 0.733 | Acc: 74.638% (37319/50000) | Training Time: 19s285ms
Epoch: 064 | Loss: 0.470 | Acc: 83.960% (8396/10000) | Testing Time: 2s294ms

Epoch: 65
Epoch: 065 | Loss: 0.735 | Acc: 74.680% (37340/50000) | Training Time: 19s798ms
Epoch: 065 | Loss: 0.478 | Acc: 83.100% (8310/10000) | Testing Time: 2s350ms

Epoch: 66
Epoch: 066 | Loss: 0.737 | Acc: 74.596% (37298/50000) | Training Time: 19s624ms
Epoch: 066 | Loss: 0.498 | Acc: 82.930% (8293/10000) | Testing Time: 2s421ms

Epoch: 67
Epoch: 067 | Loss: 0.735 | Acc: 74.520% (37260/50000) | Training Time: 19s619ms
Epoch: 067 | Loss: 0.479 | Acc: 83.770% (8377/10000) | Testing Time: 2s300ms

Epoch: 68
Epoch: 068 | Loss: 0.725 | Acc: 75.114% (37557/50000) | Training Time: 20s555ms
Epoch: 068 | Loss: 0.440 | Acc: 85.200% (8520/10000) | Testing Time: 2s261ms
Saving..

Epoch: 69
Epoch: 069 | Loss: 0.722 | Acc: 75.046% (37523/50000) | Training Time: 19s128ms
Epoch: 069 | Loss: 0.557 | Acc: 81.540% (8154/10000) | Testing Time: 2s308ms

Epoch: 70
Epoch: 070 | Loss: 0.725 | Acc: 75.120% (37560/50000) | Training Time: 19s854ms
Epoch: 070 | Loss: 0.486 | Acc: 83.390% (8339/10000) | Testing Time: 2s278ms

Epoch: 71
Epoch: 071 | Loss: 0.721 | Acc: 75.092% (37546/50000) | Training Time: 19s78ms
Epoch: 071 | Loss: 0.438 | Acc: 85.400% (8540/10000) | Testing Time: 2s372ms
Saving..

Epoch: 72
Epoch: 072 | Loss: 0.719 | Acc: 75.120% (37560/50000) | Training Time: 19s754ms
Epoch: 072 | Loss: 0.473 | Acc: 84.470% (8447/10000) | Testing Time: 2s259ms

Epoch: 73
Epoch: 073 | Loss: 0.717 | Acc: 75.248% (37624/50000) | Training Time: 19s832ms
Epoch: 073 | Loss: 0.676 | Acc: 78.930% (7893/10000) | Testing Time: 2s319ms

Epoch: 74
Epoch: 074 | Loss: 0.711 | Acc: 75.290% (37645/50000) | Training Time: 19s787ms
Epoch: 074 | Loss: 0.503 | Acc: 83.270% (8327/10000) | Testing Time: 2s278ms

Epoch: 75
Epoch: 075 | Loss: 0.706 | Acc: 75.452% (37726/50000) | Training Time: 19s933ms
Epoch: 075 | Loss: 0.434 | Acc: 85.070% (8507/10000) | Testing Time: 2s295ms

Epoch: 76
Epoch: 076 | Loss: 0.710 | Acc: 75.252% (37626/50000) | Training Time: 19s529ms
Epoch: 076 | Loss: 0.705 | Acc: 78.350% (7835/10000) | Testing Time: 2s252ms

Epoch: 77
Epoch: 077 | Loss: 0.706 | Acc: 75.966% (37983/50000) | Training Time: 19s727ms
Epoch: 077 | Loss: 0.467 | Acc: 84.090% (8409/10000) | Testing Time: 2s335ms

Epoch: 78
Epoch: 078 | Loss: 0.710 | Acc: 75.574% (37787/50000) | Training Time: 19s968ms
Epoch: 078 | Loss: 0.498 | Acc: 83.640% (8364/10000) | Testing Time: 2s335ms

Epoch: 79
Epoch: 079 | Loss: 0.704 | Acc: 75.754% (37877/50000) | Training Time: 19s454ms
Epoch: 079 | Loss: 0.510 | Acc: 82.810% (8281/10000) | Testing Time: 2s204ms

Epoch: 80
Epoch: 080 | Loss: 0.702 | Acc: 75.724% (37862/50000) | Training Time: 20s5ms
Epoch: 080 | Loss: 0.576 | Acc: 80.640% (8064/10000) | Testing Time: 2s339ms

Epoch: 81
Epoch: 081 | Loss: 0.699 | Acc: 75.878% (37939/50000) | Training Time: 19s479ms
Epoch: 081 | Loss: 0.444 | Acc: 85.020% (8502/10000) | Testing Time: 2s339ms

Epoch: 82
Epoch: 082 | Loss: 0.692 | Acc: 76.264% (38132/50000) | Training Time: 19s568ms
Epoch: 082 | Loss: 0.575 | Acc: 80.900% (8090/10000) | Testing Time: 2s249ms

Epoch: 83
Epoch: 083 | Loss: 0.690 | Acc: 76.256% (38128/50000) | Training Time: 19s848ms
Epoch: 083 | Loss: 0.489 | Acc: 83.160% (8316/10000) | Testing Time: 2s285ms

Epoch: 84
Epoch: 084 | Loss: 0.684 | Acc: 76.436% (38218/50000) | Training Time: 19s473ms
Epoch: 084 | Loss: 0.441 | Acc: 84.620% (8462/10000) | Testing Time: 2s342ms

Epoch: 85
Epoch: 085 | Loss: 0.689 | Acc: 76.278% (38139/50000) | Training Time: 19s954ms
Epoch: 085 | Loss: 0.477 | Acc: 84.110% (8411/10000) | Testing Time: 2s291ms

Epoch: 86
Epoch: 086 | Loss: 0.680 | Acc: 76.674% (38337/50000) | Training Time: 19s837ms
Epoch: 086 | Loss: 0.420 | Acc: 85.590% (8559/10000) | Testing Time: 2s271ms
Saving..

Epoch: 87
Epoch: 087 | Loss: 0.680 | Acc: 76.700% (38350/50000) | Training Time: 19s31ms
Epoch: 087 | Loss: 0.386 | Acc: 86.900% (8690/10000) | Testing Time: 2s261ms
Saving..

Epoch: 88
Epoch: 088 | Loss: 0.679 | Acc: 76.540% (38270/50000) | Training Time: 19s473ms
Epoch: 088 | Loss: 0.525 | Acc: 83.180% (8318/10000) | Testing Time: 2s325ms

Epoch: 89
Epoch: 089 | Loss: 0.678 | Acc: 76.694% (38347/50000) | Training Time: 19s179ms
Epoch: 089 | Loss: 0.383 | Acc: 86.470% (8647/10000) | Testing Time: 2s336ms

Epoch: 90
Epoch: 090 | Loss: 0.671 | Acc: 76.958% (38479/50000) | Training Time: 19s578ms
Epoch: 090 | Loss: 0.492 | Acc: 83.960% (8396/10000) | Testing Time: 2s306ms

Epoch: 91
Epoch: 091 | Loss: 0.665 | Acc: 76.940% (38470/50000) | Training Time: 19s235ms
Epoch: 091 | Loss: 0.483 | Acc: 83.940% (8394/10000) | Testing Time: 2s347ms

Epoch: 92
Epoch: 092 | Loss: 0.667 | Acc: 76.976% (38488/50000) | Training Time: 19s28ms
Epoch: 092 | Loss: 0.413 | Acc: 85.940% (8594/10000) | Testing Time: 2s285ms

Epoch: 93
Epoch: 093 | Loss: 0.666 | Acc: 76.984% (38492/50000) | Training Time: 19s233ms
Epoch: 093 | Loss: 0.353 | Acc: 87.720% (8772/10000) | Testing Time: 2s198ms
Saving..

Epoch: 94
Epoch: 094 | Loss: 0.660 | Acc: 77.306% (38653/50000) | Training Time: 20s114ms
Epoch: 094 | Loss: 0.388 | Acc: 86.650% (8665/10000) | Testing Time: 2s293ms

Epoch: 95
Epoch: 095 | Loss: 0.658 | Acc: 77.290% (38645/50000) | Training Time: 19s311ms
Epoch: 095 | Loss: 0.412 | Acc: 85.990% (8599/10000) | Testing Time: 2s234ms

Epoch: 96
Epoch: 096 | Loss: 0.657 | Acc: 77.292% (38646/50000) | Training Time: 19s844ms
Epoch: 096 | Loss: 0.436 | Acc: 85.510% (8551/10000) | Testing Time: 2s320ms

Epoch: 97
Epoch: 097 | Loss: 0.656 | Acc: 77.394% (38697/50000) | Training Time: 19s49ms
Epoch: 097 | Loss: 0.382 | Acc: 86.850% (8685/10000) | Testing Time: 2s269ms

Epoch: 98
Epoch: 098 | Loss: 0.649 | Acc: 77.576% (38788/50000) | Training Time: 19s814ms
Epoch: 098 | Loss: 0.376 | Acc: 86.880% (8688/10000) | Testing Time: 2s295ms

Epoch: 99
Epoch: 099 | Loss: 0.648 | Acc: 77.688% (38844/50000) | Training Time: 19s712ms
Epoch: 099 | Loss: 0.471 | Acc: 83.850% (8385/10000) | Testing Time: 2s277ms

Epoch: 100
Epoch: 100 | Loss: 0.637 | Acc: 77.986% (38993/50000) | Training Time: 19s455ms
Epoch: 100 | Loss: 0.372 | Acc: 87.070% (8707/10000) | Testing Time: 2s303ms

Epoch: 101
Epoch: 101 | Loss: 0.645 | Acc: 77.638% (38819/50000) | Training Time: 19s161ms
Epoch: 101 | Loss: 0.439 | Acc: 85.160% (8516/10000) | Testing Time: 2s273ms

Epoch: 102
Epoch: 102 | Loss: 0.638 | Acc: 78.030% (39015/50000) | Training Time: 19s860ms
Epoch: 102 | Loss: 0.415 | Acc: 85.620% (8562/10000) | Testing Time: 2s312ms

Epoch: 103
Epoch: 103 | Loss: 0.636 | Acc: 78.100% (39050/50000) | Training Time: 19s298ms
Epoch: 103 | Loss: 0.376 | Acc: 87.420% (8742/10000) | Testing Time: 2s300ms

Epoch: 104
Epoch: 104 | Loss: 0.627 | Acc: 78.534% (39267/50000) | Training Time: 19s836ms
Epoch: 104 | Loss: 0.351 | Acc: 87.580% (8758/10000) | Testing Time: 2s262ms

Epoch: 105
Epoch: 105 | Loss: 0.634 | Acc: 78.094% (39047/50000) | Training Time: 19s337ms
Epoch: 105 | Loss: 0.394 | Acc: 86.470% (8647/10000) | Testing Time: 2s231ms

Epoch: 106
Epoch: 106 | Loss: 0.625 | Acc: 78.490% (39245/50000) | Training Time: 19s496ms
Epoch: 106 | Loss: 0.359 | Acc: 87.550% (8755/10000) | Testing Time: 2s374ms

Epoch: 107
Epoch: 107 | Loss: 0.620 | Acc: 78.500% (39250/50000) | Training Time: 19s846ms
Epoch: 107 | Loss: 0.368 | Acc: 87.320% (8732/10000) | Testing Time: 2s417ms

Epoch: 108
Epoch: 108 | Loss: 0.616 | Acc: 78.644% (39322/50000) | Training Time: 19s400ms
Epoch: 108 | Loss: 0.363 | Acc: 87.190% (8719/10000) | Testing Time: 2s297ms

Epoch: 109
Epoch: 109 | Loss: 0.611 | Acc: 78.878% (39439/50000) | Training Time: 19s873ms
Epoch: 109 | Loss: 0.343 | Acc: 88.290% (8829/10000) | Testing Time: 2s302ms
Saving..

Epoch: 110
Epoch: 110 | Loss: 0.619 | Acc: 78.778% (39389/50000) | Training Time: 19s532ms
Epoch: 110 | Loss: 0.381 | Acc: 86.950% (8695/10000) | Testing Time: 2s310ms

Epoch: 111
Epoch: 111 | Loss: 0.606 | Acc: 79.152% (39576/50000) | Training Time: 20s279ms
Epoch: 111 | Loss: 0.391 | Acc: 87.460% (8746/10000) | Testing Time: 2s298ms

Epoch: 112
Epoch: 112 | Loss: 0.599 | Acc: 79.420% (39710/50000) | Training Time: 19s154ms
Epoch: 112 | Loss: 0.388 | Acc: 86.450% (8645/10000) | Testing Time: 2s283ms

Epoch: 113
Epoch: 113 | Loss: 0.604 | Acc: 79.256% (39628/50000) | Training Time: 19s950ms
Epoch: 113 | Loss: 0.336 | Acc: 88.510% (8851/10000) | Testing Time: 2s287ms
Saving..

Epoch: 114
Epoch: 114 | Loss: 0.596 | Acc: 79.464% (39732/50000) | Training Time: 19s325ms
Epoch: 114 | Loss: 0.351 | Acc: 87.850% (8785/10000) | Testing Time: 2s358ms

Epoch: 115
Epoch: 115 | Loss: 0.597 | Acc: 79.594% (39797/50000) | Training Time: 19s889ms
Epoch: 115 | Loss: 0.298 | Acc: 89.820% (8982/10000) | Testing Time: 2s299ms
Saving..

Epoch: 116
Epoch: 116 | Loss: 0.586 | Acc: 79.890% (39945/50000) | Training Time: 19s924ms
Epoch: 116 | Loss: 0.332 | Acc: 88.740% (8874/10000) | Testing Time: 2s342ms

Epoch: 117
Epoch: 117 | Loss: 0.587 | Acc: 79.728% (39864/50000) | Training Time: 19s982ms
Epoch: 117 | Loss: 0.339 | Acc: 88.400% (8840/10000) | Testing Time: 2s350ms

Epoch: 118
Epoch: 118 | Loss: 0.581 | Acc: 79.994% (39997/50000) | Training Time: 19s531ms
Epoch: 118 | Loss: 0.340 | Acc: 88.610% (8861/10000) | Testing Time: 2s233ms

Epoch: 119
Epoch: 119 | Loss: 0.580 | Acc: 79.864% (39932/50000) | Training Time: 19s721ms
Epoch: 119 | Loss: 0.335 | Acc: 88.390% (8839/10000) | Testing Time: 2s246ms

Epoch: 120
Epoch: 120 | Loss: 0.577 | Acc: 80.214% (40107/50000) | Training Time: 19s815ms
Epoch: 120 | Loss: 0.352 | Acc: 88.040% (8804/10000) | Testing Time: 2s271ms

Epoch: 121
Epoch: 121 | Loss: 0.568 | Acc: 80.464% (40232/50000) | Training Time: 19s419ms
Epoch: 121 | Loss: 0.300 | Acc: 89.690% (8969/10000) | Testing Time: 2s280ms

Epoch: 122
Epoch: 122 | Loss: 0.561 | Acc: 80.640% (40320/50000) | Training Time: 19s638ms
Epoch: 122 | Loss: 0.323 | Acc: 89.010% (8901/10000) | Testing Time: 2s340ms

Epoch: 123
Epoch: 123 | Loss: 0.564 | Acc: 80.584% (40292/50000) | Training Time: 20s61ms
Epoch: 123 | Loss: 0.327 | Acc: 88.570% (8857/10000) | Testing Time: 2s361ms

Epoch: 124
Epoch: 124 | Loss: 0.564 | Acc: 80.520% (40260/50000) | Training Time: 19s805ms
Epoch: 124 | Loss: 0.320 | Acc: 88.950% (8895/10000) | Testing Time: 2s306ms

Epoch: 125
Epoch: 125 | Loss: 0.554 | Acc: 80.956% (40478/50000) | Training Time: 19s898ms
Epoch: 125 | Loss: 0.314 | Acc: 89.410% (8941/10000) | Testing Time: 2s274ms

Epoch: 126
Epoch: 126 | Loss: 0.559 | Acc: 80.802% (40401/50000) | Training Time: 19s979ms
Epoch: 126 | Loss: 0.277 | Acc: 90.550% (9055/10000) | Testing Time: 2s360ms
Saving..

Epoch: 127
Epoch: 127 | Loss: 0.540 | Acc: 81.276% (40638/50000) | Training Time: 19s895ms
Epoch: 127 | Loss: 0.314 | Acc: 89.140% (8914/10000) | Testing Time: 2s283ms

Epoch: 128
Epoch: 128 | Loss: 0.543 | Acc: 81.206% (40603/50000) | Training Time: 19s893ms
Epoch: 128 | Loss: 0.358 | Acc: 88.280% (8828/10000) | Testing Time: 2s320ms

Epoch: 129
Epoch: 129 | Loss: 0.543 | Acc: 81.176% (40588/50000) | Training Time: 19s433ms
Epoch: 129 | Loss: 0.323 | Acc: 88.480% (8848/10000) | Testing Time: 2s377ms

Epoch: 130
Epoch: 130 | Loss: 0.533 | Acc: 81.572% (40786/50000) | Training Time: 19s550ms
Epoch: 130 | Loss: 0.285 | Acc: 90.260% (9026/10000) | Testing Time: 2s335ms

Epoch: 131
Epoch: 131 | Loss: 0.527 | Acc: 81.858% (40929/50000) | Training Time: 19s399ms
Epoch: 131 | Loss: 0.300 | Acc: 89.880% (8988/10000) | Testing Time: 2s261ms

Epoch: 132
Epoch: 132 | Loss: 0.527 | Acc: 81.910% (40955/50000) | Training Time: 19s557ms
Epoch: 132 | Loss: 0.359 | Acc: 88.160% (8816/10000) | Testing Time: 2s337ms

Epoch: 133
Epoch: 133 | Loss: 0.523 | Acc: 81.886% (40943/50000) | Training Time: 19s872ms
Epoch: 133 | Loss: 0.340 | Acc: 88.740% (8874/10000) | Testing Time: 2s320ms

Epoch: 134
Epoch: 134 | Loss: 0.512 | Acc: 82.312% (41156/50000) | Training Time: 19s892ms
Epoch: 134 | Loss: 0.265 | Acc: 91.080% (9108/10000) | Testing Time: 2s266ms
Saving..

Epoch: 135
Epoch: 135 | Loss: 0.517 | Acc: 82.302% (41151/50000) | Training Time: 19s941ms
Epoch: 135 | Loss: 0.286 | Acc: 90.300% (9030/10000) | Testing Time: 2s296ms

Epoch: 136
Epoch: 136 | Loss: 0.504 | Acc: 82.644% (41322/50000) | Training Time: 19s540ms
Epoch: 136 | Loss: 0.287 | Acc: 90.450% (9045/10000) | Testing Time: 2s255ms

Epoch: 137
Epoch: 137 | Loss: 0.501 | Acc: 82.690% (41345/50000) | Training Time: 19s316ms
Epoch: 137 | Loss: 0.268 | Acc: 90.870% (9087/10000) | Testing Time: 2s292ms

Epoch: 138
Epoch: 138 | Loss: 0.506 | Acc: 82.614% (41307/50000) | Training Time: 19s813ms
Epoch: 138 | Loss: 0.286 | Acc: 90.060% (9006/10000) | Testing Time: 2s329ms

Epoch: 139
Epoch: 139 | Loss: 0.492 | Acc: 83.006% (41503/50000) | Training Time: 19s927ms
Epoch: 139 | Loss: 0.353 | Acc: 88.370% (8837/10000) | Testing Time: 2s289ms

Epoch: 140
Epoch: 140 | Loss: 0.489 | Acc: 83.084% (41542/50000) | Training Time: 19s850ms
Epoch: 140 | Loss: 0.271 | Acc: 90.850% (9085/10000) | Testing Time: 2s328ms

Epoch: 141
Epoch: 141 | Loss: 0.488 | Acc: 83.232% (41616/50000) | Training Time: 19s357ms
Epoch: 141 | Loss: 0.298 | Acc: 89.970% (8997/10000) | Testing Time: 2s388ms

Epoch: 142
Epoch: 142 | Loss: 0.481 | Acc: 83.262% (41631/50000) | Training Time: 19s370ms
Epoch: 142 | Loss: 0.278 | Acc: 90.750% (9075/10000) | Testing Time: 2s433ms

Epoch: 143
Epoch: 143 | Loss: 0.477 | Acc: 83.466% (41733/50000) | Training Time: 19s849ms
Epoch: 143 | Loss: 0.296 | Acc: 90.180% (9018/10000) | Testing Time: 2s333ms

Epoch: 144
Epoch: 144 | Loss: 0.473 | Acc: 83.578% (41789/50000) | Training Time: 19s626ms
Epoch: 144 | Loss: 0.284 | Acc: 90.230% (9023/10000) | Testing Time: 2s353ms

Epoch: 145
Epoch: 145 | Loss: 0.467 | Acc: 83.814% (41907/50000) | Training Time: 20s594ms
Epoch: 145 | Loss: 0.262 | Acc: 91.230% (9123/10000) | Testing Time: 2s353ms
Saving..

Epoch: 146
Epoch: 146 | Loss: 0.465 | Acc: 83.934% (41967/50000) | Training Time: 20s163ms
Epoch: 146 | Loss: 0.245 | Acc: 91.470% (9147/10000) | Testing Time: 2s285ms
Saving..

Epoch: 147
Epoch: 147 | Loss: 0.462 | Acc: 84.194% (42097/50000) | Training Time: 19s806ms
Epoch: 147 | Loss: 0.231 | Acc: 92.160% (9216/10000) | Testing Time: 2s357ms
Saving..

Epoch: 148
Epoch: 148 | Loss: 0.446 | Acc: 84.648% (42324/50000) | Training Time: 19s75ms
Epoch: 148 | Loss: 0.241 | Acc: 92.250% (9225/10000) | Testing Time: 2s238ms
Saving..

Epoch: 149
Epoch: 149 | Loss: 0.449 | Acc: 84.492% (42246/50000) | Training Time: 19s188ms
Epoch: 149 | Loss: 0.274 | Acc: 90.330% (9033/10000) | Testing Time: 2s413ms

Epoch: 150
Epoch: 150 | Loss: 0.437 | Acc: 84.922% (42461/50000) | Training Time: 19s419ms
Epoch: 150 | Loss: 0.237 | Acc: 91.890% (9189/10000) | Testing Time: 2s373ms

Epoch: 151
Epoch: 151 | Loss: 0.441 | Acc: 84.798% (42399/50000) | Training Time: 19s120ms
Epoch: 151 | Loss: 0.257 | Acc: 91.020% (9102/10000) | Testing Time: 2s403ms

Epoch: 152
Epoch: 152 | Loss: 0.426 | Acc: 85.260% (42630/50000) | Training Time: 19s965ms
Epoch: 152 | Loss: 0.249 | Acc: 91.470% (9147/10000) | Testing Time: 2s307ms

Epoch: 153
Epoch: 153 | Loss: 0.431 | Acc: 85.166% (42583/50000) | Training Time: 19s709ms
Epoch: 153 | Loss: 0.219 | Acc: 92.410% (9241/10000) | Testing Time: 2s333ms
Saving..

Epoch: 154
Epoch: 154 | Loss: 0.430 | Acc: 85.166% (42583/50000) | Training Time: 19s696ms
Epoch: 154 | Loss: 0.227 | Acc: 92.430% (9243/10000) | Testing Time: 2s255ms
Saving..

Epoch: 155
Epoch: 155 | Loss: 0.419 | Acc: 85.450% (42725/50000) | Training Time: 19s689ms
Epoch: 155 | Loss: 0.210 | Acc: 92.940% (9294/10000) | Testing Time: 2s398ms
Saving..

Epoch: 156
Epoch: 156 | Loss: 0.409 | Acc: 85.746% (42873/50000) | Training Time: 19s162ms
Epoch: 156 | Loss: 0.246 | Acc: 91.680% (9168/10000) | Testing Time: 2s303ms

Epoch: 157
Epoch: 157 | Loss: 0.402 | Acc: 85.998% (42999/50000) | Training Time: 19s649ms
Epoch: 157 | Loss: 0.226 | Acc: 92.240% (9224/10000) | Testing Time: 2s279ms

Epoch: 158
Epoch: 158 | Loss: 0.404 | Acc: 86.016% (43008/50000) | Training Time: 19s883ms
Epoch: 158 | Loss: 0.202 | Acc: 93.160% (9316/10000) | Testing Time: 2s275ms
Saving..

Epoch: 159
Epoch: 159 | Loss: 0.391 | Acc: 86.662% (43331/50000) | Training Time: 19s61ms
Epoch: 159 | Loss: 0.234 | Acc: 92.250% (9225/10000) | Testing Time: 2s288ms

Epoch: 160
Epoch: 160 | Loss: 0.383 | Acc: 86.664% (43332/50000) | Training Time: 19s33ms
Epoch: 160 | Loss: 0.207 | Acc: 93.140% (9314/10000) | Testing Time: 2s314ms

Epoch: 161
Epoch: 161 | Loss: 0.387 | Acc: 86.514% (43257/50000) | Training Time: 19s609ms
Epoch: 161 | Loss: 0.204 | Acc: 93.280% (9328/10000) | Testing Time: 2s386ms
Saving..

Epoch: 162
Epoch: 162 | Loss: 0.377 | Acc: 86.918% (43459/50000) | Training Time: 19s65ms
Epoch: 162 | Loss: 0.201 | Acc: 93.120% (9312/10000) | Testing Time: 2s299ms

Epoch: 163
Epoch: 163 | Loss: 0.375 | Acc: 86.952% (43476/50000) | Training Time: 19s897ms
Epoch: 163 | Loss: 0.199 | Acc: 93.150% (9315/10000) | Testing Time: 2s355ms

Epoch: 164
Epoch: 164 | Loss: 0.367 | Acc: 87.288% (43644/50000) | Training Time: 20s413ms
Epoch: 164 | Loss: 0.204 | Acc: 93.150% (9315/10000) | Testing Time: 2s360ms

Epoch: 165
Epoch: 165 | Loss: 0.359 | Acc: 87.614% (43807/50000) | Training Time: 19s763ms
Epoch: 165 | Loss: 0.211 | Acc: 93.030% (9303/10000) | Testing Time: 2s309ms

Epoch: 166
Epoch: 166 | Loss: 0.358 | Acc: 87.746% (43873/50000) | Training Time: 19s963ms
Epoch: 166 | Loss: 0.197 | Acc: 93.400% (9340/10000) | Testing Time: 2s308ms
Saving..

Epoch: 167
Epoch: 167 | Loss: 0.346 | Acc: 88.040% (44020/50000) | Training Time: 19s602ms
Epoch: 167 | Loss: 0.189 | Acc: 93.610% (9361/10000) | Testing Time: 2s313ms
Saving..

Epoch: 168
Epoch: 168 | Loss: 0.342 | Acc: 88.190% (44095/50000) | Training Time: 19s370ms
Epoch: 168 | Loss: 0.182 | Acc: 94.120% (9412/10000) | Testing Time: 2s352ms
Saving..

Epoch: 169
Epoch: 169 | Loss: 0.336 | Acc: 88.398% (44199/50000) | Training Time: 19s219ms
Epoch: 169 | Loss: 0.177 | Acc: 93.870% (9387/10000) | Testing Time: 2s343ms

Epoch: 170
Epoch: 170 | Loss: 0.335 | Acc: 88.342% (44171/50000) | Training Time: 19s722ms
Epoch: 170 | Loss: 0.181 | Acc: 93.990% (9399/10000) | Testing Time: 2s305ms

Epoch: 171
Epoch: 171 | Loss: 0.328 | Acc: 88.690% (44345/50000) | Training Time: 20s361ms
Epoch: 171 | Loss: 0.173 | Acc: 94.210% (9421/10000) | Testing Time: 2s289ms
Saving..

Epoch: 172
Epoch: 172 | Loss: 0.321 | Acc: 88.852% (44426/50000) | Training Time: 19s927ms
Epoch: 172 | Loss: 0.179 | Acc: 94.090% (9409/10000) | Testing Time: 2s328ms

Epoch: 173
Epoch: 173 | Loss: 0.315 | Acc: 89.132% (44566/50000) | Training Time: 19s922ms
Epoch: 173 | Loss: 0.175 | Acc: 93.970% (9397/10000) | Testing Time: 2s321ms

Epoch: 174
Epoch: 174 | Loss: 0.309 | Acc: 89.170% (44585/50000) | Training Time: 19s26ms
Epoch: 174 | Loss: 0.178 | Acc: 93.970% (9397/10000) | Testing Time: 2s254ms

Epoch: 175
Epoch: 175 | Loss: 0.302 | Acc: 89.492% (44746/50000) | Training Time: 19s500ms
Epoch: 175 | Loss: 0.168 | Acc: 94.430% (9443/10000) | Testing Time: 2s270ms
Saving..

Epoch: 176
Epoch: 176 | Loss: 0.297 | Acc: 89.798% (44899/50000) | Training Time: 19s645ms
Epoch: 176 | Loss: 0.168 | Acc: 94.450% (9445/10000) | Testing Time: 2s258ms
Saving..

Epoch: 177
Epoch: 177 | Loss: 0.294 | Acc: 89.796% (44898/50000) | Training Time: 19s760ms
Epoch: 177 | Loss: 0.169 | Acc: 94.400% (9440/10000) | Testing Time: 2s304ms

Epoch: 178
Epoch: 178 | Loss: 0.294 | Acc: 89.796% (44898/50000) | Training Time: 19s89ms
Epoch: 178 | Loss: 0.167 | Acc: 94.650% (9465/10000) | Testing Time: 2s359ms
Saving..

Epoch: 179
Epoch: 179 | Loss: 0.282 | Acc: 90.132% (45066/50000) | Training Time: 19s222ms
Epoch: 179 | Loss: 0.164 | Acc: 94.560% (9456/10000) | Testing Time: 2s284ms

Epoch: 180
Epoch: 180 | Loss: 0.278 | Acc: 90.244% (45122/50000) | Training Time: 19s887ms
Epoch: 180 | Loss: 0.159 | Acc: 94.590% (9459/10000) | Testing Time: 2s201ms

Epoch: 181
Epoch: 181 | Loss: 0.274 | Acc: 90.478% (45239/50000) | Training Time: 19s74ms
Epoch: 181 | Loss: 0.155 | Acc: 94.980% (9498/10000) | Testing Time: 2s308ms
Saving..

Epoch: 182
Epoch: 182 | Loss: 0.272 | Acc: 90.470% (45235/50000) | Training Time: 19s985ms
Epoch: 182 | Loss: 0.153 | Acc: 94.900% (9490/10000) | Testing Time: 2s265ms

Epoch: 183
Epoch: 183 | Loss: 0.266 | Acc: 90.828% (45414/50000) | Training Time: 19s881ms
Epoch: 183 | Loss: 0.162 | Acc: 94.690% (9469/10000) | Testing Time: 2s293ms

Epoch: 184
Epoch: 184 | Loss: 0.257 | Acc: 91.206% (45603/50000) | Training Time: 19s582ms
Epoch: 184 | Loss: 0.154 | Acc: 95.140% (9514/10000) | Testing Time: 2s289ms
Saving..

Epoch: 185
Epoch: 185 | Loss: 0.255 | Acc: 91.086% (45543/50000) | Training Time: 19s298ms
Epoch: 185 | Loss: 0.153 | Acc: 94.870% (9487/10000) | Testing Time: 2s284ms

Epoch: 186
Epoch: 186 | Loss: 0.252 | Acc: 91.218% (45609/50000) | Training Time: 19s536ms
Epoch: 186 | Loss: 0.149 | Acc: 95.150% (9515/10000) | Testing Time: 2s323ms
Saving..

Epoch: 187
Epoch: 187 | Loss: 0.249 | Acc: 91.298% (45649/50000) | Training Time: 19s863ms
Epoch: 187 | Loss: 0.152 | Acc: 95.070% (9507/10000) | Testing Time: 2s326ms

Epoch: 188
Epoch: 188 | Loss: 0.245 | Acc: 91.508% (45754/50000) | Training Time: 19s350ms
Epoch: 188 | Loss: 0.149 | Acc: 95.110% (9511/10000) | Testing Time: 2s318ms

Epoch: 189
Epoch: 189 | Loss: 0.239 | Acc: 91.808% (45904/50000) | Training Time: 19s379ms
Epoch: 189 | Loss: 0.150 | Acc: 95.140% (9514/10000) | Testing Time: 2s440ms

Epoch: 190
Epoch: 190 | Loss: 0.240 | Acc: 91.674% (45837/50000) | Training Time: 19s910ms
Epoch: 190 | Loss: 0.148 | Acc: 95.250% (9525/10000) | Testing Time: 2s296ms
Saving..

Epoch: 191
Epoch: 191 | Loss: 0.236 | Acc: 91.900% (45950/50000) | Training Time: 19s889ms
Epoch: 191 | Loss: 0.149 | Acc: 95.230% (9523/10000) | Testing Time: 2s321ms

Epoch: 192
Epoch: 192 | Loss: 0.234 | Acc: 91.922% (45961/50000) | Training Time: 19s217ms
Epoch: 192 | Loss: 0.147 | Acc: 95.370% (9537/10000) | Testing Time: 2s287ms
Saving..

Epoch: 193
Epoch: 193 | Loss: 0.235 | Acc: 91.878% (45939/50000) | Training Time: 19s851ms
Epoch: 193 | Loss: 0.145 | Acc: 95.320% (9532/10000) | Testing Time: 2s342ms

Epoch: 194
Epoch: 194 | Loss: 0.234 | Acc: 91.902% (45951/50000) | Training Time: 19s475ms
Epoch: 194 | Loss: 0.145 | Acc: 95.320% (9532/10000) | Testing Time: 2s313ms

Epoch: 195
Epoch: 195 | Loss: 0.229 | Acc: 92.116% (46058/50000) | Training Time: 19s930ms
Epoch: 195 | Loss: 0.143 | Acc: 95.450% (9545/10000) | Testing Time: 2s258ms
Saving..

Epoch: 196
Epoch: 196 | Loss: 0.231 | Acc: 92.016% (46008/50000) | Training Time: 19s80ms
Epoch: 196 | Loss: 0.143 | Acc: 95.330% (9533/10000) | Testing Time: 2s275ms

Epoch: 197
Epoch: 197 | Loss: 0.233 | Acc: 91.796% (45898/50000) | Training Time: 19s64ms
Epoch: 197 | Loss: 0.143 | Acc: 95.330% (9533/10000) | Testing Time: 2s233ms

Epoch: 198
Epoch: 198 | Loss: 0.232 | Acc: 92.000% (46000/50000) | Training Time: 19s604ms
Epoch: 198 | Loss: 0.144 | Acc: 95.380% (9538/10000) | Testing Time: 2s336ms

Epoch: 199
Epoch: 199 | Loss: 0.230 | Acc: 92.046% (46023/50000) | Training Time: 19s502ms
Epoch: 199 | Loss: 0.144 | Acc: 95.270% (9527/10000) | Testing Time: 2s272ms
Total Time: 1h13m
==> Saving training loss/acc and testing loss/acc...
==> Drawing loss and acc...
==> Process finished.
