Test case num:  19
==> device:  cuda
==> Preparing data..
Files already downloaded and verified
Files already downloaded and verified
==> Evaluating model..
----------------------------------------------------------------
        Layer (type)               Output Shape         Param #
================================================================
            Conv2d-1           [-1, 64, 32, 32]           1,728
       BatchNorm2d-2           [-1, 64, 32, 32]             128
            Conv2d-3           [-1, 64, 32, 32]          36,864
       BatchNorm2d-4           [-1, 64, 32, 32]             128
            Conv2d-5           [-1, 64, 32, 32]          36,864
       BatchNorm2d-6           [-1, 64, 32, 32]             128
        BasicBlock-7           [-1, 64, 32, 32]               0
            Conv2d-8          [-1, 128, 16, 16]          73,728
       BatchNorm2d-9          [-1, 128, 16, 16]             256
           Conv2d-10          [-1, 128, 16, 16]         147,456
      BatchNorm2d-11          [-1, 128, 16, 16]             256
           Conv2d-12          [-1, 128, 16, 16]           8,192
      BatchNorm2d-13          [-1, 128, 16, 16]             256
       BasicBlock-14          [-1, 128, 16, 16]               0
           Conv2d-15          [-1, 128, 16, 16]         147,456
      BatchNorm2d-16          [-1, 128, 16, 16]             256
           Conv2d-17          [-1, 128, 16, 16]         147,456
      BatchNorm2d-18          [-1, 128, 16, 16]             256
       BasicBlock-19          [-1, 128, 16, 16]               0
           Conv2d-20            [-1, 256, 8, 8]         294,912
      BatchNorm2d-21            [-1, 256, 8, 8]             512
           Conv2d-22            [-1, 256, 8, 8]         589,824
      BatchNorm2d-23            [-1, 256, 8, 8]             512
           Conv2d-24            [-1, 256, 8, 8]          32,768
      BatchNorm2d-25            [-1, 256, 8, 8]             512
       BasicBlock-26            [-1, 256, 8, 8]               0
           Conv2d-27            [-1, 256, 8, 8]         589,824
      BatchNorm2d-28            [-1, 256, 8, 8]             512
           Conv2d-29            [-1, 256, 8, 8]         589,824
      BatchNorm2d-30            [-1, 256, 8, 8]             512
       BasicBlock-31            [-1, 256, 8, 8]               0
           Linear-32                   [-1, 10]           2,570
================================================================
Total params: 2,703,690
Trainable params: 2,703,690
Non-trainable params: 0
----------------------------------------------------------------
Input size (MB): 0.01
Forward/backward pass size (MB): 8.00
Params size (MB): 10.31
Estimated Total Size (MB): 18.33
----------------------------------------------------------------

Epoch: 0
Epoch: 000 | Loss: 1.664 | Acc: 38.714% (19357/50000) | Training Time: 16s212ms
Epoch: 000 | Loss: 1.705 | Acc: 44.050% (4405/10000) | Testing Time: 1s706ms
Saving..

Epoch: 1
Epoch: 001 | Loss: 1.148 | Acc: 58.686% (29343/50000) | Training Time: 11s373ms
Epoch: 001 | Loss: 1.077 | Acc: 61.710% (6171/10000) | Testing Time: 1s670ms
Saving..

Epoch: 2
Epoch: 002 | Loss: 0.938 | Acc: 66.972% (33486/50000) | Training Time: 11s496ms
Epoch: 002 | Loss: 1.199 | Acc: 60.670% (6067/10000) | Testing Time: 1s625ms

Epoch: 3
Epoch: 003 | Loss: 0.795 | Acc: 72.136% (36068/50000) | Training Time: 11s526ms
Epoch: 003 | Loss: 0.763 | Acc: 74.100% (7410/10000) | Testing Time: 1s688ms
Saving..

Epoch: 4
Epoch: 004 | Loss: 0.684 | Acc: 76.338% (38169/50000) | Training Time: 11s279ms
Epoch: 004 | Loss: 0.829 | Acc: 71.680% (7168/10000) | Testing Time: 1s705ms

Epoch: 5
Epoch: 005 | Loss: 0.620 | Acc: 78.838% (39419/50000) | Training Time: 11s511ms
Epoch: 005 | Loss: 0.715 | Acc: 77.130% (7713/10000) | Testing Time: 1s714ms
Saving..

Epoch: 6
Epoch: 006 | Loss: 0.577 | Acc: 80.252% (40126/50000) | Training Time: 11s723ms
Epoch: 006 | Loss: 0.677 | Acc: 77.170% (7717/10000) | Testing Time: 1s658ms
Saving..

Epoch: 7
Epoch: 007 | Loss: 0.545 | Acc: 81.302% (40651/50000) | Training Time: 11s272ms
Epoch: 007 | Loss: 0.734 | Acc: 75.180% (7518/10000) | Testing Time: 1s787ms

Epoch: 8
Epoch: 008 | Loss: 0.516 | Acc: 82.328% (41164/50000) | Training Time: 11s312ms
Epoch: 008 | Loss: 0.657 | Acc: 78.360% (7836/10000) | Testing Time: 1s659ms
Saving..

Epoch: 9
Epoch: 009 | Loss: 0.496 | Acc: 82.956% (41478/50000) | Training Time: 11s686ms
Epoch: 009 | Loss: 0.605 | Acc: 79.810% (7981/10000) | Testing Time: 1s688ms
Saving..

Epoch: 10
Epoch: 010 | Loss: 0.485 | Acc: 83.438% (41719/50000) | Training Time: 11s460ms
Epoch: 010 | Loss: 0.600 | Acc: 79.990% (7999/10000) | Testing Time: 1s679ms
Saving..

Epoch: 11
Epoch: 011 | Loss: 0.468 | Acc: 84.130% (42065/50000) | Training Time: 11s539ms
Epoch: 011 | Loss: 0.711 | Acc: 76.660% (7666/10000) | Testing Time: 1s646ms

Epoch: 12
Epoch: 012 | Loss: 0.455 | Acc: 84.440% (42220/50000) | Training Time: 11s496ms
Epoch: 012 | Loss: 0.565 | Acc: 81.980% (8198/10000) | Testing Time: 1s703ms
Saving..

Epoch: 13
Epoch: 013 | Loss: 0.440 | Acc: 85.152% (42576/50000) | Training Time: 11s566ms
Epoch: 013 | Loss: 0.831 | Acc: 74.840% (7484/10000) | Testing Time: 1s643ms

Epoch: 14
Epoch: 014 | Loss: 0.439 | Acc: 85.102% (42551/50000) | Training Time: 11s498ms
Epoch: 014 | Loss: 0.614 | Acc: 79.470% (7947/10000) | Testing Time: 1s799ms

Epoch: 15
Epoch: 015 | Loss: 0.426 | Acc: 85.372% (42686/50000) | Training Time: 11s521ms
Epoch: 015 | Loss: 0.659 | Acc: 79.270% (7927/10000) | Testing Time: 1s747ms

Epoch: 16
Epoch: 016 | Loss: 0.412 | Acc: 85.874% (42937/50000) | Training Time: 11s590ms
Epoch: 016 | Loss: 0.824 | Acc: 75.030% (7503/10000) | Testing Time: 1s692ms

Epoch: 17
Epoch: 017 | Loss: 0.413 | Acc: 85.778% (42889/50000) | Training Time: 11s695ms
Epoch: 017 | Loss: 0.654 | Acc: 78.680% (7868/10000) | Testing Time: 1s670ms

Epoch: 18
Epoch: 018 | Loss: 0.401 | Acc: 86.312% (43156/50000) | Training Time: 11s331ms
Epoch: 018 | Loss: 0.646 | Acc: 80.800% (8080/10000) | Testing Time: 1s768ms

Epoch: 19
Epoch: 019 | Loss: 0.395 | Acc: 86.498% (43249/50000) | Training Time: 11s506ms
Epoch: 019 | Loss: 0.551 | Acc: 81.370% (8137/10000) | Testing Time: 1s733ms

Epoch: 20
Epoch: 020 | Loss: 0.388 | Acc: 86.820% (43410/50000) | Training Time: 11s311ms
Epoch: 020 | Loss: 0.592 | Acc: 81.060% (8106/10000) | Testing Time: 1s641ms

Epoch: 21
Epoch: 021 | Loss: 0.392 | Acc: 86.700% (43350/50000) | Training Time: 11s180ms
Epoch: 021 | Loss: 0.464 | Acc: 84.610% (8461/10000) | Testing Time: 1s773ms
Saving..

Epoch: 22
Epoch: 022 | Loss: 0.380 | Acc: 86.930% (43465/50000) | Training Time: 11s369ms
Epoch: 022 | Loss: 0.562 | Acc: 82.100% (8210/10000) | Testing Time: 1s730ms

Epoch: 23
Epoch: 023 | Loss: 0.376 | Acc: 87.054% (43527/50000) | Training Time: 11s488ms
Epoch: 023 | Loss: 0.497 | Acc: 84.010% (8401/10000) | Testing Time: 1s657ms

Epoch: 24
Epoch: 024 | Loss: 0.375 | Acc: 87.132% (43566/50000) | Training Time: 11s476ms
Epoch: 024 | Loss: 0.936 | Acc: 71.860% (7186/10000) | Testing Time: 1s663ms

Epoch: 25
Epoch: 025 | Loss: 0.370 | Acc: 87.362% (43681/50000) | Training Time: 11s526ms
Epoch: 025 | Loss: 0.564 | Acc: 82.250% (8225/10000) | Testing Time: 1s654ms

Epoch: 26
Epoch: 026 | Loss: 0.361 | Acc: 87.640% (43820/50000) | Training Time: 11s399ms
Epoch: 026 | Loss: 0.621 | Acc: 80.930% (8093/10000) | Testing Time: 1s722ms

Epoch: 27
Epoch: 027 | Loss: 0.366 | Acc: 87.788% (43894/50000) | Training Time: 11s303ms
Epoch: 027 | Loss: 0.465 | Acc: 84.880% (8488/10000) | Testing Time: 1s717ms
Saving..

Epoch: 28
Epoch: 028 | Loss: 0.362 | Acc: 87.646% (43823/50000) | Training Time: 11s243ms
Epoch: 028 | Loss: 0.671 | Acc: 79.700% (7970/10000) | Testing Time: 1s764ms

Epoch: 29
Epoch: 029 | Loss: 0.353 | Acc: 88.084% (44042/50000) | Training Time: 11s422ms
Epoch: 029 | Loss: 0.893 | Acc: 75.390% (7539/10000) | Testing Time: 1s677ms

Epoch: 30
Epoch: 030 | Loss: 0.359 | Acc: 87.746% (43873/50000) | Training Time: 11s525ms
Epoch: 030 | Loss: 0.474 | Acc: 83.810% (8381/10000) | Testing Time: 1s664ms

Epoch: 31
Epoch: 031 | Loss: 0.351 | Acc: 88.032% (44016/50000) | Training Time: 11s542ms
Epoch: 031 | Loss: 0.485 | Acc: 84.650% (8465/10000) | Testing Time: 1s699ms

Epoch: 32
Epoch: 032 | Loss: 0.350 | Acc: 88.044% (44022/50000) | Training Time: 11s589ms
Epoch: 032 | Loss: 0.560 | Acc: 82.440% (8244/10000) | Testing Time: 1s729ms

Epoch: 33
Epoch: 033 | Loss: 0.349 | Acc: 88.220% (44110/50000) | Training Time: 11s361ms
Epoch: 033 | Loss: 0.612 | Acc: 79.780% (7978/10000) | Testing Time: 1s710ms

Epoch: 34
Epoch: 034 | Loss: 0.347 | Acc: 87.998% (43999/50000) | Training Time: 11s391ms
Epoch: 034 | Loss: 0.470 | Acc: 84.700% (8470/10000) | Testing Time: 1s756ms

Epoch: 35
Epoch: 035 | Loss: 0.347 | Acc: 88.130% (44065/50000) | Training Time: 11s418ms
Epoch: 035 | Loss: 0.534 | Acc: 82.790% (8279/10000) | Testing Time: 1s738ms

Epoch: 36
Epoch: 036 | Loss: 0.346 | Acc: 88.416% (44208/50000) | Training Time: 11s577ms
Epoch: 036 | Loss: 0.564 | Acc: 81.570% (8157/10000) | Testing Time: 1s669ms

Epoch: 37
Epoch: 037 | Loss: 0.336 | Acc: 88.544% (44272/50000) | Training Time: 11s261ms
Epoch: 037 | Loss: 0.417 | Acc: 85.530% (8553/10000) | Testing Time: 1s655ms
Saving..

Epoch: 38
Epoch: 038 | Loss: 0.333 | Acc: 88.694% (44347/50000) | Training Time: 11s496ms
Epoch: 038 | Loss: 0.420 | Acc: 86.260% (8626/10000) | Testing Time: 1s711ms
Saving..

Epoch: 39
Epoch: 039 | Loss: 0.334 | Acc: 88.630% (44315/50000) | Training Time: 11s310ms
Epoch: 039 | Loss: 0.449 | Acc: 85.770% (8577/10000) | Testing Time: 1s652ms

Epoch: 40
Epoch: 040 | Loss: 0.333 | Acc: 88.452% (44226/50000) | Training Time: 11s585ms
Epoch: 040 | Loss: 0.407 | Acc: 86.430% (8643/10000) | Testing Time: 1s708ms
Saving..

Epoch: 41
Epoch: 041 | Loss: 0.327 | Acc: 88.882% (44441/50000) | Training Time: 11s206ms
Epoch: 041 | Loss: 0.467 | Acc: 84.790% (8479/10000) | Testing Time: 1s656ms

Epoch: 42
Epoch: 042 | Loss: 0.324 | Acc: 88.944% (44472/50000) | Training Time: 11s373ms
Epoch: 042 | Loss: 0.386 | Acc: 87.100% (8710/10000) | Testing Time: 1s831ms
Saving..

Epoch: 43
Epoch: 043 | Loss: 0.326 | Acc: 88.884% (44442/50000) | Training Time: 11s437ms
Epoch: 043 | Loss: 0.440 | Acc: 85.720% (8572/10000) | Testing Time: 1s670ms

Epoch: 44
Epoch: 044 | Loss: 0.329 | Acc: 88.796% (44398/50000) | Training Time: 11s552ms
Epoch: 044 | Loss: 0.453 | Acc: 84.980% (8498/10000) | Testing Time: 1s687ms

Epoch: 45
Epoch: 045 | Loss: 0.324 | Acc: 89.002% (44501/50000) | Training Time: 11s555ms
Epoch: 045 | Loss: 0.519 | Acc: 83.090% (8309/10000) | Testing Time: 1s695ms

Epoch: 46
Epoch: 046 | Loss: 0.316 | Acc: 89.168% (44584/50000) | Training Time: 11s466ms
Epoch: 046 | Loss: 0.445 | Acc: 85.330% (8533/10000) | Testing Time: 1s666ms

Epoch: 47
Epoch: 047 | Loss: 0.323 | Acc: 88.992% (44496/50000) | Training Time: 11s436ms
Epoch: 047 | Loss: 0.600 | Acc: 80.650% (8065/10000) | Testing Time: 1s823ms

Epoch: 48
Epoch: 048 | Loss: 0.307 | Acc: 89.498% (44749/50000) | Training Time: 11s432ms
Epoch: 048 | Loss: 0.531 | Acc: 82.440% (8244/10000) | Testing Time: 1s676ms

Epoch: 49
Epoch: 049 | Loss: 0.321 | Acc: 89.076% (44538/50000) | Training Time: 11s368ms
Epoch: 049 | Loss: 0.625 | Acc: 80.430% (8043/10000) | Testing Time: 1s801ms

Epoch: 50
Epoch: 050 | Loss: 0.310 | Acc: 89.414% (44707/50000) | Training Time: 11s378ms
Epoch: 050 | Loss: 0.472 | Acc: 84.650% (8465/10000) | Testing Time: 1s671ms

Epoch: 51
Epoch: 051 | Loss: 0.306 | Acc: 89.676% (44838/50000) | Training Time: 11s425ms
Epoch: 051 | Loss: 0.519 | Acc: 83.210% (8321/10000) | Testing Time: 1s702ms

Epoch: 52
Epoch: 052 | Loss: 0.305 | Acc: 89.556% (44778/50000) | Training Time: 11s499ms
Epoch: 052 | Loss: 0.501 | Acc: 84.080% (8408/10000) | Testing Time: 1s696ms

Epoch: 53
Epoch: 053 | Loss: 0.306 | Acc: 89.538% (44769/50000) | Training Time: 11s394ms
Epoch: 053 | Loss: 0.404 | Acc: 86.370% (8637/10000) | Testing Time: 1s741ms

Epoch: 54
Epoch: 054 | Loss: 0.304 | Acc: 89.730% (44865/50000) | Training Time: 11s531ms
Epoch: 054 | Loss: 0.429 | Acc: 85.860% (8586/10000) | Testing Time: 1s708ms

Epoch: 55
Epoch: 055 | Loss: 0.305 | Acc: 89.544% (44772/50000) | Training Time: 11s417ms
Epoch: 055 | Loss: 0.455 | Acc: 85.260% (8526/10000) | Testing Time: 1s768ms

Epoch: 56
Epoch: 056 | Loss: 0.302 | Acc: 89.744% (44872/50000) | Training Time: 11s446ms
Epoch: 056 | Loss: 0.691 | Acc: 78.680% (7868/10000) | Testing Time: 1s781ms

Epoch: 57
Epoch: 057 | Loss: 0.298 | Acc: 89.934% (44967/50000) | Training Time: 11s509ms
Epoch: 057 | Loss: 0.514 | Acc: 83.720% (8372/10000) | Testing Time: 1s762ms

Epoch: 58
Epoch: 058 | Loss: 0.294 | Acc: 89.938% (44969/50000) | Training Time: 11s494ms
Epoch: 058 | Loss: 0.402 | Acc: 86.710% (8671/10000) | Testing Time: 1s679ms

Epoch: 59
Epoch: 059 | Loss: 0.300 | Acc: 89.798% (44899/50000) | Training Time: 11s250ms
Epoch: 059 | Loss: 0.453 | Acc: 85.510% (8551/10000) | Testing Time: 1s693ms

Epoch: 60
Epoch: 060 | Loss: 0.286 | Acc: 90.250% (45125/50000) | Training Time: 11s510ms
Epoch: 060 | Loss: 0.577 | Acc: 82.260% (8226/10000) | Testing Time: 1s726ms

Epoch: 61
Epoch: 061 | Loss: 0.287 | Acc: 90.098% (45049/50000) | Training Time: 11s547ms
Epoch: 061 | Loss: 0.463 | Acc: 85.380% (8538/10000) | Testing Time: 1s708ms

Epoch: 62
Epoch: 062 | Loss: 0.289 | Acc: 90.084% (45042/50000) | Training Time: 11s487ms
Epoch: 062 | Loss: 0.432 | Acc: 85.460% (8546/10000) | Testing Time: 1s694ms

Epoch: 63
Epoch: 063 | Loss: 0.283 | Acc: 90.404% (45202/50000) | Training Time: 11s472ms
Epoch: 063 | Loss: 0.462 | Acc: 84.320% (8432/10000) | Testing Time: 1s778ms

Epoch: 64
Epoch: 064 | Loss: 0.289 | Acc: 90.066% (45033/50000) | Training Time: 11s625ms
Epoch: 064 | Loss: 0.489 | Acc: 84.360% (8436/10000) | Testing Time: 1s684ms

Epoch: 65
Epoch: 065 | Loss: 0.286 | Acc: 90.284% (45142/50000) | Training Time: 11s461ms
Epoch: 065 | Loss: 0.509 | Acc: 84.050% (8405/10000) | Testing Time: 1s704ms

Epoch: 66
Epoch: 066 | Loss: 0.281 | Acc: 90.482% (45241/50000) | Training Time: 11s309ms
Epoch: 066 | Loss: 0.407 | Acc: 87.320% (8732/10000) | Testing Time: 1s647ms
Saving..

Epoch: 67
Epoch: 067 | Loss: 0.274 | Acc: 90.620% (45310/50000) | Training Time: 11s561ms
Epoch: 067 | Loss: 0.386 | Acc: 87.080% (8708/10000) | Testing Time: 1s697ms

Epoch: 68
Epoch: 068 | Loss: 0.277 | Acc: 90.564% (45282/50000) | Training Time: 11s446ms
Epoch: 068 | Loss: 0.469 | Acc: 84.510% (8451/10000) | Testing Time: 1s734ms

Epoch: 69
Epoch: 069 | Loss: 0.280 | Acc: 90.266% (45133/50000) | Training Time: 11s435ms
Epoch: 069 | Loss: 0.551 | Acc: 82.380% (8238/10000) | Testing Time: 1s735ms

Epoch: 70
Epoch: 070 | Loss: 0.272 | Acc: 90.760% (45380/50000) | Training Time: 11s604ms
Epoch: 070 | Loss: 0.447 | Acc: 86.020% (8602/10000) | Testing Time: 1s770ms

Epoch: 71
Epoch: 071 | Loss: 0.269 | Acc: 90.832% (45416/50000) | Training Time: 11s417ms
Epoch: 071 | Loss: 0.550 | Acc: 83.400% (8340/10000) | Testing Time: 1s717ms

Epoch: 72
Epoch: 072 | Loss: 0.269 | Acc: 90.740% (45370/50000) | Training Time: 11s522ms
Epoch: 072 | Loss: 0.394 | Acc: 87.190% (8719/10000) | Testing Time: 1s669ms

Epoch: 73
Epoch: 073 | Loss: 0.265 | Acc: 90.874% (45437/50000) | Training Time: 11s282ms
Epoch: 073 | Loss: 0.464 | Acc: 85.340% (8534/10000) | Testing Time: 1s656ms

Epoch: 74
Epoch: 074 | Loss: 0.263 | Acc: 91.148% (45574/50000) | Training Time: 11s428ms
Epoch: 074 | Loss: 0.379 | Acc: 87.370% (8737/10000) | Testing Time: 1s648ms
Saving..

Epoch: 75
Epoch: 075 | Loss: 0.259 | Acc: 91.162% (45581/50000) | Training Time: 11s584ms
Epoch: 075 | Loss: 0.431 | Acc: 85.930% (8593/10000) | Testing Time: 1s739ms

Epoch: 76
Epoch: 076 | Loss: 0.257 | Acc: 91.150% (45575/50000) | Training Time: 11s511ms
Epoch: 076 | Loss: 0.708 | Acc: 78.690% (7869/10000) | Testing Time: 1s690ms

Epoch: 77
Epoch: 077 | Loss: 0.256 | Acc: 91.304% (45652/50000) | Training Time: 11s496ms
Epoch: 077 | Loss: 0.405 | Acc: 86.970% (8697/10000) | Testing Time: 1s750ms

Epoch: 78
Epoch: 078 | Loss: 0.251 | Acc: 91.310% (45655/50000) | Training Time: 11s409ms
Epoch: 078 | Loss: 0.483 | Acc: 85.480% (8548/10000) | Testing Time: 1s693ms

Epoch: 79
Epoch: 079 | Loss: 0.252 | Acc: 91.376% (45688/50000) | Training Time: 11s345ms
Epoch: 079 | Loss: 0.428 | Acc: 86.240% (8624/10000) | Testing Time: 1s659ms

Epoch: 80
Epoch: 080 | Loss: 0.252 | Acc: 91.458% (45729/50000) | Training Time: 11s346ms
Epoch: 080 | Loss: 0.366 | Acc: 87.860% (8786/10000) | Testing Time: 1s683ms
Saving..

Epoch: 81
Epoch: 081 | Loss: 0.246 | Acc: 91.616% (45808/50000) | Training Time: 11s632ms
Epoch: 081 | Loss: 0.416 | Acc: 86.880% (8688/10000) | Testing Time: 1s661ms

Epoch: 82
Epoch: 082 | Loss: 0.240 | Acc: 91.810% (45905/50000) | Training Time: 11s526ms
Epoch: 082 | Loss: 0.391 | Acc: 87.850% (8785/10000) | Testing Time: 1s701ms

Epoch: 83
Epoch: 083 | Loss: 0.243 | Acc: 91.650% (45825/50000) | Training Time: 11s529ms
Epoch: 083 | Loss: 0.370 | Acc: 87.830% (8783/10000) | Testing Time: 1s712ms

Epoch: 84
Epoch: 084 | Loss: 0.240 | Acc: 91.770% (45885/50000) | Training Time: 11s539ms
Epoch: 084 | Loss: 0.489 | Acc: 84.250% (8425/10000) | Testing Time: 1s763ms

Epoch: 85
Epoch: 085 | Loss: 0.234 | Acc: 92.058% (46029/50000) | Training Time: 11s648ms
Epoch: 085 | Loss: 0.360 | Acc: 88.520% (8852/10000) | Testing Time: 1s680ms
Saving..

Epoch: 86
Epoch: 086 | Loss: 0.238 | Acc: 91.924% (45962/50000) | Training Time: 11s493ms
Epoch: 086 | Loss: 0.389 | Acc: 87.520% (8752/10000) | Testing Time: 1s658ms

Epoch: 87
Epoch: 087 | Loss: 0.229 | Acc: 92.268% (46134/50000) | Training Time: 11s439ms
Epoch: 087 | Loss: 0.375 | Acc: 87.760% (8776/10000) | Testing Time: 1s669ms

Epoch: 88
Epoch: 088 | Loss: 0.230 | Acc: 92.214% (46107/50000) | Training Time: 11s731ms
Epoch: 088 | Loss: 0.547 | Acc: 83.080% (8308/10000) | Testing Time: 1s674ms

Epoch: 89
Epoch: 089 | Loss: 0.228 | Acc: 92.302% (46151/50000) | Training Time: 11s338ms
Epoch: 089 | Loss: 0.475 | Acc: 85.200% (8520/10000) | Testing Time: 1s751ms

Epoch: 90
Epoch: 090 | Loss: 0.226 | Acc: 92.224% (46112/50000) | Training Time: 11s362ms
Epoch: 090 | Loss: 0.324 | Acc: 89.140% (8914/10000) | Testing Time: 1s681ms
Saving..

Epoch: 91
Epoch: 091 | Loss: 0.219 | Acc: 92.576% (46288/50000) | Training Time: 11s393ms
Epoch: 091 | Loss: 0.409 | Acc: 87.080% (8708/10000) | Testing Time: 1s738ms

Epoch: 92
Epoch: 092 | Loss: 0.220 | Acc: 92.460% (46230/50000) | Training Time: 11s301ms
Epoch: 092 | Loss: 0.391 | Acc: 88.020% (8802/10000) | Testing Time: 1s751ms

Epoch: 93
Epoch: 093 | Loss: 0.222 | Acc: 92.434% (46217/50000) | Training Time: 11s545ms
Epoch: 093 | Loss: 0.444 | Acc: 85.950% (8595/10000) | Testing Time: 1s694ms

Epoch: 94
Epoch: 094 | Loss: 0.212 | Acc: 92.770% (46385/50000) | Training Time: 11s566ms
Epoch: 094 | Loss: 0.627 | Acc: 81.410% (8141/10000) | Testing Time: 1s679ms

Epoch: 95
Epoch: 095 | Loss: 0.211 | Acc: 92.732% (46366/50000) | Training Time: 11s446ms
Epoch: 095 | Loss: 0.390 | Acc: 87.310% (8731/10000) | Testing Time: 1s706ms

Epoch: 96
Epoch: 096 | Loss: 0.212 | Acc: 92.736% (46368/50000) | Training Time: 11s462ms
Epoch: 096 | Loss: 0.361 | Acc: 88.430% (8843/10000) | Testing Time: 1s726ms

Epoch: 97
Epoch: 097 | Loss: 0.205 | Acc: 92.906% (46453/50000) | Training Time: 11s311ms
Epoch: 097 | Loss: 0.382 | Acc: 87.740% (8774/10000) | Testing Time: 1s723ms

Epoch: 98
Epoch: 098 | Loss: 0.202 | Acc: 93.146% (46573/50000) | Training Time: 11s488ms
Epoch: 098 | Loss: 0.397 | Acc: 88.110% (8811/10000) | Testing Time: 1s784ms

Epoch: 99
Epoch: 099 | Loss: 0.210 | Acc: 92.822% (46411/50000) | Training Time: 11s363ms
Epoch: 099 | Loss: 0.419 | Acc: 86.300% (8630/10000) | Testing Time: 1s679ms

Epoch: 100
Epoch: 100 | Loss: 0.199 | Acc: 93.312% (46656/50000) | Training Time: 11s703ms
Epoch: 100 | Loss: 0.332 | Acc: 89.540% (8954/10000) | Testing Time: 1s657ms
Saving..

Epoch: 101
Epoch: 101 | Loss: 0.188 | Acc: 93.560% (46780/50000) | Training Time: 11s698ms
Epoch: 101 | Loss: 0.324 | Acc: 89.390% (8939/10000) | Testing Time: 1s688ms

Epoch: 102
Epoch: 102 | Loss: 0.198 | Acc: 93.238% (46619/50000) | Training Time: 11s649ms
Epoch: 102 | Loss: 0.316 | Acc: 89.750% (8975/10000) | Testing Time: 1s720ms
Saving..

Epoch: 103
Epoch: 103 | Loss: 0.193 | Acc: 93.394% (46697/50000) | Training Time: 11s583ms
Epoch: 103 | Loss: 0.384 | Acc: 87.680% (8768/10000) | Testing Time: 1s797ms

Epoch: 104
Epoch: 104 | Loss: 0.193 | Acc: 93.600% (46800/50000) | Training Time: 11s223ms
Epoch: 104 | Loss: 0.317 | Acc: 89.660% (8966/10000) | Testing Time: 1s696ms

Epoch: 105
Epoch: 105 | Loss: 0.183 | Acc: 93.824% (46912/50000) | Training Time: 11s485ms
Epoch: 105 | Loss: 0.360 | Acc: 88.370% (8837/10000) | Testing Time: 1s753ms

Epoch: 106
Epoch: 106 | Loss: 0.180 | Acc: 93.824% (46912/50000) | Training Time: 11s523ms
Epoch: 106 | Loss: 0.363 | Acc: 88.660% (8866/10000) | Testing Time: 1s691ms

Epoch: 107
Epoch: 107 | Loss: 0.179 | Acc: 93.916% (46958/50000) | Training Time: 11s590ms
Epoch: 107 | Loss: 0.315 | Acc: 90.060% (9006/10000) | Testing Time: 1s639ms
Saving..

Epoch: 108
Epoch: 108 | Loss: 0.180 | Acc: 93.850% (46925/50000) | Training Time: 11s463ms
Epoch: 108 | Loss: 0.299 | Acc: 90.620% (9062/10000) | Testing Time: 1s719ms
Saving..

Epoch: 109
Epoch: 109 | Loss: 0.173 | Acc: 94.122% (47061/50000) | Training Time: 11s731ms
Epoch: 109 | Loss: 0.336 | Acc: 89.160% (8916/10000) | Testing Time: 1s704ms

Epoch: 110
Epoch: 110 | Loss: 0.169 | Acc: 94.288% (47144/50000) | Training Time: 11s425ms
Epoch: 110 | Loss: 0.394 | Acc: 87.100% (8710/10000) | Testing Time: 1s746ms

Epoch: 111
Epoch: 111 | Loss: 0.172 | Acc: 94.202% (47101/50000) | Training Time: 11s472ms
Epoch: 111 | Loss: 0.306 | Acc: 89.920% (8992/10000) | Testing Time: 1s730ms

Epoch: 112
Epoch: 112 | Loss: 0.165 | Acc: 94.414% (47207/50000) | Training Time: 11s354ms
Epoch: 112 | Loss: 0.373 | Acc: 88.590% (8859/10000) | Testing Time: 1s791ms

Epoch: 113
Epoch: 113 | Loss: 0.165 | Acc: 94.416% (47208/50000) | Training Time: 11s618ms
Epoch: 113 | Loss: 0.322 | Acc: 89.220% (8922/10000) | Testing Time: 1s722ms

Epoch: 114
Epoch: 114 | Loss: 0.153 | Acc: 94.846% (47423/50000) | Training Time: 11s642ms
Epoch: 114 | Loss: 0.391 | Acc: 88.520% (8852/10000) | Testing Time: 1s676ms

Epoch: 115
Epoch: 115 | Loss: 0.157 | Acc: 94.718% (47359/50000) | Training Time: 11s340ms
Epoch: 115 | Loss: 0.317 | Acc: 90.110% (9011/10000) | Testing Time: 1s667ms

Epoch: 116
Epoch: 116 | Loss: 0.151 | Acc: 94.908% (47454/50000) | Training Time: 11s574ms
Epoch: 116 | Loss: 0.321 | Acc: 89.860% (8986/10000) | Testing Time: 1s647ms

Epoch: 117
Epoch: 117 | Loss: 0.152 | Acc: 94.874% (47437/50000) | Training Time: 11s304ms
Epoch: 117 | Loss: 0.339 | Acc: 89.500% (8950/10000) | Testing Time: 1s700ms

Epoch: 118
Epoch: 118 | Loss: 0.144 | Acc: 95.056% (47528/50000) | Training Time: 11s498ms
Epoch: 118 | Loss: 0.312 | Acc: 90.130% (9013/10000) | Testing Time: 1s728ms

Epoch: 119
Epoch: 119 | Loss: 0.150 | Acc: 94.876% (47438/50000) | Training Time: 11s631ms
Epoch: 119 | Loss: 0.333 | Acc: 89.750% (8975/10000) | Testing Time: 1s779ms

Epoch: 120
Epoch: 120 | Loss: 0.141 | Acc: 95.138% (47569/50000) | Training Time: 11s532ms
Epoch: 120 | Loss: 0.341 | Acc: 89.730% (8973/10000) | Testing Time: 1s660ms

Epoch: 121
Epoch: 121 | Loss: 0.135 | Acc: 95.516% (47758/50000) | Training Time: 11s486ms
Epoch: 121 | Loss: 0.371 | Acc: 88.310% (8831/10000) | Testing Time: 1s681ms

Epoch: 122
Epoch: 122 | Loss: 0.137 | Acc: 95.440% (47720/50000) | Training Time: 11s347ms
Epoch: 122 | Loss: 0.342 | Acc: 89.680% (8968/10000) | Testing Time: 1s681ms

Epoch: 123
Epoch: 123 | Loss: 0.132 | Acc: 95.640% (47820/50000) | Training Time: 11s603ms
Epoch: 123 | Loss: 0.278 | Acc: 90.900% (9090/10000) | Testing Time: 1s655ms
Saving..

Epoch: 124
Epoch: 124 | Loss: 0.120 | Acc: 95.942% (47971/50000) | Training Time: 11s517ms
Epoch: 124 | Loss: 0.413 | Acc: 87.790% (8779/10000) | Testing Time: 1s738ms

Epoch: 125
Epoch: 125 | Loss: 0.121 | Acc: 95.978% (47989/50000) | Training Time: 11s578ms
Epoch: 125 | Loss: 0.441 | Acc: 87.380% (8738/10000) | Testing Time: 1s690ms

Epoch: 126
Epoch: 126 | Loss: 0.123 | Acc: 95.898% (47949/50000) | Training Time: 11s706ms
Epoch: 126 | Loss: 0.317 | Acc: 90.460% (9046/10000) | Testing Time: 1s792ms

Epoch: 127
Epoch: 127 | Loss: 0.117 | Acc: 96.130% (48065/50000) | Training Time: 11s522ms
Epoch: 127 | Loss: 0.334 | Acc: 89.640% (8964/10000) | Testing Time: 1s653ms

Epoch: 128
Epoch: 128 | Loss: 0.121 | Acc: 95.940% (47970/50000) | Training Time: 11s784ms
Epoch: 128 | Loss: 0.320 | Acc: 90.180% (9018/10000) | Testing Time: 1s694ms

Epoch: 129
Epoch: 129 | Loss: 0.113 | Acc: 96.208% (48104/50000) | Training Time: 11s281ms
Epoch: 129 | Loss: 0.298 | Acc: 90.950% (9095/10000) | Testing Time: 1s660ms
Saving..

Epoch: 130
Epoch: 130 | Loss: 0.106 | Acc: 96.568% (48284/50000) | Training Time: 11s626ms
Epoch: 130 | Loss: 0.290 | Acc: 91.160% (9116/10000) | Testing Time: 1s711ms
Saving..

Epoch: 131
Epoch: 131 | Loss: 0.103 | Acc: 96.650% (48325/50000) | Training Time: 11s421ms
Epoch: 131 | Loss: 0.290 | Acc: 91.060% (9106/10000) | Testing Time: 1s781ms

Epoch: 132
Epoch: 132 | Loss: 0.098 | Acc: 96.764% (48382/50000) | Training Time: 11s404ms
Epoch: 132 | Loss: 0.287 | Acc: 91.220% (9122/10000) | Testing Time: 1s765ms
Saving..

Epoch: 133
Epoch: 133 | Loss: 0.106 | Acc: 96.444% (48222/50000) | Training Time: 11s335ms
Epoch: 133 | Loss: 0.304 | Acc: 90.900% (9090/10000) | Testing Time: 1s776ms

Epoch: 134
Epoch: 134 | Loss: 0.095 | Acc: 96.920% (48460/50000) | Training Time: 11s329ms
Epoch: 134 | Loss: 0.271 | Acc: 92.030% (9203/10000) | Testing Time: 1s691ms
Saving..

Epoch: 135
Epoch: 135 | Loss: 0.093 | Acc: 96.922% (48461/50000) | Training Time: 11s402ms
Epoch: 135 | Loss: 0.297 | Acc: 90.890% (9089/10000) | Testing Time: 1s686ms

Epoch: 136
Epoch: 136 | Loss: 0.089 | Acc: 97.074% (48537/50000) | Training Time: 11s394ms
Epoch: 136 | Loss: 0.291 | Acc: 91.620% (9162/10000) | Testing Time: 1s707ms

Epoch: 137
Epoch: 137 | Loss: 0.085 | Acc: 97.258% (48629/50000) | Training Time: 11s455ms
Epoch: 137 | Loss: 0.277 | Acc: 91.660% (9166/10000) | Testing Time: 1s693ms

Epoch: 138
Epoch: 138 | Loss: 0.085 | Acc: 97.096% (48548/50000) | Training Time: 11s562ms
Epoch: 138 | Loss: 0.267 | Acc: 91.820% (9182/10000) | Testing Time: 1s720ms

Epoch: 139
Epoch: 139 | Loss: 0.084 | Acc: 97.284% (48642/50000) | Training Time: 11s517ms
Epoch: 139 | Loss: 0.279 | Acc: 91.790% (9179/10000) | Testing Time: 1s665ms

Epoch: 140
Epoch: 140 | Loss: 0.073 | Acc: 97.732% (48866/50000) | Training Time: 11s428ms
Epoch: 140 | Loss: 0.310 | Acc: 91.140% (9114/10000) | Testing Time: 1s794ms

Epoch: 141
Epoch: 141 | Loss: 0.071 | Acc: 97.658% (48829/50000) | Training Time: 11s591ms
Epoch: 141 | Loss: 0.293 | Acc: 91.340% (9134/10000) | Testing Time: 1s662ms

Epoch: 142
Epoch: 142 | Loss: 0.070 | Acc: 97.798% (48899/50000) | Training Time: 11s544ms
Epoch: 142 | Loss: 0.275 | Acc: 91.340% (9134/10000) | Testing Time: 1s653ms

Epoch: 143
Epoch: 143 | Loss: 0.064 | Acc: 97.956% (48978/50000) | Training Time: 11s227ms
Epoch: 143 | Loss: 0.277 | Acc: 91.670% (9167/10000) | Testing Time: 1s651ms

Epoch: 144
Epoch: 144 | Loss: 0.061 | Acc: 98.134% (49067/50000) | Training Time: 11s564ms
Epoch: 144 | Loss: 0.318 | Acc: 90.850% (9085/10000) | Testing Time: 1s665ms

Epoch: 145
Epoch: 145 | Loss: 0.056 | Acc: 98.344% (49172/50000) | Training Time: 11s411ms
Epoch: 145 | Loss: 0.244 | Acc: 92.640% (9264/10000) | Testing Time: 1s720ms
Saving..

Epoch: 146
Epoch: 146 | Loss: 0.055 | Acc: 98.274% (49137/50000) | Training Time: 11s296ms
Epoch: 146 | Loss: 0.265 | Acc: 92.240% (9224/10000) | Testing Time: 1s721ms

Epoch: 147
Epoch: 147 | Loss: 0.049 | Acc: 98.564% (49282/50000) | Training Time: 11s343ms
Epoch: 147 | Loss: 0.244 | Acc: 92.530% (9253/10000) | Testing Time: 1s737ms

Epoch: 148
Epoch: 148 | Loss: 0.048 | Acc: 98.596% (49298/50000) | Training Time: 11s540ms
Epoch: 148 | Loss: 0.228 | Acc: 92.950% (9295/10000) | Testing Time: 1s732ms
Saving..

Epoch: 149
Epoch: 149 | Loss: 0.045 | Acc: 98.720% (49360/50000) | Training Time: 11s590ms
Epoch: 149 | Loss: 0.243 | Acc: 92.530% (9253/10000) | Testing Time: 1s686ms

Epoch: 150
Epoch: 150 | Loss: 0.040 | Acc: 98.902% (49451/50000) | Training Time: 11s590ms
Epoch: 150 | Loss: 0.246 | Acc: 92.850% (9285/10000) | Testing Time: 1s690ms

Epoch: 151
Epoch: 151 | Loss: 0.041 | Acc: 98.838% (49419/50000) | Training Time: 11s544ms
Epoch: 151 | Loss: 0.244 | Acc: 92.750% (9275/10000) | Testing Time: 1s664ms

Epoch: 152
Epoch: 152 | Loss: 0.037 | Acc: 99.000% (49500/50000) | Training Time: 11s818ms
Epoch: 152 | Loss: 0.253 | Acc: 92.790% (9279/10000) | Testing Time: 1s701ms

Epoch: 153
Epoch: 153 | Loss: 0.033 | Acc: 99.104% (49552/50000) | Training Time: 11s410ms
Epoch: 153 | Loss: 0.226 | Acc: 93.240% (9324/10000) | Testing Time: 1s685ms
Saving..

Epoch: 154
Epoch: 154 | Loss: 0.029 | Acc: 99.262% (49631/50000) | Training Time: 11s352ms
Epoch: 154 | Loss: 0.233 | Acc: 93.170% (9317/10000) | Testing Time: 1s803ms

Epoch: 155
Epoch: 155 | Loss: 0.028 | Acc: 99.284% (49642/50000) | Training Time: 11s406ms
Epoch: 155 | Loss: 0.225 | Acc: 93.380% (9338/10000) | Testing Time: 1s725ms
Saving..

Epoch: 156
Epoch: 156 | Loss: 0.025 | Acc: 99.434% (49717/50000) | Training Time: 11s663ms
Epoch: 156 | Loss: 0.210 | Acc: 93.810% (9381/10000) | Testing Time: 1s688ms
Saving..

Epoch: 157
Epoch: 157 | Loss: 0.022 | Acc: 99.480% (49740/50000) | Training Time: 11s291ms
Epoch: 157 | Loss: 0.222 | Acc: 93.600% (9360/10000) | Testing Time: 1s738ms

Epoch: 158
Epoch: 158 | Loss: 0.018 | Acc: 99.642% (49821/50000) | Training Time: 11s505ms
Epoch: 158 | Loss: 0.214 | Acc: 93.820% (9382/10000) | Testing Time: 1s684ms
Saving..

Epoch: 159
Epoch: 159 | Loss: 0.017 | Acc: 99.662% (49831/50000) | Training Time: 11s427ms
Epoch: 159 | Loss: 0.194 | Acc: 94.350% (9435/10000) | Testing Time: 1s760ms
Saving..

Epoch: 160
Epoch: 160 | Loss: 0.015 | Acc: 99.712% (49856/50000) | Training Time: 11s288ms
Epoch: 160 | Loss: 0.216 | Acc: 93.660% (9366/10000) | Testing Time: 1s695ms

Epoch: 161
Epoch: 161 | Loss: 0.014 | Acc: 99.746% (49873/50000) | Training Time: 11s241ms
Epoch: 161 | Loss: 0.193 | Acc: 94.160% (9416/10000) | Testing Time: 1s785ms

Epoch: 162
Epoch: 162 | Loss: 0.013 | Acc: 99.812% (49906/50000) | Training Time: 11s603ms
Epoch: 162 | Loss: 0.194 | Acc: 94.460% (9446/10000) | Testing Time: 1s700ms
Saving..

Epoch: 163
Epoch: 163 | Loss: 0.012 | Acc: 99.818% (49909/50000) | Training Time: 11s478ms
Epoch: 163 | Loss: 0.192 | Acc: 94.620% (9462/10000) | Testing Time: 1s683ms
Saving..

Epoch: 164
Epoch: 164 | Loss: 0.011 | Acc: 99.850% (49925/50000) | Training Time: 11s616ms
Epoch: 164 | Loss: 0.182 | Acc: 94.740% (9474/10000) | Testing Time: 1s705ms
Saving..

Epoch: 165
Epoch: 165 | Loss: 0.009 | Acc: 99.934% (49967/50000) | Training Time: 11s679ms
Epoch: 165 | Loss: 0.182 | Acc: 94.770% (9477/10000) | Testing Time: 1s681ms
Saving..

Epoch: 166
Epoch: 166 | Loss: 0.009 | Acc: 99.904% (49952/50000) | Training Time: 11s561ms
Epoch: 166 | Loss: 0.190 | Acc: 94.470% (9447/10000) | Testing Time: 1s738ms

Epoch: 167
Epoch: 167 | Loss: 0.007 | Acc: 99.928% (49964/50000) | Training Time: 11s386ms
Epoch: 167 | Loss: 0.176 | Acc: 94.900% (9490/10000) | Testing Time: 1s700ms
Saving..

Epoch: 168
Epoch: 168 | Loss: 0.008 | Acc: 99.916% (49958/50000) | Training Time: 11s291ms
Epoch: 168 | Loss: 0.179 | Acc: 94.550% (9455/10000) | Testing Time: 1s784ms

Epoch: 169
Epoch: 169 | Loss: 0.006 | Acc: 99.976% (49988/50000) | Training Time: 11s506ms
Epoch: 169 | Loss: 0.174 | Acc: 94.890% (9489/10000) | Testing Time: 1s742ms

Epoch: 170
Epoch: 170 | Loss: 0.006 | Acc: 99.968% (49984/50000) | Training Time: 11s627ms
Epoch: 170 | Loss: 0.178 | Acc: 94.730% (9473/10000) | Testing Time: 1s663ms

Epoch: 171
Epoch: 171 | Loss: 0.006 | Acc: 99.972% (49986/50000) | Training Time: 11s621ms
Epoch: 171 | Loss: 0.178 | Acc: 94.740% (9474/10000) | Testing Time: 1s673ms

Epoch: 172
Epoch: 172 | Loss: 0.006 | Acc: 99.972% (49986/50000) | Training Time: 11s663ms
Epoch: 172 | Loss: 0.175 | Acc: 94.910% (9491/10000) | Testing Time: 1s653ms
Saving..

Epoch: 173
Epoch: 173 | Loss: 0.006 | Acc: 99.962% (49981/50000) | Training Time: 11s348ms
Epoch: 173 | Loss: 0.173 | Acc: 94.840% (9484/10000) | Testing Time: 1s736ms

Epoch: 174
Epoch: 174 | Loss: 0.005 | Acc: 99.982% (49991/50000) | Training Time: 11s413ms
Epoch: 174 | Loss: 0.171 | Acc: 95.060% (9506/10000) | Testing Time: 1s725ms
Saving..

Epoch: 175
Epoch: 175 | Loss: 0.005 | Acc: 99.988% (49994/50000) | Training Time: 11s402ms
Epoch: 175 | Loss: 0.172 | Acc: 94.810% (9481/10000) | Testing Time: 1s726ms

Epoch: 176
Epoch: 176 | Loss: 0.005 | Acc: 99.990% (49995/50000) | Training Time: 11s460ms
Epoch: 176 | Loss: 0.166 | Acc: 95.170% (9517/10000) | Testing Time: 1s666ms
Saving..

Epoch: 177
Epoch: 177 | Loss: 0.005 | Acc: 99.984% (49992/50000) | Training Time: 11s328ms
Epoch: 177 | Loss: 0.165 | Acc: 95.040% (9504/10000) | Testing Time: 1s732ms

Epoch: 178
Epoch: 178 | Loss: 0.005 | Acc: 99.988% (49994/50000) | Training Time: 11s185ms
Epoch: 178 | Loss: 0.170 | Acc: 95.030% (9503/10000) | Testing Time: 1s702ms

Epoch: 179
Epoch: 179 | Loss: 0.005 | Acc: 99.988% (49994/50000) | Training Time: 11s441ms
Epoch: 179 | Loss: 0.168 | Acc: 94.990% (9499/10000) | Testing Time: 1s697ms

Epoch: 180
Epoch: 180 | Loss: 0.005 | Acc: 99.996% (49998/50000) | Training Time: 11s705ms
Epoch: 180 | Loss: 0.167 | Acc: 94.970% (9497/10000) | Testing Time: 1s722ms

Epoch: 181
Epoch: 181 | Loss: 0.005 | Acc: 99.994% (49997/50000) | Training Time: 11s434ms
Epoch: 181 | Loss: 0.168 | Acc: 95.010% (9501/10000) | Testing Time: 1s671ms

Epoch: 182
Epoch: 182 | Loss: 0.005 | Acc: 99.994% (49997/50000) | Training Time: 11s677ms
Epoch: 182 | Loss: 0.166 | Acc: 95.080% (9508/10000) | Testing Time: 1s763ms

Epoch: 183
Epoch: 183 | Loss: 0.005 | Acc: 99.994% (49997/50000) | Training Time: 11s538ms
Epoch: 183 | Loss: 0.168 | Acc: 95.190% (9519/10000) | Testing Time: 1s657ms
Saving..

Epoch: 184
Epoch: 184 | Loss: 0.005 | Acc: 99.988% (49994/50000) | Training Time: 11s444ms
Epoch: 184 | Loss: 0.168 | Acc: 95.140% (9514/10000) | Testing Time: 1s816ms

Epoch: 185
Epoch: 185 | Loss: 0.005 | Acc: 99.988% (49994/50000) | Training Time: 11s102ms
Epoch: 185 | Loss: 0.165 | Acc: 95.180% (9518/10000) | Testing Time: 1s754ms

Epoch: 186
Epoch: 186 | Loss: 0.005 | Acc: 99.992% (49996/50000) | Training Time: 11s653ms
Epoch: 186 | Loss: 0.167 | Acc: 95.090% (9509/10000) | Testing Time: 1s661ms

Epoch: 187
Epoch: 187 | Loss: 0.004 | Acc: 99.990% (49995/50000) | Training Time: 11s516ms
Epoch: 187 | Loss: 0.165 | Acc: 95.110% (9511/10000) | Testing Time: 1s768ms

Epoch: 188
Epoch: 188 | Loss: 0.004 | Acc: 99.996% (49998/50000) | Training Time: 11s486ms
Epoch: 188 | Loss: 0.165 | Acc: 95.070% (9507/10000) | Testing Time: 1s722ms

Epoch: 189
Epoch: 189 | Loss: 0.004 | Acc: 99.988% (49994/50000) | Training Time: 11s648ms
Epoch: 189 | Loss: 0.164 | Acc: 95.150% (9515/10000) | Testing Time: 1s810ms

Epoch: 190
Epoch: 190 | Loss: 0.004 | Acc: 99.982% (49991/50000) | Training Time: 11s631ms
Epoch: 190 | Loss: 0.165 | Acc: 95.190% (9519/10000) | Testing Time: 1s712ms

Epoch: 191
Epoch: 191 | Loss: 0.004 | Acc: 99.992% (49996/50000) | Training Time: 11s596ms
Epoch: 191 | Loss: 0.166 | Acc: 95.110% (9511/10000) | Testing Time: 1s691ms

Epoch: 192
Epoch: 192 | Loss: 0.004 | Acc: 99.990% (49995/50000) | Training Time: 11s377ms
Epoch: 192 | Loss: 0.165 | Acc: 95.090% (9509/10000) | Testing Time: 1s709ms

Epoch: 193
Epoch: 193 | Loss: 0.004 | Acc: 99.996% (49998/50000) | Training Time: 11s672ms
Epoch: 193 | Loss: 0.165 | Acc: 95.080% (9508/10000) | Testing Time: 1s724ms

Epoch: 194
Epoch: 194 | Loss: 0.004 | Acc: 99.986% (49993/50000) | Training Time: 11s592ms
Epoch: 194 | Loss: 0.163 | Acc: 95.210% (9521/10000) | Testing Time: 1s703ms
Saving..

Epoch: 195
Epoch: 195 | Loss: 0.004 | Acc: 99.988% (49994/50000) | Training Time: 11s561ms
Epoch: 195 | Loss: 0.164 | Acc: 95.170% (9517/10000) | Testing Time: 1s751ms

Epoch: 196
Epoch: 196 | Loss: 0.004 | Acc: 99.992% (49996/50000) | Training Time: 11s614ms
Epoch: 196 | Loss: 0.165 | Acc: 95.100% (9510/10000) | Testing Time: 1s693ms

Epoch: 197
Epoch: 197 | Loss: 0.004 | Acc: 99.996% (49998/50000) | Training Time: 11s453ms
Epoch: 197 | Loss: 0.163 | Acc: 95.170% (9517/10000) | Testing Time: 1s728ms

Epoch: 198
Epoch: 198 | Loss: 0.004 | Acc: 99.996% (49998/50000) | Training Time: 11s531ms
Epoch: 198 | Loss: 0.165 | Acc: 95.040% (9504/10000) | Testing Time: 1s696ms

Epoch: 199
Epoch: 199 | Loss: 0.004 | Acc: 99.990% (49995/50000) | Training Time: 11s368ms
Epoch: 199 | Loss: 0.165 | Acc: 95.150% (9515/10000) | Testing Time: 1s799ms
Total Time: 44m3s
==> Saving training loss/acc and testing loss/acc...
==> Drawing loss and acc...
==> Process finished.
