Test case num:  23
==> device:  cuda
==> Preparing data..
Files already downloaded and verified
Files already downloaded and verified
==> Evaluating model..
----------------------------------------------------------------
        Layer (type)               Output Shape         Param #
================================================================
            Conv2d-1           [-1, 64, 32, 32]           1,728
       BatchNorm2d-2           [-1, 64, 32, 32]             128
            Conv2d-3           [-1, 64, 32, 32]          36,864
       BatchNorm2d-4           [-1, 64, 32, 32]             128
            Conv2d-5           [-1, 64, 32, 32]          36,864
       BatchNorm2d-6           [-1, 64, 32, 32]             128
        BasicBlock-7           [-1, 64, 32, 32]               0
            Conv2d-8          [-1, 128, 16, 16]          73,728
       BatchNorm2d-9          [-1, 128, 16, 16]             256
           Conv2d-10          [-1, 128, 16, 16]         147,456
      BatchNorm2d-11          [-1, 128, 16, 16]             256
           Conv2d-12          [-1, 128, 16, 16]           8,192
      BatchNorm2d-13          [-1, 128, 16, 16]             256
       BasicBlock-14          [-1, 128, 16, 16]               0
           Conv2d-15          [-1, 128, 16, 16]         147,456
      BatchNorm2d-16          [-1, 128, 16, 16]             256
           Conv2d-17          [-1, 128, 16, 16]         147,456
      BatchNorm2d-18          [-1, 128, 16, 16]             256
       BasicBlock-19          [-1, 128, 16, 16]               0
           Conv2d-20            [-1, 256, 8, 8]         294,912
      BatchNorm2d-21            [-1, 256, 8, 8]             512
           Conv2d-22            [-1, 256, 8, 8]         589,824
      BatchNorm2d-23            [-1, 256, 8, 8]             512
           Conv2d-24            [-1, 256, 8, 8]          32,768
      BatchNorm2d-25            [-1, 256, 8, 8]             512
       BasicBlock-26            [-1, 256, 8, 8]               0
           Conv2d-27            [-1, 256, 8, 8]         589,824
      BatchNorm2d-28            [-1, 256, 8, 8]             512
           Conv2d-29            [-1, 256, 8, 8]         589,824
      BatchNorm2d-30            [-1, 256, 8, 8]             512
       BasicBlock-31            [-1, 256, 8, 8]               0
           Linear-32                   [-1, 10]           2,570
================================================================
Total params: 2,703,690
Trainable params: 2,703,690
Non-trainable params: 0
----------------------------------------------------------------
Input size (MB): 0.01
Forward/backward pass size (MB): 8.00
Params size (MB): 10.31
Estimated Total Size (MB): 18.33
----------------------------------------------------------------

Epoch: 0
Epoch: 000 | Loss: 2.002 | Acc: 25.876% (12938/50000) | Training Time: 23s884ms
Epoch: 000 | Loss: 1.705 | Acc: 40.740% (4074/10000) | Testing Time: 1s683ms
Saving..

Epoch: 1
Epoch: 001 | Loss: 1.673 | Acc: 39.302% (19651/50000) | Training Time: 19s81ms
Epoch: 001 | Loss: 1.330 | Acc: 54.050% (5405/10000) | Testing Time: 1s556ms
Saving..

Epoch: 2
Epoch: 002 | Loss: 1.452 | Acc: 48.466% (24233/50000) | Training Time: 19s564ms
Epoch: 002 | Loss: 1.129 | Acc: 59.670% (5967/10000) | Testing Time: 1s537ms
Saving..

Epoch: 3
Epoch: 003 | Loss: 1.323 | Acc: 53.240% (26620/50000) | Training Time: 19s255ms
Epoch: 003 | Loss: 0.952 | Acc: 65.880% (6588/10000) | Testing Time: 1s694ms
Saving..

Epoch: 4
Epoch: 004 | Loss: 1.228 | Acc: 56.518% (28259/50000) | Training Time: 19s602ms
Epoch: 004 | Loss: 1.003 | Acc: 66.070% (6607/10000) | Testing Time: 1s611ms
Saving..

Epoch: 5
Epoch: 005 | Loss: 1.144 | Acc: 59.840% (29920/50000) | Training Time: 19s306ms
Epoch: 005 | Loss: 1.021 | Acc: 67.710% (6771/10000) | Testing Time: 1s635ms
Saving..

Epoch: 6
Epoch: 006 | Loss: 1.077 | Acc: 62.430% (31215/50000) | Training Time: 19s248ms
Epoch: 006 | Loss: 0.885 | Acc: 70.240% (7024/10000) | Testing Time: 1s567ms
Saving..

Epoch: 7
Epoch: 007 | Loss: 1.033 | Acc: 63.758% (31879/50000) | Training Time: 19s564ms
Epoch: 007 | Loss: 0.738 | Acc: 74.820% (7482/10000) | Testing Time: 1s667ms
Saving..

Epoch: 8
Epoch: 008 | Loss: 1.003 | Acc: 65.150% (32575/50000) | Training Time: 19s293ms
Epoch: 008 | Loss: 0.841 | Acc: 73.080% (7308/10000) | Testing Time: 1s565ms

Epoch: 9
Epoch: 009 | Loss: 0.981 | Acc: 66.068% (33034/50000) | Training Time: 19s292ms
Epoch: 009 | Loss: 0.958 | Acc: 70.910% (7091/10000) | Testing Time: 1s651ms

Epoch: 10
Epoch: 010 | Loss: 0.954 | Acc: 66.866% (33433/50000) | Training Time: 19s455ms
Epoch: 010 | Loss: 0.719 | Acc: 76.010% (7601/10000) | Testing Time: 1s591ms
Saving..

Epoch: 11
Epoch: 011 | Loss: 0.933 | Acc: 67.702% (33851/50000) | Training Time: 19s301ms
Epoch: 011 | Loss: 0.706 | Acc: 77.250% (7725/10000) | Testing Time: 1s600ms
Saving..

Epoch: 12
Epoch: 012 | Loss: 0.910 | Acc: 68.526% (34263/50000) | Training Time: 19s890ms
Epoch: 012 | Loss: 0.724 | Acc: 76.390% (7639/10000) | Testing Time: 1s594ms

Epoch: 13
Epoch: 013 | Loss: 0.906 | Acc: 68.656% (34328/50000) | Training Time: 19s436ms
Epoch: 013 | Loss: 0.754 | Acc: 75.810% (7581/10000) | Testing Time: 1s575ms

Epoch: 14
Epoch: 014 | Loss: 0.885 | Acc: 69.336% (34668/50000) | Training Time: 19s299ms
Epoch: 014 | Loss: 1.047 | Acc: 69.170% (6917/10000) | Testing Time: 1s721ms

Epoch: 15
Epoch: 015 | Loss: 0.873 | Acc: 69.832% (34916/50000) | Training Time: 19s220ms
Epoch: 015 | Loss: 0.614 | Acc: 79.650% (7965/10000) | Testing Time: 1s576ms
Saving..

Epoch: 16
Epoch: 016 | Loss: 0.868 | Acc: 69.990% (34995/50000) | Training Time: 19s486ms
Epoch: 016 | Loss: 0.818 | Acc: 73.830% (7383/10000) | Testing Time: 1s630ms

Epoch: 17
Epoch: 017 | Loss: 0.861 | Acc: 70.184% (35092/50000) | Training Time: 19s284ms
Epoch: 017 | Loss: 0.726 | Acc: 75.140% (7514/10000) | Testing Time: 1s602ms

Epoch: 18
Epoch: 018 | Loss: 0.848 | Acc: 70.748% (35374/50000) | Training Time: 19s458ms
Epoch: 018 | Loss: 1.015 | Acc: 70.880% (7088/10000) | Testing Time: 1s593ms

Epoch: 19
Epoch: 019 | Loss: 0.839 | Acc: 70.936% (35468/50000) | Training Time: 19s394ms
Epoch: 019 | Loss: 0.654 | Acc: 78.570% (7857/10000) | Testing Time: 1s579ms

Epoch: 20
Epoch: 020 | Loss: 0.833 | Acc: 71.240% (35620/50000) | Training Time: 19s469ms
Epoch: 020 | Loss: 0.884 | Acc: 73.620% (7362/10000) | Testing Time: 1s592ms

Epoch: 21
Epoch: 021 | Loss: 0.831 | Acc: 71.524% (35762/50000) | Training Time: 19s499ms
Epoch: 021 | Loss: 0.570 | Acc: 81.190% (8119/10000) | Testing Time: 1s742ms
Saving..

Epoch: 22
Epoch: 022 | Loss: 0.824 | Acc: 71.532% (35766/50000) | Training Time: 19s724ms
Epoch: 022 | Loss: 0.873 | Acc: 73.370% (7337/10000) | Testing Time: 1s570ms

Epoch: 23
Epoch: 023 | Loss: 0.817 | Acc: 72.002% (36001/50000) | Training Time: 19s145ms
Epoch: 023 | Loss: 0.540 | Acc: 81.740% (8174/10000) | Testing Time: 1s599ms
Saving..

Epoch: 24
Epoch: 024 | Loss: 0.805 | Acc: 72.116% (36058/50000) | Training Time: 19s265ms
Epoch: 024 | Loss: 0.679 | Acc: 77.800% (7780/10000) | Testing Time: 1s743ms

Epoch: 25
Epoch: 025 | Loss: 0.807 | Acc: 72.178% (36089/50000) | Training Time: 19s321ms
Epoch: 025 | Loss: 0.611 | Acc: 80.320% (8032/10000) | Testing Time: 1s568ms

Epoch: 26
Epoch: 026 | Loss: 0.796 | Acc: 72.286% (36143/50000) | Training Time: 19s294ms
Epoch: 026 | Loss: 0.644 | Acc: 79.600% (7960/10000) | Testing Time: 1s687ms

Epoch: 27
Epoch: 027 | Loss: 0.800 | Acc: 72.506% (36253/50000) | Training Time: 19s339ms
Epoch: 027 | Loss: 0.560 | Acc: 81.790% (8179/10000) | Testing Time: 1s569ms
Saving..

Epoch: 28
Epoch: 028 | Loss: 0.796 | Acc: 72.600% (36300/50000) | Training Time: 19s302ms
Epoch: 028 | Loss: 0.569 | Acc: 81.390% (8139/10000) | Testing Time: 1s716ms

Epoch: 29
Epoch: 029 | Loss: 0.787 | Acc: 72.832% (36416/50000) | Training Time: 19s143ms
Epoch: 029 | Loss: 0.806 | Acc: 75.340% (7534/10000) | Testing Time: 1s618ms

Epoch: 30
Epoch: 030 | Loss: 0.786 | Acc: 73.036% (36518/50000) | Training Time: 19s360ms
Epoch: 030 | Loss: 0.611 | Acc: 80.340% (8034/10000) | Testing Time: 1s612ms

Epoch: 31
Epoch: 031 | Loss: 0.785 | Acc: 72.822% (36411/50000) | Training Time: 19s128ms
Epoch: 031 | Loss: 0.570 | Acc: 81.250% (8125/10000) | Testing Time: 1s588ms

Epoch: 32
Epoch: 032 | Loss: 0.779 | Acc: 73.108% (36554/50000) | Training Time: 19s408ms
Epoch: 032 | Loss: 0.640 | Acc: 80.080% (8008/10000) | Testing Time: 1s687ms

Epoch: 33
Epoch: 033 | Loss: 0.778 | Acc: 73.244% (36622/50000) | Training Time: 19s231ms
Epoch: 033 | Loss: 0.564 | Acc: 81.240% (8124/10000) | Testing Time: 1s642ms

Epoch: 34
Epoch: 034 | Loss: 0.771 | Acc: 73.498% (36749/50000) | Training Time: 19s345ms
Epoch: 034 | Loss: 0.567 | Acc: 81.340% (8134/10000) | Testing Time: 1s658ms

Epoch: 35
Epoch: 035 | Loss: 0.772 | Acc: 73.558% (36779/50000) | Training Time: 19s473ms
Epoch: 035 | Loss: 0.571 | Acc: 81.240% (8124/10000) | Testing Time: 1s650ms

Epoch: 36
Epoch: 036 | Loss: 0.773 | Acc: 73.416% (36708/50000) | Training Time: 19s703ms
Epoch: 036 | Loss: 0.500 | Acc: 83.170% (8317/10000) | Testing Time: 1s537ms
Saving..

Epoch: 37
Epoch: 037 | Loss: 0.758 | Acc: 73.962% (36981/50000) | Training Time: 19s650ms
Epoch: 037 | Loss: 0.484 | Acc: 83.730% (8373/10000) | Testing Time: 1s575ms
Saving..

Epoch: 38
Epoch: 038 | Loss: 0.767 | Acc: 73.728% (36864/50000) | Training Time: 19s383ms
Epoch: 038 | Loss: 0.632 | Acc: 79.920% (7992/10000) | Testing Time: 1s553ms

Epoch: 39
Epoch: 039 | Loss: 0.756 | Acc: 73.904% (36952/50000) | Training Time: 19s555ms
Epoch: 039 | Loss: 0.583 | Acc: 80.870% (8087/10000) | Testing Time: 1s578ms

Epoch: 40
Epoch: 040 | Loss: 0.750 | Acc: 74.046% (37023/50000) | Training Time: 19s179ms
Epoch: 040 | Loss: 0.611 | Acc: 80.560% (8056/10000) | Testing Time: 1s638ms

Epoch: 41
Epoch: 041 | Loss: 0.753 | Acc: 73.872% (36936/50000) | Training Time: 19s562ms
Epoch: 041 | Loss: 0.558 | Acc: 81.560% (8156/10000) | Testing Time: 1s602ms

Epoch: 42
Epoch: 042 | Loss: 0.749 | Acc: 73.870% (36935/50000) | Training Time: 19s429ms
Epoch: 042 | Loss: 0.548 | Acc: 81.730% (8173/10000) | Testing Time: 1s731ms

Epoch: 43
Epoch: 043 | Loss: 0.746 | Acc: 74.214% (37107/50000) | Training Time: 19s412ms
Epoch: 043 | Loss: 0.587 | Acc: 80.360% (8036/10000) | Testing Time: 1s633ms

Epoch: 44
Epoch: 044 | Loss: 0.742 | Acc: 74.436% (37218/50000) | Training Time: 19s623ms
Epoch: 044 | Loss: 0.612 | Acc: 79.550% (7955/10000) | Testing Time: 1s566ms

Epoch: 45
Epoch: 045 | Loss: 0.743 | Acc: 74.398% (37199/50000) | Training Time: 19s450ms
Epoch: 045 | Loss: 0.542 | Acc: 82.770% (8277/10000) | Testing Time: 1s609ms

Epoch: 46
Epoch: 046 | Loss: 0.739 | Acc: 74.672% (37336/50000) | Training Time: 19s497ms
Epoch: 046 | Loss: 0.462 | Acc: 84.590% (8459/10000) | Testing Time: 1s619ms
Saving..

Epoch: 47
Epoch: 047 | Loss: 0.746 | Acc: 74.428% (37214/50000) | Training Time: 19s408ms
Epoch: 047 | Loss: 0.551 | Acc: 81.880% (8188/10000) | Testing Time: 1s630ms

Epoch: 48
Epoch: 048 | Loss: 0.739 | Acc: 74.416% (37208/50000) | Training Time: 19s394ms
Epoch: 048 | Loss: 0.589 | Acc: 81.390% (8139/10000) | Testing Time: 1s587ms

Epoch: 49
Epoch: 049 | Loss: 0.741 | Acc: 74.348% (37174/50000) | Training Time: 19s413ms
Epoch: 049 | Loss: 0.490 | Acc: 83.350% (8335/10000) | Testing Time: 1s671ms

Epoch: 50
Epoch: 050 | Loss: 0.725 | Acc: 75.008% (37504/50000) | Training Time: 19s369ms
Epoch: 050 | Loss: 0.508 | Acc: 83.260% (8326/10000) | Testing Time: 1s593ms

Epoch: 51
Epoch: 051 | Loss: 0.731 | Acc: 74.820% (37410/50000) | Training Time: 19s304ms
Epoch: 051 | Loss: 0.508 | Acc: 83.290% (8329/10000) | Testing Time: 1s571ms

Epoch: 52
Epoch: 052 | Loss: 0.727 | Acc: 75.070% (37535/50000) | Training Time: 19s426ms
Epoch: 052 | Loss: 0.601 | Acc: 79.910% (7991/10000) | Testing Time: 1s639ms

Epoch: 53
Epoch: 053 | Loss: 0.729 | Acc: 74.902% (37451/50000) | Training Time: 19s474ms
Epoch: 053 | Loss: 0.537 | Acc: 82.520% (8252/10000) | Testing Time: 1s595ms

Epoch: 54
Epoch: 054 | Loss: 0.731 | Acc: 74.854% (37427/50000) | Training Time: 19s434ms
Epoch: 054 | Loss: 0.489 | Acc: 83.820% (8382/10000) | Testing Time: 1s623ms

Epoch: 55
Epoch: 055 | Loss: 0.723 | Acc: 75.208% (37604/50000) | Training Time: 19s412ms
Epoch: 055 | Loss: 0.492 | Acc: 84.080% (8408/10000) | Testing Time: 1s567ms

Epoch: 56
Epoch: 056 | Loss: 0.724 | Acc: 74.902% (37451/50000) | Training Time: 19s410ms
Epoch: 056 | Loss: 0.573 | Acc: 81.440% (8144/10000) | Testing Time: 1s630ms

Epoch: 57
Epoch: 057 | Loss: 0.715 | Acc: 75.372% (37686/50000) | Training Time: 19s301ms
Epoch: 057 | Loss: 0.580 | Acc: 81.240% (8124/10000) | Testing Time: 1s737ms

Epoch: 58
Epoch: 058 | Loss: 0.717 | Acc: 75.204% (37602/50000) | Training Time: 19s239ms
Epoch: 058 | Loss: 0.639 | Acc: 80.000% (8000/10000) | Testing Time: 1s665ms

Epoch: 59
Epoch: 059 | Loss: 0.718 | Acc: 75.522% (37761/50000) | Training Time: 19s320ms
Epoch: 059 | Loss: 0.439 | Acc: 85.050% (8505/10000) | Testing Time: 1s603ms
Saving..

Epoch: 60
Epoch: 060 | Loss: 0.706 | Acc: 75.658% (37829/50000) | Training Time: 19s484ms
Epoch: 060 | Loss: 0.511 | Acc: 82.490% (8249/10000) | Testing Time: 1s593ms

Epoch: 61
Epoch: 061 | Loss: 0.697 | Acc: 75.960% (37980/50000) | Training Time: 19s312ms
Epoch: 061 | Loss: 0.495 | Acc: 83.440% (8344/10000) | Testing Time: 1s718ms

Epoch: 62
Epoch: 062 | Loss: 0.709 | Acc: 75.658% (37829/50000) | Training Time: 19s328ms
Epoch: 062 | Loss: 0.712 | Acc: 78.110% (7811/10000) | Testing Time: 1s625ms

Epoch: 63
Epoch: 063 | Loss: 0.698 | Acc: 76.000% (38000/50000) | Training Time: 19s631ms
Epoch: 063 | Loss: 0.417 | Acc: 85.910% (8591/10000) | Testing Time: 1s634ms
Saving..

Epoch: 64
Epoch: 064 | Loss: 0.702 | Acc: 75.916% (37958/50000) | Training Time: 19s286ms
Epoch: 064 | Loss: 0.495 | Acc: 83.880% (8388/10000) | Testing Time: 1s569ms

Epoch: 65
Epoch: 065 | Loss: 0.701 | Acc: 75.710% (37855/50000) | Training Time: 19s374ms
Epoch: 065 | Loss: 0.756 | Acc: 77.120% (7712/10000) | Testing Time: 1s684ms

Epoch: 66
Epoch: 066 | Loss: 0.697 | Acc: 76.020% (38010/50000) | Training Time: 19s194ms
Epoch: 066 | Loss: 0.457 | Acc: 85.020% (8502/10000) | Testing Time: 1s605ms

Epoch: 67
Epoch: 067 | Loss: 0.690 | Acc: 76.358% (38179/50000) | Training Time: 19s512ms
Epoch: 067 | Loss: 0.430 | Acc: 86.000% (8600/10000) | Testing Time: 1s601ms
Saving..

Epoch: 68
Epoch: 068 | Loss: 0.694 | Acc: 76.066% (38033/50000) | Training Time: 19s435ms
Epoch: 068 | Loss: 0.477 | Acc: 84.940% (8494/10000) | Testing Time: 1s671ms

Epoch: 69
Epoch: 069 | Loss: 0.685 | Acc: 76.302% (38151/50000) | Training Time: 19s845ms
Epoch: 069 | Loss: 0.473 | Acc: 84.360% (8436/10000) | Testing Time: 1s631ms

Epoch: 70
Epoch: 070 | Loss: 0.690 | Acc: 76.032% (38016/50000) | Training Time: 19s379ms
Epoch: 070 | Loss: 0.534 | Acc: 82.980% (8298/10000) | Testing Time: 1s679ms

Epoch: 71
Epoch: 071 | Loss: 0.693 | Acc: 76.150% (38075/50000) | Training Time: 19s464ms
Epoch: 071 | Loss: 0.581 | Acc: 81.130% (8113/10000) | Testing Time: 1s670ms

Epoch: 72
Epoch: 072 | Loss: 0.689 | Acc: 76.302% (38151/50000) | Training Time: 19s406ms
Epoch: 072 | Loss: 0.454 | Acc: 84.930% (8493/10000) | Testing Time: 1s672ms

Epoch: 73
Epoch: 073 | Loss: 0.681 | Acc: 76.528% (38264/50000) | Training Time: 19s537ms
Epoch: 073 | Loss: 0.594 | Acc: 80.740% (8074/10000) | Testing Time: 1s590ms

Epoch: 74
Epoch: 074 | Loss: 0.679 | Acc: 76.748% (38374/50000) | Training Time: 19s423ms
Epoch: 074 | Loss: 0.441 | Acc: 84.860% (8486/10000) | Testing Time: 1s602ms

Epoch: 75
Epoch: 075 | Loss: 0.675 | Acc: 76.778% (38389/50000) | Training Time: 19s289ms
Epoch: 075 | Loss: 0.422 | Acc: 85.560% (8556/10000) | Testing Time: 1s603ms

Epoch: 76
Epoch: 076 | Loss: 0.666 | Acc: 77.276% (38638/50000) | Training Time: 19s785ms
Epoch: 076 | Loss: 0.426 | Acc: 85.690% (8569/10000) | Testing Time: 1s578ms

Epoch: 77
Epoch: 077 | Loss: 0.668 | Acc: 76.956% (38478/50000) | Training Time: 19s641ms
Epoch: 077 | Loss: 0.442 | Acc: 85.370% (8537/10000) | Testing Time: 1s622ms

Epoch: 78
Epoch: 078 | Loss: 0.670 | Acc: 76.900% (38450/50000) | Training Time: 19s349ms
Epoch: 078 | Loss: 0.458 | Acc: 84.760% (8476/10000) | Testing Time: 1s592ms

Epoch: 79
Epoch: 079 | Loss: 0.657 | Acc: 77.374% (38687/50000) | Training Time: 19s249ms
Epoch: 079 | Loss: 0.501 | Acc: 83.710% (8371/10000) | Testing Time: 1s754ms

Epoch: 80
Epoch: 080 | Loss: 0.666 | Acc: 77.068% (38534/50000) | Training Time: 19s494ms
Epoch: 080 | Loss: 0.431 | Acc: 85.400% (8540/10000) | Testing Time: 1s606ms

Epoch: 81
Epoch: 081 | Loss: 0.659 | Acc: 77.100% (38550/50000) | Training Time: 19s451ms
Epoch: 081 | Loss: 0.371 | Acc: 87.650% (8765/10000) | Testing Time: 1s630ms
Saving..

Epoch: 82
Epoch: 082 | Loss: 0.649 | Acc: 77.712% (38856/50000) | Training Time: 19s582ms
Epoch: 082 | Loss: 0.405 | Acc: 86.340% (8634/10000) | Testing Time: 1s604ms

Epoch: 83
Epoch: 083 | Loss: 0.656 | Acc: 77.240% (38620/50000) | Training Time: 19s381ms
Epoch: 083 | Loss: 0.411 | Acc: 86.250% (8625/10000) | Testing Time: 1s582ms

Epoch: 84
Epoch: 084 | Loss: 0.651 | Acc: 77.634% (38817/50000) | Training Time: 19s459ms
Epoch: 084 | Loss: 0.527 | Acc: 82.510% (8251/10000) | Testing Time: 1s687ms

Epoch: 85
Epoch: 085 | Loss: 0.638 | Acc: 78.208% (39104/50000) | Training Time: 19s660ms
Epoch: 085 | Loss: 0.439 | Acc: 85.890% (8589/10000) | Testing Time: 1s580ms

Epoch: 86
Epoch: 086 | Loss: 0.640 | Acc: 77.906% (38953/50000) | Training Time: 19s481ms
Epoch: 086 | Loss: 0.357 | Acc: 87.930% (8793/10000) | Testing Time: 1s695ms
Saving..

Epoch: 87
Epoch: 087 | Loss: 0.638 | Acc: 78.118% (39059/50000) | Training Time: 19s316ms
Epoch: 087 | Loss: 0.374 | Acc: 87.780% (8778/10000) | Testing Time: 1s618ms

Epoch: 88
Epoch: 088 | Loss: 0.636 | Acc: 77.940% (38970/50000) | Training Time: 19s417ms
Epoch: 088 | Loss: 0.442 | Acc: 85.260% (8526/10000) | Testing Time: 1s686ms

Epoch: 89
Epoch: 089 | Loss: 0.635 | Acc: 77.958% (38979/50000) | Training Time: 19s327ms
Epoch: 089 | Loss: 0.487 | Acc: 83.840% (8384/10000) | Testing Time: 1s573ms

Epoch: 90
Epoch: 090 | Loss: 0.634 | Acc: 78.156% (39078/50000) | Training Time: 19s783ms
Epoch: 090 | Loss: 0.458 | Acc: 85.040% (8504/10000) | Testing Time: 1s600ms

Epoch: 91
Epoch: 091 | Loss: 0.628 | Acc: 78.234% (39117/50000) | Training Time: 19s227ms
Epoch: 091 | Loss: 0.485 | Acc: 84.790% (8479/10000) | Testing Time: 1s625ms

Epoch: 92
Epoch: 092 | Loss: 0.627 | Acc: 78.224% (39112/50000) | Training Time: 19s769ms
Epoch: 092 | Loss: 0.681 | Acc: 79.800% (7980/10000) | Testing Time: 1s666ms

Epoch: 93
Epoch: 093 | Loss: 0.624 | Acc: 78.618% (39309/50000) | Training Time: 19s354ms
Epoch: 093 | Loss: 0.369 | Acc: 87.740% (8774/10000) | Testing Time: 1s686ms

Epoch: 94
Epoch: 094 | Loss: 0.621 | Acc: 78.640% (39320/50000) | Training Time: 19s696ms
Epoch: 094 | Loss: 0.415 | Acc: 86.400% (8640/10000) | Testing Time: 1s611ms

Epoch: 95
Epoch: 095 | Loss: 0.617 | Acc: 78.700% (39350/50000) | Training Time: 19s404ms
Epoch: 095 | Loss: 0.425 | Acc: 85.850% (8585/10000) | Testing Time: 1s661ms

Epoch: 96
Epoch: 096 | Loss: 0.612 | Acc: 79.016% (39508/50000) | Training Time: 19s220ms
Epoch: 096 | Loss: 0.484 | Acc: 84.530% (8453/10000) | Testing Time: 1s697ms

Epoch: 97
Epoch: 097 | Loss: 0.606 | Acc: 79.398% (39699/50000) | Training Time: 19s423ms
Epoch: 097 | Loss: 0.523 | Acc: 82.860% (8286/10000) | Testing Time: 1s597ms

Epoch: 98
Epoch: 098 | Loss: 0.606 | Acc: 79.060% (39530/50000) | Training Time: 19s232ms
Epoch: 098 | Loss: 0.409 | Acc: 85.900% (8590/10000) | Testing Time: 1s600ms

Epoch: 99
Epoch: 099 | Loss: 0.609 | Acc: 79.110% (39555/50000) | Training Time: 19s528ms
Epoch: 099 | Loss: 0.351 | Acc: 88.230% (8823/10000) | Testing Time: 1s581ms
Saving..

Epoch: 100
Epoch: 100 | Loss: 0.602 | Acc: 79.290% (39645/50000) | Training Time: 19s374ms
Epoch: 100 | Loss: 0.432 | Acc: 85.320% (8532/10000) | Testing Time: 1s568ms

Epoch: 101
Epoch: 101 | Loss: 0.601 | Acc: 79.274% (39637/50000) | Training Time: 19s593ms
Epoch: 101 | Loss: 0.348 | Acc: 88.380% (8838/10000) | Testing Time: 1s585ms
Saving..

Epoch: 102
Epoch: 102 | Loss: 0.597 | Acc: 79.414% (39707/50000) | Training Time: 19s240ms
Epoch: 102 | Loss: 0.395 | Acc: 86.710% (8671/10000) | Testing Time: 1s614ms

Epoch: 103
Epoch: 103 | Loss: 0.583 | Acc: 80.158% (40079/50000) | Training Time: 19s367ms
Epoch: 103 | Loss: 0.418 | Acc: 86.530% (8653/10000) | Testing Time: 1s570ms

Epoch: 104
Epoch: 104 | Loss: 0.582 | Acc: 79.994% (39997/50000) | Training Time: 19s286ms
Epoch: 104 | Loss: 0.316 | Acc: 89.470% (8947/10000) | Testing Time: 1s663ms
Saving..

Epoch: 105
Epoch: 105 | Loss: 0.585 | Acc: 79.870% (39935/50000) | Training Time: 19s355ms
Epoch: 105 | Loss: 0.370 | Acc: 87.630% (8763/10000) | Testing Time: 1s763ms

Epoch: 106
Epoch: 106 | Loss: 0.582 | Acc: 79.836% (39918/50000) | Training Time: 19s220ms
Epoch: 106 | Loss: 0.342 | Acc: 88.330% (8833/10000) | Testing Time: 1s604ms

Epoch: 107
Epoch: 107 | Loss: 0.572 | Acc: 80.346% (40173/50000) | Training Time: 19s178ms
Epoch: 107 | Loss: 0.346 | Acc: 88.130% (8813/10000) | Testing Time: 1s584ms

Epoch: 108
Epoch: 108 | Loss: 0.575 | Acc: 80.172% (40086/50000) | Training Time: 19s273ms
Epoch: 108 | Loss: 0.352 | Acc: 88.270% (8827/10000) | Testing Time: 1s578ms

Epoch: 109
Epoch: 109 | Loss: 0.573 | Acc: 80.358% (40179/50000) | Training Time: 19s506ms
Epoch: 109 | Loss: 0.338 | Acc: 88.780% (8878/10000) | Testing Time: 1s640ms

Epoch: 110
Epoch: 110 | Loss: 0.560 | Acc: 80.886% (40443/50000) | Training Time: 19s396ms
Epoch: 110 | Loss: 0.314 | Acc: 89.390% (8939/10000) | Testing Time: 1s562ms

Epoch: 111
Epoch: 111 | Loss: 0.564 | Acc: 80.672% (40336/50000) | Training Time: 19s507ms
Epoch: 111 | Loss: 0.378 | Acc: 87.810% (8781/10000) | Testing Time: 1s726ms

Epoch: 112
Epoch: 112 | Loss: 0.561 | Acc: 80.674% (40337/50000) | Training Time: 19s454ms
Epoch: 112 | Loss: 0.319 | Acc: 89.670% (8967/10000) | Testing Time: 1s621ms
Saving..

Epoch: 113
Epoch: 113 | Loss: 0.549 | Acc: 81.256% (40628/50000) | Training Time: 19s548ms
Epoch: 113 | Loss: 0.334 | Acc: 88.780% (8878/10000) | Testing Time: 1s587ms

Epoch: 114
Epoch: 114 | Loss: 0.547 | Acc: 81.026% (40513/50000) | Training Time: 19s908ms
Epoch: 114 | Loss: 0.302 | Acc: 89.920% (8992/10000) | Testing Time: 1s668ms
Saving..

Epoch: 115
Epoch: 115 | Loss: 0.550 | Acc: 81.090% (40545/50000) | Training Time: 19s87ms
Epoch: 115 | Loss: 0.324 | Acc: 89.250% (8925/10000) | Testing Time: 1s593ms

Epoch: 116
Epoch: 116 | Loss: 0.549 | Acc: 81.098% (40549/50000) | Training Time: 19s427ms
Epoch: 116 | Loss: 0.367 | Acc: 87.400% (8740/10000) | Testing Time: 1s611ms

Epoch: 117
Epoch: 117 | Loss: 0.537 | Acc: 81.460% (40730/50000) | Training Time: 19s513ms
Epoch: 117 | Loss: 0.340 | Acc: 88.450% (8845/10000) | Testing Time: 1s568ms

Epoch: 118
Epoch: 118 | Loss: 0.537 | Acc: 81.508% (40754/50000) | Training Time: 19s437ms
Epoch: 118 | Loss: 0.313 | Acc: 89.320% (8932/10000) | Testing Time: 1s634ms

Epoch: 119
Epoch: 119 | Loss: 0.534 | Acc: 81.580% (40790/50000) | Training Time: 19s352ms
Epoch: 119 | Loss: 0.327 | Acc: 88.600% (8860/10000) | Testing Time: 1s619ms

Epoch: 120
Epoch: 120 | Loss: 0.529 | Acc: 81.904% (40952/50000) | Training Time: 19s733ms
Epoch: 120 | Loss: 0.274 | Acc: 90.710% (9071/10000) | Testing Time: 1s602ms
Saving..

Epoch: 121
Epoch: 121 | Loss: 0.528 | Acc: 81.842% (40921/50000) | Training Time: 19s383ms
Epoch: 121 | Loss: 0.329 | Acc: 88.800% (8880/10000) | Testing Time: 1s604ms

Epoch: 122
Epoch: 122 | Loss: 0.529 | Acc: 81.716% (40858/50000) | Training Time: 19s408ms
Epoch: 122 | Loss: 0.315 | Acc: 89.520% (8952/10000) | Testing Time: 1s576ms

Epoch: 123
Epoch: 123 | Loss: 0.518 | Acc: 82.192% (41096/50000) | Training Time: 19s687ms
Epoch: 123 | Loss: 0.333 | Acc: 89.000% (8900/10000) | Testing Time: 1s606ms

Epoch: 124
Epoch: 124 | Loss: 0.520 | Acc: 82.084% (41042/50000) | Training Time: 19s446ms
Epoch: 124 | Loss: 0.328 | Acc: 88.870% (8887/10000) | Testing Time: 1s667ms

Epoch: 125
Epoch: 125 | Loss: 0.509 | Acc: 82.626% (41313/50000) | Training Time: 19s340ms
Epoch: 125 | Loss: 0.345 | Acc: 88.500% (8850/10000) | Testing Time: 1s650ms

Epoch: 126
Epoch: 126 | Loss: 0.504 | Acc: 82.680% (41340/50000) | Training Time: 19s424ms
Epoch: 126 | Loss: 0.327 | Acc: 89.410% (8941/10000) | Testing Time: 1s744ms

Epoch: 127
Epoch: 127 | Loss: 0.495 | Acc: 82.806% (41403/50000) | Training Time: 19s235ms
Epoch: 127 | Loss: 0.314 | Acc: 89.540% (8954/10000) | Testing Time: 1s712ms

Epoch: 128
Epoch: 128 | Loss: 0.506 | Acc: 82.632% (41316/50000) | Training Time: 19s527ms
Epoch: 128 | Loss: 0.304 | Acc: 89.770% (8977/10000) | Testing Time: 1s569ms

Epoch: 129
Epoch: 129 | Loss: 0.498 | Acc: 82.784% (41392/50000) | Training Time: 19s279ms
Epoch: 129 | Loss: 0.284 | Acc: 90.190% (9019/10000) | Testing Time: 1s566ms

Epoch: 130
Epoch: 130 | Loss: 0.485 | Acc: 83.224% (41612/50000) | Training Time: 19s422ms
Epoch: 130 | Loss: 0.319 | Acc: 89.530% (8953/10000) | Testing Time: 1s599ms

Epoch: 131
Epoch: 131 | Loss: 0.489 | Acc: 82.910% (41455/50000) | Training Time: 19s434ms
Epoch: 131 | Loss: 0.253 | Acc: 91.630% (9163/10000) | Testing Time: 1s638ms
Saving..

Epoch: 132
Epoch: 132 | Loss: 0.487 | Acc: 83.370% (41685/50000) | Training Time: 19s492ms
Epoch: 132 | Loss: 0.325 | Acc: 89.090% (8909/10000) | Testing Time: 1s680ms

Epoch: 133
Epoch: 133 | Loss: 0.478 | Acc: 83.628% (41814/50000) | Training Time: 19s304ms
Epoch: 133 | Loss: 0.276 | Acc: 90.620% (9062/10000) | Testing Time: 1s569ms

Epoch: 134
Epoch: 134 | Loss: 0.471 | Acc: 83.862% (41931/50000) | Training Time: 19s538ms
Epoch: 134 | Loss: 0.233 | Acc: 92.030% (9203/10000) | Testing Time: 1s714ms
Saving..

Epoch: 135
Epoch: 135 | Loss: 0.467 | Acc: 83.856% (41928/50000) | Training Time: 19s299ms
Epoch: 135 | Loss: 0.279 | Acc: 90.680% (9068/10000) | Testing Time: 1s637ms

Epoch: 136
Epoch: 136 | Loss: 0.460 | Acc: 84.142% (42071/50000) | Training Time: 19s438ms
Epoch: 136 | Loss: 0.259 | Acc: 91.500% (9150/10000) | Testing Time: 1s595ms

Epoch: 137
Epoch: 137 | Loss: 0.463 | Acc: 84.006% (42003/50000) | Training Time: 19s331ms
Epoch: 137 | Loss: 0.309 | Acc: 89.810% (8981/10000) | Testing Time: 1s596ms

Epoch: 138
Epoch: 138 | Loss: 0.456 | Acc: 84.316% (42158/50000) | Training Time: 19s715ms
Epoch: 138 | Loss: 0.234 | Acc: 92.070% (9207/10000) | Testing Time: 1s579ms
Saving..

Epoch: 139
Epoch: 139 | Loss: 0.452 | Acc: 84.414% (42207/50000) | Training Time: 19s240ms
Epoch: 139 | Loss: 0.264 | Acc: 90.850% (9085/10000) | Testing Time: 1s615ms

Epoch: 140
Epoch: 140 | Loss: 0.439 | Acc: 84.872% (42436/50000) | Training Time: 19s424ms
Epoch: 140 | Loss: 0.270 | Acc: 90.980% (9098/10000) | Testing Time: 1s606ms

Epoch: 141
Epoch: 141 | Loss: 0.443 | Acc: 84.826% (42413/50000) | Training Time: 19s549ms
Epoch: 141 | Loss: 0.262 | Acc: 91.670% (9167/10000) | Testing Time: 1s727ms

Epoch: 142
Epoch: 142 | Loss: 0.436 | Acc: 85.032% (42516/50000) | Training Time: 19s399ms
Epoch: 142 | Loss: 0.260 | Acc: 91.450% (9145/10000) | Testing Time: 1s636ms

Epoch: 143
Epoch: 143 | Loss: 0.426 | Acc: 85.296% (42648/50000) | Training Time: 19s479ms
Epoch: 143 | Loss: 0.235 | Acc: 91.800% (9180/10000) | Testing Time: 1s701ms

Epoch: 144
Epoch: 144 | Loss: 0.428 | Acc: 85.196% (42598/50000) | Training Time: 19s505ms
Epoch: 144 | Loss: 0.267 | Acc: 91.190% (9119/10000) | Testing Time: 1s606ms

Epoch: 145
Epoch: 145 | Loss: 0.416 | Acc: 85.558% (42779/50000) | Training Time: 19s325ms
Epoch: 145 | Loss: 0.216 | Acc: 92.530% (9253/10000) | Testing Time: 1s607ms
Saving..

Epoch: 146
Epoch: 146 | Loss: 0.422 | Acc: 85.422% (42711/50000) | Training Time: 19s436ms
Epoch: 146 | Loss: 0.241 | Acc: 91.730% (9173/10000) | Testing Time: 1s619ms

Epoch: 147
Epoch: 147 | Loss: 0.408 | Acc: 85.810% (42905/50000) | Training Time: 19s483ms
Epoch: 147 | Loss: 0.242 | Acc: 91.820% (9182/10000) | Testing Time: 1s599ms

Epoch: 148
Epoch: 148 | Loss: 0.401 | Acc: 86.184% (43092/50000) | Training Time: 19s296ms
Epoch: 148 | Loss: 0.284 | Acc: 90.870% (9087/10000) | Testing Time: 1s645ms

Epoch: 149
Epoch: 149 | Loss: 0.407 | Acc: 85.852% (42926/50000) | Training Time: 19s450ms
Epoch: 149 | Loss: 0.222 | Acc: 92.710% (9271/10000) | Testing Time: 1s605ms
Saving..

Epoch: 150
Epoch: 150 | Loss: 0.393 | Acc: 86.344% (43172/50000) | Training Time: 19s335ms
Epoch: 150 | Loss: 0.220 | Acc: 92.760% (9276/10000) | Testing Time: 1s674ms
Saving..

Epoch: 151
Epoch: 151 | Loss: 0.394 | Acc: 86.530% (43265/50000) | Training Time: 19s505ms
Epoch: 151 | Loss: 0.216 | Acc: 92.590% (9259/10000) | Testing Time: 1s578ms

Epoch: 152
Epoch: 152 | Loss: 0.392 | Acc: 86.398% (43199/50000) | Training Time: 19s249ms
Epoch: 152 | Loss: 0.201 | Acc: 93.200% (9320/10000) | Testing Time: 1s578ms
Saving..

Epoch: 153
Epoch: 153 | Loss: 0.384 | Acc: 86.740% (43370/50000) | Training Time: 19s388ms
Epoch: 153 | Loss: 0.191 | Acc: 93.590% (9359/10000) | Testing Time: 1s648ms
Saving..

Epoch: 154
Epoch: 154 | Loss: 0.378 | Acc: 87.016% (43508/50000) | Training Time: 19s292ms
Epoch: 154 | Loss: 0.204 | Acc: 93.220% (9322/10000) | Testing Time: 1s617ms

Epoch: 155
Epoch: 155 | Loss: 0.379 | Acc: 86.968% (43484/50000) | Training Time: 19s781ms
Epoch: 155 | Loss: 0.193 | Acc: 93.550% (9355/10000) | Testing Time: 1s624ms

Epoch: 156
Epoch: 156 | Loss: 0.362 | Acc: 87.492% (43746/50000) | Training Time: 19s470ms
Epoch: 156 | Loss: 0.209 | Acc: 93.150% (9315/10000) | Testing Time: 1s725ms

Epoch: 157
Epoch: 157 | Loss: 0.365 | Acc: 87.290% (43645/50000) | Training Time: 19s422ms
Epoch: 157 | Loss: 0.194 | Acc: 93.670% (9367/10000) | Testing Time: 1s698ms
Saving..

Epoch: 158
Epoch: 158 | Loss: 0.354 | Acc: 87.876% (43938/50000) | Training Time: 19s235ms
Epoch: 158 | Loss: 0.194 | Acc: 93.500% (9350/10000) | Testing Time: 1s605ms

Epoch: 159
Epoch: 159 | Loss: 0.347 | Acc: 87.998% (43999/50000) | Training Time: 19s294ms
Epoch: 159 | Loss: 0.195 | Acc: 93.660% (9366/10000) | Testing Time: 1s631ms

Epoch: 160
Epoch: 160 | Loss: 0.346 | Acc: 88.164% (44082/50000) | Training Time: 19s292ms
Epoch: 160 | Loss: 0.192 | Acc: 93.830% (9383/10000) | Testing Time: 1s660ms
Saving..

Epoch: 161
Epoch: 161 | Loss: 0.343 | Acc: 88.116% (44058/50000) | Training Time: 19s22ms
Epoch: 161 | Loss: 0.188 | Acc: 93.920% (9392/10000) | Testing Time: 1s593ms
Saving..

Epoch: 162
Epoch: 162 | Loss: 0.333 | Acc: 88.624% (44312/50000) | Training Time: 19s460ms
Epoch: 162 | Loss: 0.187 | Acc: 93.890% (9389/10000) | Testing Time: 1s669ms

Epoch: 163
Epoch: 163 | Loss: 0.328 | Acc: 88.596% (44298/50000) | Training Time: 19s362ms
Epoch: 163 | Loss: 0.201 | Acc: 93.480% (9348/10000) | Testing Time: 1s602ms

Epoch: 164
Epoch: 164 | Loss: 0.326 | Acc: 88.830% (44415/50000) | Training Time: 19s581ms
Epoch: 164 | Loss: 0.197 | Acc: 93.450% (9345/10000) | Testing Time: 1s664ms

Epoch: 165
Epoch: 165 | Loss: 0.316 | Acc: 89.216% (44608/50000) | Training Time: 19s457ms
Epoch: 165 | Loss: 0.188 | Acc: 94.010% (9401/10000) | Testing Time: 1s621ms
Saving..

Epoch: 166
Epoch: 166 | Loss: 0.311 | Acc: 89.338% (44669/50000) | Training Time: 19s205ms
Epoch: 166 | Loss: 0.177 | Acc: 94.150% (9415/10000) | Testing Time: 1s579ms
Saving..

Epoch: 167
Epoch: 167 | Loss: 0.312 | Acc: 89.332% (44666/50000) | Training Time: 19s405ms
Epoch: 167 | Loss: 0.168 | Acc: 94.310% (9431/10000) | Testing Time: 1s644ms
Saving..

Epoch: 168
Epoch: 168 | Loss: 0.294 | Acc: 89.964% (44982/50000) | Training Time: 19s135ms
Epoch: 168 | Loss: 0.180 | Acc: 94.010% (9401/10000) | Testing Time: 1s611ms

Epoch: 169
Epoch: 169 | Loss: 0.295 | Acc: 90.012% (45006/50000) | Training Time: 19s431ms
Epoch: 169 | Loss: 0.174 | Acc: 94.190% (9419/10000) | Testing Time: 1s586ms

Epoch: 170
Epoch: 170 | Loss: 0.289 | Acc: 90.074% (45037/50000) | Training Time: 19s480ms
Epoch: 170 | Loss: 0.188 | Acc: 94.060% (9406/10000) | Testing Time: 1s576ms

Epoch: 171
Epoch: 171 | Loss: 0.279 | Acc: 90.372% (45186/50000) | Training Time: 19s463ms
Epoch: 171 | Loss: 0.162 | Acc: 94.490% (9449/10000) | Testing Time: 1s624ms
Saving..

Epoch: 172
Epoch: 172 | Loss: 0.274 | Acc: 90.624% (45312/50000) | Training Time: 19s322ms
Epoch: 172 | Loss: 0.166 | Acc: 94.560% (9456/10000) | Testing Time: 1s599ms
Saving..

Epoch: 173
Epoch: 173 | Loss: 0.270 | Acc: 90.606% (45303/50000) | Training Time: 19s151ms
Epoch: 173 | Loss: 0.165 | Acc: 94.470% (9447/10000) | Testing Time: 1s588ms

Epoch: 174
Epoch: 174 | Loss: 0.270 | Acc: 90.738% (45369/50000) | Training Time: 19s517ms
Epoch: 174 | Loss: 0.177 | Acc: 94.360% (9436/10000) | Testing Time: 1s599ms

Epoch: 175
Epoch: 175 | Loss: 0.267 | Acc: 90.806% (45403/50000) | Training Time: 19s475ms
Epoch: 175 | Loss: 0.160 | Acc: 94.690% (9469/10000) | Testing Time: 1s581ms
Saving..

Epoch: 176
Epoch: 176 | Loss: 0.259 | Acc: 91.056% (45528/50000) | Training Time: 19s389ms
Epoch: 176 | Loss: 0.151 | Acc: 95.090% (9509/10000) | Testing Time: 1s608ms
Saving..

Epoch: 177
Epoch: 177 | Loss: 0.251 | Acc: 91.484% (45742/50000) | Training Time: 19s862ms
Epoch: 177 | Loss: 0.150 | Acc: 95.090% (9509/10000) | Testing Time: 1s607ms

Epoch: 178
Epoch: 178 | Loss: 0.251 | Acc: 91.494% (45747/50000) | Training Time: 19s207ms
Epoch: 178 | Loss: 0.151 | Acc: 95.000% (9500/10000) | Testing Time: 1s642ms

Epoch: 179
Epoch: 179 | Loss: 0.242 | Acc: 91.762% (45881/50000) | Training Time: 19s457ms
Epoch: 179 | Loss: 0.148 | Acc: 95.000% (9500/10000) | Testing Time: 1s604ms

Epoch: 180
Epoch: 180 | Loss: 0.236 | Acc: 92.058% (46029/50000) | Training Time: 19s264ms
Epoch: 180 | Loss: 0.146 | Acc: 95.280% (9528/10000) | Testing Time: 1s707ms
Saving..

Epoch: 181
Epoch: 181 | Loss: 0.240 | Acc: 91.790% (45895/50000) | Training Time: 19s305ms
Epoch: 181 | Loss: 0.147 | Acc: 95.170% (9517/10000) | Testing Time: 1s587ms

Epoch: 182
Epoch: 182 | Loss: 0.231 | Acc: 92.082% (46041/50000) | Training Time: 19s365ms
Epoch: 182 | Loss: 0.146 | Acc: 95.300% (9530/10000) | Testing Time: 1s621ms
Saving..

Epoch: 183
Epoch: 183 | Loss: 0.224 | Acc: 92.358% (46179/50000) | Training Time: 19s171ms
Epoch: 183 | Loss: 0.146 | Acc: 95.280% (9528/10000) | Testing Time: 1s615ms

Epoch: 184
Epoch: 184 | Loss: 0.221 | Acc: 92.492% (46246/50000) | Training Time: 19s396ms
Epoch: 184 | Loss: 0.139 | Acc: 95.230% (9523/10000) | Testing Time: 1s612ms

Epoch: 185
Epoch: 185 | Loss: 0.218 | Acc: 92.554% (46277/50000) | Training Time: 19s789ms
Epoch: 185 | Loss: 0.142 | Acc: 95.240% (9524/10000) | Testing Time: 1s562ms

Epoch: 186
Epoch: 186 | Loss: 0.218 | Acc: 92.564% (46282/50000) | Training Time: 19s502ms
Epoch: 186 | Loss: 0.143 | Acc: 95.270% (9527/10000) | Testing Time: 1s610ms

Epoch: 187
Epoch: 187 | Loss: 0.216 | Acc: 92.630% (46315/50000) | Training Time: 19s734ms
Epoch: 187 | Loss: 0.139 | Acc: 95.290% (9529/10000) | Testing Time: 1s655ms

Epoch: 188
Epoch: 188 | Loss: 0.211 | Acc: 92.848% (46424/50000) | Training Time: 19s535ms
Epoch: 188 | Loss: 0.139 | Acc: 95.380% (9538/10000) | Testing Time: 1s710ms
Saving..

Epoch: 189
Epoch: 189 | Loss: 0.201 | Acc: 93.216% (46608/50000) | Training Time: 19s520ms
Epoch: 189 | Loss: 0.138 | Acc: 95.520% (9552/10000) | Testing Time: 1s671ms
Saving..

Epoch: 190
Epoch: 190 | Loss: 0.204 | Acc: 93.120% (46560/50000) | Training Time: 19s197ms
Epoch: 190 | Loss: 0.137 | Acc: 95.410% (9541/10000) | Testing Time: 1s584ms

Epoch: 191
Epoch: 191 | Loss: 0.202 | Acc: 93.160% (46580/50000) | Training Time: 19s485ms
Epoch: 191 | Loss: 0.136 | Acc: 95.450% (9545/10000) | Testing Time: 1s626ms

Epoch: 192
Epoch: 192 | Loss: 0.205 | Acc: 93.138% (46569/50000) | Training Time: 19s457ms
Epoch: 192 | Loss: 0.137 | Acc: 95.340% (9534/10000) | Testing Time: 1s607ms

Epoch: 193
Epoch: 193 | Loss: 0.201 | Acc: 93.220% (46610/50000) | Training Time: 19s436ms
Epoch: 193 | Loss: 0.138 | Acc: 95.440% (9544/10000) | Testing Time: 1s863ms

Epoch: 194
Epoch: 194 | Loss: 0.201 | Acc: 93.160% (46580/50000) | Training Time: 19s387ms
Epoch: 194 | Loss: 0.134 | Acc: 95.590% (9559/10000) | Testing Time: 1s615ms
Saving..

Epoch: 195
Epoch: 195 | Loss: 0.201 | Acc: 93.152% (46576/50000) | Training Time: 19s402ms
Epoch: 195 | Loss: 0.134 | Acc: 95.520% (9552/10000) | Testing Time: 1s608ms

Epoch: 196
Epoch: 196 | Loss: 0.198 | Acc: 93.304% (46652/50000) | Training Time: 19s434ms
Epoch: 196 | Loss: 0.135 | Acc: 95.450% (9545/10000) | Testing Time: 1s667ms

Epoch: 197
Epoch: 197 | Loss: 0.200 | Acc: 93.286% (46643/50000) | Training Time: 19s242ms
Epoch: 197 | Loss: 0.133 | Acc: 95.540% (9554/10000) | Testing Time: 1s587ms

Epoch: 198
Epoch: 198 | Loss: 0.200 | Acc: 93.232% (46616/50000) | Training Time: 19s966ms
Epoch: 198 | Loss: 0.134 | Acc: 95.530% (9553/10000) | Testing Time: 1s638ms

Epoch: 199
Epoch: 199 | Loss: 0.199 | Acc: 93.268% (46634/50000) | Training Time: 19s479ms
Epoch: 199 | Loss: 0.136 | Acc: 95.440% (9544/10000) | Testing Time: 1s602ms
Total Time: 1h10m
==> Saving training loss/acc and testing loss/acc...
==> Drawing loss and acc...
==> Process finished.
