Test case num:  16
==> device:  cuda
==> Preparing data..
Files already downloaded and verified
Files already downloaded and verified
==> Evaluating model..
----------------------------------------------------------------
        Layer (type)               Output Shape         Param #
================================================================
            Conv2d-1           [-1, 64, 32, 32]           1,728
       BatchNorm2d-2           [-1, 64, 32, 32]             128
            Conv2d-3           [-1, 64, 32, 32]          36,864
       BatchNorm2d-4           [-1, 64, 32, 32]             128
            Conv2d-5           [-1, 64, 32, 32]          36,864
       BatchNorm2d-6           [-1, 64, 32, 32]             128
        BasicBlock-7           [-1, 64, 32, 32]               0
            Conv2d-8          [-1, 128, 16, 16]          73,728
       BatchNorm2d-9          [-1, 128, 16, 16]             256
           Conv2d-10          [-1, 128, 16, 16]         147,456
      BatchNorm2d-11          [-1, 128, 16, 16]             256
           Conv2d-12          [-1, 128, 16, 16]           8,192
      BatchNorm2d-13          [-1, 128, 16, 16]             256
       BasicBlock-14          [-1, 128, 16, 16]               0
           Conv2d-15            [-1, 256, 8, 8]         294,912
      BatchNorm2d-16            [-1, 256, 8, 8]             512
           Conv2d-17            [-1, 256, 8, 8]         589,824
      BatchNorm2d-18            [-1, 256, 8, 8]             512
           Conv2d-19            [-1, 256, 8, 8]          32,768
      BatchNorm2d-20            [-1, 256, 8, 8]             512
       BasicBlock-21            [-1, 256, 8, 8]               0
           Conv2d-22            [-1, 256, 8, 8]         589,824
      BatchNorm2d-23            [-1, 256, 8, 8]             512
           Conv2d-24            [-1, 256, 8, 8]         589,824
      BatchNorm2d-25            [-1, 256, 8, 8]             512
       BasicBlock-26            [-1, 256, 8, 8]               0
           Linear-27                   [-1, 10]           2,570
================================================================
Total params: 2,408,266
Trainable params: 2,408,266
Non-trainable params: 0
----------------------------------------------------------------
Input size (MB): 0.01
Forward/backward pass size (MB): 6.75
Params size (MB): 9.19
Estimated Total Size (MB): 15.95
----------------------------------------------------------------

Epoch: 0
Epoch: 000 | Loss: 1.630 | Acc: 40.108% (20054/50000) | Training Time: 14s470ms
Epoch: 000 | Loss: 1.278 | Acc: 52.920% (5292/10000) | Testing Time: 1s592ms
Saving..

Epoch: 1
Epoch: 001 | Loss: 1.100 | Acc: 60.730% (30365/50000) | Training Time: 9s854ms
Epoch: 001 | Loss: 1.051 | Acc: 63.090% (6309/10000) | Testing Time: 1s589ms
Saving..

Epoch: 2
Epoch: 002 | Loss: 0.886 | Acc: 68.934% (34467/50000) | Training Time: 9s698ms
Epoch: 002 | Loss: 0.910 | Acc: 69.220% (6922/10000) | Testing Time: 1s553ms
Saving..

Epoch: 3
Epoch: 003 | Loss: 0.734 | Acc: 74.402% (37201/50000) | Training Time: 9s855ms
Epoch: 003 | Loss: 0.745 | Acc: 74.740% (7474/10000) | Testing Time: 1s475ms
Saving..

Epoch: 4
Epoch: 004 | Loss: 0.648 | Acc: 77.854% (38927/50000) | Training Time: 9s710ms
Epoch: 004 | Loss: 0.624 | Acc: 78.520% (7852/10000) | Testing Time: 1s522ms
Saving..

Epoch: 5
Epoch: 005 | Loss: 0.601 | Acc: 79.330% (39665/50000) | Training Time: 9s891ms
Epoch: 005 | Loss: 0.706 | Acc: 76.540% (7654/10000) | Testing Time: 1s521ms

Epoch: 6
Epoch: 006 | Loss: 0.556 | Acc: 80.804% (40402/50000) | Training Time: 9s675ms
Epoch: 006 | Loss: 0.603 | Acc: 79.000% (7900/10000) | Testing Time: 1s458ms
Saving..

Epoch: 7
Epoch: 007 | Loss: 0.530 | Acc: 81.956% (40978/50000) | Training Time: 9s637ms
Epoch: 007 | Loss: 0.869 | Acc: 71.530% (7153/10000) | Testing Time: 1s510ms

Epoch: 8
Epoch: 008 | Loss: 0.507 | Acc: 82.670% (41335/50000) | Training Time: 9s741ms
Epoch: 008 | Loss: 0.920 | Acc: 72.340% (7234/10000) | Testing Time: 1s572ms

Epoch: 9
Epoch: 009 | Loss: 0.489 | Acc: 83.208% (41604/50000) | Training Time: 9s984ms
Epoch: 009 | Loss: 0.679 | Acc: 77.820% (7782/10000) | Testing Time: 1s600ms

Epoch: 10
Epoch: 010 | Loss: 0.471 | Acc: 83.770% (41885/50000) | Training Time: 9s765ms
Epoch: 010 | Loss: 0.735 | Acc: 74.870% (7487/10000) | Testing Time: 1s512ms

Epoch: 11
Epoch: 011 | Loss: 0.461 | Acc: 84.270% (42135/50000) | Training Time: 9s730ms
Epoch: 011 | Loss: 0.646 | Acc: 78.950% (7895/10000) | Testing Time: 1s592ms

Epoch: 12
Epoch: 012 | Loss: 0.444 | Acc: 84.790% (42395/50000) | Training Time: 9s562ms
Epoch: 012 | Loss: 0.611 | Acc: 79.730% (7973/10000) | Testing Time: 1s634ms
Saving..

Epoch: 13
Epoch: 013 | Loss: 0.442 | Acc: 84.948% (42474/50000) | Training Time: 9s892ms
Epoch: 013 | Loss: 0.604 | Acc: 80.070% (8007/10000) | Testing Time: 1s508ms
Saving..

Epoch: 14
Epoch: 014 | Loss: 0.427 | Acc: 85.456% (42728/50000) | Training Time: 10s33ms
Epoch: 014 | Loss: 0.478 | Acc: 83.630% (8363/10000) | Testing Time: 1s479ms
Saving..

Epoch: 15
Epoch: 015 | Loss: 0.426 | Acc: 85.510% (42755/50000) | Training Time: 9s789ms
Epoch: 015 | Loss: 0.618 | Acc: 80.760% (8076/10000) | Testing Time: 1s453ms

Epoch: 16
Epoch: 016 | Loss: 0.415 | Acc: 85.778% (42889/50000) | Training Time: 9s850ms
Epoch: 016 | Loss: 0.542 | Acc: 81.730% (8173/10000) | Testing Time: 1s511ms

Epoch: 17
Epoch: 017 | Loss: 0.413 | Acc: 85.884% (42942/50000) | Training Time: 9s785ms
Epoch: 017 | Loss: 0.562 | Acc: 81.200% (8120/10000) | Testing Time: 1s506ms

Epoch: 18
Epoch: 018 | Loss: 0.402 | Acc: 86.298% (43149/50000) | Training Time: 9s843ms
Epoch: 018 | Loss: 0.508 | Acc: 82.980% (8298/10000) | Testing Time: 1s538ms

Epoch: 19
Epoch: 019 | Loss: 0.396 | Acc: 86.656% (43328/50000) | Training Time: 9s832ms
Epoch: 019 | Loss: 0.617 | Acc: 80.430% (8043/10000) | Testing Time: 1s499ms

Epoch: 20
Epoch: 020 | Loss: 0.397 | Acc: 86.358% (43179/50000) | Training Time: 9s858ms
Epoch: 020 | Loss: 0.641 | Acc: 79.390% (7939/10000) | Testing Time: 1s483ms

Epoch: 21
Epoch: 021 | Loss: 0.386 | Acc: 86.836% (43418/50000) | Training Time: 9s726ms
Epoch: 021 | Loss: 0.690 | Acc: 78.010% (7801/10000) | Testing Time: 1s514ms

Epoch: 22
Epoch: 022 | Loss: 0.387 | Acc: 86.752% (43376/50000) | Training Time: 9s648ms
Epoch: 022 | Loss: 0.436 | Acc: 85.250% (8525/10000) | Testing Time: 1s613ms
Saving..

Epoch: 23
Epoch: 023 | Loss: 0.386 | Acc: 86.664% (43332/50000) | Training Time: 9s839ms
Epoch: 023 | Loss: 0.541 | Acc: 81.690% (8169/10000) | Testing Time: 1s481ms

Epoch: 24
Epoch: 024 | Loss: 0.382 | Acc: 86.944% (43472/50000) | Training Time: 9s784ms
Epoch: 024 | Loss: 0.545 | Acc: 82.060% (8206/10000) | Testing Time: 1s506ms

Epoch: 25
Epoch: 025 | Loss: 0.373 | Acc: 87.096% (43548/50000) | Training Time: 9s900ms
Epoch: 025 | Loss: 0.915 | Acc: 71.000% (7100/10000) | Testing Time: 1s511ms

Epoch: 26
Epoch: 026 | Loss: 0.370 | Acc: 87.356% (43678/50000) | Training Time: 9s712ms
Epoch: 026 | Loss: 0.575 | Acc: 81.310% (8131/10000) | Testing Time: 1s462ms

Epoch: 27
Epoch: 027 | Loss: 0.368 | Acc: 87.444% (43722/50000) | Training Time: 9s647ms
Epoch: 027 | Loss: 0.552 | Acc: 82.280% (8228/10000) | Testing Time: 1s506ms

Epoch: 28
Epoch: 028 | Loss: 0.365 | Acc: 87.624% (43812/50000) | Training Time: 9s748ms
Epoch: 028 | Loss: 0.524 | Acc: 82.840% (8284/10000) | Testing Time: 1s488ms

Epoch: 29
Epoch: 029 | Loss: 0.363 | Acc: 87.656% (43828/50000) | Training Time: 10s
Epoch: 029 | Loss: 0.503 | Acc: 83.510% (8351/10000) | Testing Time: 1s545ms

Epoch: 30
Epoch: 030 | Loss: 0.360 | Acc: 87.694% (43847/50000) | Training Time: 9s596ms
Epoch: 030 | Loss: 0.735 | Acc: 76.730% (7673/10000) | Testing Time: 1s612ms

Epoch: 31
Epoch: 031 | Loss: 0.358 | Acc: 87.758% (43879/50000) | Training Time: 9s827ms
Epoch: 031 | Loss: 0.430 | Acc: 85.450% (8545/10000) | Testing Time: 1s566ms
Saving..

Epoch: 32
Epoch: 032 | Loss: 0.353 | Acc: 87.866% (43933/50000) | Training Time: 9s841ms
Epoch: 032 | Loss: 0.666 | Acc: 78.990% (7899/10000) | Testing Time: 1s518ms

Epoch: 33
Epoch: 033 | Loss: 0.358 | Acc: 87.788% (43894/50000) | Training Time: 9s707ms
Epoch: 033 | Loss: 0.588 | Acc: 81.420% (8142/10000) | Testing Time: 1s462ms

Epoch: 34
Epoch: 034 | Loss: 0.344 | Acc: 88.392% (44196/50000) | Training Time: 9s891ms
Epoch: 034 | Loss: 0.533 | Acc: 83.130% (8313/10000) | Testing Time: 1s479ms

Epoch: 35
Epoch: 035 | Loss: 0.352 | Acc: 87.974% (43987/50000) | Training Time: 9s976ms
Epoch: 035 | Loss: 0.537 | Acc: 82.520% (8252/10000) | Testing Time: 1s451ms

Epoch: 36
Epoch: 036 | Loss: 0.342 | Acc: 88.412% (44206/50000) | Training Time: 9s819ms
Epoch: 036 | Loss: 0.625 | Acc: 80.070% (8007/10000) | Testing Time: 1s498ms

Epoch: 37
Epoch: 037 | Loss: 0.343 | Acc: 88.246% (44123/50000) | Training Time: 9s750ms
Epoch: 037 | Loss: 0.426 | Acc: 86.050% (8605/10000) | Testing Time: 1s551ms
Saving..

Epoch: 38
Epoch: 038 | Loss: 0.342 | Acc: 88.326% (44163/50000) | Training Time: 9s753ms
Epoch: 038 | Loss: 0.490 | Acc: 84.070% (8407/10000) | Testing Time: 1s498ms

Epoch: 39
Epoch: 039 | Loss: 0.338 | Acc: 88.438% (44219/50000) | Training Time: 9s803ms
Epoch: 039 | Loss: 0.551 | Acc: 82.750% (8275/10000) | Testing Time: 1s557ms

Epoch: 40
Epoch: 040 | Loss: 0.340 | Acc: 88.382% (44191/50000) | Training Time: 9s830ms
Epoch: 040 | Loss: 0.524 | Acc: 82.180% (8218/10000) | Testing Time: 1s545ms

Epoch: 41
Epoch: 041 | Loss: 0.337 | Acc: 88.440% (44220/50000) | Training Time: 9s829ms
Epoch: 041 | Loss: 0.450 | Acc: 85.130% (8513/10000) | Testing Time: 1s572ms

Epoch: 42
Epoch: 042 | Loss: 0.330 | Acc: 88.736% (44368/50000) | Training Time: 9s814ms
Epoch: 042 | Loss: 0.525 | Acc: 83.020% (8302/10000) | Testing Time: 1s511ms

Epoch: 43
Epoch: 043 | Loss: 0.333 | Acc: 88.628% (44314/50000) | Training Time: 9s807ms
Epoch: 043 | Loss: 0.510 | Acc: 83.420% (8342/10000) | Testing Time: 1s491ms

Epoch: 44
Epoch: 044 | Loss: 0.335 | Acc: 88.584% (44292/50000) | Training Time: 9s981ms
Epoch: 044 | Loss: 0.555 | Acc: 82.990% (8299/10000) | Testing Time: 1s452ms

Epoch: 45
Epoch: 045 | Loss: 0.331 | Acc: 88.842% (44421/50000) | Training Time: 9s771ms
Epoch: 045 | Loss: 0.491 | Acc: 83.560% (8356/10000) | Testing Time: 1s482ms

Epoch: 46
Epoch: 046 | Loss: 0.326 | Acc: 88.896% (44448/50000) | Training Time: 9s713ms
Epoch: 046 | Loss: 0.633 | Acc: 81.120% (8112/10000) | Testing Time: 1s460ms

Epoch: 47
Epoch: 047 | Loss: 0.325 | Acc: 88.826% (44413/50000) | Training Time: 9s945ms
Epoch: 047 | Loss: 0.532 | Acc: 82.860% (8286/10000) | Testing Time: 1s490ms

Epoch: 48
Epoch: 048 | Loss: 0.326 | Acc: 88.904% (44452/50000) | Training Time: 9s698ms
Epoch: 048 | Loss: 0.459 | Acc: 84.910% (8491/10000) | Testing Time: 1s586ms

Epoch: 49
Epoch: 049 | Loss: 0.325 | Acc: 88.908% (44454/50000) | Training Time: 9s874ms
Epoch: 049 | Loss: 0.467 | Acc: 85.120% (8512/10000) | Testing Time: 1s571ms

Epoch: 50
Epoch: 050 | Loss: 0.319 | Acc: 89.070% (44535/50000) | Training Time: 9s530ms
Epoch: 050 | Loss: 0.573 | Acc: 81.980% (8198/10000) | Testing Time: 1s577ms

Epoch: 51
Epoch: 051 | Loss: 0.322 | Acc: 88.908% (44454/50000) | Training Time: 9s763ms
Epoch: 051 | Loss: 0.427 | Acc: 85.620% (8562/10000) | Testing Time: 1s526ms

Epoch: 52
Epoch: 052 | Loss: 0.314 | Acc: 89.232% (44616/50000) | Training Time: 9s906ms
Epoch: 052 | Loss: 0.473 | Acc: 84.700% (8470/10000) | Testing Time: 1s536ms

Epoch: 53
Epoch: 053 | Loss: 0.310 | Acc: 89.412% (44706/50000) | Training Time: 9s784ms
Epoch: 053 | Loss: 0.519 | Acc: 82.970% (8297/10000) | Testing Time: 1s519ms

Epoch: 54
Epoch: 054 | Loss: 0.310 | Acc: 89.444% (44722/50000) | Training Time: 9s775ms
Epoch: 054 | Loss: 0.485 | Acc: 84.170% (8417/10000) | Testing Time: 1s446ms

Epoch: 55
Epoch: 055 | Loss: 0.310 | Acc: 89.400% (44700/50000) | Training Time: 9s764ms
Epoch: 055 | Loss: 0.433 | Acc: 85.770% (8577/10000) | Testing Time: 1s522ms

Epoch: 56
Epoch: 056 | Loss: 0.312 | Acc: 89.376% (44688/50000) | Training Time: 9s585ms
Epoch: 056 | Loss: 0.340 | Acc: 88.330% (8833/10000) | Testing Time: 1s518ms
Saving..

Epoch: 57
Epoch: 057 | Loss: 0.306 | Acc: 89.476% (44738/50000) | Training Time: 9s727ms
Epoch: 057 | Loss: 0.380 | Acc: 87.310% (8731/10000) | Testing Time: 1s544ms

Epoch: 58
Epoch: 058 | Loss: 0.308 | Acc: 89.494% (44747/50000) | Training Time: 9s754ms
Epoch: 058 | Loss: 0.722 | Acc: 79.360% (7936/10000) | Testing Time: 1s600ms

Epoch: 59
Epoch: 059 | Loss: 0.303 | Acc: 89.676% (44838/50000) | Training Time: 9s804ms
Epoch: 059 | Loss: 0.498 | Acc: 84.530% (8453/10000) | Testing Time: 1s568ms

Epoch: 60
Epoch: 060 | Loss: 0.303 | Acc: 89.694% (44847/50000) | Training Time: 9s936ms
Epoch: 060 | Loss: 0.603 | Acc: 81.610% (8161/10000) | Testing Time: 1s544ms

Epoch: 61
Epoch: 061 | Loss: 0.294 | Acc: 89.924% (44962/50000) | Training Time: 9s738ms
Epoch: 061 | Loss: 0.529 | Acc: 83.350% (8335/10000) | Testing Time: 1s520ms

Epoch: 62
Epoch: 062 | Loss: 0.300 | Acc: 89.804% (44902/50000) | Training Time: 9s917ms
Epoch: 062 | Loss: 0.414 | Acc: 86.740% (8674/10000) | Testing Time: 1s422ms

Epoch: 63
Epoch: 063 | Loss: 0.295 | Acc: 89.864% (44932/50000) | Training Time: 9s746ms
Epoch: 063 | Loss: 0.471 | Acc: 84.800% (8480/10000) | Testing Time: 1s498ms

Epoch: 64
Epoch: 064 | Loss: 0.285 | Acc: 90.252% (45126/50000) | Training Time: 9s699ms
Epoch: 064 | Loss: 0.433 | Acc: 86.110% (8611/10000) | Testing Time: 1s520ms

Epoch: 65
Epoch: 065 | Loss: 0.287 | Acc: 90.026% (45013/50000) | Training Time: 9s798ms
Epoch: 065 | Loss: 0.617 | Acc: 82.060% (8206/10000) | Testing Time: 1s465ms

Epoch: 66
Epoch: 066 | Loss: 0.289 | Acc: 90.158% (45079/50000) | Training Time: 9s773ms
Epoch: 066 | Loss: 0.422 | Acc: 85.960% (8596/10000) | Testing Time: 1s485ms

Epoch: 67
Epoch: 067 | Loss: 0.289 | Acc: 90.104% (45052/50000) | Training Time: 9s833ms
Epoch: 067 | Loss: 0.632 | Acc: 79.740% (7974/10000) | Testing Time: 1s530ms

Epoch: 68
Epoch: 068 | Loss: 0.288 | Acc: 90.234% (45117/50000) | Training Time: 10s74ms
Epoch: 068 | Loss: 0.601 | Acc: 81.080% (8108/10000) | Testing Time: 1s587ms

Epoch: 69
Epoch: 069 | Loss: 0.280 | Acc: 90.308% (45154/50000) | Training Time: 9s948ms
Epoch: 069 | Loss: 0.377 | Acc: 87.490% (8749/10000) | Testing Time: 1s553ms

Epoch: 70
Epoch: 070 | Loss: 0.285 | Acc: 90.260% (45130/50000) | Training Time: 9s729ms
Epoch: 070 | Loss: 0.461 | Acc: 84.900% (8490/10000) | Testing Time: 1s517ms

Epoch: 71
Epoch: 071 | Loss: 0.281 | Acc: 90.338% (45169/50000) | Training Time: 9s768ms
Epoch: 071 | Loss: 0.430 | Acc: 85.630% (8563/10000) | Testing Time: 1s492ms

Epoch: 72
Epoch: 072 | Loss: 0.271 | Acc: 90.794% (45397/50000) | Training Time: 9s590ms
Epoch: 072 | Loss: 0.588 | Acc: 81.090% (8109/10000) | Testing Time: 1s507ms

Epoch: 73
Epoch: 073 | Loss: 0.273 | Acc: 90.678% (45339/50000) | Training Time: 9s869ms
Epoch: 073 | Loss: 0.726 | Acc: 77.850% (7785/10000) | Testing Time: 1s564ms

Epoch: 74
Epoch: 074 | Loss: 0.272 | Acc: 90.736% (45368/50000) | Training Time: 9s870ms
Epoch: 074 | Loss: 0.428 | Acc: 86.540% (8654/10000) | Testing Time: 1s471ms

Epoch: 75
Epoch: 075 | Loss: 0.269 | Acc: 90.776% (45388/50000) | Training Time: 9s928ms
Epoch: 075 | Loss: 0.498 | Acc: 84.470% (8447/10000) | Testing Time: 1s562ms

Epoch: 76
Epoch: 076 | Loss: 0.263 | Acc: 91.074% (45537/50000) | Training Time: 9s880ms
Epoch: 076 | Loss: 0.477 | Acc: 84.480% (8448/10000) | Testing Time: 1s507ms

Epoch: 77
Epoch: 077 | Loss: 0.262 | Acc: 90.980% (45490/50000) | Training Time: 9s626ms
Epoch: 077 | Loss: 0.430 | Acc: 85.730% (8573/10000) | Testing Time: 1s536ms

Epoch: 78
Epoch: 078 | Loss: 0.268 | Acc: 90.932% (45466/50000) | Training Time: 9s651ms
Epoch: 078 | Loss: 0.517 | Acc: 83.950% (8395/10000) | Testing Time: 1s549ms

Epoch: 79
Epoch: 079 | Loss: 0.261 | Acc: 91.102% (45551/50000) | Training Time: 9s890ms
Epoch: 079 | Loss: 0.416 | Acc: 86.380% (8638/10000) | Testing Time: 1s652ms

Epoch: 80
Epoch: 080 | Loss: 0.257 | Acc: 91.218% (45609/50000) | Training Time: 9s719ms
Epoch: 080 | Loss: 0.509 | Acc: 84.230% (8423/10000) | Testing Time: 1s468ms

Epoch: 81
Epoch: 081 | Loss: 0.261 | Acc: 91.040% (45520/50000) | Training Time: 9s811ms
Epoch: 081 | Loss: 0.430 | Acc: 86.520% (8652/10000) | Testing Time: 1s495ms

Epoch: 82
Epoch: 082 | Loss: 0.255 | Acc: 91.322% (45661/50000) | Training Time: 9s750ms
Epoch: 082 | Loss: 0.500 | Acc: 84.950% (8495/10000) | Testing Time: 1s533ms

Epoch: 83
Epoch: 083 | Loss: 0.254 | Acc: 91.304% (45652/50000) | Training Time: 9s760ms
Epoch: 083 | Loss: 0.402 | Acc: 86.900% (8690/10000) | Testing Time: 1s519ms

Epoch: 84
Epoch: 084 | Loss: 0.245 | Acc: 91.628% (45814/50000) | Training Time: 9s822ms
Epoch: 084 | Loss: 0.459 | Acc: 85.230% (8523/10000) | Testing Time: 1s434ms

Epoch: 85
Epoch: 085 | Loss: 0.244 | Acc: 91.568% (45784/50000) | Training Time: 9s769ms
Epoch: 085 | Loss: 0.527 | Acc: 83.660% (8366/10000) | Testing Time: 1s498ms

Epoch: 86
Epoch: 086 | Loss: 0.243 | Acc: 91.720% (45860/50000) | Training Time: 10s122ms
Epoch: 086 | Loss: 0.367 | Acc: 87.600% (8760/10000) | Testing Time: 1s573ms

Epoch: 87
Epoch: 087 | Loss: 0.247 | Acc: 91.598% (45799/50000) | Training Time: 9s836ms
Epoch: 087 | Loss: 0.370 | Acc: 87.810% (8781/10000) | Testing Time: 1s520ms

Epoch: 88
Epoch: 088 | Loss: 0.237 | Acc: 91.836% (45918/50000) | Training Time: 9s606ms
Epoch: 088 | Loss: 0.385 | Acc: 87.460% (8746/10000) | Testing Time: 1s541ms

Epoch: 89
Epoch: 089 | Loss: 0.237 | Acc: 92.002% (46001/50000) | Training Time: 9s803ms
Epoch: 089 | Loss: 0.368 | Acc: 87.900% (8790/10000) | Testing Time: 1s528ms

Epoch: 90
Epoch: 090 | Loss: 0.242 | Acc: 91.704% (45852/50000) | Training Time: 9s688ms
Epoch: 090 | Loss: 0.470 | Acc: 84.800% (8480/10000) | Testing Time: 1s525ms

Epoch: 91
Epoch: 091 | Loss: 0.233 | Acc: 92.094% (46047/50000) | Training Time: 9s857ms
Epoch: 091 | Loss: 0.418 | Acc: 86.450% (8645/10000) | Testing Time: 1s466ms

Epoch: 92
Epoch: 092 | Loss: 0.224 | Acc: 92.332% (46166/50000) | Training Time: 9s651ms
Epoch: 092 | Loss: 0.382 | Acc: 87.850% (8785/10000) | Testing Time: 1s537ms

Epoch: 93
Epoch: 093 | Loss: 0.227 | Acc: 92.162% (46081/50000) | Training Time: 9s765ms
Epoch: 093 | Loss: 0.437 | Acc: 86.060% (8606/10000) | Testing Time: 1s529ms

Epoch: 94
Epoch: 094 | Loss: 0.220 | Acc: 92.448% (46224/50000) | Training Time: 9s899ms
Epoch: 094 | Loss: 0.438 | Acc: 86.110% (8611/10000) | Testing Time: 1s452ms

Epoch: 95
Epoch: 095 | Loss: 0.218 | Acc: 92.650% (46325/50000) | Training Time: 9s871ms
Epoch: 095 | Loss: 0.585 | Acc: 82.570% (8257/10000) | Testing Time: 1s565ms

Epoch: 96
Epoch: 096 | Loss: 0.223 | Acc: 92.512% (46256/50000) | Training Time: 9s629ms
Epoch: 096 | Loss: 0.333 | Acc: 88.930% (8893/10000) | Testing Time: 1s546ms
Saving..

Epoch: 97
Epoch: 097 | Loss: 0.214 | Acc: 92.626% (46313/50000) | Training Time: 9s756ms
Epoch: 097 | Loss: 0.461 | Acc: 85.780% (8578/10000) | Testing Time: 1s532ms

Epoch: 98
Epoch: 098 | Loss: 0.208 | Acc: 92.856% (46428/50000) | Training Time: 9s997ms
Epoch: 098 | Loss: 0.371 | Acc: 88.400% (8840/10000) | Testing Time: 1s645ms

Epoch: 99
Epoch: 099 | Loss: 0.206 | Acc: 93.020% (46510/50000) | Training Time: 9s981ms
Epoch: 099 | Loss: 0.476 | Acc: 85.820% (8582/10000) | Testing Time: 1s574ms

Epoch: 100
Epoch: 100 | Loss: 0.210 | Acc: 92.744% (46372/50000) | Training Time: 9s829ms
Epoch: 100 | Loss: 0.495 | Acc: 85.630% (8563/10000) | Testing Time: 1s532ms

Epoch: 101
Epoch: 101 | Loss: 0.203 | Acc: 93.000% (46500/50000) | Training Time: 9s684ms
Epoch: 101 | Loss: 0.399 | Acc: 87.410% (8741/10000) | Testing Time: 1s501ms

Epoch: 102
Epoch: 102 | Loss: 0.202 | Acc: 93.076% (46538/50000) | Training Time: 9s776ms
Epoch: 102 | Loss: 0.542 | Acc: 83.350% (8335/10000) | Testing Time: 1s527ms

Epoch: 103
Epoch: 103 | Loss: 0.201 | Acc: 93.066% (46533/50000) | Training Time: 9s561ms
Epoch: 103 | Loss: 0.365 | Acc: 88.810% (8881/10000) | Testing Time: 1s560ms

Epoch: 104
Epoch: 104 | Loss: 0.199 | Acc: 93.216% (46608/50000) | Training Time: 9s935ms
Epoch: 104 | Loss: 0.341 | Acc: 89.380% (8938/10000) | Testing Time: 1s519ms
Saving..

Epoch: 105
Epoch: 105 | Loss: 0.189 | Acc: 93.528% (46764/50000) | Training Time: 9s973ms
Epoch: 105 | Loss: 0.371 | Acc: 88.500% (8850/10000) | Testing Time: 1s507ms

Epoch: 106
Epoch: 106 | Loss: 0.192 | Acc: 93.424% (46712/50000) | Training Time: 9s874ms
Epoch: 106 | Loss: 0.365 | Acc: 88.200% (8820/10000) | Testing Time: 1s586ms

Epoch: 107
Epoch: 107 | Loss: 0.185 | Acc: 93.588% (46794/50000) | Training Time: 9s596ms
Epoch: 107 | Loss: 0.375 | Acc: 88.100% (8810/10000) | Testing Time: 1s619ms

Epoch: 108
Epoch: 108 | Loss: 0.188 | Acc: 93.518% (46759/50000) | Training Time: 9s893ms
Epoch: 108 | Loss: 0.372 | Acc: 88.310% (8831/10000) | Testing Time: 1s518ms

Epoch: 109
Epoch: 109 | Loss: 0.182 | Acc: 93.798% (46899/50000) | Training Time: 9s728ms
Epoch: 109 | Loss: 0.376 | Acc: 88.300% (8830/10000) | Testing Time: 1s485ms

Epoch: 110
Epoch: 110 | Loss: 0.181 | Acc: 93.806% (46903/50000) | Training Time: 9s701ms
Epoch: 110 | Loss: 0.382 | Acc: 88.200% (8820/10000) | Testing Time: 1s509ms

Epoch: 111
Epoch: 111 | Loss: 0.171 | Acc: 94.090% (47045/50000) | Training Time: 9s750ms
Epoch: 111 | Loss: 0.349 | Acc: 88.810% (8881/10000) | Testing Time: 1s506ms

Epoch: 112
Epoch: 112 | Loss: 0.178 | Acc: 93.912% (46956/50000) | Training Time: 9s793ms
Epoch: 112 | Loss: 0.457 | Acc: 86.320% (8632/10000) | Testing Time: 1s539ms

Epoch: 113
Epoch: 113 | Loss: 0.173 | Acc: 94.180% (47090/50000) | Training Time: 9s783ms
Epoch: 113 | Loss: 0.334 | Acc: 89.350% (8935/10000) | Testing Time: 1s607ms

Epoch: 114
Epoch: 114 | Loss: 0.172 | Acc: 94.020% (47010/50000) | Training Time: 9s932ms
Epoch: 114 | Loss: 0.393 | Acc: 87.740% (8774/10000) | Testing Time: 1s462ms

Epoch: 115
Epoch: 115 | Loss: 0.162 | Acc: 94.512% (47256/50000) | Training Time: 9s824ms
Epoch: 115 | Loss: 0.516 | Acc: 84.440% (8444/10000) | Testing Time: 1s580ms

Epoch: 116
Epoch: 116 | Loss: 0.162 | Acc: 94.486% (47243/50000) | Training Time: 9s546ms
Epoch: 116 | Loss: 0.345 | Acc: 89.000% (8900/10000) | Testing Time: 1s478ms

Epoch: 117
Epoch: 117 | Loss: 0.153 | Acc: 94.840% (47420/50000) | Training Time: 9s850ms
Epoch: 117 | Loss: 0.339 | Acc: 89.600% (8960/10000) | Testing Time: 1s534ms
Saving..

Epoch: 118
Epoch: 118 | Loss: 0.156 | Acc: 94.714% (47357/50000) | Training Time: 9s692ms
Epoch: 118 | Loss: 0.477 | Acc: 85.250% (8525/10000) | Testing Time: 1s540ms

Epoch: 119
Epoch: 119 | Loss: 0.150 | Acc: 94.958% (47479/50000) | Training Time: 9s663ms
Epoch: 119 | Loss: 0.329 | Acc: 89.990% (8999/10000) | Testing Time: 1s517ms
Saving..

Epoch: 120
Epoch: 120 | Loss: 0.149 | Acc: 94.974% (47487/50000) | Training Time: 9s799ms
Epoch: 120 | Loss: 0.368 | Acc: 88.660% (8866/10000) | Testing Time: 1s482ms

Epoch: 121
Epoch: 121 | Loss: 0.147 | Acc: 95.022% (47511/50000) | Training Time: 9s904ms
Epoch: 121 | Loss: 0.330 | Acc: 89.550% (8955/10000) | Testing Time: 1s578ms

Epoch: 122
Epoch: 122 | Loss: 0.143 | Acc: 95.170% (47585/50000) | Training Time: 9s689ms
Epoch: 122 | Loss: 0.377 | Acc: 88.580% (8858/10000) | Testing Time: 1s440ms

Epoch: 123
Epoch: 123 | Loss: 0.141 | Acc: 95.158% (47579/50000) | Training Time: 10s150ms
Epoch: 123 | Loss: 0.347 | Acc: 89.330% (8933/10000) | Testing Time: 1s710ms

Epoch: 124
Epoch: 124 | Loss: 0.132 | Acc: 95.656% (47828/50000) | Training Time: 9s846ms
Epoch: 124 | Loss: 0.315 | Acc: 90.070% (9007/10000) | Testing Time: 1s589ms
Saving..

Epoch: 125
Epoch: 125 | Loss: 0.133 | Acc: 95.444% (47722/50000) | Training Time: 9s962ms
Epoch: 125 | Loss: 0.350 | Acc: 89.420% (8942/10000) | Testing Time: 1s580ms

Epoch: 126
Epoch: 126 | Loss: 0.126 | Acc: 95.742% (47871/50000) | Training Time: 9s606ms
Epoch: 126 | Loss: 0.357 | Acc: 89.390% (8939/10000) | Testing Time: 1s605ms

Epoch: 127
Epoch: 127 | Loss: 0.130 | Acc: 95.666% (47833/50000) | Training Time: 9s866ms
Epoch: 127 | Loss: 0.338 | Acc: 89.690% (8969/10000) | Testing Time: 1s624ms

Epoch: 128
Epoch: 128 | Loss: 0.125 | Acc: 95.828% (47914/50000) | Training Time: 9s730ms
Epoch: 128 | Loss: 0.359 | Acc: 88.970% (8897/10000) | Testing Time: 1s514ms

Epoch: 129
Epoch: 129 | Loss: 0.117 | Acc: 96.134% (48067/50000) | Training Time: 9s708ms
Epoch: 129 | Loss: 0.349 | Acc: 89.550% (8955/10000) | Testing Time: 1s529ms

Epoch: 130
Epoch: 130 | Loss: 0.119 | Acc: 96.028% (48014/50000) | Training Time: 9s744ms
Epoch: 130 | Loss: 0.310 | Acc: 90.660% (9066/10000) | Testing Time: 1s572ms
Saving..

Epoch: 131
Epoch: 131 | Loss: 0.119 | Acc: 96.066% (48033/50000) | Training Time: 9s761ms
Epoch: 131 | Loss: 0.331 | Acc: 90.010% (9001/10000) | Testing Time: 1s477ms

Epoch: 132
Epoch: 132 | Loss: 0.112 | Acc: 96.290% (48145/50000) | Training Time: 9s703ms
Epoch: 132 | Loss: 0.318 | Acc: 90.080% (9008/10000) | Testing Time: 1s518ms

Epoch: 133
Epoch: 133 | Loss: 0.102 | Acc: 96.662% (48331/50000) | Training Time: 9s766ms
Epoch: 133 | Loss: 0.304 | Acc: 90.750% (9075/10000) | Testing Time: 1s482ms
Saving..

Epoch: 134
Epoch: 134 | Loss: 0.098 | Acc: 96.790% (48395/50000) | Training Time: 9s752ms
Epoch: 134 | Loss: 0.363 | Acc: 89.310% (8931/10000) | Testing Time: 1s502ms

Epoch: 135
Epoch: 135 | Loss: 0.097 | Acc: 96.798% (48399/50000) | Training Time: 9s895ms
Epoch: 135 | Loss: 0.327 | Acc: 90.110% (9011/10000) | Testing Time: 1s628ms

Epoch: 136
Epoch: 136 | Loss: 0.094 | Acc: 96.856% (48428/50000) | Training Time: 9s891ms
Epoch: 136 | Loss: 0.301 | Acc: 91.390% (9139/10000) | Testing Time: 1s512ms
Saving..

Epoch: 137
Epoch: 137 | Loss: 0.091 | Acc: 97.096% (48548/50000) | Training Time: 9s761ms
Epoch: 137 | Loss: 0.390 | Acc: 88.700% (8870/10000) | Testing Time: 1s537ms

Epoch: 138
Epoch: 138 | Loss: 0.090 | Acc: 96.994% (48497/50000) | Training Time: 9s889ms
Epoch: 138 | Loss: 0.314 | Acc: 90.560% (9056/10000) | Testing Time: 1s544ms

Epoch: 139
Epoch: 139 | Loss: 0.087 | Acc: 97.170% (48585/50000) | Training Time: 9s975ms
Epoch: 139 | Loss: 0.373 | Acc: 88.810% (8881/10000) | Testing Time: 1s580ms

Epoch: 140
Epoch: 140 | Loss: 0.079 | Acc: 97.486% (48743/50000) | Training Time: 9s887ms
Epoch: 140 | Loss: 0.285 | Acc: 91.270% (9127/10000) | Testing Time: 1s529ms

Epoch: 141
Epoch: 141 | Loss: 0.083 | Acc: 97.368% (48684/50000) | Training Time: 9s803ms
Epoch: 141 | Loss: 0.282 | Acc: 91.660% (9166/10000) | Testing Time: 1s516ms
Saving..

Epoch: 142
Epoch: 142 | Loss: 0.076 | Acc: 97.642% (48821/50000) | Training Time: 9s910ms
Epoch: 142 | Loss: 0.307 | Acc: 90.810% (9081/10000) | Testing Time: 1s565ms

Epoch: 143
Epoch: 143 | Loss: 0.069 | Acc: 97.820% (48910/50000) | Training Time: 9s734ms
Epoch: 143 | Loss: 0.287 | Acc: 91.680% (9168/10000) | Testing Time: 1s540ms
Saving..

Epoch: 144
Epoch: 144 | Loss: 0.065 | Acc: 97.942% (48971/50000) | Training Time: 9s768ms
Epoch: 144 | Loss: 0.291 | Acc: 91.640% (9164/10000) | Testing Time: 1s579ms

Epoch: 145
Epoch: 145 | Loss: 0.063 | Acc: 98.096% (49048/50000) | Training Time: 9s850ms
Epoch: 145 | Loss: 0.289 | Acc: 91.230% (9123/10000) | Testing Time: 1s534ms

Epoch: 146
Epoch: 146 | Loss: 0.061 | Acc: 98.154% (49077/50000) | Training Time: 9s767ms
Epoch: 146 | Loss: 0.253 | Acc: 92.380% (9238/10000) | Testing Time: 1s438ms
Saving..

Epoch: 147
Epoch: 147 | Loss: 0.058 | Acc: 98.246% (49123/50000) | Training Time: 9s761ms
Epoch: 147 | Loss: 0.276 | Acc: 92.090% (9209/10000) | Testing Time: 1s517ms

Epoch: 148
Epoch: 148 | Loss: 0.054 | Acc: 98.428% (49214/50000) | Training Time: 10s50ms
Epoch: 148 | Loss: 0.294 | Acc: 91.420% (9142/10000) | Testing Time: 1s480ms

Epoch: 149
Epoch: 149 | Loss: 0.048 | Acc: 98.610% (49305/50000) | Training Time: 9s690ms
Epoch: 149 | Loss: 0.264 | Acc: 92.540% (9254/10000) | Testing Time: 1s511ms
Saving..

Epoch: 150
Epoch: 150 | Loss: 0.049 | Acc: 98.556% (49278/50000) | Training Time: 9s875ms
Epoch: 150 | Loss: 0.264 | Acc: 92.080% (9208/10000) | Testing Time: 1s523ms

Epoch: 151
Epoch: 151 | Loss: 0.046 | Acc: 98.610% (49305/50000) | Training Time: 9s758ms
Epoch: 151 | Loss: 0.267 | Acc: 92.030% (9203/10000) | Testing Time: 1s542ms

Epoch: 152
Epoch: 152 | Loss: 0.041 | Acc: 98.856% (49428/50000) | Training Time: 9s727ms
Epoch: 152 | Loss: 0.256 | Acc: 92.220% (9222/10000) | Testing Time: 1s495ms

Epoch: 153
Epoch: 153 | Loss: 0.037 | Acc: 99.036% (49518/50000) | Training Time: 10s25ms
Epoch: 153 | Loss: 0.248 | Acc: 92.740% (9274/10000) | Testing Time: 1s550ms
Saving..

Epoch: 154
Epoch: 154 | Loss: 0.035 | Acc: 99.076% (49538/50000) | Training Time: 9s823ms
Epoch: 154 | Loss: 0.234 | Acc: 93.270% (9327/10000) | Testing Time: 1s562ms
Saving..

Epoch: 155
Epoch: 155 | Loss: 0.030 | Acc: 99.276% (49638/50000) | Training Time: 9s658ms
Epoch: 155 | Loss: 0.231 | Acc: 93.320% (9332/10000) | Testing Time: 1s539ms
Saving..

Epoch: 156
Epoch: 156 | Loss: 0.030 | Acc: 99.214% (49607/50000) | Training Time: 9s768ms
Epoch: 156 | Loss: 0.254 | Acc: 92.800% (9280/10000) | Testing Time: 1s515ms

Epoch: 157
Epoch: 157 | Loss: 0.027 | Acc: 99.364% (49682/50000) | Training Time: 9s854ms
Epoch: 157 | Loss: 0.234 | Acc: 93.530% (9353/10000) | Testing Time: 1s553ms
Saving..

Epoch: 158
Epoch: 158 | Loss: 0.024 | Acc: 99.476% (49738/50000) | Training Time: 9s635ms
Epoch: 158 | Loss: 0.237 | Acc: 92.970% (9297/10000) | Testing Time: 1s563ms

Epoch: 159
Epoch: 159 | Loss: 0.022 | Acc: 99.472% (49736/50000) | Training Time: 9s960ms
Epoch: 159 | Loss: 0.236 | Acc: 93.140% (9314/10000) | Testing Time: 1s518ms

Epoch: 160
Epoch: 160 | Loss: 0.018 | Acc: 99.678% (49839/50000) | Training Time: 9s893ms
Epoch: 160 | Loss: 0.227 | Acc: 93.440% (9344/10000) | Testing Time: 1s478ms

Epoch: 161
Epoch: 161 | Loss: 0.017 | Acc: 99.712% (49856/50000) | Training Time: 9s810ms
Epoch: 161 | Loss: 0.225 | Acc: 93.490% (9349/10000) | Testing Time: 1s570ms

Epoch: 162
Epoch: 162 | Loss: 0.016 | Acc: 99.714% (49857/50000) | Training Time: 9s894ms
Epoch: 162 | Loss: 0.213 | Acc: 93.700% (9370/10000) | Testing Time: 1s477ms
Saving..

Epoch: 163
Epoch: 163 | Loss: 0.014 | Acc: 99.786% (49893/50000) | Training Time: 9s875ms
Epoch: 163 | Loss: 0.209 | Acc: 93.970% (9397/10000) | Testing Time: 1s579ms
Saving..

Epoch: 164
Epoch: 164 | Loss: 0.012 | Acc: 99.844% (49922/50000) | Training Time: 9s850ms
Epoch: 164 | Loss: 0.211 | Acc: 93.890% (9389/10000) | Testing Time: 1s684ms

Epoch: 165
Epoch: 165 | Loss: 0.011 | Acc: 99.860% (49930/50000) | Training Time: 9s775ms
Epoch: 165 | Loss: 0.211 | Acc: 93.860% (9386/10000) | Testing Time: 1s518ms

Epoch: 166
Epoch: 166 | Loss: 0.011 | Acc: 99.870% (49935/50000) | Training Time: 9s778ms
Epoch: 166 | Loss: 0.203 | Acc: 93.990% (9399/10000) | Testing Time: 1s530ms
Saving..

Epoch: 167
Epoch: 167 | Loss: 0.009 | Acc: 99.906% (49953/50000) | Training Time: 9s757ms
Epoch: 167 | Loss: 0.198 | Acc: 94.140% (9414/10000) | Testing Time: 1s518ms
Saving..

Epoch: 168
Epoch: 168 | Loss: 0.009 | Acc: 99.914% (49957/50000) | Training Time: 9s783ms
Epoch: 168 | Loss: 0.196 | Acc: 94.240% (9424/10000) | Testing Time: 1s536ms
Saving..

Epoch: 169
Epoch: 169 | Loss: 0.008 | Acc: 99.922% (49961/50000) | Training Time: 9s885ms
Epoch: 169 | Loss: 0.191 | Acc: 94.240% (9424/10000) | Testing Time: 1s547ms

Epoch: 170
Epoch: 170 | Loss: 0.008 | Acc: 99.926% (49963/50000) | Training Time: 9s793ms
Epoch: 170 | Loss: 0.195 | Acc: 94.380% (9438/10000) | Testing Time: 1s640ms
Saving..

Epoch: 171
Epoch: 171 | Loss: 0.008 | Acc: 99.952% (49976/50000) | Training Time: 9s763ms
Epoch: 171 | Loss: 0.193 | Acc: 94.250% (9425/10000) | Testing Time: 1s512ms

Epoch: 172
Epoch: 172 | Loss: 0.007 | Acc: 99.962% (49981/50000) | Training Time: 9s992ms
Epoch: 172 | Loss: 0.194 | Acc: 94.440% (9444/10000) | Testing Time: 1s563ms
Saving..

Epoch: 173
Epoch: 173 | Loss: 0.007 | Acc: 99.958% (49979/50000) | Training Time: 9s692ms
Epoch: 173 | Loss: 0.190 | Acc: 94.340% (9434/10000) | Testing Time: 1s643ms

Epoch: 174
Epoch: 174 | Loss: 0.007 | Acc: 99.956% (49978/50000) | Training Time: 9s781ms
Epoch: 174 | Loss: 0.191 | Acc: 94.170% (9417/10000) | Testing Time: 1s589ms

Epoch: 175
Epoch: 175 | Loss: 0.007 | Acc: 99.968% (49984/50000) | Training Time: 9s847ms
Epoch: 175 | Loss: 0.186 | Acc: 94.540% (9454/10000) | Testing Time: 1s545ms
Saving..

Epoch: 176
Epoch: 176 | Loss: 0.006 | Acc: 99.964% (49982/50000) | Training Time: 10s56ms
Epoch: 176 | Loss: 0.185 | Acc: 94.560% (9456/10000) | Testing Time: 1s512ms
Saving..

Epoch: 177
Epoch: 177 | Loss: 0.006 | Acc: 99.972% (49986/50000) | Training Time: 10s
Epoch: 177 | Loss: 0.183 | Acc: 94.570% (9457/10000) | Testing Time: 1s527ms
Saving..

Epoch: 178
Epoch: 178 | Loss: 0.006 | Acc: 99.976% (49988/50000) | Training Time: 9s675ms
Epoch: 178 | Loss: 0.182 | Acc: 94.600% (9460/10000) | Testing Time: 1s501ms
Saving..

Epoch: 179
Epoch: 179 | Loss: 0.006 | Acc: 99.976% (49988/50000) | Training Time: 9s927ms
Epoch: 179 | Loss: 0.181 | Acc: 94.590% (9459/10000) | Testing Time: 1s530ms

Epoch: 180
Epoch: 180 | Loss: 0.006 | Acc: 99.986% (49993/50000) | Training Time: 9s927ms
Epoch: 180 | Loss: 0.182 | Acc: 94.620% (9462/10000) | Testing Time: 1s533ms
Saving..

Epoch: 181
Epoch: 181 | Loss: 0.005 | Acc: 99.986% (49993/50000) | Training Time: 9s834ms
Epoch: 181 | Loss: 0.177 | Acc: 94.730% (9473/10000) | Testing Time: 1s584ms
Saving..

Epoch: 182
Epoch: 182 | Loss: 0.006 | Acc: 99.986% (49993/50000) | Training Time: 9s542ms
Epoch: 182 | Loss: 0.180 | Acc: 94.660% (9466/10000) | Testing Time: 1s577ms

Epoch: 183
Epoch: 183 | Loss: 0.006 | Acc: 99.980% (49990/50000) | Training Time: 9s499ms
Epoch: 183 | Loss: 0.178 | Acc: 94.740% (9474/10000) | Testing Time: 1s495ms
Saving..

Epoch: 184
Epoch: 184 | Loss: 0.005 | Acc: 99.984% (49992/50000) | Training Time: 9s739ms
Epoch: 184 | Loss: 0.179 | Acc: 94.770% (9477/10000) | Testing Time: 1s587ms
Saving..

Epoch: 185
Epoch: 185 | Loss: 0.005 | Acc: 99.978% (49989/50000) | Training Time: 9s731ms
Epoch: 185 | Loss: 0.179 | Acc: 94.720% (9472/10000) | Testing Time: 1s529ms

Epoch: 186
Epoch: 186 | Loss: 0.005 | Acc: 99.994% (49997/50000) | Training Time: 9s916ms
Epoch: 186 | Loss: 0.178 | Acc: 94.790% (9479/10000) | Testing Time: 1s444ms
Saving..

Epoch: 187
Epoch: 187 | Loss: 0.005 | Acc: 99.994% (49997/50000) | Training Time: 9s624ms
Epoch: 187 | Loss: 0.177 | Acc: 94.750% (9475/10000) | Testing Time: 1s567ms

Epoch: 188
Epoch: 188 | Loss: 0.005 | Acc: 99.994% (49997/50000) | Training Time: 9s786ms
Epoch: 188 | Loss: 0.178 | Acc: 94.710% (9471/10000) | Testing Time: 1s557ms

Epoch: 189
Epoch: 189 | Loss: 0.005 | Acc: 99.984% (49992/50000) | Training Time: 9s894ms
Epoch: 189 | Loss: 0.178 | Acc: 94.740% (9474/10000) | Testing Time: 1s505ms

Epoch: 190
Epoch: 190 | Loss: 0.005 | Acc: 99.986% (49993/50000) | Training Time: 9s932ms
Epoch: 190 | Loss: 0.178 | Acc: 94.860% (9486/10000) | Testing Time: 1s576ms
Saving..

Epoch: 191
Epoch: 191 | Loss: 0.005 | Acc: 99.986% (49993/50000) | Training Time: 9s795ms
Epoch: 191 | Loss: 0.176 | Acc: 94.800% (9480/10000) | Testing Time: 1s564ms

Epoch: 192
Epoch: 192 | Loss: 0.005 | Acc: 99.986% (49993/50000) | Training Time: 9s947ms
Epoch: 192 | Loss: 0.178 | Acc: 94.810% (9481/10000) | Testing Time: 1s638ms

Epoch: 193
Epoch: 193 | Loss: 0.005 | Acc: 99.994% (49997/50000) | Training Time: 9s616ms
Epoch: 193 | Loss: 0.177 | Acc: 94.840% (9484/10000) | Testing Time: 1s525ms

Epoch: 194
Epoch: 194 | Loss: 0.005 | Acc: 99.998% (49999/50000) | Training Time: 9s717ms
Epoch: 194 | Loss: 0.177 | Acc: 94.780% (9478/10000) | Testing Time: 1s565ms

Epoch: 195
Epoch: 195 | Loss: 0.005 | Acc: 99.990% (49995/50000) | Training Time: 9s688ms
Epoch: 195 | Loss: 0.176 | Acc: 94.740% (9474/10000) | Testing Time: 1s513ms

Epoch: 196
Epoch: 196 | Loss: 0.005 | Acc: 99.994% (49997/50000) | Training Time: 9s765ms
Epoch: 196 | Loss: 0.177 | Acc: 94.790% (9479/10000) | Testing Time: 1s569ms

Epoch: 197
Epoch: 197 | Loss: 0.005 | Acc: 99.984% (49992/50000) | Training Time: 9s869ms
Epoch: 197 | Loss: 0.177 | Acc: 94.630% (9463/10000) | Testing Time: 1s557ms

Epoch: 198
Epoch: 198 | Loss: 0.005 | Acc: 99.994% (49997/50000) | Training Time: 9s672ms
Epoch: 198 | Loss: 0.177 | Acc: 94.650% (9465/10000) | Testing Time: 1s520ms

Epoch: 199
Epoch: 199 | Loss: 0.005 | Acc: 99.992% (49996/50000) | Training Time: 9s832ms
Epoch: 199 | Loss: 0.177 | Acc: 94.670% (9467/10000) | Testing Time: 1s580ms
Total Time: 37m52s
==> Saving training loss/acc and testing loss/acc...
==> Drawing loss and acc...
==> Process finished.
