Test case num:  20
==> device:  cuda
==> Preparing data..
Files already downloaded and verified
Files already downloaded and verified
==> Evaluating model..
----------------------------------------------------------------
        Layer (type)               Output Shape         Param #
================================================================
            Conv2d-1           [-1, 64, 32, 32]           1,728
       BatchNorm2d-2           [-1, 64, 32, 32]             128
            Conv2d-3           [-1, 64, 32, 32]          36,864
       BatchNorm2d-4           [-1, 64, 32, 32]             128
            Conv2d-5           [-1, 64, 32, 32]          36,864
       BatchNorm2d-6           [-1, 64, 32, 32]             128
        BasicBlock-7           [-1, 64, 32, 32]               0
            Conv2d-8           [-1, 64, 32, 32]          36,864
       BatchNorm2d-9           [-1, 64, 32, 32]             128
           Conv2d-10           [-1, 64, 32, 32]          36,864
      BatchNorm2d-11           [-1, 64, 32, 32]             128
       BasicBlock-12           [-1, 64, 32, 32]               0
           Conv2d-13          [-1, 128, 16, 16]          73,728
      BatchNorm2d-14          [-1, 128, 16, 16]             256
           Conv2d-15          [-1, 128, 16, 16]         147,456
      BatchNorm2d-16          [-1, 128, 16, 16]             256
           Conv2d-17          [-1, 128, 16, 16]           8,192
      BatchNorm2d-18          [-1, 128, 16, 16]             256
       BasicBlock-19          [-1, 128, 16, 16]               0
           Conv2d-20            [-1, 256, 8, 8]         294,912
      BatchNorm2d-21            [-1, 256, 8, 8]             512
           Conv2d-22            [-1, 256, 8, 8]         589,824
      BatchNorm2d-23            [-1, 256, 8, 8]             512
           Conv2d-24            [-1, 256, 8, 8]          32,768
      BatchNorm2d-25            [-1, 256, 8, 8]             512
       BasicBlock-26            [-1, 256, 8, 8]               0
           Conv2d-27            [-1, 512, 4, 4]       1,179,648
      BatchNorm2d-28            [-1, 512, 4, 4]           1,024
           Conv2d-29            [-1, 512, 4, 4]       2,359,296
      BatchNorm2d-30            [-1, 512, 4, 4]           1,024
           Conv2d-31            [-1, 512, 4, 4]         131,072
      BatchNorm2d-32            [-1, 512, 4, 4]           1,024
       BasicBlock-33            [-1, 512, 4, 4]               0
           Linear-34                   [-1, 10]           5,130
================================================================
Total params: 4,977,226
Trainable params: 4,977,226
Non-trainable params: 0
----------------------------------------------------------------
Input size (MB): 0.01
Forward/backward pass size (MB): 9.06
Params size (MB): 18.99
Estimated Total Size (MB): 28.06
----------------------------------------------------------------

Epoch: 0
Epoch: 000 | Loss: 1.640 | Acc: 38.908% (19454/50000) | Training Time: 18s112ms
Epoch: 000 | Loss: 1.677 | Acc: 43.270% (4327/10000) | Testing Time: 1s997ms
Saving..

Epoch: 1
Epoch: 001 | Loss: 1.145 | Acc: 58.628% (29314/50000) | Training Time: 12s809ms
Epoch: 001 | Loss: 1.372 | Acc: 53.380% (5338/10000) | Testing Time: 1s704ms
Saving..

Epoch: 2
Epoch: 002 | Loss: 0.912 | Acc: 67.602% (33801/50000) | Training Time: 13s210ms
Epoch: 002 | Loss: 0.972 | Acc: 66.070% (6607/10000) | Testing Time: 1s809ms
Saving..

Epoch: 3
Epoch: 003 | Loss: 0.782 | Acc: 72.602% (36301/50000) | Training Time: 13s144ms
Epoch: 003 | Loss: 0.827 | Acc: 71.470% (7147/10000) | Testing Time: 1s716ms
Saving..

Epoch: 4
Epoch: 004 | Loss: 0.674 | Acc: 76.618% (38309/50000) | Training Time: 12s822ms
Epoch: 004 | Loss: 0.714 | Acc: 76.040% (7604/10000) | Testing Time: 1s702ms
Saving..

Epoch: 5
Epoch: 005 | Loss: 0.606 | Acc: 79.262% (39631/50000) | Training Time: 13s190ms
Epoch: 005 | Loss: 1.075 | Acc: 68.180% (6818/10000) | Testing Time: 1s745ms

Epoch: 6
Epoch: 006 | Loss: 0.569 | Acc: 80.400% (40200/50000) | Training Time: 13s139ms
Epoch: 006 | Loss: 0.564 | Acc: 80.480% (8048/10000) | Testing Time: 1s751ms
Saving..

Epoch: 7
Epoch: 007 | Loss: 0.530 | Acc: 81.822% (40911/50000) | Training Time: 13s40ms
Epoch: 007 | Loss: 0.628 | Acc: 78.730% (7873/10000) | Testing Time: 1s711ms

Epoch: 8
Epoch: 008 | Loss: 0.511 | Acc: 82.420% (41210/50000) | Training Time: 13s175ms
Epoch: 008 | Loss: 0.652 | Acc: 78.120% (7812/10000) | Testing Time: 1s729ms

Epoch: 9
Epoch: 009 | Loss: 0.488 | Acc: 83.318% (41659/50000) | Training Time: 13s74ms
Epoch: 009 | Loss: 0.534 | Acc: 81.760% (8176/10000) | Testing Time: 1s724ms
Saving..

Epoch: 10
Epoch: 010 | Loss: 0.473 | Acc: 83.888% (41944/50000) | Training Time: 13s197ms
Epoch: 010 | Loss: 0.783 | Acc: 75.600% (7560/10000) | Testing Time: 1s804ms

Epoch: 11
Epoch: 011 | Loss: 0.460 | Acc: 84.210% (42105/50000) | Training Time: 13s100ms
Epoch: 011 | Loss: 0.610 | Acc: 80.180% (8018/10000) | Testing Time: 1s725ms

Epoch: 12
Epoch: 012 | Loss: 0.443 | Acc: 84.872% (42436/50000) | Training Time: 13s87ms
Epoch: 012 | Loss: 0.712 | Acc: 76.790% (7679/10000) | Testing Time: 1s849ms

Epoch: 13
Epoch: 013 | Loss: 0.434 | Acc: 85.102% (42551/50000) | Training Time: 13s73ms
Epoch: 013 | Loss: 0.478 | Acc: 84.010% (8401/10000) | Testing Time: 1s745ms
Saving..

Epoch: 14
Epoch: 014 | Loss: 0.427 | Acc: 85.392% (42696/50000) | Training Time: 13s191ms
Epoch: 014 | Loss: 0.481 | Acc: 83.600% (8360/10000) | Testing Time: 1s843ms

Epoch: 15
Epoch: 015 | Loss: 0.418 | Acc: 85.794% (42897/50000) | Training Time: 13s67ms
Epoch: 015 | Loss: 0.728 | Acc: 77.970% (7797/10000) | Testing Time: 1s735ms

Epoch: 16
Epoch: 016 | Loss: 0.412 | Acc: 85.994% (42997/50000) | Training Time: 13s94ms
Epoch: 016 | Loss: 0.516 | Acc: 81.920% (8192/10000) | Testing Time: 1s947ms

Epoch: 17
Epoch: 017 | Loss: 0.408 | Acc: 86.098% (43049/50000) | Training Time: 13s73ms
Epoch: 017 | Loss: 0.489 | Acc: 83.270% (8327/10000) | Testing Time: 1s818ms

Epoch: 18
Epoch: 018 | Loss: 0.403 | Acc: 86.204% (43102/50000) | Training Time: 13s148ms
Epoch: 018 | Loss: 0.633 | Acc: 79.720% (7972/10000) | Testing Time: 1s849ms

Epoch: 19
Epoch: 019 | Loss: 0.398 | Acc: 86.418% (43209/50000) | Training Time: 13s116ms
Epoch: 019 | Loss: 0.499 | Acc: 83.020% (8302/10000) | Testing Time: 1s705ms

Epoch: 20
Epoch: 020 | Loss: 0.398 | Acc: 86.388% (43194/50000) | Training Time: 13s156ms
Epoch: 020 | Loss: 0.639 | Acc: 78.760% (7876/10000) | Testing Time: 1s753ms

Epoch: 21
Epoch: 021 | Loss: 0.387 | Acc: 86.876% (43438/50000) | Training Time: 13s6ms
Epoch: 021 | Loss: 0.521 | Acc: 81.400% (8140/10000) | Testing Time: 1s745ms

Epoch: 22
Epoch: 022 | Loss: 0.389 | Acc: 86.672% (43336/50000) | Training Time: 13s63ms
Epoch: 022 | Loss: 0.551 | Acc: 81.340% (8134/10000) | Testing Time: 1s857ms

Epoch: 23
Epoch: 023 | Loss: 0.385 | Acc: 86.874% (43437/50000) | Training Time: 13s10ms
Epoch: 023 | Loss: 0.539 | Acc: 82.720% (8272/10000) | Testing Time: 1s739ms

Epoch: 24
Epoch: 024 | Loss: 0.380 | Acc: 87.026% (43513/50000) | Training Time: 13s198ms
Epoch: 024 | Loss: 0.461 | Acc: 84.730% (8473/10000) | Testing Time: 1s872ms
Saving..

Epoch: 25
Epoch: 025 | Loss: 0.376 | Acc: 87.178% (43589/50000) | Training Time: 13s56ms
Epoch: 025 | Loss: 0.431 | Acc: 85.340% (8534/10000) | Testing Time: 1s720ms
Saving..

Epoch: 26
Epoch: 026 | Loss: 0.371 | Acc: 87.374% (43687/50000) | Training Time: 12s904ms
Epoch: 026 | Loss: 0.417 | Acc: 85.650% (8565/10000) | Testing Time: 1s896ms
Saving..

Epoch: 27
Epoch: 027 | Loss: 0.369 | Acc: 87.436% (43718/50000) | Training Time: 13s335ms
Epoch: 027 | Loss: 0.534 | Acc: 82.080% (8208/10000) | Testing Time: 1s717ms

Epoch: 28
Epoch: 028 | Loss: 0.369 | Acc: 87.490% (43745/50000) | Training Time: 13s7ms
Epoch: 028 | Loss: 0.445 | Acc: 85.250% (8525/10000) | Testing Time: 1s803ms

Epoch: 29
Epoch: 029 | Loss: 0.361 | Acc: 87.710% (43855/50000) | Training Time: 13s231ms
Epoch: 029 | Loss: 0.643 | Acc: 80.070% (8007/10000) | Testing Time: 1s796ms

Epoch: 30
Epoch: 030 | Loss: 0.362 | Acc: 87.698% (43849/50000) | Training Time: 13s92ms
Epoch: 030 | Loss: 0.486 | Acc: 84.240% (8424/10000) | Testing Time: 1s725ms

Epoch: 31
Epoch: 031 | Loss: 0.356 | Acc: 88.014% (44007/50000) | Training Time: 13s74ms
Epoch: 031 | Loss: 0.568 | Acc: 81.480% (8148/10000) | Testing Time: 1s763ms

Epoch: 32
Epoch: 032 | Loss: 0.357 | Acc: 87.772% (43886/50000) | Training Time: 13s323ms
Epoch: 032 | Loss: 0.397 | Acc: 86.700% (8670/10000) | Testing Time: 1s798ms
Saving..

Epoch: 33
Epoch: 033 | Loss: 0.354 | Acc: 87.964% (43982/50000) | Training Time: 13s242ms
Epoch: 033 | Loss: 0.460 | Acc: 84.590% (8459/10000) | Testing Time: 1s718ms

Epoch: 34
Epoch: 034 | Loss: 0.364 | Acc: 87.512% (43756/50000) | Training Time: 13s242ms
Epoch: 034 | Loss: 0.516 | Acc: 82.630% (8263/10000) | Testing Time: 1s804ms

Epoch: 35
Epoch: 035 | Loss: 0.350 | Acc: 88.196% (44098/50000) | Training Time: 12s876ms
Epoch: 035 | Loss: 0.527 | Acc: 82.990% (8299/10000) | Testing Time: 1s724ms

Epoch: 36
Epoch: 036 | Loss: 0.355 | Acc: 87.916% (43958/50000) | Training Time: 13s60ms
Epoch: 036 | Loss: 0.549 | Acc: 81.940% (8194/10000) | Testing Time: 1s814ms

Epoch: 37
Epoch: 037 | Loss: 0.352 | Acc: 87.938% (43969/50000) | Training Time: 12s991ms
Epoch: 037 | Loss: 0.410 | Acc: 86.260% (8626/10000) | Testing Time: 1s716ms

Epoch: 38
Epoch: 038 | Loss: 0.344 | Acc: 88.348% (44174/50000) | Training Time: 12s858ms
Epoch: 038 | Loss: 0.575 | Acc: 82.080% (8208/10000) | Testing Time: 1s893ms

Epoch: 39
Epoch: 039 | Loss: 0.342 | Acc: 88.252% (44126/50000) | Training Time: 13s27ms
Epoch: 039 | Loss: 0.512 | Acc: 83.170% (8317/10000) | Testing Time: 1s705ms

Epoch: 40
Epoch: 040 | Loss: 0.343 | Acc: 88.396% (44198/50000) | Training Time: 13s353ms
Epoch: 040 | Loss: 0.520 | Acc: 82.890% (8289/10000) | Testing Time: 1s816ms

Epoch: 41
Epoch: 041 | Loss: 0.342 | Acc: 88.332% (44166/50000) | Training Time: 12s816ms
Epoch: 041 | Loss: 0.687 | Acc: 78.360% (7836/10000) | Testing Time: 1s737ms

Epoch: 42
Epoch: 042 | Loss: 0.335 | Acc: 88.656% (44328/50000) | Training Time: 13s9ms
Epoch: 042 | Loss: 0.424 | Acc: 86.140% (8614/10000) | Testing Time: 1s802ms

Epoch: 43
Epoch: 043 | Loss: 0.344 | Acc: 88.184% (44092/50000) | Training Time: 12s912ms
Epoch: 043 | Loss: 0.516 | Acc: 83.490% (8349/10000) | Testing Time: 1s745ms

Epoch: 44
Epoch: 044 | Loss: 0.336 | Acc: 88.564% (44282/50000) | Training Time: 13s44ms
Epoch: 044 | Loss: 0.515 | Acc: 82.660% (8266/10000) | Testing Time: 1s731ms

Epoch: 45
Epoch: 045 | Loss: 0.336 | Acc: 88.558% (44279/50000) | Training Time: 13s4ms
Epoch: 045 | Loss: 0.461 | Acc: 84.620% (8462/10000) | Testing Time: 1s762ms

Epoch: 46
Epoch: 046 | Loss: 0.337 | Acc: 88.544% (44272/50000) | Training Time: 13s221ms
Epoch: 046 | Loss: 0.389 | Acc: 87.000% (8700/10000) | Testing Time: 1s730ms
Saving..

Epoch: 47
Epoch: 047 | Loss: 0.329 | Acc: 88.770% (44385/50000) | Training Time: 12s992ms
Epoch: 047 | Loss: 0.514 | Acc: 83.360% (8336/10000) | Testing Time: 1s718ms

Epoch: 48
Epoch: 048 | Loss: 0.321 | Acc: 88.954% (44477/50000) | Training Time: 13s84ms
Epoch: 048 | Loss: 0.426 | Acc: 85.970% (8597/10000) | Testing Time: 1s758ms

Epoch: 49
Epoch: 049 | Loss: 0.323 | Acc: 89.032% (44516/50000) | Training Time: 13s30ms
Epoch: 049 | Loss: 0.449 | Acc: 85.600% (8560/10000) | Testing Time: 1s729ms

Epoch: 50
Epoch: 050 | Loss: 0.330 | Acc: 88.734% (44367/50000) | Training Time: 13s285ms
Epoch: 050 | Loss: 0.376 | Acc: 87.390% (8739/10000) | Testing Time: 1s727ms
Saving..

Epoch: 51
Epoch: 051 | Loss: 0.326 | Acc: 88.854% (44427/50000) | Training Time: 13s11ms
Epoch: 051 | Loss: 0.446 | Acc: 84.990% (8499/10000) | Testing Time: 1s740ms

Epoch: 52
Epoch: 052 | Loss: 0.318 | Acc: 89.038% (44519/50000) | Training Time: 13s298ms
Epoch: 052 | Loss: 0.506 | Acc: 83.520% (8352/10000) | Testing Time: 1s795ms

Epoch: 53
Epoch: 053 | Loss: 0.327 | Acc: 88.742% (44371/50000) | Training Time: 12s876ms
Epoch: 053 | Loss: 0.641 | Acc: 79.910% (7991/10000) | Testing Time: 1s897ms

Epoch: 54
Epoch: 054 | Loss: 0.315 | Acc: 89.142% (44571/50000) | Training Time: 13s242ms
Epoch: 054 | Loss: 0.519 | Acc: 83.190% (8319/10000) | Testing Time: 1s729ms

Epoch: 55
Epoch: 055 | Loss: 0.311 | Acc: 89.370% (44685/50000) | Training Time: 12s991ms
Epoch: 055 | Loss: 0.537 | Acc: 83.570% (8357/10000) | Testing Time: 1s738ms

Epoch: 56
Epoch: 056 | Loss: 0.315 | Acc: 89.256% (44628/50000) | Training Time: 13s355ms
Epoch: 056 | Loss: 0.520 | Acc: 83.660% (8366/10000) | Testing Time: 1s764ms

Epoch: 57
Epoch: 057 | Loss: 0.310 | Acc: 89.442% (44721/50000) | Training Time: 13s47ms
Epoch: 057 | Loss: 0.445 | Acc: 85.480% (8548/10000) | Testing Time: 1s761ms

Epoch: 58
Epoch: 058 | Loss: 0.314 | Acc: 89.200% (44600/50000) | Training Time: 13s73ms
Epoch: 058 | Loss: 0.491 | Acc: 84.590% (8459/10000) | Testing Time: 1s812ms

Epoch: 59
Epoch: 059 | Loss: 0.308 | Acc: 89.282% (44641/50000) | Training Time: 12s951ms
Epoch: 059 | Loss: 0.551 | Acc: 83.090% (8309/10000) | Testing Time: 1s739ms

Epoch: 60
Epoch: 060 | Loss: 0.309 | Acc: 89.432% (44716/50000) | Training Time: 13s24ms
Epoch: 060 | Loss: 0.653 | Acc: 77.920% (7792/10000) | Testing Time: 1s886ms

Epoch: 61
Epoch: 061 | Loss: 0.305 | Acc: 89.554% (44777/50000) | Training Time: 13s26ms
Epoch: 061 | Loss: 0.506 | Acc: 84.110% (8411/10000) | Testing Time: 1s743ms

Epoch: 62
Epoch: 062 | Loss: 0.302 | Acc: 89.708% (44854/50000) | Training Time: 13s209ms
Epoch: 062 | Loss: 0.405 | Acc: 86.390% (8639/10000) | Testing Time: 1s842ms

Epoch: 63
Epoch: 063 | Loss: 0.299 | Acc: 89.750% (44875/50000) | Training Time: 13s62ms
Epoch: 063 | Loss: 0.402 | Acc: 86.780% (8678/10000) | Testing Time: 1s789ms

Epoch: 64
Epoch: 064 | Loss: 0.301 | Acc: 89.804% (44902/50000) | Training Time: 12s987ms
Epoch: 064 | Loss: 0.533 | Acc: 82.790% (8279/10000) | Testing Time: 1s879ms

Epoch: 65
Epoch: 065 | Loss: 0.299 | Acc: 89.828% (44914/50000) | Training Time: 13s102ms
Epoch: 065 | Loss: 0.483 | Acc: 84.660% (8466/10000) | Testing Time: 1s722ms

Epoch: 66
Epoch: 066 | Loss: 0.294 | Acc: 89.862% (44931/50000) | Training Time: 13s296ms
Epoch: 066 | Loss: 0.421 | Acc: 86.160% (8616/10000) | Testing Time: 1s867ms

Epoch: 67
Epoch: 067 | Loss: 0.293 | Acc: 90.036% (45018/50000) | Training Time: 12s785ms
Epoch: 067 | Loss: 0.519 | Acc: 83.630% (8363/10000) | Testing Time: 1s839ms

Epoch: 68
Epoch: 068 | Loss: 0.295 | Acc: 90.046% (45023/50000) | Training Time: 13s244ms
Epoch: 068 | Loss: 0.434 | Acc: 85.760% (8576/10000) | Testing Time: 1s721ms

Epoch: 69
Epoch: 069 | Loss: 0.286 | Acc: 90.118% (45059/50000) | Training Time: 13s221ms
Epoch: 069 | Loss: 0.434 | Acc: 85.260% (8526/10000) | Testing Time: 1s764ms

Epoch: 70
Epoch: 070 | Loss: 0.291 | Acc: 89.982% (44991/50000) | Training Time: 13s65ms
Epoch: 070 | Loss: 0.417 | Acc: 85.960% (8596/10000) | Testing Time: 1s830ms

Epoch: 71
Epoch: 071 | Loss: 0.283 | Acc: 90.192% (45096/50000) | Training Time: 13s313ms
Epoch: 071 | Loss: 0.431 | Acc: 85.520% (8552/10000) | Testing Time: 1s760ms

Epoch: 72
Epoch: 072 | Loss: 0.287 | Acc: 90.162% (45081/50000) | Training Time: 13s23ms
Epoch: 072 | Loss: 0.408 | Acc: 86.930% (8693/10000) | Testing Time: 1s823ms

Epoch: 73
Epoch: 073 | Loss: 0.279 | Acc: 90.462% (45231/50000) | Training Time: 13s324ms
Epoch: 073 | Loss: 0.418 | Acc: 86.240% (8624/10000) | Testing Time: 1s791ms

Epoch: 74
Epoch: 074 | Loss: 0.285 | Acc: 90.228% (45114/50000) | Training Time: 13s392ms
Epoch: 074 | Loss: 0.420 | Acc: 85.840% (8584/10000) | Testing Time: 1s839ms

Epoch: 75
Epoch: 075 | Loss: 0.280 | Acc: 90.360% (45180/50000) | Training Time: 13s67ms
Epoch: 075 | Loss: 0.491 | Acc: 84.640% (8464/10000) | Testing Time: 1s775ms

Epoch: 76
Epoch: 076 | Loss: 0.272 | Acc: 90.666% (45333/50000) | Training Time: 13s271ms
Epoch: 076 | Loss: 0.578 | Acc: 83.190% (8319/10000) | Testing Time: 1s818ms

Epoch: 77
Epoch: 077 | Loss: 0.271 | Acc: 90.624% (45312/50000) | Training Time: 13s48ms
Epoch: 077 | Loss: 0.487 | Acc: 84.660% (8466/10000) | Testing Time: 1s719ms

Epoch: 78
Epoch: 078 | Loss: 0.268 | Acc: 90.802% (45401/50000) | Training Time: 13s237ms
Epoch: 078 | Loss: 0.496 | Acc: 84.570% (8457/10000) | Testing Time: 1s736ms

Epoch: 79
Epoch: 079 | Loss: 0.264 | Acc: 91.064% (45532/50000) | Training Time: 13s137ms
Epoch: 079 | Loss: 0.504 | Acc: 84.100% (8410/10000) | Testing Time: 1s736ms

Epoch: 80
Epoch: 080 | Loss: 0.268 | Acc: 90.836% (45418/50000) | Training Time: 13s186ms
Epoch: 080 | Loss: 0.380 | Acc: 87.540% (8754/10000) | Testing Time: 1s870ms
Saving..

Epoch: 81
Epoch: 081 | Loss: 0.268 | Acc: 90.842% (45421/50000) | Training Time: 13s11ms
Epoch: 081 | Loss: 0.712 | Acc: 78.990% (7899/10000) | Testing Time: 1s751ms

Epoch: 82
Epoch: 082 | Loss: 0.264 | Acc: 91.022% (45511/50000) | Training Time: 13s41ms
Epoch: 082 | Loss: 0.333 | Acc: 89.140% (8914/10000) | Testing Time: 1s818ms
Saving..

Epoch: 83
Epoch: 083 | Loss: 0.258 | Acc: 91.172% (45586/50000) | Training Time: 13s431ms
Epoch: 083 | Loss: 0.588 | Acc: 82.520% (8252/10000) | Testing Time: 1s812ms

Epoch: 84
Epoch: 084 | Loss: 0.261 | Acc: 91.064% (45532/50000) | Training Time: 13s156ms
Epoch: 084 | Loss: 0.451 | Acc: 85.930% (8593/10000) | Testing Time: 1s724ms

Epoch: 85
Epoch: 085 | Loss: 0.254 | Acc: 91.262% (45631/50000) | Training Time: 12s990ms
Epoch: 085 | Loss: 0.436 | Acc: 86.250% (8625/10000) | Testing Time: 1s777ms

Epoch: 86
Epoch: 086 | Loss: 0.254 | Acc: 91.418% (45709/50000) | Training Time: 13s232ms
Epoch: 086 | Loss: 0.360 | Acc: 88.380% (8838/10000) | Testing Time: 1s706ms

Epoch: 87
Epoch: 087 | Loss: 0.249 | Acc: 91.458% (45729/50000) | Training Time: 13s173ms
Epoch: 087 | Loss: 0.401 | Acc: 87.330% (8733/10000) | Testing Time: 1s719ms

Epoch: 88
Epoch: 088 | Loss: 0.253 | Acc: 91.278% (45639/50000) | Training Time: 13s176ms
Epoch: 088 | Loss: 0.383 | Acc: 87.560% (8756/10000) | Testing Time: 1s763ms

Epoch: 89
Epoch: 089 | Loss: 0.243 | Acc: 91.654% (45827/50000) | Training Time: 13s93ms
Epoch: 089 | Loss: 0.423 | Acc: 86.620% (8662/10000) | Testing Time: 1s718ms

Epoch: 90
Epoch: 090 | Loss: 0.247 | Acc: 91.492% (45746/50000) | Training Time: 13s224ms
Epoch: 090 | Loss: 0.397 | Acc: 87.460% (8746/10000) | Testing Time: 1s815ms

Epoch: 91
Epoch: 091 | Loss: 0.242 | Acc: 91.782% (45891/50000) | Training Time: 13s3ms
Epoch: 091 | Loss: 0.464 | Acc: 84.850% (8485/10000) | Testing Time: 1s790ms

Epoch: 92
Epoch: 092 | Loss: 0.243 | Acc: 91.640% (45820/50000) | Training Time: 13s22ms
Epoch: 092 | Loss: 0.480 | Acc: 85.120% (8512/10000) | Testing Time: 1s811ms

Epoch: 93
Epoch: 093 | Loss: 0.236 | Acc: 91.972% (45986/50000) | Training Time: 13s15ms
Epoch: 093 | Loss: 0.377 | Acc: 87.810% (8781/10000) | Testing Time: 1s751ms

Epoch: 94
Epoch: 094 | Loss: 0.238 | Acc: 91.780% (45890/50000) | Training Time: 13s199ms
Epoch: 094 | Loss: 0.413 | Acc: 86.740% (8674/10000) | Testing Time: 1s881ms

Epoch: 95
Epoch: 095 | Loss: 0.232 | Acc: 92.206% (46103/50000) | Training Time: 12s870ms
Epoch: 095 | Loss: 0.369 | Acc: 87.910% (8791/10000) | Testing Time: 1s719ms

Epoch: 96
Epoch: 096 | Loss: 0.230 | Acc: 92.226% (46113/50000) | Training Time: 13s20ms
Epoch: 096 | Loss: 0.424 | Acc: 86.850% (8685/10000) | Testing Time: 1s835ms

Epoch: 97
Epoch: 097 | Loss: 0.231 | Acc: 92.064% (46032/50000) | Training Time: 13s42ms
Epoch: 097 | Loss: 0.471 | Acc: 85.110% (8511/10000) | Testing Time: 1s712ms

Epoch: 98
Epoch: 098 | Loss: 0.226 | Acc: 92.290% (46145/50000) | Training Time: 13s245ms
Epoch: 098 | Loss: 0.391 | Acc: 87.290% (8729/10000) | Testing Time: 1s793ms

Epoch: 99
Epoch: 099 | Loss: 0.224 | Acc: 92.348% (46174/50000) | Training Time: 13s257ms
Epoch: 099 | Loss: 0.381 | Acc: 88.210% (8821/10000) | Testing Time: 1s806ms

Epoch: 100
Epoch: 100 | Loss: 0.217 | Acc: 92.582% (46291/50000) | Training Time: 12s988ms
Epoch: 100 | Loss: 0.465 | Acc: 85.240% (8524/10000) | Testing Time: 1s803ms

Epoch: 101
Epoch: 101 | Loss: 0.217 | Acc: 92.560% (46280/50000) | Training Time: 13s135ms
Epoch: 101 | Loss: 0.414 | Acc: 87.030% (8703/10000) | Testing Time: 1s795ms

Epoch: 102
Epoch: 102 | Loss: 0.212 | Acc: 92.744% (46372/50000) | Training Time: 13s231ms
Epoch: 102 | Loss: 0.413 | Acc: 87.810% (8781/10000) | Testing Time: 1s829ms

Epoch: 103
Epoch: 103 | Loss: 0.216 | Acc: 92.518% (46259/50000) | Training Time: 13s149ms
Epoch: 103 | Loss: 0.387 | Acc: 87.870% (8787/10000) | Testing Time: 1s711ms

Epoch: 104
Epoch: 104 | Loss: 0.208 | Acc: 92.978% (46489/50000) | Training Time: 13s149ms
Epoch: 104 | Loss: 0.313 | Acc: 90.060% (9006/10000) | Testing Time: 1s830ms
Saving..

Epoch: 105
Epoch: 105 | Loss: 0.208 | Acc: 92.814% (46407/50000) | Training Time: 13s131ms
Epoch: 105 | Loss: 0.330 | Acc: 89.420% (8942/10000) | Testing Time: 1s721ms

Epoch: 106
Epoch: 106 | Loss: 0.206 | Acc: 92.862% (46431/50000) | Training Time: 13s294ms
Epoch: 106 | Loss: 0.354 | Acc: 88.780% (8878/10000) | Testing Time: 1s823ms

Epoch: 107
Epoch: 107 | Loss: 0.204 | Acc: 93.084% (46542/50000) | Training Time: 13s263ms
Epoch: 107 | Loss: 0.327 | Acc: 89.150% (8915/10000) | Testing Time: 1s722ms

Epoch: 108
Epoch: 108 | Loss: 0.198 | Acc: 93.214% (46607/50000) | Training Time: 13s44ms
Epoch: 108 | Loss: 0.345 | Acc: 89.210% (8921/10000) | Testing Time: 1s736ms

Epoch: 109
Epoch: 109 | Loss: 0.195 | Acc: 93.398% (46699/50000) | Training Time: 13s208ms
Epoch: 109 | Loss: 0.356 | Acc: 88.690% (8869/10000) | Testing Time: 1s705ms

Epoch: 110
Epoch: 110 | Loss: 0.195 | Acc: 93.316% (46658/50000) | Training Time: 12s984ms
Epoch: 110 | Loss: 0.358 | Acc: 88.420% (8842/10000) | Testing Time: 1s832ms

Epoch: 111
Epoch: 111 | Loss: 0.195 | Acc: 93.308% (46654/50000) | Training Time: 13s199ms
Epoch: 111 | Loss: 0.364 | Acc: 88.950% (8895/10000) | Testing Time: 1s753ms

Epoch: 112
Epoch: 112 | Loss: 0.189 | Acc: 93.526% (46763/50000) | Training Time: 13s37ms
Epoch: 112 | Loss: 0.321 | Acc: 89.730% (8973/10000) | Testing Time: 1s822ms

Epoch: 113
Epoch: 113 | Loss: 0.182 | Acc: 93.700% (46850/50000) | Training Time: 13s90ms
Epoch: 113 | Loss: 0.427 | Acc: 88.040% (8804/10000) | Testing Time: 1s685ms

Epoch: 114
Epoch: 114 | Loss: 0.179 | Acc: 93.890% (46945/50000) | Training Time: 13s74ms
Epoch: 114 | Loss: 0.319 | Acc: 90.140% (9014/10000) | Testing Time: 1s823ms
Saving..

Epoch: 115
Epoch: 115 | Loss: 0.174 | Acc: 94.076% (47038/50000) | Training Time: 13s335ms
Epoch: 115 | Loss: 0.364 | Acc: 88.500% (8850/10000) | Testing Time: 1s742ms

Epoch: 116
Epoch: 116 | Loss: 0.177 | Acc: 93.916% (46958/50000) | Training Time: 13s261ms
Epoch: 116 | Loss: 0.383 | Acc: 88.500% (8850/10000) | Testing Time: 1s809ms

Epoch: 117
Epoch: 117 | Loss: 0.180 | Acc: 93.788% (46894/50000) | Training Time: 13s169ms
Epoch: 117 | Loss: 0.328 | Acc: 89.910% (8991/10000) | Testing Time: 1s789ms

Epoch: 118
Epoch: 118 | Loss: 0.177 | Acc: 93.942% (46971/50000) | Training Time: 13s71ms
Epoch: 118 | Loss: 0.309 | Acc: 89.880% (8988/10000) | Testing Time: 1s728ms

Epoch: 119
Epoch: 119 | Loss: 0.170 | Acc: 94.152% (47076/50000) | Training Time: 13s142ms
Epoch: 119 | Loss: 0.323 | Acc: 89.810% (8981/10000) | Testing Time: 1s769ms

Epoch: 120
Epoch: 120 | Loss: 0.156 | Acc: 94.624% (47312/50000) | Training Time: 13s132ms
Epoch: 120 | Loss: 0.415 | Acc: 87.150% (8715/10000) | Testing Time: 1s835ms

Epoch: 121
Epoch: 121 | Loss: 0.162 | Acc: 94.448% (47224/50000) | Training Time: 13s133ms
Epoch: 121 | Loss: 0.396 | Acc: 87.750% (8775/10000) | Testing Time: 1s784ms

Epoch: 122
Epoch: 122 | Loss: 0.156 | Acc: 94.700% (47350/50000) | Training Time: 13s203ms
Epoch: 122 | Loss: 0.343 | Acc: 89.790% (8979/10000) | Testing Time: 1s810ms

Epoch: 123
Epoch: 123 | Loss: 0.158 | Acc: 94.560% (47280/50000) | Training Time: 13s43ms
Epoch: 123 | Loss: 0.347 | Acc: 89.000% (8900/10000) | Testing Time: 1s847ms

Epoch: 124
Epoch: 124 | Loss: 0.148 | Acc: 94.986% (47493/50000) | Training Time: 13s451ms
Epoch: 124 | Loss: 0.351 | Acc: 89.240% (8924/10000) | Testing Time: 1s760ms

Epoch: 125
Epoch: 125 | Loss: 0.151 | Acc: 94.768% (47384/50000) | Training Time: 13s152ms
Epoch: 125 | Loss: 0.340 | Acc: 89.290% (8929/10000) | Testing Time: 1s728ms

Epoch: 126
Epoch: 126 | Loss: 0.150 | Acc: 94.776% (47388/50000) | Training Time: 13s161ms
Epoch: 126 | Loss: 0.329 | Acc: 89.860% (8986/10000) | Testing Time: 1s772ms

Epoch: 127
Epoch: 127 | Loss: 0.144 | Acc: 95.058% (47529/50000) | Training Time: 12s999ms
Epoch: 127 | Loss: 0.286 | Acc: 91.100% (9110/10000) | Testing Time: 1s738ms
Saving..

Epoch: 128
Epoch: 128 | Loss: 0.134 | Acc: 95.348% (47674/50000) | Training Time: 13s28ms
Epoch: 128 | Loss: 0.373 | Acc: 89.120% (8912/10000) | Testing Time: 1s750ms

Epoch: 129
Epoch: 129 | Loss: 0.134 | Acc: 95.404% (47702/50000) | Training Time: 12s973ms
Epoch: 129 | Loss: 0.306 | Acc: 90.600% (9060/10000) | Testing Time: 1s744ms

Epoch: 130
Epoch: 130 | Loss: 0.131 | Acc: 95.504% (47752/50000) | Training Time: 13s55ms
Epoch: 130 | Loss: 0.310 | Acc: 90.180% (9018/10000) | Testing Time: 1s903ms

Epoch: 131
Epoch: 131 | Loss: 0.128 | Acc: 95.648% (47824/50000) | Training Time: 13s270ms
Epoch: 131 | Loss: 0.296 | Acc: 90.690% (9069/10000) | Testing Time: 1s767ms

Epoch: 132
Epoch: 132 | Loss: 0.127 | Acc: 95.620% (47810/50000) | Training Time: 13s118ms
Epoch: 132 | Loss: 0.321 | Acc: 89.950% (8995/10000) | Testing Time: 1s827ms

Epoch: 133
Epoch: 133 | Loss: 0.123 | Acc: 95.768% (47884/50000) | Training Time: 13s116ms
Epoch: 133 | Loss: 0.298 | Acc: 90.490% (9049/10000) | Testing Time: 1s816ms

Epoch: 134
Epoch: 134 | Loss: 0.117 | Acc: 96.070% (48035/50000) | Training Time: 13s331ms
Epoch: 134 | Loss: 0.289 | Acc: 91.160% (9116/10000) | Testing Time: 1s760ms
Saving..

Epoch: 135
Epoch: 135 | Loss: 0.111 | Acc: 96.406% (48203/50000) | Training Time: 12s984ms
Epoch: 135 | Loss: 0.333 | Acc: 89.700% (8970/10000) | Testing Time: 1s723ms

Epoch: 136
Epoch: 136 | Loss: 0.116 | Acc: 96.032% (48016/50000) | Training Time: 13s37ms
Epoch: 136 | Loss: 0.423 | Acc: 87.580% (8758/10000) | Testing Time: 1s734ms

Epoch: 137
Epoch: 137 | Loss: 0.111 | Acc: 96.178% (48089/50000) | Training Time: 13s206ms
Epoch: 137 | Loss: 0.326 | Acc: 90.570% (9057/10000) | Testing Time: 1s757ms

Epoch: 138
Epoch: 138 | Loss: 0.106 | Acc: 96.482% (48241/50000) | Training Time: 13s16ms
Epoch: 138 | Loss: 0.312 | Acc: 90.440% (9044/10000) | Testing Time: 1s757ms

Epoch: 139
Epoch: 139 | Loss: 0.106 | Acc: 96.480% (48240/50000) | Training Time: 13s184ms
Epoch: 139 | Loss: 0.297 | Acc: 91.130% (9113/10000) | Testing Time: 1s773ms

Epoch: 140
Epoch: 140 | Loss: 0.097 | Acc: 96.766% (48383/50000) | Training Time: 13s400ms
Epoch: 140 | Loss: 0.284 | Acc: 91.830% (9183/10000) | Testing Time: 1s862ms
Saving..

Epoch: 141
Epoch: 141 | Loss: 0.094 | Acc: 96.912% (48456/50000) | Training Time: 13s81ms
Epoch: 141 | Loss: 0.289 | Acc: 91.720% (9172/10000) | Testing Time: 1s837ms

Epoch: 142
Epoch: 142 | Loss: 0.089 | Acc: 96.966% (48483/50000) | Training Time: 13s419ms
Epoch: 142 | Loss: 0.282 | Acc: 91.650% (9165/10000) | Testing Time: 1s879ms

Epoch: 143
Epoch: 143 | Loss: 0.082 | Acc: 97.340% (48670/50000) | Training Time: 13s19ms
Epoch: 143 | Loss: 0.278 | Acc: 91.580% (9158/10000) | Testing Time: 1s794ms

Epoch: 144
Epoch: 144 | Loss: 0.089 | Acc: 97.038% (48519/50000) | Training Time: 13s305ms
Epoch: 144 | Loss: 0.241 | Acc: 92.570% (9257/10000) | Testing Time: 1s848ms
Saving..

Epoch: 145
Epoch: 145 | Loss: 0.081 | Acc: 97.266% (48633/50000) | Training Time: 13s285ms
Epoch: 145 | Loss: 0.261 | Acc: 92.250% (9225/10000) | Testing Time: 1s757ms

Epoch: 146
Epoch: 146 | Loss: 0.076 | Acc: 97.570% (48785/50000) | Training Time: 13s148ms
Epoch: 146 | Loss: 0.262 | Acc: 92.000% (9200/10000) | Testing Time: 1s841ms

Epoch: 147
Epoch: 147 | Loss: 0.076 | Acc: 97.408% (48704/50000) | Training Time: 13s422ms
Epoch: 147 | Loss: 0.275 | Acc: 91.800% (9180/10000) | Testing Time: 1s723ms

Epoch: 148
Epoch: 148 | Loss: 0.068 | Acc: 97.806% (48903/50000) | Training Time: 13s184ms
Epoch: 148 | Loss: 0.245 | Acc: 92.810% (9281/10000) | Testing Time: 1s765ms
Saving..

Epoch: 149
Epoch: 149 | Loss: 0.067 | Acc: 97.816% (48908/50000) | Training Time: 13s22ms
Epoch: 149 | Loss: 0.245 | Acc: 92.510% (9251/10000) | Testing Time: 1s787ms

Epoch: 150
Epoch: 150 | Loss: 0.063 | Acc: 97.992% (48996/50000) | Training Time: 12s956ms
Epoch: 150 | Loss: 0.269 | Acc: 92.300% (9230/10000) | Testing Time: 1s797ms

Epoch: 151
Epoch: 151 | Loss: 0.058 | Acc: 98.208% (49104/50000) | Training Time: 13s131ms
Epoch: 151 | Loss: 0.262 | Acc: 92.440% (9244/10000) | Testing Time: 1s725ms

Epoch: 152
Epoch: 152 | Loss: 0.055 | Acc: 98.246% (49123/50000) | Training Time: 13s251ms
Epoch: 152 | Loss: 0.268 | Acc: 92.330% (9233/10000) | Testing Time: 1s823ms

Epoch: 153
Epoch: 153 | Loss: 0.053 | Acc: 98.376% (49188/50000) | Training Time: 12s835ms
Epoch: 153 | Loss: 0.268 | Acc: 92.360% (9236/10000) | Testing Time: 1s751ms

Epoch: 154
Epoch: 154 | Loss: 0.051 | Acc: 98.438% (49219/50000) | Training Time: 13s313ms
Epoch: 154 | Loss: 0.238 | Acc: 92.920% (9292/10000) | Testing Time: 1s761ms
Saving..

Epoch: 155
Epoch: 155 | Loss: 0.044 | Acc: 98.680% (49340/50000) | Training Time: 13s184ms
Epoch: 155 | Loss: 0.233 | Acc: 93.220% (9322/10000) | Testing Time: 1s734ms
Saving..

Epoch: 156
Epoch: 156 | Loss: 0.041 | Acc: 98.770% (49385/50000) | Training Time: 13s12ms
Epoch: 156 | Loss: 0.291 | Acc: 92.630% (9263/10000) | Testing Time: 1s720ms

Epoch: 157
Epoch: 157 | Loss: 0.038 | Acc: 98.914% (49457/50000) | Training Time: 12s908ms
Epoch: 157 | Loss: 0.237 | Acc: 93.330% (9333/10000) | Testing Time: 1s728ms
Saving..

Epoch: 158
Epoch: 158 | Loss: 0.035 | Acc: 99.022% (49511/50000) | Training Time: 13s406ms
Epoch: 158 | Loss: 0.247 | Acc: 93.250% (9325/10000) | Testing Time: 1s719ms

Epoch: 159
Epoch: 159 | Loss: 0.034 | Acc: 99.056% (49528/50000) | Training Time: 12s945ms
Epoch: 159 | Loss: 0.240 | Acc: 93.200% (9320/10000) | Testing Time: 1s734ms

Epoch: 160
Epoch: 160 | Loss: 0.030 | Acc: 99.150% (49575/50000) | Training Time: 13s325ms
Epoch: 160 | Loss: 0.238 | Acc: 93.560% (9356/10000) | Testing Time: 1s742ms
Saving..

Epoch: 161
Epoch: 161 | Loss: 0.025 | Acc: 99.306% (49653/50000) | Training Time: 13s263ms
Epoch: 161 | Loss: 0.225 | Acc: 93.840% (9384/10000) | Testing Time: 1s862ms
Saving..

Epoch: 162
Epoch: 162 | Loss: 0.025 | Acc: 99.326% (49663/50000) | Training Time: 12s983ms
Epoch: 162 | Loss: 0.231 | Acc: 93.620% (9362/10000) | Testing Time: 1s827ms

Epoch: 163
Epoch: 163 | Loss: 0.023 | Acc: 99.424% (49712/50000) | Training Time: 13s47ms
Epoch: 163 | Loss: 0.227 | Acc: 93.850% (9385/10000) | Testing Time: 1s823ms
Saving..

Epoch: 164
Epoch: 164 | Loss: 0.021 | Acc: 99.466% (49733/50000) | Training Time: 13s24ms
Epoch: 164 | Loss: 0.212 | Acc: 94.080% (9408/10000) | Testing Time: 1s858ms
Saving..

Epoch: 165
Epoch: 165 | Loss: 0.018 | Acc: 99.598% (49799/50000) | Training Time: 13s112ms
Epoch: 165 | Loss: 0.212 | Acc: 94.030% (9403/10000) | Testing Time: 1s800ms

Epoch: 166
Epoch: 166 | Loss: 0.015 | Acc: 99.656% (49828/50000) | Training Time: 12s899ms
Epoch: 166 | Loss: 0.200 | Acc: 94.560% (9456/10000) | Testing Time: 1s704ms
Saving..

Epoch: 167
Epoch: 167 | Loss: 0.015 | Acc: 99.682% (49841/50000) | Training Time: 13s288ms
Epoch: 167 | Loss: 0.205 | Acc: 94.590% (9459/10000) | Testing Time: 1s884ms
Saving..

Epoch: 168
Epoch: 168 | Loss: 0.013 | Acc: 99.730% (49865/50000) | Training Time: 13s37ms
Epoch: 168 | Loss: 0.206 | Acc: 94.230% (9423/10000) | Testing Time: 1s761ms

Epoch: 169
Epoch: 169 | Loss: 0.012 | Acc: 99.798% (49899/50000) | Training Time: 13s208ms
Epoch: 169 | Loss: 0.197 | Acc: 94.590% (9459/10000) | Testing Time: 1s847ms

Epoch: 170
Epoch: 170 | Loss: 0.011 | Acc: 99.818% (49909/50000) | Training Time: 13s62ms
Epoch: 170 | Loss: 0.203 | Acc: 94.560% (9456/10000) | Testing Time: 1s760ms

Epoch: 171
Epoch: 171 | Loss: 0.009 | Acc: 99.840% (49920/50000) | Training Time: 13s192ms
Epoch: 171 | Loss: 0.204 | Acc: 94.400% (9440/10000) | Testing Time: 1s742ms

Epoch: 172
Epoch: 172 | Loss: 0.009 | Acc: 99.842% (49921/50000) | Training Time: 13s108ms
Epoch: 172 | Loss: 0.192 | Acc: 94.530% (9453/10000) | Testing Time: 1s798ms

Epoch: 173
Epoch: 173 | Loss: 0.008 | Acc: 99.880% (49940/50000) | Training Time: 13s274ms
Epoch: 173 | Loss: 0.190 | Acc: 94.610% (9461/10000) | Testing Time: 1s792ms
Saving..

Epoch: 174
Epoch: 174 | Loss: 0.008 | Acc: 99.904% (49952/50000) | Training Time: 13s100ms
Epoch: 174 | Loss: 0.190 | Acc: 94.790% (9479/10000) | Testing Time: 1s896ms
Saving..

Epoch: 175
Epoch: 175 | Loss: 0.007 | Acc: 99.924% (49962/50000) | Training Time: 13s77ms
Epoch: 175 | Loss: 0.188 | Acc: 94.960% (9496/10000) | Testing Time: 1s732ms
Saving..

Epoch: 176
Epoch: 176 | Loss: 0.006 | Acc: 99.956% (49978/50000) | Training Time: 13s42ms
Epoch: 176 | Loss: 0.190 | Acc: 94.940% (9494/10000) | Testing Time: 1s823ms

Epoch: 177
Epoch: 177 | Loss: 0.006 | Acc: 99.934% (49967/50000) | Training Time: 13s169ms
Epoch: 177 | Loss: 0.184 | Acc: 94.820% (9482/10000) | Testing Time: 1s759ms

Epoch: 178
Epoch: 178 | Loss: 0.006 | Acc: 99.956% (49978/50000) | Training Time: 13s154ms
Epoch: 178 | Loss: 0.184 | Acc: 95.040% (9504/10000) | Testing Time: 1s829ms
Saving..

Epoch: 179
Epoch: 179 | Loss: 0.006 | Acc: 99.958% (49979/50000) | Training Time: 13s269ms
Epoch: 179 | Loss: 0.185 | Acc: 94.970% (9497/10000) | Testing Time: 1s756ms

Epoch: 180
Epoch: 180 | Loss: 0.005 | Acc: 99.954% (49977/50000) | Training Time: 13s117ms
Epoch: 180 | Loss: 0.181 | Acc: 94.950% (9495/10000) | Testing Time: 1s868ms

Epoch: 181
Epoch: 181 | Loss: 0.005 | Acc: 99.950% (49975/50000) | Training Time: 13s192ms
Epoch: 181 | Loss: 0.180 | Acc: 94.870% (9487/10000) | Testing Time: 1s748ms

Epoch: 182
Epoch: 182 | Loss: 0.005 | Acc: 99.964% (49982/50000) | Training Time: 13s78ms
Epoch: 182 | Loss: 0.179 | Acc: 95.020% (9502/10000) | Testing Time: 1s854ms

Epoch: 183
Epoch: 183 | Loss: 0.005 | Acc: 99.966% (49983/50000) | Training Time: 13s66ms
Epoch: 183 | Loss: 0.176 | Acc: 94.960% (9496/10000) | Testing Time: 1s785ms

Epoch: 184
Epoch: 184 | Loss: 0.005 | Acc: 99.964% (49982/50000) | Training Time: 13s261ms
Epoch: 184 | Loss: 0.182 | Acc: 94.870% (9487/10000) | Testing Time: 1s746ms

Epoch: 185
Epoch: 185 | Loss: 0.005 | Acc: 99.944% (49972/50000) | Training Time: 13s405ms
Epoch: 185 | Loss: 0.176 | Acc: 95.020% (9502/10000) | Testing Time: 1s757ms

Epoch: 186
Epoch: 186 | Loss: 0.005 | Acc: 99.984% (49992/50000) | Training Time: 13s342ms
Epoch: 186 | Loss: 0.181 | Acc: 94.880% (9488/10000) | Testing Time: 1s818ms

Epoch: 187
Epoch: 187 | Loss: 0.005 | Acc: 99.974% (49987/50000) | Training Time: 13s2ms
Epoch: 187 | Loss: 0.176 | Acc: 95.040% (9504/10000) | Testing Time: 1s758ms

Epoch: 188
Epoch: 188 | Loss: 0.005 | Acc: 99.978% (49989/50000) | Training Time: 13s195ms
Epoch: 188 | Loss: 0.180 | Acc: 94.940% (9494/10000) | Testing Time: 1s764ms

Epoch: 189
Epoch: 189 | Loss: 0.005 | Acc: 99.966% (49983/50000) | Training Time: 13s89ms
Epoch: 189 | Loss: 0.179 | Acc: 94.930% (9493/10000) | Testing Time: 1s767ms

Epoch: 190
Epoch: 190 | Loss: 0.005 | Acc: 99.968% (49984/50000) | Training Time: 13s250ms
Epoch: 190 | Loss: 0.175 | Acc: 95.050% (9505/10000) | Testing Time: 1s727ms
Saving..

Epoch: 191
Epoch: 191 | Loss: 0.005 | Acc: 99.968% (49984/50000) | Training Time: 13s110ms
Epoch: 191 | Loss: 0.177 | Acc: 95.050% (9505/10000) | Testing Time: 1s722ms

Epoch: 192
Epoch: 192 | Loss: 0.004 | Acc: 99.992% (49996/50000) | Training Time: 13s198ms
Epoch: 192 | Loss: 0.181 | Acc: 94.980% (9498/10000) | Testing Time: 1s794ms

Epoch: 193
Epoch: 193 | Loss: 0.004 | Acc: 99.984% (49992/50000) | Training Time: 12s904ms
Epoch: 193 | Loss: 0.178 | Acc: 94.970% (9497/10000) | Testing Time: 1s738ms

Epoch: 194
Epoch: 194 | Loss: 0.005 | Acc: 99.976% (49988/50000) | Training Time: 13s67ms
Epoch: 194 | Loss: 0.178 | Acc: 94.990% (9499/10000) | Testing Time: 1s865ms

Epoch: 195
Epoch: 195 | Loss: 0.004 | Acc: 99.982% (49991/50000) | Training Time: 13s84ms
Epoch: 195 | Loss: 0.180 | Acc: 95.000% (9500/10000) | Testing Time: 1s766ms

Epoch: 196
Epoch: 196 | Loss: 0.005 | Acc: 99.980% (49990/50000) | Training Time: 13s193ms
Epoch: 196 | Loss: 0.175 | Acc: 94.990% (9499/10000) | Testing Time: 1s841ms

Epoch: 197
Epoch: 197 | Loss: 0.005 | Acc: 99.978% (49989/50000) | Training Time: 12s987ms
Epoch: 197 | Loss: 0.175 | Acc: 95.050% (9505/10000) | Testing Time: 1s763ms

Epoch: 198
Epoch: 198 | Loss: 0.004 | Acc: 99.986% (49993/50000) | Training Time: 13s298ms
Epoch: 198 | Loss: 0.177 | Acc: 95.020% (9502/10000) | Testing Time: 1s833ms

Epoch: 199
Epoch: 199 | Loss: 0.005 | Acc: 99.956% (49978/50000) | Training Time: 13s29ms
Epoch: 199 | Loss: 0.178 | Acc: 94.910% (9491/10000) | Testing Time: 1s748ms
Total Time: 49m47s
==> Saving training loss/acc and testing loss/acc...
==> Drawing loss and acc...
==> Process finished.
